[5.280s] Invoking command in '/home/pioneer-ii/pioneer_ws/src/locomotion_core': PYTHONPATH=/home/pioneer-ii/pioneer_ws/build/locomotion_core/prefix_override:/home/pioneer-ii/pioneer_ws/install/locomotion_core/lib/python3.8/site-packages:${PYTHONPATH} /usr/bin/python3 setup.py egg_info --egg-base ../../build/locomotion_core build --build-base /home/pioneer-ii/pioneer_ws/build/locomotion_core/build install --record /home/pioneer-ii/pioneer_ws/build/locomotion_core/install.log --single-version-externally-managed
[5.737s] running egg_info
[5.738s] writing ../../build/locomotion_core/locomotion_core.egg-info/PKG-INFO
[5.738s] writing dependency_links to ../../build/locomotion_core/locomotion_core.egg-info/dependency_links.txt
[5.739s] writing entry points to ../../build/locomotion_core/locomotion_core.egg-info/entry_points.txt
[5.740s] writing requirements to ../../build/locomotion_core/locomotion_core.egg-info/requires.txt
[5.740s] writing top-level names to ../../build/locomotion_core/locomotion_core.egg-info/top_level.txt
[5.818s] reading manifest file '../../build/locomotion_core/locomotion_core.egg-info/SOURCES.txt'
[5.819s] writing manifest file '../../build/locomotion_core/locomotion_core.egg-info/SOURCES.txt'
[5.820s] running build
[5.820s] running build_py
[5.820s] running install
[5.822s] running install_lib
[5.826s] running install_data
[5.827s] running install_egg_info
[5.831s] removing '/home/pioneer-ii/pioneer_ws/install/locomotion_core/lib/python3.8/site-packages/locomotion_core-0.0.0-py3.8.egg-info' (and everything under it)
[5.832s] Copying ../../build/locomotion_core/locomotion_core.egg-info to /home/pioneer-ii/pioneer_ws/install/locomotion_core/lib/python3.8/site-packages/locomotion_core-0.0.0-py3.8.egg-info
[5.834s] running install_scripts
[5.878s] Installing cmd_roboteq script to /home/pioneer-ii/pioneer_ws/install/locomotion_core/lib/locomotion_core
[5.878s] Installing movebase_kinematics script to /home/pioneer-ii/pioneer_ws/install/locomotion_core/lib/locomotion_core
[5.879s] writing list of installed files to '/home/pioneer-ii/pioneer_ws/build/locomotion_core/install.log'
[5.984s] Invoked command in '/home/pioneer-ii/pioneer_ws/src/locomotion_core' returned '0': PYTHONPATH=/home/pioneer-ii/pioneer_ws/build/locomotion_core/prefix_override:/home/pioneer-ii/pioneer_ws/install/locomotion_core/lib/python3.8/site-packages:${PYTHONPATH} /usr/bin/python3 setup.py egg_info --egg-base ../../build/locomotion_core build --build-base /home/pioneer-ii/pioneer_ws/build/locomotion_core/build install --record /home/pioneer-ii/pioneer_ws/build/locomotion_core/install.log --single-version-externally-managed
