[6.670s] DEBUG:colcon:Command line arguments: ['/usr/bin/colcon', 'build']
[6.671s] DEBUG:colcon:Parsed command line arguments: Namespace(allow_overriding=[], ament_cmake_args=None, base_paths=['.'], build_base='build', catkin_cmake_args=None, catkin_skip_building_tests=False, cmake_args=None, cmake_clean_cache=False, cmake_clean_first=False, cmake_force_configure=False, cmake_target=None, cmake_target_skip_unavailable=False, continue_on_error=False, event_handlers=None, executor='parallel', ignore_user_meta=False, install_base='install', log_base=None, log_level=None, main=<bound method BuildVerb.main of <colcon_core.verb.build.BuildVerb object at 0xffffb94e9790>>, merge_install=False, metas=['./colcon.meta'], packages_above=None, packages_above_and_dependencies=None, packages_above_depth=None, packages_end=None, packages_ignore=None, packages_ignore_regex=None, packages_select=None, packages_select_build_failed=False, packages_select_by_dep=None, packages_select_regex=None, packages_select_test_failures=False, packages_skip=None, packages_skip_build_finished=False, packages_skip_by_dep=None, packages_skip_regex=None, packages_skip_test_passed=False, packages_skip_up_to=None, packages_start=None, packages_up_to=None, packages_up_to_regex=None, parallel_workers=6, paths=None, symlink_install=False, test_result_base=None, verb_extension=<colcon_core.verb.build.BuildVerb object at 0xffffb94e9790>, verb_name='build', verb_parser=<colcon_defaults.argument_parser.defaults.DefaultArgumentsDecorator object at 0xffffb93d1760>)
[7.037s] Level 1:colcon.colcon_core.package_discovery:discover_packages(colcon_meta) check parameters
[7.037s] Level 1:colcon.colcon_core.package_discovery:discover_packages(recursive) check parameters
[7.037s] Level 1:colcon.colcon_core.package_discovery:discover_packages(ignore) check parameters
[7.037s] Level 1:colcon.colcon_core.package_discovery:discover_packages(path) check parameters
[7.038s] Level 1:colcon.colcon_core.package_discovery:discover_packages(colcon_meta) discover
[7.038s] Level 1:colcon.colcon_core.package_discovery:discover_packages(recursive) discover
[7.038s] INFO:colcon.colcon_core.package_discovery:Crawling recursively for packages in '/home/pioneer-ii/pioneer_ws/src'
[7.038s] Level 1:colcon.colcon_core.package_identification:_identify(.) by extensions ['ignore', 'ignore_ament_install']
[7.038s] Level 1:colcon.colcon_core.package_identification:_identify(.) by extension 'ignore'
[7.039s] Level 1:colcon.colcon_core.package_identification:_identify(.) by extension 'ignore_ament_install'
[7.039s] Level 1:colcon.colcon_core.package_identification:_identify(.) by extensions ['colcon_pkg']
[7.039s] Level 1:colcon.colcon_core.package_identification:_identify(.) by extension 'colcon_pkg'
[7.039s] Level 1:colcon.colcon_core.package_identification:_identify(.) by extensions ['colcon_meta']
[7.039s] Level 1:colcon.colcon_core.package_identification:_identify(.) by extension 'colcon_meta'
[7.039s] Level 1:colcon.colcon_core.package_identification:_identify(.) by extensions ['ros']
[7.039s] Level 1:colcon.colcon_core.package_identification:_identify(.) by extension 'ros'
[7.064s] Level 1:colcon.colcon_core.package_identification:_identify(.) by extensions ['cmake', 'python']
[7.065s] Level 1:colcon.colcon_core.package_identification:_identify(.) by extension 'cmake'
[7.065s] Level 1:colcon.colcon_core.package_identification:_identify(.) by extension 'python'
[7.065s] Level 1:colcon.colcon_core.package_identification:_identify(.) by extensions ['python_setup_py']
[7.065s] Level 1:colcon.colcon_core.package_identification:_identify(.) by extension 'python_setup_py'
[7.066s] Level 1:colcon.colcon_core.package_identification:_identify(build) by extensions ['ignore', 'ignore_ament_install']
[7.066s] Level 1:colcon.colcon_core.package_identification:_identify(build) by extension 'ignore'
[7.066s] Level 1:colcon.colcon_core.package_identification:_identify(build) ignored
[7.066s] Level 1:colcon.colcon_core.package_identification:_identify(install) by extensions ['ignore', 'ignore_ament_install']
[7.066s] Level 1:colcon.colcon_core.package_identification:_identify(install) by extension 'ignore'
[7.067s] Level 1:colcon.colcon_core.package_identification:_identify(install) ignored
[7.067s] Level 1:colcon.colcon_core.package_identification:_identify(locomotion_core) by extensions ['ignore', 'ignore_ament_install']
[7.067s] Level 1:colcon.colcon_core.package_identification:_identify(locomotion_core) by extension 'ignore'
[7.067s] Level 1:colcon.colcon_core.package_identification:_identify(locomotion_core) by extension 'ignore_ament_install'
[7.067s] Level 1:colcon.colcon_core.package_identification:_identify(locomotion_core) by extensions ['colcon_pkg']
[7.067s] Level 1:colcon.colcon_core.package_identification:_identify(locomotion_core) by extension 'colcon_pkg'
[7.067s] Level 1:colcon.colcon_core.package_identification:_identify(locomotion_core) by extensions ['colcon_meta']
[7.068s] Level 1:colcon.colcon_core.package_identification:_identify(locomotion_core) by extension 'colcon_meta'
[7.068s] Level 1:colcon.colcon_core.package_identification:_identify(locomotion_core) by extensions ['ros']
[7.068s] Level 1:colcon.colcon_core.package_identification:_identify(locomotion_core) by extension 'ros'
[7.213s] DEBUG:colcon.colcon_core.package_identification:Package 'locomotion_core' with type 'ros.ament_python' and name 'locomotion_core'
[7.213s] Level 1:colcon.colcon_core.package_identification:_identify(log) by extensions ['ignore', 'ignore_ament_install']
[7.213s] Level 1:colcon.colcon_core.package_identification:_identify(log) by extension 'ignore'
[7.214s] Level 1:colcon.colcon_core.package_identification:_identify(log) ignored
[7.214s] Level 1:colcon.colcon_core.package_identification:_identify(navigation_core) by extensions ['ignore', 'ignore_ament_install']
[7.214s] Level 1:colcon.colcon_core.package_identification:_identify(navigation_core) by extension 'ignore'
[7.214s] Level 1:colcon.colcon_core.package_identification:_identify(navigation_core) by extension 'ignore_ament_install'
[7.215s] Level 1:colcon.colcon_core.package_identification:_identify(navigation_core) by extensions ['colcon_pkg']
[7.215s] Level 1:colcon.colcon_core.package_identification:_identify(navigation_core) by extension 'colcon_pkg'
[7.215s] Level 1:colcon.colcon_core.package_identification:_identify(navigation_core) by extensions ['colcon_meta']
[7.215s] Level 1:colcon.colcon_core.package_identification:_identify(navigation_core) by extension 'colcon_meta'
[7.215s] Level 1:colcon.colcon_core.package_identification:_identify(navigation_core) by extensions ['ros']
[7.215s] Level 1:colcon.colcon_core.package_identification:_identify(navigation_core) by extension 'ros'
[7.216s] DEBUG:colcon.colcon_core.package_identification:Package 'navigation_core' with type 'ros.ament_python' and name 'navigation_core'
[7.216s] Level 1:colcon.colcon_core.package_identification:_identify(pioneer) by extensions ['ignore', 'ignore_ament_install']
[7.216s] Level 1:colcon.colcon_core.package_identification:_identify(pioneer) by extension 'ignore'
[7.217s] Level 1:colcon.colcon_core.package_identification:_identify(pioneer) by extension 'ignore_ament_install'
[7.217s] Level 1:colcon.colcon_core.package_identification:_identify(pioneer) by extensions ['colcon_pkg']
[7.217s] Level 1:colcon.colcon_core.package_identification:_identify(pioneer) by extension 'colcon_pkg'
[7.217s] Level 1:colcon.colcon_core.package_identification:_identify(pioneer) by extensions ['colcon_meta']
[7.217s] Level 1:colcon.colcon_core.package_identification:_identify(pioneer) by extension 'colcon_meta'
[7.217s] Level 1:colcon.colcon_core.package_identification:_identify(pioneer) by extensions ['ros']
[7.217s] Level 1:colcon.colcon_core.package_identification:_identify(pioneer) by extension 'ros'
[7.217s] Level 1:colcon.colcon_core.package_identification:_identify(pioneer) by extensions ['cmake', 'python']
[7.217s] Level 1:colcon.colcon_core.package_identification:_identify(pioneer) by extension 'cmake'
[7.217s] Level 1:colcon.colcon_core.package_identification:_identify(pioneer) by extension 'python'
[7.218s] Level 1:colcon.colcon_core.package_identification:_identify(pioneer) by extensions ['python_setup_py']
[7.218s] Level 1:colcon.colcon_core.package_identification:_identify(pioneer) by extension 'python_setup_py'
[7.218s] Level 1:colcon.colcon_core.package_identification:_identify(pioneer/rsl_imu) by extensions ['ignore', 'ignore_ament_install']
[7.218s] Level 1:colcon.colcon_core.package_identification:_identify(pioneer/rsl_imu) by extension 'ignore'
[7.218s] Level 1:colcon.colcon_core.package_identification:_identify(pioneer/rsl_imu) by extension 'ignore_ament_install'
[7.218s] Level 1:colcon.colcon_core.package_identification:_identify(pioneer/rsl_imu) by extensions ['colcon_pkg']
[7.218s] Level 1:colcon.colcon_core.package_identification:_identify(pioneer/rsl_imu) by extension 'colcon_pkg'
[7.219s] Level 1:colcon.colcon_core.package_identification:_identify(pioneer/rsl_imu) by extensions ['colcon_meta']
[7.219s] Level 1:colcon.colcon_core.package_identification:_identify(pioneer/rsl_imu) by extension 'colcon_meta'
[7.219s] Level 1:colcon.colcon_core.package_identification:_identify(pioneer/rsl_imu) by extensions ['ros']
[7.219s] Level 1:colcon.colcon_core.package_identification:_identify(pioneer/rsl_imu) by extension 'ros'
[7.220s] DEBUG:colcon.colcon_core.package_identification:Package 'pioneer/rsl_imu' with type 'ros.ament_python' and name 'rsl_imu'
[7.220s] Level 1:colcon.colcon_core.package_identification:_identify(rover_launch) by extensions ['ignore', 'ignore_ament_install']
[7.220s] Level 1:colcon.colcon_core.package_identification:_identify(rover_launch) by extension 'ignore'
[7.220s] Level 1:colcon.colcon_core.package_identification:_identify(rover_launch) by extension 'ignore_ament_install'
[7.220s] Level 1:colcon.colcon_core.package_identification:_identify(rover_launch) by extensions ['colcon_pkg']
[7.220s] Level 1:colcon.colcon_core.package_identification:_identify(rover_launch) by extension 'colcon_pkg'
[7.220s] Level 1:colcon.colcon_core.package_identification:_identify(rover_launch) by extensions ['colcon_meta']
[7.221s] Level 1:colcon.colcon_core.package_identification:_identify(rover_launch) by extension 'colcon_meta'
[7.221s] Level 1:colcon.colcon_core.package_identification:_identify(rover_launch) by extensions ['ros']
[7.221s] Level 1:colcon.colcon_core.package_identification:_identify(rover_launch) by extension 'ros'
[7.222s] DEBUG:colcon.colcon_core.package_identification:Package 'rover_launch' with type 'ros.ament_cmake' and name 'rover_launch'
[7.222s] Level 1:colcon.colcon_core.package_identification:_identify(rover_teleop_joy) by extensions ['ignore', 'ignore_ament_install']
[7.222s] Level 1:colcon.colcon_core.package_identification:_identify(rover_teleop_joy) by extension 'ignore'
[7.222s] Level 1:colcon.colcon_core.package_identification:_identify(rover_teleop_joy) by extension 'ignore_ament_install'
[7.222s] Level 1:colcon.colcon_core.package_identification:_identify(rover_teleop_joy) by extensions ['colcon_pkg']
[7.222s] Level 1:colcon.colcon_core.package_identification:_identify(rover_teleop_joy) by extension 'colcon_pkg'
[7.222s] Level 1:colcon.colcon_core.package_identification:_identify(rover_teleop_joy) by extensions ['colcon_meta']
[7.222s] Level 1:colcon.colcon_core.package_identification:_identify(rover_teleop_joy) by extension 'colcon_meta'
[7.223s] Level 1:colcon.colcon_core.package_identification:_identify(rover_teleop_joy) by extensions ['ros']
[7.223s] Level 1:colcon.colcon_core.package_identification:_identify(rover_teleop_joy) by extension 'ros'
[7.223s] DEBUG:colcon.colcon_core.package_identification:Package 'rover_teleop_joy' with type 'ros.ament_python' and name 'rover_teleop_joy'
[7.224s] Level 1:colcon.colcon_core.package_identification:_identify(rsl_gps) by extensions ['ignore', 'ignore_ament_install']
[7.224s] Level 1:colcon.colcon_core.package_identification:_identify(rsl_gps) by extension 'ignore'
[7.224s] Level 1:colcon.colcon_core.package_identification:_identify(rsl_gps) by extension 'ignore_ament_install'
[7.224s] Level 1:colcon.colcon_core.package_identification:_identify(rsl_gps) by extensions ['colcon_pkg']
[7.224s] Level 1:colcon.colcon_core.package_identification:_identify(rsl_gps) by extension 'colcon_pkg'
[7.224s] Level 1:colcon.colcon_core.package_identification:_identify(rsl_gps) by extensions ['colcon_meta']
[7.224s] Level 1:colcon.colcon_core.package_identification:_identify(rsl_gps) by extension 'colcon_meta'
[7.225s] Level 1:colcon.colcon_core.package_identification:_identify(rsl_gps) by extensions ['ros']
[7.225s] Level 1:colcon.colcon_core.package_identification:_identify(rsl_gps) by extension 'ros'
[7.225s] DEBUG:colcon.colcon_core.package_identification:Package 'rsl_gps' with type 'ros.ament_python' and name 'rsl_gps'
[7.226s] Level 1:colcon.colcon_core.package_discovery:discover_packages(recursive) using defaults
[7.226s] Level 1:colcon.colcon_core.package_discovery:discover_packages(ignore) discover
[7.226s] Level 1:colcon.colcon_core.package_discovery:discover_packages(ignore) using defaults
[7.226s] Level 1:colcon.colcon_core.package_discovery:discover_packages(path) discover
[7.226s] Level 1:colcon.colcon_core.package_discovery:discover_packages(path) using defaults
[7.968s] Level 1:colcon.colcon_core.package_discovery:discover_packages(prefix_path) check parameters
[7.969s] Level 1:colcon.colcon_core.package_discovery:discover_packages(prefix_path) discover
[8.398s] DEBUG:colcon.colcon_installed_package_information.package_discovery:Found 256 installed packages in /opt/ros/foxy
[8.401s] Level 1:colcon.colcon_core.package_discovery:discover_packages(prefix_path) using defaults
[9.148s] Level 5:colcon.colcon_core.verb:set package 'locomotion_core' build argument 'cmake_args' from command line to 'None'
[9.148s] Level 5:colcon.colcon_core.verb:set package 'locomotion_core' build argument 'cmake_target' from command line to 'None'
[9.148s] Level 5:colcon.colcon_core.verb:set package 'locomotion_core' build argument 'cmake_target_skip_unavailable' from command line to 'False'
[9.148s] Level 5:colcon.colcon_core.verb:set package 'locomotion_core' build argument 'cmake_clean_cache' from command line to 'False'
[9.148s] Level 5:colcon.colcon_core.verb:set package 'locomotion_core' build argument 'cmake_clean_first' from command line to 'False'
[9.149s] Level 5:colcon.colcon_core.verb:set package 'locomotion_core' build argument 'cmake_force_configure' from command line to 'False'
[9.149s] Level 5:colcon.colcon_core.verb:set package 'locomotion_core' build argument 'ament_cmake_args' from command line to 'None'
[9.149s] Level 5:colcon.colcon_core.verb:set package 'locomotion_core' build argument 'catkin_cmake_args' from command line to 'None'
[9.149s] Level 5:colcon.colcon_core.verb:set package 'locomotion_core' build argument 'catkin_skip_building_tests' from command line to 'False'
[9.149s] DEBUG:colcon.colcon_core.verb:Building package 'locomotion_core' with the following arguments: {'ament_cmake_args': None, 'build_base': '/home/pioneer-ii/pioneer_ws/src/build/locomotion_core', 'catkin_cmake_args': None, 'catkin_skip_building_tests': False, 'cmake_args': None, 'cmake_clean_cache': False, 'cmake_clean_first': False, 'cmake_force_configure': False, 'cmake_target': None, 'cmake_target_skip_unavailable': False, 'install_base': '/home/pioneer-ii/pioneer_ws/src/install/locomotion_core', 'merge_install': False, 'path': '/home/pioneer-ii/pioneer_ws/src/locomotion_core', 'symlink_install': False, 'test_result_base': None}
[9.222s] Level 5:colcon.colcon_core.verb:set package 'navigation_core' build argument 'cmake_args' from command line to 'None'
[9.222s] Level 5:colcon.colcon_core.verb:set package 'navigation_core' build argument 'cmake_target' from command line to 'None'
[9.222s] Level 5:colcon.colcon_core.verb:set package 'navigation_core' build argument 'cmake_target_skip_unavailable' from command line to 'False'
[9.222s] Level 5:colcon.colcon_core.verb:set package 'navigation_core' build argument 'cmake_clean_cache' from command line to 'False'
[9.222s] Level 5:colcon.colcon_core.verb:set package 'navigation_core' build argument 'cmake_clean_first' from command line to 'False'
[9.222s] Level 5:colcon.colcon_core.verb:set package 'navigation_core' build argument 'cmake_force_configure' from command line to 'False'
[9.222s] Level 5:colcon.colcon_core.verb:set package 'navigation_core' build argument 'ament_cmake_args' from command line to 'None'
[9.222s] Level 5:colcon.colcon_core.verb:set package 'navigation_core' build argument 'catkin_cmake_args' from command line to 'None'
[9.222s] Level 5:colcon.colcon_core.verb:set package 'navigation_core' build argument 'catkin_skip_building_tests' from command line to 'False'
[9.222s] DEBUG:colcon.colcon_core.verb:Building package 'navigation_core' with the following arguments: {'ament_cmake_args': None, 'build_base': '/home/pioneer-ii/pioneer_ws/src/build/navigation_core', 'catkin_cmake_args': None, 'catkin_skip_building_tests': False, 'cmake_args': None, 'cmake_clean_cache': False, 'cmake_clean_first': False, 'cmake_force_configure': False, 'cmake_target': None, 'cmake_target_skip_unavailable': False, 'install_base': '/home/pioneer-ii/pioneer_ws/src/install/navigation_core', 'merge_install': False, 'path': '/home/pioneer-ii/pioneer_ws/src/navigation_core', 'symlink_install': False, 'test_result_base': None}
[9.295s] Level 5:colcon.colcon_core.verb:set package 'rover_launch' build argument 'cmake_args' from command line to 'None'
[9.296s] Level 5:colcon.colcon_core.verb:set package 'rover_launch' build argument 'cmake_target' from command line to 'None'
[9.296s] Level 5:colcon.colcon_core.verb:set package 'rover_launch' build argument 'cmake_target_skip_unavailable' from command line to 'False'
[9.296s] Level 5:colcon.colcon_core.verb:set package 'rover_launch' build argument 'cmake_clean_cache' from command line to 'False'
[9.296s] Level 5:colcon.colcon_core.verb:set package 'rover_launch' build argument 'cmake_clean_first' from command line to 'False'
[9.296s] Level 5:colcon.colcon_core.verb:set package 'rover_launch' build argument 'cmake_force_configure' from command line to 'False'
[9.296s] Level 5:colcon.colcon_core.verb:set package 'rover_launch' build argument 'ament_cmake_args' from command line to 'None'
[9.296s] Level 5:colcon.colcon_core.verb:set package 'rover_launch' build argument 'catkin_cmake_args' from command line to 'None'
[9.296s] Level 5:colcon.colcon_core.verb:set package 'rover_launch' build argument 'catkin_skip_building_tests' from command line to 'False'
[9.296s] DEBUG:colcon.colcon_core.verb:Building package 'rover_launch' with the following arguments: {'ament_cmake_args': None, 'build_base': '/home/pioneer-ii/pioneer_ws/src/build/rover_launch', 'catkin_cmake_args': None, 'catkin_skip_building_tests': False, 'cmake_args': None, 'cmake_clean_cache': False, 'cmake_clean_first': False, 'cmake_force_configure': False, 'cmake_target': None, 'cmake_target_skip_unavailable': False, 'install_base': '/home/pioneer-ii/pioneer_ws/src/install/rover_launch', 'merge_install': False, 'path': '/home/pioneer-ii/pioneer_ws/src/rover_launch', 'symlink_install': False, 'test_result_base': None}
[9.369s] Level 5:colcon.colcon_core.verb:set package 'rover_teleop_joy' build argument 'cmake_args' from command line to 'None'
[9.369s] Level 5:colcon.colcon_core.verb:set package 'rover_teleop_joy' build argument 'cmake_target' from command line to 'None'
[9.369s] Level 5:colcon.colcon_core.verb:set package 'rover_teleop_joy' build argument 'cmake_target_skip_unavailable' from command line to 'False'
[9.369s] Level 5:colcon.colcon_core.verb:set package 'rover_teleop_joy' build argument 'cmake_clean_cache' from command line to 'False'
[9.370s] Level 5:colcon.colcon_core.verb:set package 'rover_teleop_joy' build argument 'cmake_clean_first' from command line to 'False'
[9.370s] Level 5:colcon.colcon_core.verb:set package 'rover_teleop_joy' build argument 'cmake_force_configure' from command line to 'False'
[9.370s] Level 5:colcon.colcon_core.verb:set package 'rover_teleop_joy' build argument 'ament_cmake_args' from command line to 'None'
[9.370s] Level 5:colcon.colcon_core.verb:set package 'rover_teleop_joy' build argument 'catkin_cmake_args' from command line to 'None'
[9.370s] Level 5:colcon.colcon_core.verb:set package 'rover_teleop_joy' build argument 'catkin_skip_building_tests' from command line to 'False'
[9.370s] DEBUG:colcon.colcon_core.verb:Building package 'rover_teleop_joy' with the following arguments: {'ament_cmake_args': None, 'build_base': '/home/pioneer-ii/pioneer_ws/src/build/rover_teleop_joy', 'catkin_cmake_args': None, 'catkin_skip_building_tests': False, 'cmake_args': None, 'cmake_clean_cache': False, 'cmake_clean_first': False, 'cmake_force_configure': False, 'cmake_target': None, 'cmake_target_skip_unavailable': False, 'install_base': '/home/pioneer-ii/pioneer_ws/src/install/rover_teleop_joy', 'merge_install': False, 'path': '/home/pioneer-ii/pioneer_ws/src/rover_teleop_joy', 'symlink_install': False, 'test_result_base': None}
[9.489s] Level 5:colcon.colcon_core.verb:set package 'rsl_gps' build argument 'cmake_args' from command line to 'None'
[9.489s] Level 5:colcon.colcon_core.verb:set package 'rsl_gps' build argument 'cmake_target' from command line to 'None'
[9.489s] Level 5:colcon.colcon_core.verb:set package 'rsl_gps' build argument 'cmake_target_skip_unavailable' from command line to 'False'
[9.489s] Level 5:colcon.colcon_core.verb:set package 'rsl_gps' build argument 'cmake_clean_cache' from command line to 'False'
[9.489s] Level 5:colcon.colcon_core.verb:set package 'rsl_gps' build argument 'cmake_clean_first' from command line to 'False'
[9.489s] Level 5:colcon.colcon_core.verb:set package 'rsl_gps' build argument 'cmake_force_configure' from command line to 'False'
[9.489s] Level 5:colcon.colcon_core.verb:set package 'rsl_gps' build argument 'ament_cmake_args' from command line to 'None'
[9.489s] Level 5:colcon.colcon_core.verb:set package 'rsl_gps' build argument 'catkin_cmake_args' from command line to 'None'
[9.489s] Level 5:colcon.colcon_core.verb:set package 'rsl_gps' build argument 'catkin_skip_building_tests' from command line to 'False'
[9.489s] DEBUG:colcon.colcon_core.verb:Building package 'rsl_gps' with the following arguments: {'ament_cmake_args': None, 'build_base': '/home/pioneer-ii/pioneer_ws/src/build/rsl_gps', 'catkin_cmake_args': None, 'catkin_skip_building_tests': False, 'cmake_args': None, 'cmake_clean_cache': False, 'cmake_clean_first': False, 'cmake_force_configure': False, 'cmake_target': None, 'cmake_target_skip_unavailable': False, 'install_base': '/home/pioneer-ii/pioneer_ws/src/install/rsl_gps', 'merge_install': False, 'path': '/home/pioneer-ii/pioneer_ws/src/rsl_gps', 'symlink_install': False, 'test_result_base': None}
[9.563s] Level 5:colcon.colcon_core.verb:set package 'rsl_imu' build argument 'cmake_args' from command line to 'None'
[9.563s] Level 5:colcon.colcon_core.verb:set package 'rsl_imu' build argument 'cmake_target' from command line to 'None'
[9.563s] Level 5:colcon.colcon_core.verb:set package 'rsl_imu' build argument 'cmake_target_skip_unavailable' from command line to 'False'
[9.563s] Level 5:colcon.colcon_core.verb:set package 'rsl_imu' build argument 'cmake_clean_cache' from command line to 'False'
[9.563s] Level 5:colcon.colcon_core.verb:set package 'rsl_imu' build argument 'cmake_clean_first' from command line to 'False'
[9.563s] Level 5:colcon.colcon_core.verb:set package 'rsl_imu' build argument 'cmake_force_configure' from command line to 'False'
[9.563s] Level 5:colcon.colcon_core.verb:set package 'rsl_imu' build argument 'ament_cmake_args' from command line to 'None'
[9.563s] Level 5:colcon.colcon_core.verb:set package 'rsl_imu' build argument 'catkin_cmake_args' from command line to 'None'
[9.563s] Level 5:colcon.colcon_core.verb:set package 'rsl_imu' build argument 'catkin_skip_building_tests' from command line to 'False'
[9.563s] DEBUG:colcon.colcon_core.verb:Building package 'rsl_imu' with the following arguments: {'ament_cmake_args': None, 'build_base': '/home/pioneer-ii/pioneer_ws/src/build/rsl_imu', 'catkin_cmake_args': None, 'catkin_skip_building_tests': False, 'cmake_args': None, 'cmake_clean_cache': False, 'cmake_clean_first': False, 'cmake_force_configure': False, 'cmake_target': None, 'cmake_target_skip_unavailable': False, 'install_base': '/home/pioneer-ii/pioneer_ws/src/install/rsl_imu', 'merge_install': False, 'path': '/home/pioneer-ii/pioneer_ws/src/pioneer/rsl_imu', 'symlink_install': False, 'test_result_base': None}
[9.636s] INFO:colcon.colcon_core.executor:Executing jobs using 'parallel' executor
[9.711s] DEBUG:colcon.colcon_parallel_executor.executor.parallel:run_until_complete
[9.712s] INFO:colcon.colcon_ros.task.ament_python.build:Building ROS package in '/home/pioneer-ii/pioneer_ws/src/locomotion_core' with build type 'ament_python'
[9.712s] Level 1:colcon.colcon_core.shell:create_environment_hook('locomotion_core', 'ament_prefix_path')
[9.946s] INFO:colcon.colcon_core.plugin_system:Skipping extension 'colcon_core.shell.bat': Not used on non-Windows systems
[9.946s] INFO:colcon.colcon_core.shell:Creating environment hook '/home/pioneer-ii/pioneer_ws/src/install/locomotion_core/share/locomotion_core/hook/ament_prefix_path.ps1'
[9.949s] INFO:colcon.colcon_core.shell:Creating environment descriptor '/home/pioneer-ii/pioneer_ws/src/install/locomotion_core/share/locomotion_core/hook/ament_prefix_path.dsv'
[9.951s] INFO:colcon.colcon_core.shell:Creating environment hook '/home/pioneer-ii/pioneer_ws/src/install/locomotion_core/share/locomotion_core/hook/ament_prefix_path.sh'
[10.030s] INFO:colcon.colcon_core.shell:Skip shell extension 'powershell' for command environment: Not usable outside of PowerShell
[10.030s] DEBUG:colcon.colcon_core.shell:Skip shell extension 'dsv' for command environment
[10.336s] INFO:colcon.colcon_ros.task.ament_python.build:Building ROS package in '/home/pioneer-ii/pioneer_ws/src/navigation_core' with build type 'ament_python'
[10.337s] Level 1:colcon.colcon_core.shell:create_environment_hook('navigation_core', 'ament_prefix_path')
[10.417s] INFO:colcon.colcon_core.shell:Creating environment hook '/home/pioneer-ii/pioneer_ws/src/install/navigation_core/share/navigation_core/hook/ament_prefix_path.ps1'
[10.419s] INFO:colcon.colcon_core.shell:Creating environment descriptor '/home/pioneer-ii/pioneer_ws/src/install/navigation_core/share/navigation_core/hook/ament_prefix_path.dsv'
[10.419s] INFO:colcon.colcon_core.shell:Creating environment hook '/home/pioneer-ii/pioneer_ws/src/install/navigation_core/share/navigation_core/hook/ament_prefix_path.sh'
[10.496s] INFO:colcon.colcon_core.shell:Skip shell extension 'powershell' for command environment: Not usable outside of PowerShell
[10.496s] DEBUG:colcon.colcon_core.shell:Skip shell extension 'dsv' for command environment
[10.660s] INFO:colcon.colcon_ros.task.ament_cmake.build:Building ROS package in '/home/pioneer-ii/pioneer_ws/src/rover_launch' with build type 'ament_cmake'
[10.661s] INFO:colcon.colcon_cmake.task.cmake.build:Building CMake package in '/home/pioneer-ii/pioneer_ws/src/rover_launch'
[10.741s] INFO:colcon.colcon_core.shell:Skip shell extension 'powershell' for command environment: Not usable outside of PowerShell
[10.741s] DEBUG:colcon.colcon_core.shell:Skip shell extension 'dsv' for command environment
[10.982s] INFO:colcon.colcon_ros.task.ament_python.build:Building ROS package in '/home/pioneer-ii/pioneer_ws/src/rover_teleop_joy' with build type 'ament_python'
[10.983s] Level 1:colcon.colcon_core.shell:create_environment_hook('rover_teleop_joy', 'ament_prefix_path')
[11.064s] INFO:colcon.colcon_core.shell:Creating environment hook '/home/pioneer-ii/pioneer_ws/src/install/rover_teleop_joy/share/rover_teleop_joy/hook/ament_prefix_path.ps1'
[11.066s] INFO:colcon.colcon_core.shell:Creating environment descriptor '/home/pioneer-ii/pioneer_ws/src/install/rover_teleop_joy/share/rover_teleop_joy/hook/ament_prefix_path.dsv'
[11.067s] INFO:colcon.colcon_core.shell:Creating environment hook '/home/pioneer-ii/pioneer_ws/src/install/rover_teleop_joy/share/rover_teleop_joy/hook/ament_prefix_path.sh'
[11.143s] INFO:colcon.colcon_core.shell:Skip shell extension 'powershell' for command environment: Not usable outside of PowerShell
[11.144s] DEBUG:colcon.colcon_core.shell:Skip shell extension 'dsv' for command environment
[11.304s] INFO:colcon.colcon_ros.task.ament_python.build:Building ROS package in '/home/pioneer-ii/pioneer_ws/src/rsl_gps' with build type 'ament_python'
[11.305s] Level 1:colcon.colcon_core.shell:create_environment_hook('rsl_gps', 'ament_prefix_path')
[11.383s] INFO:colcon.colcon_core.shell:Creating environment hook '/home/pioneer-ii/pioneer_ws/src/install/rsl_gps/share/rsl_gps/hook/ament_prefix_path.ps1'
[11.385s] INFO:colcon.colcon_core.shell:Creating environment descriptor '/home/pioneer-ii/pioneer_ws/src/install/rsl_gps/share/rsl_gps/hook/ament_prefix_path.dsv'
[11.386s] INFO:colcon.colcon_core.shell:Creating environment hook '/home/pioneer-ii/pioneer_ws/src/install/rsl_gps/share/rsl_gps/hook/ament_prefix_path.sh'
[11.463s] INFO:colcon.colcon_core.shell:Skip shell extension 'powershell' for command environment: Not usable outside of PowerShell
[11.463s] DEBUG:colcon.colcon_core.shell:Skip shell extension 'dsv' for command environment
[11.623s] INFO:colcon.colcon_ros.task.ament_python.build:Building ROS package in '/home/pioneer-ii/pioneer_ws/src/pioneer/rsl_imu' with build type 'ament_python'
[11.624s] Level 1:colcon.colcon_core.shell:create_environment_hook('rsl_imu', 'ament_prefix_path')
[11.704s] INFO:colcon.colcon_core.shell:Creating environment hook '/home/pioneer-ii/pioneer_ws/src/install/rsl_imu/share/rsl_imu/hook/ament_prefix_path.ps1'
[11.706s] INFO:colcon.colcon_core.shell:Creating environment descriptor '/home/pioneer-ii/pioneer_ws/src/install/rsl_imu/share/rsl_imu/hook/ament_prefix_path.dsv'
[11.707s] INFO:colcon.colcon_core.shell:Creating environment hook '/home/pioneer-ii/pioneer_ws/src/install/rsl_imu/share/rsl_imu/hook/ament_prefix_path.sh'
[11.783s] INFO:colcon.colcon_core.shell:Skip shell extension 'powershell' for command environment: Not usable outside of PowerShell
[11.783s] DEBUG:colcon.colcon_core.shell:Skip shell extension 'dsv' for command environment
[12.663s] INFO:colcon.colcon_core.task.python.build:Building Python package in '/home/pioneer-ii/pioneer_ws/src/locomotion_core'
[12.744s] INFO:colcon.colcon_core.shell:Skip shell extension 'powershell' for command environment: Not usable outside of PowerShell
[12.745s] DEBUG:colcon.colcon_core.shell:Skip shell extension 'dsv' for command environment
[13.452s] INFO:colcon.colcon_core.task.python.build:Building Python package in '/home/pioneer-ii/pioneer_ws/src/navigation_core'
[13.533s] INFO:colcon.colcon_core.shell:Skip shell extension 'powershell' for command environment: Not usable outside of PowerShell
[13.533s] DEBUG:colcon.colcon_core.shell:Skip shell extension 'dsv' for command environment
[13.712s] DEBUG:colcon.colcon_core.event_handler.log_command:Invoking command in '/home/pioneer-ii/pioneer_ws/src/build/rover_launch': CMAKE_PREFIX_PATH=/opt/ros/foxy /usr/bin/cmake /home/pioneer-ii/pioneer_ws/src/rover_launch -DCMAKE_INSTALL_PREFIX=/home/pioneer-ii/pioneer_ws/src/install/rover_launch
[14.343s] INFO:colcon.colcon_core.task.python.build:Building Python package in '/home/pioneer-ii/pioneer_ws/src/rover_teleop_joy'
[14.428s] INFO:colcon.colcon_core.shell:Skip shell extension 'powershell' for command environment: Not usable outside of PowerShell
[14.428s] DEBUG:colcon.colcon_core.shell:Skip shell extension 'dsv' for command environment
[15.115s] INFO:colcon.colcon_core.task.python.build:Building Python package in '/home/pioneer-ii/pioneer_ws/src/rsl_gps'
[15.197s] INFO:colcon.colcon_core.shell:Skip shell extension 'powershell' for command environment: Not usable outside of PowerShell
[15.197s] DEBUG:colcon.colcon_core.shell:Skip shell extension 'dsv' for command environment
[15.878s] INFO:colcon.colcon_core.task.python.build:Building Python package in '/home/pioneer-ii/pioneer_ws/src/pioneer/rsl_imu'
[15.963s] INFO:colcon.colcon_core.shell:Skip shell extension 'powershell' for command environment: Not usable outside of PowerShell
[15.964s] DEBUG:colcon.colcon_core.shell:Skip shell extension 'dsv' for command environment
[18.008s] DEBUG:colcon.colcon_core.event_handler.log_command:Invoking command in '/home/pioneer-ii/pioneer_ws/src/pioneer/rsl_imu': PYTHONPATH=/home/pioneer-ii/pioneer_ws/src/build/rsl_imu/prefix_override:/home/pioneer-ii/pioneer_ws/src/install/rsl_imu/lib/python3.8/site-packages:${PYTHONPATH} /usr/bin/python3 setup.py egg_info --egg-base ../../build/rsl_imu build --build-base /home/pioneer-ii/pioneer_ws/src/build/rsl_imu/build install --record /home/pioneer-ii/pioneer_ws/src/build/rsl_imu/install.log --install-scripts $base/lib/rsl_imu --single-version-externally-managed
[18.017s] DEBUG:colcon.colcon_core.event_handler.log_command:Invoking command in '/home/pioneer-ii/pioneer_ws/src/rover_teleop_joy': PYTHONPATH=/home/pioneer-ii/pioneer_ws/src/build/rover_teleop_joy/prefix_override:/home/pioneer-ii/pioneer_ws/src/install/rover_teleop_joy/lib/python3.8/site-packages:${PYTHONPATH} /usr/bin/python3 setup.py egg_info --egg-base ../build/rover_teleop_joy build --build-base /home/pioneer-ii/pioneer_ws/src/build/rover_teleop_joy/build install --record /home/pioneer-ii/pioneer_ws/src/build/rover_teleop_joy/install.log --single-version-externally-managed
[18.064s] DEBUG:colcon.colcon_core.event_handler.log_command:Invoking command in '/home/pioneer-ii/pioneer_ws/src/rsl_gps': PYTHONPATH=/home/pioneer-ii/pioneer_ws/src/build/rsl_gps/prefix_override:/home/pioneer-ii/pioneer_ws/src/install/rsl_gps/lib/python3.8/site-packages:${PYTHONPATH} /usr/bin/python3 setup.py egg_info --egg-base ../build/rsl_gps build --build-base /home/pioneer-ii/pioneer_ws/src/build/rsl_gps/build install --record /home/pioneer-ii/pioneer_ws/src/build/rsl_gps/install.log --single-version-externally-managed
[18.077s] DEBUG:colcon.colcon_core.event_handler.log_command:Invoking command in '/home/pioneer-ii/pioneer_ws/src/locomotion_core': PYTHONPATH=/home/pioneer-ii/pioneer_ws/src/build/locomotion_core/prefix_override:/home/pioneer-ii/pioneer_ws/src/install/locomotion_core/lib/python3.8/site-packages:${PYTHONPATH} /usr/bin/python3 setup.py egg_info --egg-base ../build/locomotion_core build --build-base /home/pioneer-ii/pioneer_ws/src/build/locomotion_core/build install --record /home/pioneer-ii/pioneer_ws/src/build/locomotion_core/install.log --single-version-externally-managed
[18.108s] DEBUG:colcon.colcon_core.event_handler.log_command:Invoking command in '/home/pioneer-ii/pioneer_ws/src/navigation_core': PYTHONPATH=/home/pioneer-ii/pioneer_ws/src/build/navigation_core/prefix_override:/home/pioneer-ii/pioneer_ws/src/install/navigation_core/lib/python3.8/site-packages:${PYTHONPATH} /usr/bin/python3 setup.py egg_info --egg-base ../build/navigation_core build --build-base /home/pioneer-ii/pioneer_ws/src/build/navigation_core/build install --record /home/pioneer-ii/pioneer_ws/src/build/navigation_core/install.log --install-scripts $base/lib/navigation_core --single-version-externally-managed
[18.802s] DEBUG:colcon.colcon_core.event_handler.log_command:Invoked command in '/home/pioneer-ii/pioneer_ws/src/build/rover_launch' returned '0': CMAKE_PREFIX_PATH=/opt/ros/foxy /usr/bin/cmake /home/pioneer-ii/pioneer_ws/src/rover_launch -DCMAKE_INSTALL_PREFIX=/home/pioneer-ii/pioneer_ws/src/install/rover_launch
[18.809s] DEBUG:colcon.colcon_core.event_handler.log_command:Invoking command in '/home/pioneer-ii/pioneer_ws/src/build/rover_launch': CMAKE_PREFIX_PATH=/opt/ros/foxy /usr/bin/cmake --build /home/pioneer-ii/pioneer_ws/src/build/rover_launch -- -j6 -l6
[18.990s] DEBUG:colcon.colcon_core.event_handler.log_command:Invoked command in '/home/pioneer-ii/pioneer_ws/src/rover_teleop_joy' returned '0': PYTHONPATH=/home/pioneer-ii/pioneer_ws/src/build/rover_teleop_joy/prefix_override:/home/pioneer-ii/pioneer_ws/src/install/rover_teleop_joy/lib/python3.8/site-packages:${PYTHONPATH} /usr/bin/python3 setup.py egg_info --egg-base ../build/rover_teleop_joy build --build-base /home/pioneer-ii/pioneer_ws/src/build/rover_teleop_joy/build install --record /home/pioneer-ii/pioneer_ws/src/build/rover_teleop_joy/install.log --single-version-externally-managed
[19.242s] Level 1:colcon.colcon_core.environment:checking '/home/pioneer-ii/pioneer_ws/src/install/rover_teleop_joy' for CMake module files
[19.243s] Level 1:colcon.colcon_core.environment:checking '/home/pioneer-ii/pioneer_ws/src/install/rover_teleop_joy' for CMake config files
[19.245s] Level 1:colcon.colcon_core.environment:checking '/home/pioneer-ii/pioneer_ws/src/install/rover_teleop_joy/lib'
[19.245s] Level 1:colcon.colcon_core.environment:checking '/home/pioneer-ii/pioneer_ws/src/install/rover_teleop_joy/bin'
[19.246s] Level 1:colcon.colcon_core.environment:checking '/home/pioneer-ii/pioneer_ws/src/install/rover_teleop_joy/lib/pkgconfig/rover_teleop_joy.pc'
[19.246s] Level 1:colcon.colcon_core.environment:checking '/home/pioneer-ii/pioneer_ws/src/install/rover_teleop_joy/lib/python3.8/site-packages'
[19.246s] Level 1:colcon.colcon_core.shell:create_environment_hook('rover_teleop_joy', 'pythonpath')
[19.324s] INFO:colcon.colcon_core.shell:Creating environment hook '/home/pioneer-ii/pioneer_ws/src/install/rover_teleop_joy/share/rover_teleop_joy/hook/pythonpath.ps1'
[19.326s] INFO:colcon.colcon_core.shell:Creating environment descriptor '/home/pioneer-ii/pioneer_ws/src/install/rover_teleop_joy/share/rover_teleop_joy/hook/pythonpath.dsv'
[19.326s] INFO:colcon.colcon_core.shell:Creating environment hook '/home/pioneer-ii/pioneer_ws/src/install/rover_teleop_joy/share/rover_teleop_joy/hook/pythonpath.sh'
[19.327s] Level 1:colcon.colcon_core.environment:checking '/home/pioneer-ii/pioneer_ws/src/install/rover_teleop_joy/bin'
[19.327s] Level 1:colcon.colcon_core.environment:create_environment_scripts_only(rover_teleop_joy)
[19.404s] INFO:colcon.colcon_core.shell:Creating package script '/home/pioneer-ii/pioneer_ws/src/install/rover_teleop_joy/share/rover_teleop_joy/package.ps1'
[19.544s] INFO:colcon.colcon_core.shell:Creating package descriptor '/home/pioneer-ii/pioneer_ws/src/install/rover_teleop_joy/share/rover_teleop_joy/package.dsv'
[19.546s] INFO:colcon.colcon_core.shell:Creating package script '/home/pioneer-ii/pioneer_ws/src/install/rover_teleop_joy/share/rover_teleop_joy/package.sh'
[19.548s] INFO:colcon.colcon_core.shell:Creating package script '/home/pioneer-ii/pioneer_ws/src/install/rover_teleop_joy/share/rover_teleop_joy/package.bash'
[19.550s] INFO:colcon.colcon_core.shell:Creating package script '/home/pioneer-ii/pioneer_ws/src/install/rover_teleop_joy/share/rover_teleop_joy/package.zsh'
[19.552s] Level 1:colcon.colcon_core.environment:create_file_with_runtime_dependencies(/home/pioneer-ii/pioneer_ws/src/install/rover_teleop_joy/share/colcon-core/packages/rover_teleop_joy)
[19.565s] DEBUG:colcon.colcon_core.event_handler.log_command:Invoked command in '/home/pioneer-ii/pioneer_ws/src/build/rover_launch' returned '0': CMAKE_PREFIX_PATH=/opt/ros/foxy /usr/bin/cmake --build /home/pioneer-ii/pioneer_ws/src/build/rover_launch -- -j6 -l6
[19.573s] DEBUG:colcon.colcon_core.event_handler.log_command:Invoked command in '/home/pioneer-ii/pioneer_ws/src/locomotion_core' returned '0': PYTHONPATH=/home/pioneer-ii/pioneer_ws/src/build/locomotion_core/prefix_override:/home/pioneer-ii/pioneer_ws/src/install/locomotion_core/lib/python3.8/site-packages:${PYTHONPATH} /usr/bin/python3 setup.py egg_info --egg-base ../build/locomotion_core build --build-base /home/pioneer-ii/pioneer_ws/src/build/locomotion_core/build install --record /home/pioneer-ii/pioneer_ws/src/build/locomotion_core/install.log --single-version-externally-managed
[19.656s] Level 1:colcon.colcon_core.environment:checking '/home/pioneer-ii/pioneer_ws/src/install/locomotion_core' for CMake module files
[19.657s] Level 1:colcon.colcon_core.environment:checking '/home/pioneer-ii/pioneer_ws/src/install/locomotion_core' for CMake config files
[19.659s] Level 1:colcon.colcon_core.environment:checking '/home/pioneer-ii/pioneer_ws/src/install/locomotion_core/lib'
[19.659s] Level 1:colcon.colcon_core.environment:checking '/home/pioneer-ii/pioneer_ws/src/install/locomotion_core/bin'
[19.659s] Level 1:colcon.colcon_core.environment:checking '/home/pioneer-ii/pioneer_ws/src/install/locomotion_core/lib/pkgconfig/locomotion_core.pc'
[19.659s] Level 1:colcon.colcon_core.environment:checking '/home/pioneer-ii/pioneer_ws/src/install/locomotion_core/lib/python3.8/site-packages'
[19.660s] Level 1:colcon.colcon_core.shell:create_environment_hook('locomotion_core', 'pythonpath')
[19.737s] INFO:colcon.colcon_core.shell:Creating environment hook '/home/pioneer-ii/pioneer_ws/src/install/locomotion_core/share/locomotion_core/hook/pythonpath.ps1'
[19.738s] INFO:colcon.colcon_core.shell:Creating environment descriptor '/home/pioneer-ii/pioneer_ws/src/install/locomotion_core/share/locomotion_core/hook/pythonpath.dsv'
[19.739s] INFO:colcon.colcon_core.shell:Creating environment hook '/home/pioneer-ii/pioneer_ws/src/install/locomotion_core/share/locomotion_core/hook/pythonpath.sh'
[19.740s] Level 1:colcon.colcon_core.environment:checking '/home/pioneer-ii/pioneer_ws/src/install/locomotion_core/bin'
[19.740s] Level 1:colcon.colcon_core.environment:create_environment_scripts_only(locomotion_core)
[19.816s] INFO:colcon.colcon_core.shell:Creating package script '/home/pioneer-ii/pioneer_ws/src/install/locomotion_core/share/locomotion_core/package.ps1'
[19.817s] INFO:colcon.colcon_core.shell:Creating package descriptor '/home/pioneer-ii/pioneer_ws/src/install/locomotion_core/share/locomotion_core/package.dsv'
[19.818s] INFO:colcon.colcon_core.shell:Creating package script '/home/pioneer-ii/pioneer_ws/src/install/locomotion_core/share/locomotion_core/package.sh'
[19.819s] INFO:colcon.colcon_core.shell:Creating package script '/home/pioneer-ii/pioneer_ws/src/install/locomotion_core/share/locomotion_core/package.bash'
[19.819s] INFO:colcon.colcon_core.shell:Creating package script '/home/pioneer-ii/pioneer_ws/src/install/locomotion_core/share/locomotion_core/package.zsh'
[19.820s] Level 1:colcon.colcon_core.environment:create_file_with_runtime_dependencies(/home/pioneer-ii/pioneer_ws/src/install/locomotion_core/share/colcon-core/packages/locomotion_core)
[19.824s] DEBUG:colcon.colcon_core.event_handler.log_command:Invoked command in '/home/pioneer-ii/pioneer_ws/src/navigation_core' returned '0': PYTHONPATH=/home/pioneer-ii/pioneer_ws/src/build/navigation_core/prefix_override:/home/pioneer-ii/pioneer_ws/src/install/navigation_core/lib/python3.8/site-packages:${PYTHONPATH} /usr/bin/python3 setup.py egg_info --egg-base ../build/navigation_core build --build-base /home/pioneer-ii/pioneer_ws/src/build/navigation_core/build install --record /home/pioneer-ii/pioneer_ws/src/build/navigation_core/install.log --install-scripts $base/lib/navigation_core --single-version-externally-managed
[19.900s] Level 1:colcon.colcon_core.environment:checking '/home/pioneer-ii/pioneer_ws/src/install/navigation_core' for CMake module files
[19.901s] Level 1:colcon.colcon_core.environment:checking '/home/pioneer-ii/pioneer_ws/src/install/navigation_core' for CMake config files
[19.903s] Level 1:colcon.colcon_core.environment:checking '/home/pioneer-ii/pioneer_ws/src/install/navigation_core/lib'
[19.903s] Level 1:colcon.colcon_core.environment:checking '/home/pioneer-ii/pioneer_ws/src/install/navigation_core/bin'
[19.903s] Level 1:colcon.colcon_core.environment:checking '/home/pioneer-ii/pioneer_ws/src/install/navigation_core/lib/pkgconfig/navigation_core.pc'
[19.903s] Level 1:colcon.colcon_core.environment:checking '/home/pioneer-ii/pioneer_ws/src/install/navigation_core/lib/python3.8/site-packages'
[19.903s] Level 1:colcon.colcon_core.shell:create_environment_hook('navigation_core', 'pythonpath')
[19.980s] INFO:colcon.colcon_core.shell:Creating environment hook '/home/pioneer-ii/pioneer_ws/src/install/navigation_core/share/navigation_core/hook/pythonpath.ps1'
[19.982s] INFO:colcon.colcon_core.shell:Creating environment descriptor '/home/pioneer-ii/pioneer_ws/src/install/navigation_core/share/navigation_core/hook/pythonpath.dsv'
[19.982s] INFO:colcon.colcon_core.shell:Creating environment hook '/home/pioneer-ii/pioneer_ws/src/install/navigation_core/share/navigation_core/hook/pythonpath.sh'
[19.983s] Level 1:colcon.colcon_core.environment:checking '/home/pioneer-ii/pioneer_ws/src/install/navigation_core/bin'
[19.983s] Level 1:colcon.colcon_core.environment:create_environment_scripts_only(navigation_core)
[20.060s] INFO:colcon.colcon_core.shell:Creating package script '/home/pioneer-ii/pioneer_ws/src/install/navigation_core/share/navigation_core/package.ps1'
[20.062s] INFO:colcon.colcon_core.shell:Creating package descriptor '/home/pioneer-ii/pioneer_ws/src/install/navigation_core/share/navigation_core/package.dsv'
[20.063s] INFO:colcon.colcon_core.shell:Creating package script '/home/pioneer-ii/pioneer_ws/src/install/navigation_core/share/navigation_core/package.sh'
[20.063s] INFO:colcon.colcon_core.shell:Creating package script '/home/pioneer-ii/pioneer_ws/src/install/navigation_core/share/navigation_core/package.bash'
[20.064s] INFO:colcon.colcon_core.shell:Creating package script '/home/pioneer-ii/pioneer_ws/src/install/navigation_core/share/navigation_core/package.zsh'
[20.065s] Level 1:colcon.colcon_core.environment:create_file_with_runtime_dependencies(/home/pioneer-ii/pioneer_ws/src/install/navigation_core/share/colcon-core/packages/navigation_core)
[20.069s] DEBUG:colcon.colcon_core.event_handler.log_command:Invoked command in '/home/pioneer-ii/pioneer_ws/src/pioneer/rsl_imu' returned '0': PYTHONPATH=/home/pioneer-ii/pioneer_ws/src/build/rsl_imu/prefix_override:/home/pioneer-ii/pioneer_ws/src/install/rsl_imu/lib/python3.8/site-packages:${PYTHONPATH} /usr/bin/python3 setup.py egg_info --egg-base ../../build/rsl_imu build --build-base /home/pioneer-ii/pioneer_ws/src/build/rsl_imu/build install --record /home/pioneer-ii/pioneer_ws/src/build/rsl_imu/install.log --install-scripts $base/lib/rsl_imu --single-version-externally-managed
[20.146s] Level 1:colcon.colcon_core.environment:checking '/home/pioneer-ii/pioneer_ws/src/install/rsl_imu' for CMake module files
[20.147s] Level 1:colcon.colcon_core.environment:checking '/home/pioneer-ii/pioneer_ws/src/install/rsl_imu' for CMake config files
[20.148s] Level 1:colcon.colcon_core.environment:checking '/home/pioneer-ii/pioneer_ws/src/install/rsl_imu/lib'
[20.148s] Level 1:colcon.colcon_core.environment:checking '/home/pioneer-ii/pioneer_ws/src/install/rsl_imu/bin'
[20.148s] Level 1:colcon.colcon_core.environment:checking '/home/pioneer-ii/pioneer_ws/src/install/rsl_imu/lib/pkgconfig/rsl_imu.pc'
[20.149s] Level 1:colcon.colcon_core.environment:checking '/home/pioneer-ii/pioneer_ws/src/install/rsl_imu/lib/python3.8/site-packages'
[20.149s] Level 1:colcon.colcon_core.shell:create_environment_hook('rsl_imu', 'pythonpath')
[20.283s] INFO:colcon.colcon_core.shell:Creating environment hook '/home/pioneer-ii/pioneer_ws/src/install/rsl_imu/share/rsl_imu/hook/pythonpath.ps1'
[20.285s] INFO:colcon.colcon_core.shell:Creating environment descriptor '/home/pioneer-ii/pioneer_ws/src/install/rsl_imu/share/rsl_imu/hook/pythonpath.dsv'
[20.286s] INFO:colcon.colcon_core.shell:Creating environment hook '/home/pioneer-ii/pioneer_ws/src/install/rsl_imu/share/rsl_imu/hook/pythonpath.sh'
[20.287s] Level 1:colcon.colcon_core.environment:checking '/home/pioneer-ii/pioneer_ws/src/install/rsl_imu/bin'
[20.287s] Level 1:colcon.colcon_core.environment:create_environment_scripts_only(rsl_imu)
[20.365s] INFO:colcon.colcon_core.shell:Creating package script '/home/pioneer-ii/pioneer_ws/src/install/rsl_imu/share/rsl_imu/package.ps1'
[20.366s] INFO:colcon.colcon_core.shell:Creating package descriptor '/home/pioneer-ii/pioneer_ws/src/install/rsl_imu/share/rsl_imu/package.dsv'
[20.367s] INFO:colcon.colcon_core.shell:Creating package script '/home/pioneer-ii/pioneer_ws/src/install/rsl_imu/share/rsl_imu/package.sh'
[20.368s] INFO:colcon.colcon_core.shell:Creating package script '/home/pioneer-ii/pioneer_ws/src/install/rsl_imu/share/rsl_imu/package.bash'
[20.369s] INFO:colcon.colcon_core.shell:Creating package script '/home/pioneer-ii/pioneer_ws/src/install/rsl_imu/share/rsl_imu/package.zsh'
[20.369s] Level 1:colcon.colcon_core.environment:create_file_with_runtime_dependencies(/home/pioneer-ii/pioneer_ws/src/install/rsl_imu/share/colcon-core/packages/rsl_imu)
[20.374s] DEBUG:colcon.colcon_core.event_handler.log_command:Invoked command in '/home/pioneer-ii/pioneer_ws/src/rsl_gps' returned '0': PYTHONPATH=/home/pioneer-ii/pioneer_ws/src/build/rsl_gps/prefix_override:/home/pioneer-ii/pioneer_ws/src/install/rsl_gps/lib/python3.8/site-packages:${PYTHONPATH} /usr/bin/python3 setup.py egg_info --egg-base ../build/rsl_gps build --build-base /home/pioneer-ii/pioneer_ws/src/build/rsl_gps/build install --record /home/pioneer-ii/pioneer_ws/src/build/rsl_gps/install.log --single-version-externally-managed
[20.451s] Level 1:colcon.colcon_core.environment:checking '/home/pioneer-ii/pioneer_ws/src/install/rsl_gps' for CMake module files
[20.452s] Level 1:colcon.colcon_core.environment:checking '/home/pioneer-ii/pioneer_ws/src/install/rsl_gps' for CMake config files
[20.453s] Level 1:colcon.colcon_core.environment:checking '/home/pioneer-ii/pioneer_ws/src/install/rsl_gps/lib'
[20.454s] Level 1:colcon.colcon_core.environment:checking '/home/pioneer-ii/pioneer_ws/src/install/rsl_gps/bin'
[20.454s] Level 1:colcon.colcon_core.environment:checking '/home/pioneer-ii/pioneer_ws/src/install/rsl_gps/lib/pkgconfig/rsl_gps.pc'
[20.454s] Level 1:colcon.colcon_core.environment:checking '/home/pioneer-ii/pioneer_ws/src/install/rsl_gps/lib/python3.8/site-packages'
[20.454s] Level 1:colcon.colcon_core.shell:create_environment_hook('rsl_gps', 'pythonpath')
[20.531s] INFO:colcon.colcon_core.shell:Creating environment hook '/home/pioneer-ii/pioneer_ws/src/install/rsl_gps/share/rsl_gps/hook/pythonpath.ps1'
[20.533s] INFO:colcon.colcon_core.shell:Creating environment descriptor '/home/pioneer-ii/pioneer_ws/src/install/rsl_gps/share/rsl_gps/hook/pythonpath.dsv'
[20.534s] INFO:colcon.colcon_core.shell:Creating environment hook '/home/pioneer-ii/pioneer_ws/src/install/rsl_gps/share/rsl_gps/hook/pythonpath.sh'
[20.535s] Level 1:colcon.colcon_core.environment:checking '/home/pioneer-ii/pioneer_ws/src/install/rsl_gps/bin'
[20.535s] Level 1:colcon.colcon_core.environment:create_environment_scripts_only(rsl_gps)
[20.611s] INFO:colcon.colcon_core.shell:Creating package script '/home/pioneer-ii/pioneer_ws/src/install/rsl_gps/share/rsl_gps/package.ps1'
[20.612s] INFO:colcon.colcon_core.shell:Creating package descriptor '/home/pioneer-ii/pioneer_ws/src/install/rsl_gps/share/rsl_gps/package.dsv'
[20.613s] INFO:colcon.colcon_core.shell:Creating package script '/home/pioneer-ii/pioneer_ws/src/install/rsl_gps/share/rsl_gps/package.sh'
[20.614s] INFO:colcon.colcon_core.shell:Creating package script '/home/pioneer-ii/pioneer_ws/src/install/rsl_gps/share/rsl_gps/package.bash'
[20.614s] INFO:colcon.colcon_core.shell:Creating package script '/home/pioneer-ii/pioneer_ws/src/install/rsl_gps/share/rsl_gps/package.zsh'
[20.615s] Level 1:colcon.colcon_core.environment:create_file_with_runtime_dependencies(/home/pioneer-ii/pioneer_ws/src/install/rsl_gps/share/colcon-core/packages/rsl_gps)
[20.662s] DEBUG:colcon.colcon_core.event_handler.log_command:Invoking command in '/home/pioneer-ii/pioneer_ws/src/build/rover_launch': CMAKE_PREFIX_PATH=/opt/ros/foxy /usr/bin/cmake --install /home/pioneer-ii/pioneer_ws/src/build/rover_launch
[20.696s] Level 1:colcon.colcon_core.environment:create_environment_scripts_only(rover_launch)
[20.697s] DEBUG:colcon.colcon_core.event_handler.log_command:Invoked command in '/home/pioneer-ii/pioneer_ws/src/build/rover_launch' returned '0': CMAKE_PREFIX_PATH=/opt/ros/foxy /usr/bin/cmake --install /home/pioneer-ii/pioneer_ws/src/build/rover_launch
[20.779s] Level 1:colcon.colcon_core.environment:checking '/home/pioneer-ii/pioneer_ws/src/install/rover_launch' for CMake module files
[20.780s] Level 1:colcon.colcon_core.environment:checking '/home/pioneer-ii/pioneer_ws/src/install/rover_launch' for CMake config files
[20.780s] Level 1:colcon.colcon_core.shell:create_environment_hook('rover_launch', 'cmake_prefix_path')
[20.857s] INFO:colcon.colcon_core.shell:Creating environment hook '/home/pioneer-ii/pioneer_ws/src/install/rover_launch/share/rover_launch/hook/cmake_prefix_path.ps1'
[20.859s] INFO:colcon.colcon_core.shell:Creating environment descriptor '/home/pioneer-ii/pioneer_ws/src/install/rover_launch/share/rover_launch/hook/cmake_prefix_path.dsv'
[20.859s] INFO:colcon.colcon_core.shell:Creating environment hook '/home/pioneer-ii/pioneer_ws/src/install/rover_launch/share/rover_launch/hook/cmake_prefix_path.sh'
[20.861s] Level 1:colcon.colcon_core.environment:checking '/home/pioneer-ii/pioneer_ws/src/install/rover_launch/bin'
[20.861s] Level 1:colcon.colcon_core.environment:checking '/home/pioneer-ii/pioneer_ws/src/install/rover_launch/lib/pkgconfig/rover_launch.pc'
[20.861s] Level 1:colcon.colcon_core.environment:checking '/home/pioneer-ii/pioneer_ws/src/install/rover_launch/lib/python3.8/site-packages'
[20.862s] Level 1:colcon.colcon_core.environment:checking '/home/pioneer-ii/pioneer_ws/src/install/rover_launch/bin'
[20.939s] INFO:colcon.colcon_core.shell:Creating package script '/home/pioneer-ii/pioneer_ws/src/install/rover_launch/share/rover_launch/package.ps1'
[21.116s] INFO:colcon.colcon_core.shell:Creating package descriptor '/home/pioneer-ii/pioneer_ws/src/install/rover_launch/share/rover_launch/package.dsv'
[21.117s] INFO:colcon.colcon_core.shell:Creating package script '/home/pioneer-ii/pioneer_ws/src/install/rover_launch/share/rover_launch/package.sh'
[21.118s] INFO:colcon.colcon_core.shell:Creating package script '/home/pioneer-ii/pioneer_ws/src/install/rover_launch/share/rover_launch/package.bash'
[21.118s] INFO:colcon.colcon_core.shell:Creating package script '/home/pioneer-ii/pioneer_ws/src/install/rover_launch/share/rover_launch/package.zsh'
[21.119s] Level 1:colcon.colcon_core.environment:create_file_with_runtime_dependencies(/home/pioneer-ii/pioneer_ws/src/install/rover_launch/share/colcon-core/packages/rover_launch)
[21.252s] Level 1:colcon.colcon_core.environment:create_environment_scripts_only(rover_launch)
[21.327s] Level 1:colcon.colcon_core.environment:checking '/home/pioneer-ii/pioneer_ws/src/install/rover_launch' for CMake module files
[21.328s] Level 1:colcon.colcon_core.environment:checking '/home/pioneer-ii/pioneer_ws/src/install/rover_launch' for CMake config files
[21.329s] Level 1:colcon.colcon_core.shell:create_environment_hook('rover_launch', 'cmake_prefix_path')
[21.404s] INFO:colcon.colcon_core.shell:Creating environment hook '/home/pioneer-ii/pioneer_ws/src/install/rover_launch/share/rover_launch/hook/cmake_prefix_path.ps1'
[21.406s] INFO:colcon.colcon_core.shell:Creating environment descriptor '/home/pioneer-ii/pioneer_ws/src/install/rover_launch/share/rover_launch/hook/cmake_prefix_path.dsv'
[21.407s] INFO:colcon.colcon_core.shell:Creating environment hook '/home/pioneer-ii/pioneer_ws/src/install/rover_launch/share/rover_launch/hook/cmake_prefix_path.sh'
[21.408s] Level 1:colcon.colcon_core.environment:checking '/home/pioneer-ii/pioneer_ws/src/install/rover_launch/bin'
[21.414s] Level 1:colcon.colcon_core.environment:checking '/home/pioneer-ii/pioneer_ws/src/install/rover_launch/lib/pkgconfig/rover_launch.pc'
[21.418s] Level 1:colcon.colcon_core.environment:checking '/home/pioneer-ii/pioneer_ws/src/install/rover_launch/lib/python3.8/site-packages'
[21.419s] Level 1:colcon.colcon_core.environment:checking '/home/pioneer-ii/pioneer_ws/src/install/rover_launch/bin'
[21.494s] INFO:colcon.colcon_core.shell:Creating package script '/home/pioneer-ii/pioneer_ws/src/install/rover_launch/share/rover_launch/package.ps1'
[21.496s] INFO:colcon.colcon_core.shell:Creating package descriptor '/home/pioneer-ii/pioneer_ws/src/install/rover_launch/share/rover_launch/package.dsv'
[21.497s] INFO:colcon.colcon_core.shell:Creating package script '/home/pioneer-ii/pioneer_ws/src/install/rover_launch/share/rover_launch/package.sh'
[21.498s] INFO:colcon.colcon_core.shell:Creating package script '/home/pioneer-ii/pioneer_ws/src/install/rover_launch/share/rover_launch/package.bash'
[21.499s] INFO:colcon.colcon_core.shell:Creating package script '/home/pioneer-ii/pioneer_ws/src/install/rover_launch/share/rover_launch/package.zsh'
[21.499s] Level 1:colcon.colcon_core.environment:create_file_with_runtime_dependencies(/home/pioneer-ii/pioneer_ws/src/install/rover_launch/share/colcon-core/packages/rover_launch)
[21.500s] DEBUG:colcon.colcon_parallel_executor.executor.parallel:closing loop
[21.501s] DEBUG:colcon.colcon_parallel_executor.executor.parallel:loop closed
[21.502s] DEBUG:colcon.colcon_parallel_executor.executor.parallel:run_until_complete finished with '0'
[21.502s] DEBUG:colcon.colcon_core.event_reactor:joining thread
[21.738s] INFO:colcon.colcon_core.plugin_system:Skipping extension 'colcon_notification.desktop_notification.terminal_notifier': Not used on non-Darwin systems
[21.738s] INFO:colcon.colcon_core.plugin_system:Skipping extension 'colcon_notification.desktop_notification.win32': Not used on non-Windows systems
[21.738s] INFO:colcon.colcon_notification.desktop_notification:Sending desktop notification using 'notify2'
[21.786s] DEBUG:colcon.colcon_core.event_reactor:joined thread
[21.862s] INFO:colcon.colcon_core.shell:Creating prefix script '/home/pioneer-ii/pioneer_ws/src/install/local_setup.ps1'
[21.919s] INFO:colcon.colcon_core.shell:Creating prefix util module '/home/pioneer-ii/pioneer_ws/src/install/_local_setup_util_ps1.py'
[21.923s] INFO:colcon.colcon_core.shell:Creating prefix chain script '/home/pioneer-ii/pioneer_ws/src/install/setup.ps1'
[22.141s] INFO:colcon.colcon_core.shell:Creating prefix script '/home/pioneer-ii/pioneer_ws/src/install/local_setup.sh'
[22.143s] INFO:colcon.colcon_core.shell:Creating prefix util module '/home/pioneer-ii/pioneer_ws/src/install/_local_setup_util_sh.py'
[22.144s] INFO:colcon.colcon_core.shell:Creating prefix chain script '/home/pioneer-ii/pioneer_ws/src/install/setup.sh'
[22.370s] INFO:colcon.colcon_core.shell:Creating prefix script '/home/pioneer-ii/pioneer_ws/src/install/local_setup.bash'
[22.371s] INFO:colcon.colcon_core.shell:Creating prefix chain script '/home/pioneer-ii/pioneer_ws/src/install/setup.bash'
[22.585s] INFO:colcon.colcon_core.shell:Creating prefix script '/home/pioneer-ii/pioneer_ws/src/install/local_setup.zsh'
[22.586s] INFO:colcon.colcon_core.shell:Creating prefix chain script '/home/pioneer-ii/pioneer_ws/src/install/setup.zsh'
