[6.972s] Invoking command in '/home/pioneer-ii/pioneer_ws/src/rover_teleop_joy': PYTHONPATH=/home/pioneer-ii/pioneer_ws/build/rover_teleop_joy/prefix_override:/home/pioneer-ii/pioneer_ws/install/rover_teleop_joy/lib/python3.8/site-packages:${PYTHONPATH} /usr/bin/python3 setup.py egg_info --egg-base ../../build/rover_teleop_joy build --build-base /home/pioneer-ii/pioneer_ws/build/rover_teleop_joy/build install --record /home/pioneer-ii/pioneer_ws/build/rover_teleop_joy/install.log --single-version-externally-managed
[7.498s] running egg_info
[7.499s] writing ../../build/rover_teleop_joy/rover_teleop_joy.egg-info/PKG-INFO
[7.500s] writing dependency_links to ../../build/rover_teleop_joy/rover_teleop_joy.egg-info/dependency_links.txt
[7.500s] writing entry points to ../../build/rover_teleop_joy/rover_teleop_joy.egg-info/entry_points.txt
[7.502s] writing requirements to ../../build/rover_teleop_joy/rover_teleop_joy.egg-info/requires.txt
[7.502s] writing top-level names to ../../build/rover_teleop_joy/rover_teleop_joy.egg-info/top_level.txt
[7.571s] reading manifest file '../../build/rover_teleop_joy/rover_teleop_joy.egg-info/SOURCES.txt'
[7.572s] writing manifest file '../../build/rover_teleop_joy/rover_teleop_joy.egg-info/SOURCES.txt'
[7.572s] running build
[7.573s] running build_py
[7.573s] running install
[7.575s] running install_lib
[7.579s] running install_data
[7.580s] running install_egg_info
[7.606s] removing '/home/pioneer-ii/pioneer_ws/install/rover_teleop_joy/lib/python3.8/site-packages/rover_teleop_joy-0.0.0-py3.8.egg-info' (and everything under it)
[7.606s] Copying ../../build/rover_teleop_joy/rover_teleop_joy.egg-info to /home/pioneer-ii/pioneer_ws/install/rover_teleop_joy/lib/python3.8/site-packages/rover_teleop_joy-0.0.0-py3.8.egg-info
[7.606s] running install_scripts
[7.631s] Installing rover_joy script to /home/pioneer-ii/pioneer_ws/install/rover_teleop_joy/lib/rover_teleop_joy
[7.633s] writing list of installed files to '/home/pioneer-ii/pioneer_ws/build/rover_teleop_joy/install.log'
[7.753s] Invoked command in '/home/pioneer-ii/pioneer_ws/src/rover_teleop_joy' returned '0': PYTHONPATH=/home/pioneer-ii/pioneer_ws/build/rover_teleop_joy/prefix_override:/home/pioneer-ii/pioneer_ws/install/rover_teleop_joy/lib/python3.8/site-packages:${PYTHONPATH} /usr/bin/python3 setup.py egg_info --egg-base ../../build/rover_teleop_joy build --build-base /home/pioneer-ii/pioneer_ws/build/rover_teleop_joy/build install --record /home/pioneer-ii/pioneer_ws/build/rover_teleop_joy/install.log --single-version-externally-managed
