[8.234s] Invoking command in '/home/pioneer-ii/pioneer_ws/src/navigation_core': PYTHONPATH=/home/pioneer-ii/pioneer_ws/build/navigation_core/prefix_override:/home/pioneer-ii/pioneer_ws/install/navigation_core/lib/python3.8/site-packages:${PYTHONPATH} /usr/bin/python3 setup.py egg_info --egg-base ../../build/navigation_core build --build-base /home/pioneer-ii/pioneer_ws/build/navigation_core/build install --record /home/pioneer-ii/pioneer_ws/build/navigation_core/install.log --install-scripts $base/lib/navigation_core --single-version-externally-managed
[8.709s] running egg_info
[8.710s] writing ../../build/navigation_core/navigation_core.egg-info/PKG-INFO
[8.792s] writing dependency_links to ../../build/navigation_core/navigation_core.egg-info/dependency_links.txt
[8.792s] writing entry points to ../../build/navigation_core/navigation_core.egg-info/entry_points.txt
[8.793s] writing requirements to ../../build/navigation_core/navigation_core.egg-info/requires.txt
[8.793s] writing top-level names to ../../build/navigation_core/navigation_core.egg-info/top_level.txt
[9.018s] reading manifest file '../../build/navigation_core/navigation_core.egg-info/SOURCES.txt'
[9.022s] writing manifest file '../../build/navigation_core/navigation_core.egg-info/SOURCES.txt'
[9.022s] running build
[9.022s] running build_py
[9.031s] running install
[9.034s] running install_lib
[9.039s] running install_data
[9.046s] running install_egg_info
[9.051s] removing '/home/pioneer-ii/pioneer_ws/install/navigation_core/lib/python3.8/site-packages/navigation_core-0.0.0-py3.8.egg-info' (and everything under it)
[9.052s] Copying ../../build/navigation_core/navigation_core.egg-info to /home/pioneer-ii/pioneer_ws/install/navigation_core/lib/python3.8/site-packages/navigation_core-0.0.0-py3.8.egg-info
[9.055s] running install_scripts
[9.102s] Installing navigation_core script to /home/pioneer-ii/pioneer_ws/install/navigation_core/lib/navigation_core
[9.240s] writing list of installed files to '/home/pioneer-ii/pioneer_ws/build/navigation_core/install.log'
[9.765s] Invoked command in '/home/pioneer-ii/pioneer_ws/src/navigation_core' returned '0': PYTHONPATH=/home/pioneer-ii/pioneer_ws/build/navigation_core/prefix_override:/home/pioneer-ii/pioneer_ws/install/navigation_core/lib/python3.8/site-packages:${PYTHONPATH} /usr/bin/python3 setup.py egg_info --egg-base ../../build/navigation_core build --build-base /home/pioneer-ii/pioneer_ws/build/navigation_core/build install --record /home/pioneer-ii/pioneer_ws/build/navigation_core/install.log --install-scripts $base/lib/navigation_core --single-version-externally-managed
