[3.368s] Invoking command in '/home/pioneer-ii/pioneer_ws/build/rover_launch': CMAKE_PREFIX_PATH=/opt/ros/foxy /usr/bin/cmake --build /home/pioneer-ii/pioneer_ws/build/rover_launch -- -j6 -l6
[6.398s] Invoked command in '/home/pioneer-ii/pioneer_ws/build/rover_launch' returned '0': CMAKE_PREFIX_PATH=/opt/ros/foxy /usr/bin/cmake --build /home/pioneer-ii/pioneer_ws/build/rover_launch -- -j6 -l6
[6.657s] Invoking command in '/home/pioneer-ii/pioneer_ws/build/rover_launch': CMAKE_PREFIX_PATH=/opt/ros/foxy /usr/bin/cmake --install /home/pioneer-ii/pioneer_ws/build/rover_launch
[6.828s] -- Install configuration: ""
[6.840s] -- Up-to-date: /home/pioneer-ii/pioneer_ws/install/rover_launch/share/rover_launch/launch
[6.841s] -- Up-to-date: /home/pioneer-ii/pioneer_ws/install/rover_launch/share/rover_launch/launch/rover.launch.py
[6.843s] -- Up-to-date: /home/pioneer-ii/pioneer_ws/install/rover_launch/share/ament_index/resource_index/package_run_dependencies/rover_launch
[6.844s] -- Up-to-date: /home/pioneer-ii/pioneer_ws/install/rover_launch/share/ament_index/resource_index/parent_prefix_path/rover_launch
[6.845s] -- Up-to-date: /home/pioneer-ii/pioneer_ws/install/rover_launch/share/rover_launch/environment/ament_prefix_path.sh
[6.845s] -- Up-to-date: /home/pioneer-ii/pioneer_ws/install/rover_launch/share/rover_launch/environment/ament_prefix_path.dsv
[6.845s] -- Up-to-date: /home/pioneer-ii/pioneer_ws/install/rover_launch/share/rover_launch/environment/path.sh
[6.846s] -- Up-to-date: /home/pioneer-ii/pioneer_ws/install/rover_launch/share/rover_launch/environment/path.dsv
[6.846s] -- Up-to-date: /home/pioneer-ii/pioneer_ws/install/rover_launch/share/rover_launch/local_setup.bash
[6.846s] -- Up-to-date: /home/pioneer-ii/pioneer_ws/install/rover_launch/share/rover_launch/local_setup.sh
[6.846s] -- Up-to-date: /home/pioneer-ii/pioneer_ws/install/rover_launch/share/rover_launch/local_setup.zsh
[6.847s] -- Up-to-date: /home/pioneer-ii/pioneer_ws/install/rover_launch/share/rover_launch/local_setup.dsv
[6.847s] -- Installing: /home/pioneer-ii/pioneer_ws/install/rover_launch/share/rover_launch/package.dsv
[6.848s] -- Up-to-date: /home/pioneer-ii/pioneer_ws/install/rover_launch/share/ament_index/resource_index/packages/rover_launch
[6.849s] -- Up-to-date: /home/pioneer-ii/pioneer_ws/install/rover_launch/share/rover_launch/cmake/rover_launchConfig.cmake
[6.849s] -- Up-to-date: /home/pioneer-ii/pioneer_ws/install/rover_launch/share/rover_launch/cmake/rover_launchConfig-version.cmake
[6.849s] -- Up-to-date: /home/pioneer-ii/pioneer_ws/install/rover_launch/share/rover_launch/package.xml
[6.856s] Invoked command in '/home/pioneer-ii/pioneer_ws/build/rover_launch' returned '0': CMAKE_PREFIX_PATH=/opt/ros/foxy /usr/bin/cmake --install /home/pioneer-ii/pioneer_ws/build/rover_launch
