[8.552s] Invoking command in '/home/pioneer-ii/pioneer_ws/src/rsl_gps': PYTHONPATH=/home/pioneer-ii/pioneer_ws/build/rsl_gps/prefix_override:/home/pioneer-ii/pioneer_ws/install/rsl_gps/lib/python3.8/site-packages:${PYTHONPATH} /usr/bin/python3 setup.py egg_info --egg-base ../../build/rsl_gps build --build-base /home/pioneer-ii/pioneer_ws/build/rsl_gps/build install --record /home/pioneer-ii/pioneer_ws/build/rsl_gps/install.log --single-version-externally-managed
[8.911s] running egg_info
[8.912s] writing ../../build/rsl_gps/rsl_gps.egg-info/PKG-INFO
[9.041s] writing dependency_links to ../../build/rsl_gps/rsl_gps.egg-info/dependency_links.txt
[9.042s] writing entry points to ../../build/rsl_gps/rsl_gps.egg-info/entry_points.txt
[9.044s] writing requirements to ../../build/rsl_gps/rsl_gps.egg-info/requires.txt
[9.045s] writing top-level names to ../../build/rsl_gps/rsl_gps.egg-info/top_level.txt
[9.136s] reading manifest file '../../build/rsl_gps/rsl_gps.egg-info/SOURCES.txt'
[9.272s] writing manifest file '../../build/rsl_gps/rsl_gps.egg-info/SOURCES.txt'
[9.273s] running build
[9.273s] running build_py
[9.280s] running install
[9.282s] running install_lib
[9.291s] running install_data
[9.296s] running install_egg_info
[9.301s] removing '/home/pioneer-ii/pioneer_ws/install/rsl_gps/lib/python3.8/site-packages/rsl_gps-0.0.0-py3.8.egg-info' (and everything under it)
[9.302s] Copying ../../build/rsl_gps/rsl_gps.egg-info to /home/pioneer-ii/pioneer_ws/install/rsl_gps/lib/python3.8/site-packages/rsl_gps-0.0.0-py3.8.egg-info
[9.305s] running install_scripts
[9.351s] Installing push_target script to /home/pioneer-ii/pioneer_ws/install/rsl_gps/lib/rsl_gps
[9.501s] Installing run_gps script to /home/pioneer-ii/pioneer_ws/install/rsl_gps/lib/rsl_gps
[9.502s] writing list of installed files to '/home/pioneer-ii/pioneer_ws/build/rsl_gps/install.log'
[11.261s] Invoked command in '/home/pioneer-ii/pioneer_ws/src/rsl_gps' returned '0': PYTHONPATH=/home/pioneer-ii/pioneer_ws/build/rsl_gps/prefix_override:/home/pioneer-ii/pioneer_ws/install/rsl_gps/lib/python3.8/site-packages:${PYTHONPATH} /usr/bin/python3 setup.py egg_info --egg-base ../../build/rsl_gps build --build-base /home/pioneer-ii/pioneer_ws/build/rsl_gps/build install --record /home/pioneer-ii/pioneer_ws/build/rsl_gps/install.log --single-version-externally-managed
