[1.095s] Invoking command in '/home/pioneer-ii/pioneer_ws/build/rover_launch': CMAKE_PREFIX_PATH=/opt/ros/foxy /usr/bin/cmake /home/pioneer-ii/pioneer_ws/src/rover_launch -DCMAKE_INSTALL_PREFIX=/home/pioneer-ii/pioneer_ws/install/rover_launch
[1.963s] -- The C compiler identification is GNU 9.4.0
[2.564s] -- The CXX compiler identification is GNU 9.4.0
[2.650s] -- Check for working C compiler: /usr/bin/cc
[2.958s] -- Check for working C compiler: /usr/bin/cc -- works
[3.032s] -- Detecting C compiler ABI info
[3.200s] -- Detecting C compiler ABI info - done
[3.228s] -- Detecting C compile features
[3.229s] -- Detecting C compile features - done
[3.243s] -- Check for working CXX compiler: /usr/bin/c++
[3.556s] -- Check for working CXX compiler: /usr/bin/c++ -- works
[3.558s] -- Detecting CXX compiler ABI info
[3.761s] -- Detecting CXX compiler ABI info - done
[3.793s] -- Detecting CXX compile features
[3.794s] -- Detecting CXX compile features - done
[3.911s] -- Found ament_cmake: 0.9.12 (/opt/ros/foxy/share/ament_cmake/cmake)
[4.107s] -- Found PythonInterp: /usr/bin/python3 (found suitable version "3.8.10", minimum required is "3") 
[4.107s] -- Using PYTHON_EXECUTABLE: /usr/bin/python3
[4.966s] -- Found ament_lint_auto: 0.9.8 (/opt/ros/foxy/share/ament_lint_auto/cmake)
[5.293s] -- Added test 'copyright' to check source files copyright and LICENSE
[5.297s] -- Added test 'flake8' to check Python code syntax and style conventions
[5.299s] -- Added test 'lint_cmake' to check CMake code style
[5.301s] -- Added test 'pep257' to check Python code against some of the style conventions in PEP 257
[5.304s] -- Added test 'xmllint' to check XML markup files
[5.315s] -- Configuring done
[5.320s] -- Generating done
[5.322s] -- Build files have been written to: /home/pioneer-ii/pioneer_ws/build/rover_launch
[5.335s] Invoked command in '/home/pioneer-ii/pioneer_ws/build/rover_launch' returned '0': CMAKE_PREFIX_PATH=/opt/ros/foxy /usr/bin/cmake /home/pioneer-ii/pioneer_ws/src/rover_launch -DCMAKE_INSTALL_PREFIX=/home/pioneer-ii/pioneer_ws/install/rover_launch
[5.348s] Invoking command in '/home/pioneer-ii/pioneer_ws/build/rover_launch': CMAKE_PREFIX_PATH=/opt/ros/foxy /usr/bin/cmake --build /home/pioneer-ii/pioneer_ws/build/rover_launch -- -j6 -l6
[5.445s] Invoked command in '/home/pioneer-ii/pioneer_ws/build/rover_launch' returned '0': CMAKE_PREFIX_PATH=/opt/ros/foxy /usr/bin/cmake --build /home/pioneer-ii/pioneer_ws/build/rover_launch -- -j6 -l6
[5.530s] Invoking command in '/home/pioneer-ii/pioneer_ws/build/rover_launch': CMAKE_PREFIX_PATH=/opt/ros/foxy /usr/bin/cmake --install /home/pioneer-ii/pioneer_ws/build/rover_launch
[5.552s] -- Install configuration: ""
[5.552s] -- Installing: /home/pioneer-ii/pioneer_ws/install/rover_launch/share/rover_launch/launch
[5.553s] -- Installing: /home/pioneer-ii/pioneer_ws/install/rover_launch/share/rover_launch/launch/rover.launch.py
[5.553s] -- Installing: /home/pioneer-ii/pioneer_ws/install/rover_launch/share/ament_index/resource_index/package_run_dependencies/rover_launch
[5.553s] -- Installing: /home/pioneer-ii/pioneer_ws/install/rover_launch/share/ament_index/resource_index/parent_prefix_path/rover_launch
[5.557s] -- Installing: /home/pioneer-ii/pioneer_ws/install/rover_launch/share/rover_launch/environment/ament_prefix_path.sh
[5.557s] -- Installing: /home/pioneer-ii/pioneer_ws/install/rover_launch/share/rover_launch/environment/ament_prefix_path.dsv
[5.557s] -- Installing: /home/pioneer-ii/pioneer_ws/install/rover_launch/share/rover_launch/environment/path.sh
[5.558s] -- Installing: /home/pioneer-ii/pioneer_ws/install/rover_launch/share/rover_launch/environment/path.dsv
[5.558s] -- Installing: /home/pioneer-ii/pioneer_ws/install/rover_launch/share/rover_launch/local_setup.bash
[5.558s] -- Installing: /home/pioneer-ii/pioneer_ws/install/rover_launch/share/rover_launch/local_setup.sh
[5.559s] -- Installing: /home/pioneer-ii/pioneer_ws/install/rover_launch/share/rover_launch/local_setup.zsh
[5.559s] -- Installing: /home/pioneer-ii/pioneer_ws/install/rover_launch/share/rover_launch/local_setup.dsv
[5.559s] -- Installing: /home/pioneer-ii/pioneer_ws/install/rover_launch/share/rover_launch/package.dsv
[5.559s] -- Installing: /home/pioneer-ii/pioneer_ws/install/rover_launch/share/ament_index/resource_index/packages/rover_launch
[5.560s] -- Installing: /home/pioneer-ii/pioneer_ws/install/rover_launch/share/rover_launch/cmake/rover_launchConfig.cmake
[5.560s] -- Installing: /home/pioneer-ii/pioneer_ws/install/rover_launch/share/rover_launch/cmake/rover_launchConfig-version.cmake
[5.561s] -- Installing: /home/pioneer-ii/pioneer_ws/install/rover_launch/share/rover_launch/package.xml
[5.567s] Invoked command in '/home/pioneer-ii/pioneer_ws/build/rover_launch' returned '0': CMAKE_PREFIX_PATH=/opt/ros/foxy /usr/bin/cmake --install /home/pioneer-ii/pioneer_ws/build/rover_launch
