[8.026s] Invoking command in '/home/pioneer-ii/pioneer_ws/src/navigation_core': PYTHONPATH=/home/pioneer-ii/pioneer_ws/build/navigation_core/prefix_override:/home/pioneer-ii/pioneer_ws/install/navigation_core/lib/python3.8/site-packages:${PYTHONPATH} /usr/bin/python3 setup.py egg_info --egg-base ../../build/navigation_core build --build-base /home/pioneer-ii/pioneer_ws/build/navigation_core/build install --record /home/pioneer-ii/pioneer_ws/build/navigation_core/install.log --install-scripts $base/lib/navigation_core --single-version-externally-managed
[8.555s] running egg_info
[8.556s] writing ../../build/navigation_core/navigation_core.egg-info/PKG-INFO
[8.558s] writing dependency_links to ../../build/navigation_core/navigation_core.egg-info/dependency_links.txt
[8.559s] writing entry points to ../../build/navigation_core/navigation_core.egg-info/entry_points.txt
[8.564s] writing requirements to ../../build/navigation_core/navigation_core.egg-info/requires.txt
[8.567s] writing top-level names to ../../build/navigation_core/navigation_core.egg-info/top_level.txt
[8.635s] reading manifest file '../../build/navigation_core/navigation_core.egg-info/SOURCES.txt'
[8.637s] writing manifest file '../../build/navigation_core/navigation_core.egg-info/SOURCES.txt'
[8.638s] running build
[8.638s] running build_py
[8.639s] running install
[8.643s] running install_lib
[8.649s] running install_data
[8.650s] running install_egg_info
[8.655s] removing '/home/pioneer-ii/pioneer_ws/install/navigation_core/lib/python3.8/site-packages/navigation_core-0.0.0-py3.8.egg-info' (and everything under it)
[8.657s] Copying ../../build/navigation_core/navigation_core.egg-info to /home/pioneer-ii/pioneer_ws/install/navigation_core/lib/python3.8/site-packages/navigation_core-0.0.0-py3.8.egg-info
[8.659s] running install_scripts
[8.713s] Installing run_navigation script to /home/pioneer-ii/pioneer_ws/install/navigation_core/lib/navigation_core
[8.716s] writing list of installed files to '/home/pioneer-ii/pioneer_ws/build/navigation_core/install.log'
[9.330s] Invoked command in '/home/pioneer-ii/pioneer_ws/src/navigation_core' returned '0': PYTHONPATH=/home/pioneer-ii/pioneer_ws/build/navigation_core/prefix_override:/home/pioneer-ii/pioneer_ws/install/navigation_core/lib/python3.8/site-packages:${PYTHONPATH} /usr/bin/python3 setup.py egg_info --egg-base ../../build/navigation_core build --build-base /home/pioneer-ii/pioneer_ws/build/navigation_core/build install --record /home/pioneer-ii/pioneer_ws/build/navigation_core/install.log --install-scripts $base/lib/navigation_core --single-version-externally-managed
