[9.452s] Invoking command in '/home/pioneer-ii/pioneer_ws/src/navigation_core': PYTHONPATH=/home/pioneer-ii/pioneer_ws/build/navigation_core/prefix_override:/home/pioneer-ii/pioneer_ws/install/navigation_core/lib/python3.8/site-packages:${PYTHONPATH} /usr/bin/python3 setup.py egg_info --egg-base ../../build/navigation_core build --build-base /home/pioneer-ii/pioneer_ws/build/navigation_core/build install --record /home/pioneer-ii/pioneer_ws/build/navigation_core/install.log --install-scripts $base/lib/navigation_core --single-version-externally-managed
[9.920s] running egg_info
[9.922s] writing ../../build/navigation_core/navigation_core.egg-info/PKG-INFO
[10.061s] writing dependency_links to ../../build/navigation_core/navigation_core.egg-info/dependency_links.txt
[10.062s] writing entry points to ../../build/navigation_core/navigation_core.egg-info/entry_points.txt
[10.063s] writing requirements to ../../build/navigation_core/navigation_core.egg-info/requires.txt
[10.063s] writing top-level names to ../../build/navigation_core/navigation_core.egg-info/top_level.txt
[10.152s] reading manifest file '../../build/navigation_core/navigation_core.egg-info/SOURCES.txt'
[10.292s] writing manifest file '../../build/navigation_core/navigation_core.egg-info/SOURCES.txt'
[10.292s] running build
[10.293s] running build_py
[10.302s] copying navigation_core/waypoint_controller.py -> /home/pioneer-ii/pioneer_ws/build/navigation_core/build/lib/navigation_core
[10.303s] running install
[10.305s] running install_lib
[10.309s] copying /home/pioneer-ii/pioneer_ws/build/navigation_core/build/lib/navigation_core/waypoint_controller.py -> /home/pioneer-ii/pioneer_ws/install/navigation_core/lib/python3.8/site-packages/navigation_core
[10.312s] byte-compiling /home/pioneer-ii/pioneer_ws/install/navigation_core/lib/python3.8/site-packages/navigation_core/waypoint_controller.py to waypoint_controller.cpython-38.pyc
[10.317s] running install_data
[10.323s] running install_egg_info
[10.328s] removing '/home/pioneer-ii/pioneer_ws/install/navigation_core/lib/python3.8/site-packages/navigation_core-0.0.0-py3.8.egg-info' (and everything under it)
[10.329s] Copying ../../build/navigation_core/navigation_core.egg-info to /home/pioneer-ii/pioneer_ws/install/navigation_core/lib/python3.8/site-packages/navigation_core-0.0.0-py3.8.egg-info
[10.332s] running install_scripts
[10.385s] Installing push_target script to /home/pioneer-ii/pioneer_ws/install/navigation_core/lib/navigation_core
[10.510s] Installing run_navigation script to /home/pioneer-ii/pioneer_ws/install/navigation_core/lib/navigation_core
[10.511s] writing list of installed files to '/home/pioneer-ii/pioneer_ws/build/navigation_core/install.log'
[11.169s] Invoked command in '/home/pioneer-ii/pioneer_ws/src/navigation_core' returned '0': PYTHONPATH=/home/pioneer-ii/pioneer_ws/build/navigation_core/prefix_override:/home/pioneer-ii/pioneer_ws/install/navigation_core/lib/python3.8/site-packages:${PYTHONPATH} /usr/bin/python3 setup.py egg_info --egg-base ../../build/navigation_core build --build-base /home/pioneer-ii/pioneer_ws/build/navigation_core/build install --record /home/pioneer-ii/pioneer_ws/build/navigation_core/install.log --install-scripts $base/lib/navigation_core --single-version-externally-managed
