[10.506s] Invoking command in '/home/pioneer-ii/pioneer_ws/src/locomotion_core': PYTHONPATH=/home/pioneer-ii/pioneer_ws/build/locomotion_core/prefix_override:/home/pioneer-ii/pioneer_ws/install/locomotion_core/lib/python3.8/site-packages:${PYTHONPATH} /usr/bin/python3 setup.py egg_info --egg-base ../../build/locomotion_core build --build-base /home/pioneer-ii/pioneer_ws/build/locomotion_core/build install --record /home/pioneer-ii/pioneer_ws/build/locomotion_core/install.log --single-version-externally-managed
[11.008s] running egg_info
[11.010s] writing ../../build/locomotion_core/locomotion_core.egg-info/PKG-INFO
[11.011s] writing dependency_links to ../../build/locomotion_core/locomotion_core.egg-info/dependency_links.txt
[11.011s] writing entry points to ../../build/locomotion_core/locomotion_core.egg-info/entry_points.txt
[11.012s] writing requirements to ../../build/locomotion_core/locomotion_core.egg-info/requires.txt
[11.012s] writing top-level names to ../../build/locomotion_core/locomotion_core.egg-info/top_level.txt
[11.340s] reading manifest file '../../build/locomotion_core/locomotion_core.egg-info/SOURCES.txt'
[11.343s] writing manifest file '../../build/locomotion_core/locomotion_core.egg-info/SOURCES.txt'
[11.343s] running build
[11.344s] running build_py
[11.349s] running install
[11.352s] running install_lib
[11.358s] running install_data
[11.361s] running install_egg_info
[11.367s] removing '/home/pioneer-ii/pioneer_ws/install/locomotion_core/lib/python3.8/site-packages/locomotion_core-0.0.0-py3.8.egg-info' (and everything under it)
[11.368s] Copying ../../build/locomotion_core/locomotion_core.egg-info to /home/pioneer-ii/pioneer_ws/install/locomotion_core/lib/python3.8/site-packages/locomotion_core-0.0.0-py3.8.egg-info
[11.371s] running install_scripts
[11.421s] Installing cmd_roboteq script to /home/pioneer-ii/pioneer_ws/install/locomotion_core/lib/locomotion_core
[11.421s] Installing movebase_kinematics script to /home/pioneer-ii/pioneer_ws/install/locomotion_core/lib/locomotion_core
[11.423s] writing list of installed files to '/home/pioneer-ii/pioneer_ws/build/locomotion_core/install.log'
[11.929s] Invoked command in '/home/pioneer-ii/pioneer_ws/src/locomotion_core' returned '0': PYTHONPATH=/home/pioneer-ii/pioneer_ws/build/locomotion_core/prefix_override:/home/pioneer-ii/pioneer_ws/install/locomotion_core/lib/python3.8/site-packages:${PYTHONPATH} /usr/bin/python3 setup.py egg_info --egg-base ../../build/locomotion_core build --build-base /home/pioneer-ii/pioneer_ws/build/locomotion_core/build install --record /home/pioneer-ii/pioneer_ws/build/locomotion_core/install.log --single-version-externally-managed
