[1.996s] Invoking command in '/home/pioneer-ii/pioneer_ws/build/rover_launch': CMAKE_PREFIX_PATH=${CMAKE_PREFIX_PATH}:/home/pioneer-ii/pioneer_ws/install/rsl_gps:/home/pioneer-ii/pioneer_ws/install/rover_teleop_joy:/home/pioneer-ii/pioneer_ws/install/locomotion_core:/opt/ros/foxy /usr/bin/cmake --build /home/pioneer-ii/pioneer_ws/build/rover_launch -- -j6 -l6
[3.633s] Invoked command in '/home/pioneer-ii/pioneer_ws/build/rover_launch' returned '0': CMAKE_PREFIX_PATH=${CMAKE_PREFIX_PATH}:/home/pioneer-ii/pioneer_ws/install/rsl_gps:/home/pioneer-ii/pioneer_ws/install/rover_teleop_joy:/home/pioneer-ii/pioneer_ws/install/locomotion_core:/opt/ros/foxy /usr/bin/cmake --build /home/pioneer-ii/pioneer_ws/build/rover_launch -- -j6 -l6
[3.725s] Invoking command in '/home/pioneer-ii/pioneer_ws/build/rover_launch': CMAKE_PREFIX_PATH=${CMAKE_PREFIX_PATH}:/home/pioneer-ii/pioneer_ws/install/rsl_gps:/home/pioneer-ii/pioneer_ws/install/rover_teleop_joy:/home/pioneer-ii/pioneer_ws/install/locomotion_core:/opt/ros/foxy /usr/bin/cmake --install /home/pioneer-ii/pioneer_ws/build/rover_launch
[3.750s] -- Install configuration: ""
[3.750s] -- Up-to-date: /home/pioneer-ii/pioneer_ws/install/rover_launch/share/rover_launch/launch
[3.751s] -- Up-to-date: /home/pioneer-ii/pioneer_ws/install/rover_launch/share/rover_launch/launch/rover.launch.py
[3.751s] -- Up-to-date: /home/pioneer-ii/pioneer_ws/install/rover_launch/share/ament_index/resource_index/package_run_dependencies/rover_launch
[3.751s] -- Up-to-date: /home/pioneer-ii/pioneer_ws/install/rover_launch/share/ament_index/resource_index/parent_prefix_path/rover_launch
[3.751s] -- Up-to-date: /home/pioneer-ii/pioneer_ws/install/rover_launch/share/rover_launch/environment/ament_prefix_path.sh
[3.751s] -- Up-to-date: /home/pioneer-ii/pioneer_ws/install/rover_launch/share/rover_launch/environment/ament_prefix_path.dsv
[3.751s] -- Up-to-date: /home/pioneer-ii/pioneer_ws/install/rover_launch/share/rover_launch/environment/path.sh
[3.752s] -- Up-to-date: /home/pioneer-ii/pioneer_ws/install/rover_launch/share/rover_launch/environment/path.dsv
[3.752s] -- Up-to-date: /home/pioneer-ii/pioneer_ws/install/rover_launch/share/rover_launch/local_setup.bash
[3.752s] -- Up-to-date: /home/pioneer-ii/pioneer_ws/install/rover_launch/share/rover_launch/local_setup.sh
[3.752s] -- Up-to-date: /home/pioneer-ii/pioneer_ws/install/rover_launch/share/rover_launch/local_setup.zsh
[3.752s] -- Up-to-date: /home/pioneer-ii/pioneer_ws/install/rover_launch/share/rover_launch/local_setup.dsv
[3.752s] -- Installing: /home/pioneer-ii/pioneer_ws/install/rover_launch/share/rover_launch/package.dsv
[3.753s] -- Up-to-date: /home/pioneer-ii/pioneer_ws/install/rover_launch/share/ament_index/resource_index/packages/rover_launch
[3.753s] -- Up-to-date: /home/pioneer-ii/pioneer_ws/install/rover_launch/share/rover_launch/cmake/rover_launchConfig.cmake
[3.753s] -- Up-to-date: /home/pioneer-ii/pioneer_ws/install/rover_launch/share/rover_launch/cmake/rover_launchConfig-version.cmake
[3.753s] -- Up-to-date: /home/pioneer-ii/pioneer_ws/install/rover_launch/share/rover_launch/package.xml
[3.759s] Invoked command in '/home/pioneer-ii/pioneer_ws/build/rover_launch' returned '0': CMAKE_PREFIX_PATH=${CMAKE_PREFIX_PATH}:/home/pioneer-ii/pioneer_ws/install/rsl_gps:/home/pioneer-ii/pioneer_ws/install/rover_teleop_joy:/home/pioneer-ii/pioneer_ws/install/locomotion_core:/opt/ros/foxy /usr/bin/cmake --install /home/pioneer-ii/pioneer_ws/build/rover_launch
