[4.651s] DEBUG:colcon:Command line arguments: ['/usr/bin/colcon', 'build']
[4.652s] DEBUG:colcon:Parsed command line arguments: Namespace(allow_overriding=[], ament_cmake_args=None, base_paths=['.'], build_base='build', catkin_cmake_args=None, catkin_skip_building_tests=False, cmake_args=None, cmake_clean_cache=False, cmake_clean_first=False, cmake_force_configure=False, cmake_target=None, cmake_target_skip_unavailable=False, continue_on_error=False, event_handlers=None, executor='parallel', ignore_user_meta=False, install_base='install', log_base=None, log_level=None, main=<bound method BuildVerb.main of <colcon_core.verb.build.BuildVerb object at 0xffffb30eff40>>, merge_install=False, metas=['./colcon.meta'], packages_above=None, packages_above_and_dependencies=None, packages_above_depth=None, packages_end=None, packages_ignore=None, packages_ignore_regex=None, packages_select=None, packages_select_build_failed=False, packages_select_by_dep=None, packages_select_regex=None, packages_select_test_failures=False, packages_skip=None, packages_skip_build_finished=False, packages_skip_by_dep=None, packages_skip_regex=None, packages_skip_test_passed=False, packages_skip_up_to=None, packages_start=None, packages_up_to=None, packages_up_to_regex=None, parallel_workers=6, paths=None, symlink_install=False, test_result_base=None, verb_extension=<colcon_core.verb.build.BuildVerb object at 0xffffb30eff40>, verb_name='build', verb_parser=<colcon_defaults.argument_parser.defaults.DefaultArgumentsDecorator object at 0xffffb30ef400>)
[4.849s] Level 1:colcon.colcon_core.package_discovery:discover_packages(colcon_meta) check parameters
[4.850s] Level 1:colcon.colcon_core.package_discovery:discover_packages(recursive) check parameters
[4.850s] Level 1:colcon.colcon_core.package_discovery:discover_packages(ignore) check parameters
[4.850s] Level 1:colcon.colcon_core.package_discovery:discover_packages(path) check parameters
[4.850s] Level 1:colcon.colcon_core.package_discovery:discover_packages(colcon_meta) discover
[4.850s] Level 1:colcon.colcon_core.package_discovery:discover_packages(recursive) discover
[4.850s] INFO:colcon.colcon_core.package_discovery:Crawling recursively for packages in '/home/pioneer-ii/pioneer_ws'
[4.850s] Level 1:colcon.colcon_core.package_identification:_identify(.) by extensions ['ignore', 'ignore_ament_install']
[4.851s] Level 1:colcon.colcon_core.package_identification:_identify(.) by extension 'ignore'
[4.851s] Level 1:colcon.colcon_core.package_identification:_identify(.) by extension 'ignore_ament_install'
[4.851s] Level 1:colcon.colcon_core.package_identification:_identify(.) by extensions ['colcon_pkg']
[4.851s] Level 1:colcon.colcon_core.package_identification:_identify(.) by extension 'colcon_pkg'
[4.851s] Level 1:colcon.colcon_core.package_identification:_identify(.) by extensions ['colcon_meta']
[4.851s] Level 1:colcon.colcon_core.package_identification:_identify(.) by extension 'colcon_meta'
[4.851s] Level 1:colcon.colcon_core.package_identification:_identify(.) by extensions ['ros']
[4.851s] Level 1:colcon.colcon_core.package_identification:_identify(.) by extension 'ros'
[4.875s] Level 1:colcon.colcon_core.package_identification:_identify(.) by extensions ['cmake', 'python']
[4.875s] Level 1:colcon.colcon_core.package_identification:_identify(.) by extension 'cmake'
[4.875s] Level 1:colcon.colcon_core.package_identification:_identify(.) by extension 'python'
[4.875s] Level 1:colcon.colcon_core.package_identification:_identify(.) by extensions ['python_setup_py']
[4.875s] Level 1:colcon.colcon_core.package_identification:_identify(.) by extension 'python_setup_py'
[4.876s] Level 1:colcon.colcon_core.package_identification:_identify(build) by extensions ['ignore', 'ignore_ament_install']
[4.876s] Level 1:colcon.colcon_core.package_identification:_identify(build) by extension 'ignore'
[4.876s] Level 1:colcon.colcon_core.package_identification:_identify(build) ignored
[4.876s] Level 1:colcon.colcon_core.package_identification:_identify(install) by extensions ['ignore', 'ignore_ament_install']
[4.876s] Level 1:colcon.colcon_core.package_identification:_identify(install) by extension 'ignore'
[4.877s] Level 1:colcon.colcon_core.package_identification:_identify(install) ignored
[4.877s] Level 1:colcon.colcon_core.package_identification:_identify(log) by extensions ['ignore', 'ignore_ament_install']
[4.877s] Level 1:colcon.colcon_core.package_identification:_identify(log) by extension 'ignore'
[4.877s] Level 1:colcon.colcon_core.package_identification:_identify(log) ignored
[4.877s] Level 1:colcon.colcon_core.package_identification:_identify(src) by extensions ['ignore', 'ignore_ament_install']
[4.878s] Level 1:colcon.colcon_core.package_identification:_identify(src) by extension 'ignore'
[4.878s] Level 1:colcon.colcon_core.package_identification:_identify(src) by extension 'ignore_ament_install'
[4.878s] Level 1:colcon.colcon_core.package_identification:_identify(src) by extensions ['colcon_pkg']
[4.878s] Level 1:colcon.colcon_core.package_identification:_identify(src) by extension 'colcon_pkg'
[4.878s] Level 1:colcon.colcon_core.package_identification:_identify(src) by extensions ['colcon_meta']
[4.878s] Level 1:colcon.colcon_core.package_identification:_identify(src) by extension 'colcon_meta'
[4.878s] Level 1:colcon.colcon_core.package_identification:_identify(src) by extensions ['ros']
[4.878s] Level 1:colcon.colcon_core.package_identification:_identify(src) by extension 'ros'
[4.878s] Level 1:colcon.colcon_core.package_identification:_identify(src) by extensions ['cmake', 'python']
[4.878s] Level 1:colcon.colcon_core.package_identification:_identify(src) by extension 'cmake'
[4.879s] Level 1:colcon.colcon_core.package_identification:_identify(src) by extension 'python'
[4.879s] Level 1:colcon.colcon_core.package_identification:_identify(src) by extensions ['python_setup_py']
[4.879s] Level 1:colcon.colcon_core.package_identification:_identify(src) by extension 'python_setup_py'
[4.879s] Level 1:colcon.colcon_core.package_identification:_identify(src/build) by extensions ['ignore', 'ignore_ament_install']
[4.879s] Level 1:colcon.colcon_core.package_identification:_identify(src/build) by extension 'ignore'
[4.879s] Level 1:colcon.colcon_core.package_identification:_identify(src/build) ignored
[4.879s] Level 1:colcon.colcon_core.package_identification:_identify(src/install) by extensions ['ignore', 'ignore_ament_install']
[4.880s] Level 1:colcon.colcon_core.package_identification:_identify(src/install) by extension 'ignore'
[4.880s] Level 1:colcon.colcon_core.package_identification:_identify(src/install) ignored
[4.880s] Level 1:colcon.colcon_core.package_identification:_identify(src/locomotion_core) by extensions ['ignore', 'ignore_ament_install']
[4.880s] Level 1:colcon.colcon_core.package_identification:_identify(src/locomotion_core) by extension 'ignore'
[4.880s] Level 1:colcon.colcon_core.package_identification:_identify(src/locomotion_core) by extension 'ignore_ament_install'
[4.880s] Level 1:colcon.colcon_core.package_identification:_identify(src/locomotion_core) by extensions ['colcon_pkg']
[4.880s] Level 1:colcon.colcon_core.package_identification:_identify(src/locomotion_core) by extension 'colcon_pkg'
[4.880s] Level 1:colcon.colcon_core.package_identification:_identify(src/locomotion_core) by extensions ['colcon_meta']
[4.880s] Level 1:colcon.colcon_core.package_identification:_identify(src/locomotion_core) by extension 'colcon_meta'
[4.881s] Level 1:colcon.colcon_core.package_identification:_identify(src/locomotion_core) by extensions ['ros']
[4.881s] Level 1:colcon.colcon_core.package_identification:_identify(src/locomotion_core) by extension 'ros'
[4.886s] DEBUG:colcon.colcon_core.package_identification:Package 'src/locomotion_core' with type 'ros.ament_python' and name 'locomotion_core'
[4.886s] Level 1:colcon.colcon_core.package_identification:_identify(src/log) by extensions ['ignore', 'ignore_ament_install']
[4.887s] Level 1:colcon.colcon_core.package_identification:_identify(src/log) by extension 'ignore'
[4.887s] Level 1:colcon.colcon_core.package_identification:_identify(src/log) ignored
[4.887s] Level 1:colcon.colcon_core.package_identification:_identify(src/navigation_core) by extensions ['ignore', 'ignore_ament_install']
[4.887s] Level 1:colcon.colcon_core.package_identification:_identify(src/navigation_core) by extension 'ignore'
[4.887s] Level 1:colcon.colcon_core.package_identification:_identify(src/navigation_core) by extension 'ignore_ament_install'
[4.887s] Level 1:colcon.colcon_core.package_identification:_identify(src/navigation_core) by extensions ['colcon_pkg']
[4.887s] Level 1:colcon.colcon_core.package_identification:_identify(src/navigation_core) by extension 'colcon_pkg'
[4.888s] Level 1:colcon.colcon_core.package_identification:_identify(src/navigation_core) by extensions ['colcon_meta']
[4.888s] Level 1:colcon.colcon_core.package_identification:_identify(src/navigation_core) by extension 'colcon_meta'
[4.888s] Level 1:colcon.colcon_core.package_identification:_identify(src/navigation_core) by extensions ['ros']
[4.888s] Level 1:colcon.colcon_core.package_identification:_identify(src/navigation_core) by extension 'ros'
[4.889s] DEBUG:colcon.colcon_core.package_identification:Package 'src/navigation_core' with type 'ros.ament_python' and name 'navigation_core'
[4.889s] Level 1:colcon.colcon_core.package_identification:_identify(src/rover_launch) by extensions ['ignore', 'ignore_ament_install']
[4.889s] Level 1:colcon.colcon_core.package_identification:_identify(src/rover_launch) by extension 'ignore'
[4.889s] Level 1:colcon.colcon_core.package_identification:_identify(src/rover_launch) by extension 'ignore_ament_install'
[4.889s] Level 1:colcon.colcon_core.package_identification:_identify(src/rover_launch) by extensions ['colcon_pkg']
[4.890s] Level 1:colcon.colcon_core.package_identification:_identify(src/rover_launch) by extension 'colcon_pkg'
[4.890s] Level 1:colcon.colcon_core.package_identification:_identify(src/rover_launch) by extensions ['colcon_meta']
[4.890s] Level 1:colcon.colcon_core.package_identification:_identify(src/rover_launch) by extension 'colcon_meta'
[4.890s] Level 1:colcon.colcon_core.package_identification:_identify(src/rover_launch) by extensions ['ros']
[4.890s] Level 1:colcon.colcon_core.package_identification:_identify(src/rover_launch) by extension 'ros'
[4.891s] DEBUG:colcon.colcon_core.package_identification:Package 'src/rover_launch' with type 'ros.ament_cmake' and name 'rover_launch'
[4.891s] Level 1:colcon.colcon_core.package_identification:_identify(src/rover_teleop_joy) by extensions ['ignore', 'ignore_ament_install']
[4.891s] Level 1:colcon.colcon_core.package_identification:_identify(src/rover_teleop_joy) by extension 'ignore'
[4.891s] Level 1:colcon.colcon_core.package_identification:_identify(src/rover_teleop_joy) by extension 'ignore_ament_install'
[4.891s] Level 1:colcon.colcon_core.package_identification:_identify(src/rover_teleop_joy) by extensions ['colcon_pkg']
[4.891s] Level 1:colcon.colcon_core.package_identification:_identify(src/rover_teleop_joy) by extension 'colcon_pkg'
[4.891s] Level 1:colcon.colcon_core.package_identification:_identify(src/rover_teleop_joy) by extensions ['colcon_meta']
[4.892s] Level 1:colcon.colcon_core.package_identification:_identify(src/rover_teleop_joy) by extension 'colcon_meta'
[4.892s] Level 1:colcon.colcon_core.package_identification:_identify(src/rover_teleop_joy) by extensions ['ros']
[4.892s] Level 1:colcon.colcon_core.package_identification:_identify(src/rover_teleop_joy) by extension 'ros'
[4.893s] DEBUG:colcon.colcon_core.package_identification:Package 'src/rover_teleop_joy' with type 'ros.ament_python' and name 'rover_teleop_joy'
[4.893s] Level 1:colcon.colcon_core.package_identification:_identify(src/rsl_gps) by extensions ['ignore', 'ignore_ament_install']
[4.893s] Level 1:colcon.colcon_core.package_identification:_identify(src/rsl_gps) by extension 'ignore'
[4.893s] Level 1:colcon.colcon_core.package_identification:_identify(src/rsl_gps) by extension 'ignore_ament_install'
[4.893s] Level 1:colcon.colcon_core.package_identification:_identify(src/rsl_gps) by extensions ['colcon_pkg']
[4.893s] Level 1:colcon.colcon_core.package_identification:_identify(src/rsl_gps) by extension 'colcon_pkg'
[4.893s] Level 1:colcon.colcon_core.package_identification:_identify(src/rsl_gps) by extensions ['colcon_meta']
[4.893s] Level 1:colcon.colcon_core.package_identification:_identify(src/rsl_gps) by extension 'colcon_meta'
[4.894s] Level 1:colcon.colcon_core.package_identification:_identify(src/rsl_gps) by extensions ['ros']
[4.894s] Level 1:colcon.colcon_core.package_identification:_identify(src/rsl_gps) by extension 'ros'
[4.894s] DEBUG:colcon.colcon_core.package_identification:Package 'src/rsl_gps' with type 'ros.ament_python' and name 'rsl_gps'
[4.895s] Level 1:colcon.colcon_core.package_discovery:discover_packages(recursive) using defaults
[4.895s] Level 1:colcon.colcon_core.package_discovery:discover_packages(ignore) discover
[4.895s] Level 1:colcon.colcon_core.package_discovery:discover_packages(ignore) using defaults
[4.895s] Level 1:colcon.colcon_core.package_discovery:discover_packages(path) discover
[4.895s] Level 1:colcon.colcon_core.package_discovery:discover_packages(path) using defaults
[5.349s] Level 1:colcon.colcon_core.package_discovery:discover_packages(prefix_path) check parameters
[5.349s] Level 1:colcon.colcon_core.package_discovery:discover_packages(prefix_path) discover
[5.502s] DEBUG:colcon.colcon_installed_package_information.package_discovery:Found 256 installed packages in /opt/ros/foxy
[5.504s] Level 1:colcon.colcon_core.package_discovery:discover_packages(prefix_path) using defaults
[5.792s] Level 5:colcon.colcon_core.verb:set package 'locomotion_core' build argument 'cmake_args' from command line to 'None'
[5.792s] Level 5:colcon.colcon_core.verb:set package 'locomotion_core' build argument 'cmake_target' from command line to 'None'
[5.792s] Level 5:colcon.colcon_core.verb:set package 'locomotion_core' build argument 'cmake_target_skip_unavailable' from command line to 'False'
[5.792s] Level 5:colcon.colcon_core.verb:set package 'locomotion_core' build argument 'cmake_clean_cache' from command line to 'False'
[5.792s] Level 5:colcon.colcon_core.verb:set package 'locomotion_core' build argument 'cmake_clean_first' from command line to 'False'
[5.792s] Level 5:colcon.colcon_core.verb:set package 'locomotion_core' build argument 'cmake_force_configure' from command line to 'False'
[5.792s] Level 5:colcon.colcon_core.verb:set package 'locomotion_core' build argument 'ament_cmake_args' from command line to 'None'
[5.792s] Level 5:colcon.colcon_core.verb:set package 'locomotion_core' build argument 'catkin_cmake_args' from command line to 'None'
[5.792s] Level 5:colcon.colcon_core.verb:set package 'locomotion_core' build argument 'catkin_skip_building_tests' from command line to 'False'
[5.793s] DEBUG:colcon.colcon_core.verb:Building package 'locomotion_core' with the following arguments: {'ament_cmake_args': None, 'build_base': '/home/pioneer-ii/pioneer_ws/build/locomotion_core', 'catkin_cmake_args': None, 'catkin_skip_building_tests': False, 'cmake_args': None, 'cmake_clean_cache': False, 'cmake_clean_first': False, 'cmake_force_configure': False, 'cmake_target': None, 'cmake_target_skip_unavailable': False, 'install_base': '/home/pioneer-ii/pioneer_ws/install/locomotion_core', 'merge_install': False, 'path': '/home/pioneer-ii/pioneer_ws/src/locomotion_core', 'symlink_install': False, 'test_result_base': None}
[5.865s] Level 5:colcon.colcon_core.verb:set package 'navigation_core' build argument 'cmake_args' from command line to 'None'
[5.865s] Level 5:colcon.colcon_core.verb:set package 'navigation_core' build argument 'cmake_target' from command line to 'None'
[5.865s] Level 5:colcon.colcon_core.verb:set package 'navigation_core' build argument 'cmake_target_skip_unavailable' from command line to 'False'
[5.865s] Level 5:colcon.colcon_core.verb:set package 'navigation_core' build argument 'cmake_clean_cache' from command line to 'False'
[5.865s] Level 5:colcon.colcon_core.verb:set package 'navigation_core' build argument 'cmake_clean_first' from command line to 'False'
[5.865s] Level 5:colcon.colcon_core.verb:set package 'navigation_core' build argument 'cmake_force_configure' from command line to 'False'
[5.866s] Level 5:colcon.colcon_core.verb:set package 'navigation_core' build argument 'ament_cmake_args' from command line to 'None'
[5.866s] Level 5:colcon.colcon_core.verb:set package 'navigation_core' build argument 'catkin_cmake_args' from command line to 'None'
[5.866s] Level 5:colcon.colcon_core.verb:set package 'navigation_core' build argument 'catkin_skip_building_tests' from command line to 'False'
[5.866s] DEBUG:colcon.colcon_core.verb:Building package 'navigation_core' with the following arguments: {'ament_cmake_args': None, 'build_base': '/home/pioneer-ii/pioneer_ws/build/navigation_core', 'catkin_cmake_args': None, 'catkin_skip_building_tests': False, 'cmake_args': None, 'cmake_clean_cache': False, 'cmake_clean_first': False, 'cmake_force_configure': False, 'cmake_target': None, 'cmake_target_skip_unavailable': False, 'install_base': '/home/pioneer-ii/pioneer_ws/install/navigation_core', 'merge_install': False, 'path': '/home/pioneer-ii/pioneer_ws/src/navigation_core', 'symlink_install': False, 'test_result_base': None}
[5.938s] Level 5:colcon.colcon_core.verb:set package 'rover_launch' build argument 'cmake_args' from command line to 'None'
[5.939s] Level 5:colcon.colcon_core.verb:set package 'rover_launch' build argument 'cmake_target' from command line to 'None'
[5.939s] Level 5:colcon.colcon_core.verb:set package 'rover_launch' build argument 'cmake_target_skip_unavailable' from command line to 'False'
[5.939s] Level 5:colcon.colcon_core.verb:set package 'rover_launch' build argument 'cmake_clean_cache' from command line to 'False'
[5.939s] Level 5:colcon.colcon_core.verb:set package 'rover_launch' build argument 'cmake_clean_first' from command line to 'False'
[5.939s] Level 5:colcon.colcon_core.verb:set package 'rover_launch' build argument 'cmake_force_configure' from command line to 'False'
[5.939s] Level 5:colcon.colcon_core.verb:set package 'rover_launch' build argument 'ament_cmake_args' from command line to 'None'
[5.939s] Level 5:colcon.colcon_core.verb:set package 'rover_launch' build argument 'catkin_cmake_args' from command line to 'None'
[5.939s] Level 5:colcon.colcon_core.verb:set package 'rover_launch' build argument 'catkin_skip_building_tests' from command line to 'False'
[5.939s] DEBUG:colcon.colcon_core.verb:Building package 'rover_launch' with the following arguments: {'ament_cmake_args': None, 'build_base': '/home/pioneer-ii/pioneer_ws/build/rover_launch', 'catkin_cmake_args': None, 'catkin_skip_building_tests': False, 'cmake_args': None, 'cmake_clean_cache': False, 'cmake_clean_first': False, 'cmake_force_configure': False, 'cmake_target': None, 'cmake_target_skip_unavailable': False, 'install_base': '/home/pioneer-ii/pioneer_ws/install/rover_launch', 'merge_install': False, 'path': '/home/pioneer-ii/pioneer_ws/src/rover_launch', 'symlink_install': False, 'test_result_base': None}
[6.012s] Level 5:colcon.colcon_core.verb:set package 'rover_teleop_joy' build argument 'cmake_args' from command line to 'None'
[6.012s] Level 5:colcon.colcon_core.verb:set package 'rover_teleop_joy' build argument 'cmake_target' from command line to 'None'
[6.012s] Level 5:colcon.colcon_core.verb:set package 'rover_teleop_joy' build argument 'cmake_target_skip_unavailable' from command line to 'False'
[6.012s] Level 5:colcon.colcon_core.verb:set package 'rover_teleop_joy' build argument 'cmake_clean_cache' from command line to 'False'
[6.012s] Level 5:colcon.colcon_core.verb:set package 'rover_teleop_joy' build argument 'cmake_clean_first' from command line to 'False'
[6.012s] Level 5:colcon.colcon_core.verb:set package 'rover_teleop_joy' build argument 'cmake_force_configure' from command line to 'False'
[6.012s] Level 5:colcon.colcon_core.verb:set package 'rover_teleop_joy' build argument 'ament_cmake_args' from command line to 'None'
[6.012s] Level 5:colcon.colcon_core.verb:set package 'rover_teleop_joy' build argument 'catkin_cmake_args' from command line to 'None'
[6.012s] Level 5:colcon.colcon_core.verb:set package 'rover_teleop_joy' build argument 'catkin_skip_building_tests' from command line to 'False'
[6.013s] DEBUG:colcon.colcon_core.verb:Building package 'rover_teleop_joy' with the following arguments: {'ament_cmake_args': None, 'build_base': '/home/pioneer-ii/pioneer_ws/build/rover_teleop_joy', 'catkin_cmake_args': None, 'catkin_skip_building_tests': False, 'cmake_args': None, 'cmake_clean_cache': False, 'cmake_clean_first': False, 'cmake_force_configure': False, 'cmake_target': None, 'cmake_target_skip_unavailable': False, 'install_base': '/home/pioneer-ii/pioneer_ws/install/rover_teleop_joy', 'merge_install': False, 'path': '/home/pioneer-ii/pioneer_ws/src/rover_teleop_joy', 'symlink_install': False, 'test_result_base': None}
[6.086s] Level 5:colcon.colcon_core.verb:set package 'rsl_gps' build argument 'cmake_args' from command line to 'None'
[6.086s] Level 5:colcon.colcon_core.verb:set package 'rsl_gps' build argument 'cmake_target' from command line to 'None'
[6.086s] Level 5:colcon.colcon_core.verb:set package 'rsl_gps' build argument 'cmake_target_skip_unavailable' from command line to 'False'
[6.086s] Level 5:colcon.colcon_core.verb:set package 'rsl_gps' build argument 'cmake_clean_cache' from command line to 'False'
[6.086s] Level 5:colcon.colcon_core.verb:set package 'rsl_gps' build argument 'cmake_clean_first' from command line to 'False'
[6.086s] Level 5:colcon.colcon_core.verb:set package 'rsl_gps' build argument 'cmake_force_configure' from command line to 'False'
[6.086s] Level 5:colcon.colcon_core.verb:set package 'rsl_gps' build argument 'ament_cmake_args' from command line to 'None'
[6.086s] Level 5:colcon.colcon_core.verb:set package 'rsl_gps' build argument 'catkin_cmake_args' from command line to 'None'
[6.086s] Level 5:colcon.colcon_core.verb:set package 'rsl_gps' build argument 'catkin_skip_building_tests' from command line to 'False'
[6.086s] DEBUG:colcon.colcon_core.verb:Building package 'rsl_gps' with the following arguments: {'ament_cmake_args': None, 'build_base': '/home/pioneer-ii/pioneer_ws/build/rsl_gps', 'catkin_cmake_args': None, 'catkin_skip_building_tests': False, 'cmake_args': None, 'cmake_clean_cache': False, 'cmake_clean_first': False, 'cmake_force_configure': False, 'cmake_target': None, 'cmake_target_skip_unavailable': False, 'install_base': '/home/pioneer-ii/pioneer_ws/install/rsl_gps', 'merge_install': False, 'path': '/home/pioneer-ii/pioneer_ws/src/rsl_gps', 'symlink_install': False, 'test_result_base': None}
[6.159s] INFO:colcon.colcon_core.executor:Executing jobs using 'parallel' executor
[6.286s] DEBUG:colcon.colcon_parallel_executor.executor.parallel:run_until_complete
[6.287s] INFO:colcon.colcon_ros.task.ament_python.build:Building ROS package in '/home/pioneer-ii/pioneer_ws/src/locomotion_core' with build type 'ament_python'
[6.287s] Level 1:colcon.colcon_core.shell:create_environment_hook('locomotion_core', 'ament_prefix_path')
[6.515s] INFO:colcon.colcon_core.plugin_system:Skipping extension 'colcon_core.shell.bat': Not used on non-Windows systems
[6.515s] INFO:colcon.colcon_core.shell:Creating environment hook '/home/pioneer-ii/pioneer_ws/install/locomotion_core/share/locomotion_core/hook/ament_prefix_path.ps1'
[6.521s] INFO:colcon.colcon_core.shell:Creating environment descriptor '/home/pioneer-ii/pioneer_ws/install/locomotion_core/share/locomotion_core/hook/ament_prefix_path.dsv'
[6.524s] INFO:colcon.colcon_core.shell:Creating environment hook '/home/pioneer-ii/pioneer_ws/install/locomotion_core/share/locomotion_core/hook/ament_prefix_path.sh'
[6.604s] INFO:colcon.colcon_core.shell:Skip shell extension 'powershell' for command environment: Not usable outside of PowerShell
[6.605s] DEBUG:colcon.colcon_core.shell:Skip shell extension 'dsv' for command environment
[6.904s] INFO:colcon.colcon_ros.task.ament_python.build:Building ROS package in '/home/pioneer-ii/pioneer_ws/src/navigation_core' with build type 'ament_python'
[6.905s] Level 1:colcon.colcon_core.shell:create_environment_hook('navigation_core', 'ament_prefix_path')
[6.984s] INFO:colcon.colcon_core.shell:Creating environment hook '/home/pioneer-ii/pioneer_ws/install/navigation_core/share/navigation_core/hook/ament_prefix_path.ps1'
[7.125s] INFO:colcon.colcon_core.shell:Creating environment descriptor '/home/pioneer-ii/pioneer_ws/install/navigation_core/share/navigation_core/hook/ament_prefix_path.dsv'
[7.126s] INFO:colcon.colcon_core.shell:Creating environment hook '/home/pioneer-ii/pioneer_ws/install/navigation_core/share/navigation_core/hook/ament_prefix_path.sh'
[7.207s] INFO:colcon.colcon_core.shell:Skip shell extension 'powershell' for command environment: Not usable outside of PowerShell
[7.207s] DEBUG:colcon.colcon_core.shell:Skip shell extension 'dsv' for command environment
[7.510s] INFO:colcon.colcon_ros.task.ament_cmake.build:Building ROS package in '/home/pioneer-ii/pioneer_ws/src/rover_launch' with build type 'ament_cmake'
[7.511s] INFO:colcon.colcon_cmake.task.cmake.build:Building CMake package in '/home/pioneer-ii/pioneer_ws/src/rover_launch'
[7.590s] INFO:colcon.colcon_core.shell:Skip shell extension 'powershell' for command environment: Not usable outside of PowerShell
[7.591s] DEBUG:colcon.colcon_core.shell:Skip shell extension 'dsv' for command environment
[7.892s] INFO:colcon.colcon_ros.task.ament_python.build:Building ROS package in '/home/pioneer-ii/pioneer_ws/src/rover_teleop_joy' with build type 'ament_python'
[7.893s] Level 1:colcon.colcon_core.shell:create_environment_hook('rover_teleop_joy', 'ament_prefix_path')
[7.974s] INFO:colcon.colcon_core.shell:Creating environment hook '/home/pioneer-ii/pioneer_ws/install/rover_teleop_joy/share/rover_teleop_joy/hook/ament_prefix_path.ps1'
[8.115s] INFO:colcon.colcon_core.shell:Creating environment descriptor '/home/pioneer-ii/pioneer_ws/install/rover_teleop_joy/share/rover_teleop_joy/hook/ament_prefix_path.dsv'
[8.117s] INFO:colcon.colcon_core.shell:Creating environment hook '/home/pioneer-ii/pioneer_ws/install/rover_teleop_joy/share/rover_teleop_joy/hook/ament_prefix_path.sh'
[8.195s] INFO:colcon.colcon_core.shell:Skip shell extension 'powershell' for command environment: Not usable outside of PowerShell
[8.195s] DEBUG:colcon.colcon_core.shell:Skip shell extension 'dsv' for command environment
[8.496s] INFO:colcon.colcon_ros.task.ament_python.build:Building ROS package in '/home/pioneer-ii/pioneer_ws/src/rsl_gps' with build type 'ament_python'
[8.497s] Level 1:colcon.colcon_core.shell:create_environment_hook('rsl_gps', 'ament_prefix_path')
[8.577s] INFO:colcon.colcon_core.shell:Creating environment hook '/home/pioneer-ii/pioneer_ws/install/rsl_gps/share/rsl_gps/hook/ament_prefix_path.ps1'
[8.718s] INFO:colcon.colcon_core.shell:Creating environment descriptor '/home/pioneer-ii/pioneer_ws/install/rsl_gps/share/rsl_gps/hook/ament_prefix_path.dsv'
[8.719s] INFO:colcon.colcon_core.shell:Creating environment hook '/home/pioneer-ii/pioneer_ws/install/rsl_gps/share/rsl_gps/hook/ament_prefix_path.sh'
[8.797s] INFO:colcon.colcon_core.shell:Skip shell extension 'powershell' for command environment: Not usable outside of PowerShell
[8.797s] DEBUG:colcon.colcon_core.shell:Skip shell extension 'dsv' for command environment
[9.867s] INFO:colcon.colcon_core.task.python.build:Building Python package in '/home/pioneer-ii/pioneer_ws/src/locomotion_core'
[9.963s] INFO:colcon.colcon_core.shell:Skip shell extension 'powershell' for command environment: Not usable outside of PowerShell
[9.963s] DEBUG:colcon.colcon_core.shell:Skip shell extension 'dsv' for command environment
[10.758s] INFO:colcon.colcon_core.task.python.build:Building Python package in '/home/pioneer-ii/pioneer_ws/src/navigation_core'
[10.839s] INFO:colcon.colcon_core.shell:Skip shell extension 'powershell' for command environment: Not usable outside of PowerShell
[10.839s] DEBUG:colcon.colcon_core.shell:Skip shell extension 'dsv' for command environment
[11.140s] DEBUG:colcon.colcon_core.event_handler.log_command:Invoking command in '/home/pioneer-ii/pioneer_ws/build/rover_launch': CMAKE_PREFIX_PATH=/opt/ros/foxy /usr/bin/cmake --build /home/pioneer-ii/pioneer_ws/build/rover_launch -- -j6 -l6
[11.688s] INFO:colcon.colcon_core.task.python.build:Building Python package in '/home/pioneer-ii/pioneer_ws/src/rover_teleop_joy'
[11.820s] INFO:colcon.colcon_core.shell:Skip shell extension 'powershell' for command environment: Not usable outside of PowerShell
[11.820s] DEBUG:colcon.colcon_core.shell:Skip shell extension 'dsv' for command environment
[12.893s] INFO:colcon.colcon_core.task.python.build:Building Python package in '/home/pioneer-ii/pioneer_ws/src/rsl_gps'
[12.979s] INFO:colcon.colcon_core.shell:Skip shell extension 'powershell' for command environment: Not usable outside of PowerShell
[12.980s] DEBUG:colcon.colcon_core.shell:Skip shell extension 'dsv' for command environment
[13.150s] DEBUG:colcon.colcon_core.event_handler.log_command:Invoked command in '/home/pioneer-ii/pioneer_ws/build/rover_launch' returned '0': CMAKE_PREFIX_PATH=/opt/ros/foxy /usr/bin/cmake --build /home/pioneer-ii/pioneer_ws/build/rover_launch -- -j6 -l6
[13.368s] DEBUG:colcon.colcon_core.event_handler.log_command:Invoking command in '/home/pioneer-ii/pioneer_ws/build/rover_launch': CMAKE_PREFIX_PATH=/opt/ros/foxy /usr/bin/cmake --install /home/pioneer-ii/pioneer_ws/build/rover_launch
[13.537s] Level 1:colcon.colcon_core.environment:create_environment_scripts_only(rover_launch)
[13.539s] DEBUG:colcon.colcon_core.event_handler.log_command:Invoked command in '/home/pioneer-ii/pioneer_ws/build/rover_launch' returned '0': CMAKE_PREFIX_PATH=/opt/ros/foxy /usr/bin/cmake --install /home/pioneer-ii/pioneer_ws/build/rover_launch
[13.784s] Level 1:colcon.colcon_core.environment:checking '/home/pioneer-ii/pioneer_ws/install/rover_launch' for CMake module files
[13.786s] Level 1:colcon.colcon_core.environment:checking '/home/pioneer-ii/pioneer_ws/install/rover_launch' for CMake config files
[13.788s] Level 1:colcon.colcon_core.shell:create_environment_hook('rover_launch', 'cmake_prefix_path')
[13.870s] INFO:colcon.colcon_core.shell:Creating environment hook '/home/pioneer-ii/pioneer_ws/install/rover_launch/share/rover_launch/hook/cmake_prefix_path.ps1'
[13.872s] INFO:colcon.colcon_core.shell:Creating environment descriptor '/home/pioneer-ii/pioneer_ws/install/rover_launch/share/rover_launch/hook/cmake_prefix_path.dsv'
[13.873s] INFO:colcon.colcon_core.shell:Creating environment hook '/home/pioneer-ii/pioneer_ws/install/rover_launch/share/rover_launch/hook/cmake_prefix_path.sh'
[13.875s] Level 1:colcon.colcon_core.environment:checking '/home/pioneer-ii/pioneer_ws/install/rover_launch/bin'
[13.875s] Level 1:colcon.colcon_core.environment:checking '/home/pioneer-ii/pioneer_ws/install/rover_launch/lib/pkgconfig/rover_launch.pc'
[13.876s] Level 1:colcon.colcon_core.environment:checking '/home/pioneer-ii/pioneer_ws/install/rover_launch/lib/python3.8/site-packages'
[13.876s] Level 1:colcon.colcon_core.environment:checking '/home/pioneer-ii/pioneer_ws/install/rover_launch/bin'
[13.955s] INFO:colcon.colcon_core.shell:Creating package script '/home/pioneer-ii/pioneer_ws/install/rover_launch/share/rover_launch/package.ps1'
[14.065s] INFO:colcon.colcon_core.shell:Creating package descriptor '/home/pioneer-ii/pioneer_ws/install/rover_launch/share/rover_launch/package.dsv'
[14.068s] INFO:colcon.colcon_core.shell:Creating package script '/home/pioneer-ii/pioneer_ws/install/rover_launch/share/rover_launch/package.sh'
[14.071s] INFO:colcon.colcon_core.shell:Creating package script '/home/pioneer-ii/pioneer_ws/install/rover_launch/share/rover_launch/package.bash'
[14.076s] INFO:colcon.colcon_core.shell:Creating package script '/home/pioneer-ii/pioneer_ws/install/rover_launch/share/rover_launch/package.zsh'
[14.081s] Level 1:colcon.colcon_core.environment:create_file_with_runtime_dependencies(/home/pioneer-ii/pioneer_ws/install/rover_launch/share/colcon-core/packages/rover_launch)
[14.242s] Level 1:colcon.colcon_core.environment:create_environment_scripts_only(rover_launch)
[14.320s] Level 1:colcon.colcon_core.environment:checking '/home/pioneer-ii/pioneer_ws/install/rover_launch' for CMake module files
[14.321s] Level 1:colcon.colcon_core.environment:checking '/home/pioneer-ii/pioneer_ws/install/rover_launch' for CMake config files
[14.322s] Level 1:colcon.colcon_core.shell:create_environment_hook('rover_launch', 'cmake_prefix_path')
[14.403s] INFO:colcon.colcon_core.shell:Creating environment hook '/home/pioneer-ii/pioneer_ws/install/rover_launch/share/rover_launch/hook/cmake_prefix_path.ps1'
[14.406s] INFO:colcon.colcon_core.shell:Creating environment descriptor '/home/pioneer-ii/pioneer_ws/install/rover_launch/share/rover_launch/hook/cmake_prefix_path.dsv'
[14.407s] INFO:colcon.colcon_core.shell:Creating environment hook '/home/pioneer-ii/pioneer_ws/install/rover_launch/share/rover_launch/hook/cmake_prefix_path.sh'
[14.411s] Level 1:colcon.colcon_core.environment:checking '/home/pioneer-ii/pioneer_ws/install/rover_launch/bin'
[14.411s] Level 1:colcon.colcon_core.environment:checking '/home/pioneer-ii/pioneer_ws/install/rover_launch/lib/pkgconfig/rover_launch.pc'
[14.412s] Level 1:colcon.colcon_core.environment:checking '/home/pioneer-ii/pioneer_ws/install/rover_launch/lib/python3.8/site-packages'
[14.412s] Level 1:colcon.colcon_core.environment:checking '/home/pioneer-ii/pioneer_ws/install/rover_launch/bin'
[14.490s] INFO:colcon.colcon_core.shell:Creating package script '/home/pioneer-ii/pioneer_ws/install/rover_launch/share/rover_launch/package.ps1'
[14.492s] INFO:colcon.colcon_core.shell:Creating package descriptor '/home/pioneer-ii/pioneer_ws/install/rover_launch/share/rover_launch/package.dsv'
[14.493s] INFO:colcon.colcon_core.shell:Creating package script '/home/pioneer-ii/pioneer_ws/install/rover_launch/share/rover_launch/package.sh'
[14.493s] INFO:colcon.colcon_core.shell:Creating package script '/home/pioneer-ii/pioneer_ws/install/rover_launch/share/rover_launch/package.bash'
[14.494s] INFO:colcon.colcon_core.shell:Creating package script '/home/pioneer-ii/pioneer_ws/install/rover_launch/share/rover_launch/package.zsh'
[14.495s] Level 1:colcon.colcon_core.environment:create_file_with_runtime_dependencies(/home/pioneer-ii/pioneer_ws/install/rover_launch/share/colcon-core/packages/rover_launch)
[15.143s] DEBUG:colcon.colcon_core.event_handler.log_command:Invoking command in '/home/pioneer-ii/pioneer_ws/src/rover_teleop_joy': PYTHONPATH=/home/pioneer-ii/pioneer_ws/build/rover_teleop_joy/prefix_override:/home/pioneer-ii/pioneer_ws/install/rover_teleop_joy/lib/python3.8/site-packages:${PYTHONPATH} /usr/bin/python3 setup.py egg_info --egg-base ../../build/rover_teleop_joy build --build-base /home/pioneer-ii/pioneer_ws/build/rover_teleop_joy/build install --record /home/pioneer-ii/pioneer_ws/build/rover_teleop_joy/install.log --single-version-externally-managed
[15.157s] DEBUG:colcon.colcon_core.event_handler.log_command:Invoking command in '/home/pioneer-ii/pioneer_ws/src/rsl_gps': PYTHONPATH=/home/pioneer-ii/pioneer_ws/build/rsl_gps/prefix_override:/home/pioneer-ii/pioneer_ws/install/rsl_gps/lib/python3.8/site-packages:${PYTHONPATH} /usr/bin/python3 setup.py egg_info --egg-base ../../build/rsl_gps build --build-base /home/pioneer-ii/pioneer_ws/build/rsl_gps/build install --record /home/pioneer-ii/pioneer_ws/build/rsl_gps/install.log --single-version-externally-managed
[15.168s] DEBUG:colcon.colcon_core.event_handler.log_command:Invoking command in '/home/pioneer-ii/pioneer_ws/src/navigation_core': PYTHONPATH=/home/pioneer-ii/pioneer_ws/build/navigation_core/prefix_override:/home/pioneer-ii/pioneer_ws/install/navigation_core/lib/python3.8/site-packages:${PYTHONPATH} /usr/bin/python3 setup.py egg_info --egg-base ../../build/navigation_core build --build-base /home/pioneer-ii/pioneer_ws/build/navigation_core/build install --record /home/pioneer-ii/pioneer_ws/build/navigation_core/install.log --install-scripts $base/lib/navigation_core --single-version-externally-managed
[15.179s] DEBUG:colcon.colcon_core.event_handler.log_command:Invoking command in '/home/pioneer-ii/pioneer_ws/src/locomotion_core': PYTHONPATH=/home/pioneer-ii/pioneer_ws/build/locomotion_core/prefix_override:/home/pioneer-ii/pioneer_ws/install/locomotion_core/lib/python3.8/site-packages:${PYTHONPATH} /usr/bin/python3 setup.py egg_info --egg-base ../../build/locomotion_core build --build-base /home/pioneer-ii/pioneer_ws/build/locomotion_core/build install --record /home/pioneer-ii/pioneer_ws/build/locomotion_core/install.log --single-version-externally-managed
[16.286s] DEBUG:colcon.colcon_core.event_handler.log_command:Invoked command in '/home/pioneer-ii/pioneer_ws/src/rover_teleop_joy' returned '0': PYTHONPATH=/home/pioneer-ii/pioneer_ws/build/rover_teleop_joy/prefix_override:/home/pioneer-ii/pioneer_ws/install/rover_teleop_joy/lib/python3.8/site-packages:${PYTHONPATH} /usr/bin/python3 setup.py egg_info --egg-base ../../build/rover_teleop_joy build --build-base /home/pioneer-ii/pioneer_ws/build/rover_teleop_joy/build install --record /home/pioneer-ii/pioneer_ws/build/rover_teleop_joy/install.log --single-version-externally-managed
[16.381s] Level 1:colcon.colcon_core.environment:checking '/home/pioneer-ii/pioneer_ws/install/rover_teleop_joy' for CMake module files
[16.383s] Level 1:colcon.colcon_core.environment:checking '/home/pioneer-ii/pioneer_ws/install/rover_teleop_joy' for CMake config files
[16.523s] Level 1:colcon.colcon_core.environment:checking '/home/pioneer-ii/pioneer_ws/install/rover_teleop_joy/lib'
[16.524s] Level 1:colcon.colcon_core.environment:checking '/home/pioneer-ii/pioneer_ws/install/rover_teleop_joy/bin'
[16.524s] Level 1:colcon.colcon_core.environment:checking '/home/pioneer-ii/pioneer_ws/install/rover_teleop_joy/lib/pkgconfig/rover_teleop_joy.pc'
[16.524s] Level 1:colcon.colcon_core.environment:checking '/home/pioneer-ii/pioneer_ws/install/rover_teleop_joy/lib/python3.8/site-packages'
[16.525s] Level 1:colcon.colcon_core.shell:create_environment_hook('rover_teleop_joy', 'pythonpath')
[16.602s] INFO:colcon.colcon_core.shell:Creating environment hook '/home/pioneer-ii/pioneer_ws/install/rover_teleop_joy/share/rover_teleop_joy/hook/pythonpath.ps1'
[16.604s] INFO:colcon.colcon_core.shell:Creating environment descriptor '/home/pioneer-ii/pioneer_ws/install/rover_teleop_joy/share/rover_teleop_joy/hook/pythonpath.dsv'
[16.605s] INFO:colcon.colcon_core.shell:Creating environment hook '/home/pioneer-ii/pioneer_ws/install/rover_teleop_joy/share/rover_teleop_joy/hook/pythonpath.sh'
[16.606s] Level 1:colcon.colcon_core.environment:checking '/home/pioneer-ii/pioneer_ws/install/rover_teleop_joy/bin'
[16.606s] Level 1:colcon.colcon_core.environment:create_environment_scripts_only(rover_teleop_joy)
[16.689s] INFO:colcon.colcon_core.shell:Creating package script '/home/pioneer-ii/pioneer_ws/install/rover_teleop_joy/share/rover_teleop_joy/package.ps1'
[16.690s] INFO:colcon.colcon_core.shell:Creating package descriptor '/home/pioneer-ii/pioneer_ws/install/rover_teleop_joy/share/rover_teleop_joy/package.dsv'
[16.691s] INFO:colcon.colcon_core.shell:Creating package script '/home/pioneer-ii/pioneer_ws/install/rover_teleop_joy/share/rover_teleop_joy/package.sh'
[16.692s] INFO:colcon.colcon_core.shell:Creating package script '/home/pioneer-ii/pioneer_ws/install/rover_teleop_joy/share/rover_teleop_joy/package.bash'
[16.693s] INFO:colcon.colcon_core.shell:Creating package script '/home/pioneer-ii/pioneer_ws/install/rover_teleop_joy/share/rover_teleop_joy/package.zsh'
[16.694s] Level 1:colcon.colcon_core.environment:create_file_with_runtime_dependencies(/home/pioneer-ii/pioneer_ws/install/rover_teleop_joy/share/colcon-core/packages/rover_teleop_joy)
[16.699s] DEBUG:colcon.colcon_core.event_handler.log_command:Invoked command in '/home/pioneer-ii/pioneer_ws/src/rsl_gps' returned '0': PYTHONPATH=/home/pioneer-ii/pioneer_ws/build/rsl_gps/prefix_override:/home/pioneer-ii/pioneer_ws/install/rsl_gps/lib/python3.8/site-packages:${PYTHONPATH} /usr/bin/python3 setup.py egg_info --egg-base ../../build/rsl_gps build --build-base /home/pioneer-ii/pioneer_ws/build/rsl_gps/build install --record /home/pioneer-ii/pioneer_ws/build/rsl_gps/install.log --single-version-externally-managed
[16.784s] Level 1:colcon.colcon_core.environment:checking '/home/pioneer-ii/pioneer_ws/install/rsl_gps' for CMake module files
[16.786s] Level 1:colcon.colcon_core.environment:checking '/home/pioneer-ii/pioneer_ws/install/rsl_gps' for CMake config files
[16.926s] Level 1:colcon.colcon_core.environment:checking '/home/pioneer-ii/pioneer_ws/install/rsl_gps/lib'
[16.926s] Level 1:colcon.colcon_core.environment:checking '/home/pioneer-ii/pioneer_ws/install/rsl_gps/bin'
[16.926s] Level 1:colcon.colcon_core.environment:checking '/home/pioneer-ii/pioneer_ws/install/rsl_gps/lib/pkgconfig/rsl_gps.pc'
[16.927s] Level 1:colcon.colcon_core.environment:checking '/home/pioneer-ii/pioneer_ws/install/rsl_gps/lib/python3.8/site-packages'
[16.927s] Level 1:colcon.colcon_core.shell:create_environment_hook('rsl_gps', 'pythonpath')
[17.004s] INFO:colcon.colcon_core.shell:Creating environment hook '/home/pioneer-ii/pioneer_ws/install/rsl_gps/share/rsl_gps/hook/pythonpath.ps1'
[17.005s] INFO:colcon.colcon_core.shell:Creating environment descriptor '/home/pioneer-ii/pioneer_ws/install/rsl_gps/share/rsl_gps/hook/pythonpath.dsv'
[17.006s] INFO:colcon.colcon_core.shell:Creating environment hook '/home/pioneer-ii/pioneer_ws/install/rsl_gps/share/rsl_gps/hook/pythonpath.sh'
[17.007s] Level 1:colcon.colcon_core.environment:checking '/home/pioneer-ii/pioneer_ws/install/rsl_gps/bin'
[17.007s] Level 1:colcon.colcon_core.environment:create_environment_scripts_only(rsl_gps)
[17.086s] INFO:colcon.colcon_core.shell:Creating package script '/home/pioneer-ii/pioneer_ws/install/rsl_gps/share/rsl_gps/package.ps1'
[17.088s] INFO:colcon.colcon_core.shell:Creating package descriptor '/home/pioneer-ii/pioneer_ws/install/rsl_gps/share/rsl_gps/package.dsv'
[17.089s] INFO:colcon.colcon_core.shell:Creating package script '/home/pioneer-ii/pioneer_ws/install/rsl_gps/share/rsl_gps/package.sh'
[17.089s] INFO:colcon.colcon_core.shell:Creating package script '/home/pioneer-ii/pioneer_ws/install/rsl_gps/share/rsl_gps/package.bash'
[17.090s] INFO:colcon.colcon_core.shell:Creating package script '/home/pioneer-ii/pioneer_ws/install/rsl_gps/share/rsl_gps/package.zsh'
[17.091s] Level 1:colcon.colcon_core.environment:create_file_with_runtime_dependencies(/home/pioneer-ii/pioneer_ws/install/rsl_gps/share/colcon-core/packages/rsl_gps)
[17.095s] DEBUG:colcon.colcon_core.event_handler.log_command:Invoked command in '/home/pioneer-ii/pioneer_ws/src/navigation_core' returned '0': PYTHONPATH=/home/pioneer-ii/pioneer_ws/build/navigation_core/prefix_override:/home/pioneer-ii/pioneer_ws/install/navigation_core/lib/python3.8/site-packages:${PYTHONPATH} /usr/bin/python3 setup.py egg_info --egg-base ../../build/navigation_core build --build-base /home/pioneer-ii/pioneer_ws/build/navigation_core/build install --record /home/pioneer-ii/pioneer_ws/build/navigation_core/install.log --install-scripts $base/lib/navigation_core --single-version-externally-managed
[17.171s] Level 1:colcon.colcon_core.environment:checking '/home/pioneer-ii/pioneer_ws/install/navigation_core' for CMake module files
[17.173s] Level 1:colcon.colcon_core.environment:checking '/home/pioneer-ii/pioneer_ws/install/navigation_core' for CMake config files
[17.313s] Level 1:colcon.colcon_core.environment:checking '/home/pioneer-ii/pioneer_ws/install/navigation_core/lib'
[17.313s] Level 1:colcon.colcon_core.environment:checking '/home/pioneer-ii/pioneer_ws/install/navigation_core/bin'
[17.314s] Level 1:colcon.colcon_core.environment:checking '/home/pioneer-ii/pioneer_ws/install/navigation_core/lib/pkgconfig/navigation_core.pc'
[17.314s] Level 1:colcon.colcon_core.environment:checking '/home/pioneer-ii/pioneer_ws/install/navigation_core/lib/python3.8/site-packages'
[17.314s] Level 1:colcon.colcon_core.shell:create_environment_hook('navigation_core', 'pythonpath')
[17.393s] INFO:colcon.colcon_core.shell:Creating environment hook '/home/pioneer-ii/pioneer_ws/install/navigation_core/share/navigation_core/hook/pythonpath.ps1'
[17.394s] INFO:colcon.colcon_core.shell:Creating environment descriptor '/home/pioneer-ii/pioneer_ws/install/navigation_core/share/navigation_core/hook/pythonpath.dsv'
[17.395s] INFO:colcon.colcon_core.shell:Creating environment hook '/home/pioneer-ii/pioneer_ws/install/navigation_core/share/navigation_core/hook/pythonpath.sh'
[17.397s] Level 1:colcon.colcon_core.environment:checking '/home/pioneer-ii/pioneer_ws/install/navigation_core/bin'
[17.397s] Level 1:colcon.colcon_core.environment:create_environment_scripts_only(navigation_core)
[17.490s] INFO:colcon.colcon_core.shell:Creating package script '/home/pioneer-ii/pioneer_ws/install/navigation_core/share/navigation_core/package.ps1'
[17.492s] INFO:colcon.colcon_core.shell:Creating package descriptor '/home/pioneer-ii/pioneer_ws/install/navigation_core/share/navigation_core/package.dsv'
[17.493s] INFO:colcon.colcon_core.shell:Creating package script '/home/pioneer-ii/pioneer_ws/install/navigation_core/share/navigation_core/package.sh'
[17.494s] INFO:colcon.colcon_core.shell:Creating package script '/home/pioneer-ii/pioneer_ws/install/navigation_core/share/navigation_core/package.bash'
[17.495s] INFO:colcon.colcon_core.shell:Creating package script '/home/pioneer-ii/pioneer_ws/install/navigation_core/share/navigation_core/package.zsh'
[17.495s] Level 1:colcon.colcon_core.environment:create_file_with_runtime_dependencies(/home/pioneer-ii/pioneer_ws/install/navigation_core/share/colcon-core/packages/navigation_core)
[17.500s] DEBUG:colcon.colcon_core.event_handler.log_command:Invoked command in '/home/pioneer-ii/pioneer_ws/src/locomotion_core' returned '0': PYTHONPATH=/home/pioneer-ii/pioneer_ws/build/locomotion_core/prefix_override:/home/pioneer-ii/pioneer_ws/install/locomotion_core/lib/python3.8/site-packages:${PYTHONPATH} /usr/bin/python3 setup.py egg_info --egg-base ../../build/locomotion_core build --build-base /home/pioneer-ii/pioneer_ws/build/locomotion_core/build install --record /home/pioneer-ii/pioneer_ws/build/locomotion_core/install.log --single-version-externally-managed
[17.585s] Level 1:colcon.colcon_core.environment:checking '/home/pioneer-ii/pioneer_ws/install/locomotion_core' for CMake module files
[17.586s] Level 1:colcon.colcon_core.environment:checking '/home/pioneer-ii/pioneer_ws/install/locomotion_core' for CMake config files
[17.726s] Level 1:colcon.colcon_core.environment:checking '/home/pioneer-ii/pioneer_ws/install/locomotion_core/lib'
[17.726s] Level 1:colcon.colcon_core.environment:checking '/home/pioneer-ii/pioneer_ws/install/locomotion_core/bin'
[17.727s] Level 1:colcon.colcon_core.environment:checking '/home/pioneer-ii/pioneer_ws/install/locomotion_core/lib/pkgconfig/locomotion_core.pc'
[17.727s] Level 1:colcon.colcon_core.environment:checking '/home/pioneer-ii/pioneer_ws/install/locomotion_core/lib/python3.8/site-packages'
[17.727s] Level 1:colcon.colcon_core.shell:create_environment_hook('locomotion_core', 'pythonpath')
[17.858s] INFO:colcon.colcon_core.shell:Creating environment hook '/home/pioneer-ii/pioneer_ws/install/locomotion_core/share/locomotion_core/hook/pythonpath.ps1'
[17.860s] INFO:colcon.colcon_core.shell:Creating environment descriptor '/home/pioneer-ii/pioneer_ws/install/locomotion_core/share/locomotion_core/hook/pythonpath.dsv'
[17.861s] INFO:colcon.colcon_core.shell:Creating environment hook '/home/pioneer-ii/pioneer_ws/install/locomotion_core/share/locomotion_core/hook/pythonpath.sh'
[17.862s] Level 1:colcon.colcon_core.environment:checking '/home/pioneer-ii/pioneer_ws/install/locomotion_core/bin'
[17.867s] Level 1:colcon.colcon_core.environment:create_environment_scripts_only(locomotion_core)
[17.947s] INFO:colcon.colcon_core.shell:Creating package script '/home/pioneer-ii/pioneer_ws/install/locomotion_core/share/locomotion_core/package.ps1'
[17.949s] INFO:colcon.colcon_core.shell:Creating package descriptor '/home/pioneer-ii/pioneer_ws/install/locomotion_core/share/locomotion_core/package.dsv'
[17.950s] INFO:colcon.colcon_core.shell:Creating package script '/home/pioneer-ii/pioneer_ws/install/locomotion_core/share/locomotion_core/package.sh'
[17.950s] INFO:colcon.colcon_core.shell:Creating package script '/home/pioneer-ii/pioneer_ws/install/locomotion_core/share/locomotion_core/package.bash'
[17.951s] INFO:colcon.colcon_core.shell:Creating package script '/home/pioneer-ii/pioneer_ws/install/locomotion_core/share/locomotion_core/package.zsh'
[17.952s] Level 1:colcon.colcon_core.environment:create_file_with_runtime_dependencies(/home/pioneer-ii/pioneer_ws/install/locomotion_core/share/colcon-core/packages/locomotion_core)
[17.952s] DEBUG:colcon.colcon_parallel_executor.executor.parallel:closing loop
[17.953s] DEBUG:colcon.colcon_parallel_executor.executor.parallel:loop closed
[17.954s] DEBUG:colcon.colcon_parallel_executor.executor.parallel:run_until_complete finished with '0'
[17.954s] DEBUG:colcon.colcon_core.event_reactor:joining thread
[18.192s] INFO:colcon.colcon_core.plugin_system:Skipping extension 'colcon_notification.desktop_notification.terminal_notifier': Not used on non-Darwin systems
[18.193s] INFO:colcon.colcon_core.plugin_system:Skipping extension 'colcon_notification.desktop_notification.win32': Not used on non-Windows systems
[18.193s] INFO:colcon.colcon_notification.desktop_notification:Sending desktop notification using 'notify2'
[18.284s] DEBUG:colcon.colcon_core.event_reactor:joined thread
[18.363s] INFO:colcon.colcon_core.shell:Creating prefix script '/home/pioneer-ii/pioneer_ws/install/local_setup.ps1'
[18.413s] INFO:colcon.colcon_core.shell:Creating prefix util module '/home/pioneer-ii/pioneer_ws/install/_local_setup_util_ps1.py'
[18.418s] INFO:colcon.colcon_core.shell:Creating prefix chain script '/home/pioneer-ii/pioneer_ws/install/setup.ps1'
[18.636s] INFO:colcon.colcon_core.shell:Creating prefix script '/home/pioneer-ii/pioneer_ws/install/local_setup.sh'
[18.638s] INFO:colcon.colcon_core.shell:Creating prefix util module '/home/pioneer-ii/pioneer_ws/install/_local_setup_util_sh.py'
[18.639s] INFO:colcon.colcon_core.shell:Creating prefix chain script '/home/pioneer-ii/pioneer_ws/install/setup.sh'
[18.855s] INFO:colcon.colcon_core.shell:Creating prefix script '/home/pioneer-ii/pioneer_ws/install/local_setup.bash'
[18.858s] INFO:colcon.colcon_core.shell:Creating prefix chain script '/home/pioneer-ii/pioneer_ws/install/setup.bash'
[19.072s] INFO:colcon.colcon_core.shell:Creating prefix script '/home/pioneer-ii/pioneer_ws/install/local_setup.zsh'
[19.075s] INFO:colcon.colcon_core.shell:Creating prefix chain script '/home/pioneer-ii/pioneer_ws/install/setup.zsh'
