[10.143s] Invoking command in '/home/pioneer-ii/pioneer_ws/src/navigation_core': PYTHONPATH=/home/pioneer-ii/pioneer_ws/build/navigation_core/prefix_override:/home/pioneer-ii/pioneer_ws/install/navigation_core/lib/python3.8/site-packages:${PYTHONPATH} /usr/bin/python3 setup.py egg_info --egg-base ../../build/navigation_core build --build-base /home/pioneer-ii/pioneer_ws/build/navigation_core/build install --record /home/pioneer-ii/pioneer_ws/build/navigation_core/install.log --install-scripts $base/lib/navigation_core --single-version-externally-managed
[10.494s] running egg_info
[10.495s] writing ../../build/navigation_core/navigation_core.egg-info/PKG-INFO
[10.635s] writing dependency_links to ../../build/navigation_core/navigation_core.egg-info/dependency_links.txt
[10.636s] writing entry points to ../../build/navigation_core/navigation_core.egg-info/entry_points.txt
[10.636s] writing requirements to ../../build/navigation_core/navigation_core.egg-info/requires.txt
[10.637s] writing top-level names to ../../build/navigation_core/navigation_core.egg-info/top_level.txt
[10.868s] reading manifest file '../../build/navigation_core/navigation_core.egg-info/SOURCES.txt'
[10.871s] writing manifest file '../../build/navigation_core/navigation_core.egg-info/SOURCES.txt'
[10.871s] running build
[10.871s] running build_py
[10.878s] running install
[10.882s] running install_lib
[10.889s] running install_data
[10.893s] running install_egg_info
[10.899s] removing '/home/pioneer-ii/pioneer_ws/install/navigation_core/lib/python3.8/site-packages/navigation_core-0.0.0-py3.8.egg-info' (and everything under it)
[10.900s] Copying ../../build/navigation_core/navigation_core.egg-info to /home/pioneer-ii/pioneer_ws/install/navigation_core/lib/python3.8/site-packages/navigation_core-0.0.0-py3.8.egg-info
[10.903s] running install_scripts
[10.952s] Installing run_navigation script to /home/pioneer-ii/pioneer_ws/install/navigation_core/lib/navigation_core
[11.097s] writing list of installed files to '/home/pioneer-ii/pioneer_ws/build/navigation_core/install.log'
[12.461s] Invoked command in '/home/pioneer-ii/pioneer_ws/src/navigation_core' returned '0': PYTHONPATH=/home/pioneer-ii/pioneer_ws/build/navigation_core/prefix_override:/home/pioneer-ii/pioneer_ws/install/navigation_core/lib/python3.8/site-packages:${PYTHONPATH} /usr/bin/python3 setup.py egg_info --egg-base ../../build/navigation_core build --build-base /home/pioneer-ii/pioneer_ws/build/navigation_core/build install --record /home/pioneer-ii/pioneer_ws/build/navigation_core/install.log --install-scripts $base/lib/navigation_core --single-version-externally-managed
