[9.248s] Invoking command in '/home/pioneer-ii/pioneer_ws/src/locomotion_core': PYTHONPATH=/home/pioneer-ii/pioneer_ws/build/locomotion_core/prefix_override:/home/pioneer-ii/pioneer_ws/install/locomotion_core/lib/python3.8/site-packages:${PYTHONPATH} /usr/bin/python3 setup.py egg_info --egg-base ../../build/locomotion_core build --build-base /home/pioneer-ii/pioneer_ws/build/locomotion_core/build install --record /home/pioneer-ii/pioneer_ws/build/locomotion_core/install.log --single-version-externally-managed
[9.734s] running egg_info
[9.735s] writing ../../build/locomotion_core/locomotion_core.egg-info/PKG-INFO
[9.858s] writing dependency_links to ../../build/locomotion_core/locomotion_core.egg-info/dependency_links.txt
[9.858s] writing entry points to ../../build/locomotion_core/locomotion_core.egg-info/entry_points.txt
[9.859s] writing requirements to ../../build/locomotion_core/locomotion_core.egg-info/requires.txt
[9.859s] writing top-level names to ../../build/locomotion_core/locomotion_core.egg-info/top_level.txt
[10.081s] reading manifest file '../../build/locomotion_core/locomotion_core.egg-info/SOURCES.txt'
[10.083s] writing manifest file '../../build/locomotion_core/locomotion_core.egg-info/SOURCES.txt'
[10.083s] running build
[10.084s] running build_py
[10.092s] running install
[10.094s] running install_lib
[10.101s] running install_data
[10.107s] running install_egg_info
[10.112s] removing '/home/pioneer-ii/pioneer_ws/install/locomotion_core/lib/python3.8/site-packages/locomotion_core-0.0.0-py3.8.egg-info' (and everything under it)
[10.113s] Copying ../../build/locomotion_core/locomotion_core.egg-info to /home/pioneer-ii/pioneer_ws/install/locomotion_core/lib/python3.8/site-packages/locomotion_core-0.0.0-py3.8.egg-info
[10.120s] running install_scripts
[10.163s] Installing cmd_roboteq script to /home/pioneer-ii/pioneer_ws/install/locomotion_core/lib/locomotion_core
[10.301s] Installing movebase_kinematics script to /home/pioneer-ii/pioneer_ws/install/locomotion_core/lib/locomotion_core
[10.303s] writing list of installed files to '/home/pioneer-ii/pioneer_ws/build/locomotion_core/install.log'
[11.225s] Invoked command in '/home/pioneer-ii/pioneer_ws/src/locomotion_core' returned '0': PYTHONPATH=/home/pioneer-ii/pioneer_ws/build/locomotion_core/prefix_override:/home/pioneer-ii/pioneer_ws/install/locomotion_core/lib/python3.8/site-packages:${PYTHONPATH} /usr/bin/python3 setup.py egg_info --egg-base ../../build/locomotion_core build --build-base /home/pioneer-ii/pioneer_ws/build/locomotion_core/build install --record /home/pioneer-ii/pioneer_ws/build/locomotion_core/install.log --single-version-externally-managed
