[6.325s] Invoking command in '/home/pioneer-ii/pioneer_ws/src/locomotion_core': PYTHONPATH=/home/pioneer-ii/pioneer_ws/build/locomotion_core/prefix_override:/home/pioneer-ii/pioneer_ws/install/locomotion_core/lib/python3.8/site-packages:${PYTHONPATH} /usr/bin/python3 setup.py egg_info --egg-base ../../build/locomotion_core build --build-base /home/pioneer-ii/pioneer_ws/build/locomotion_core/build install --record /home/pioneer-ii/pioneer_ws/build/locomotion_core/install.log --single-version-externally-managed
[6.776s] running egg_info
[6.777s] writing ../../build/locomotion_core/locomotion_core.egg-info/PKG-INFO
[6.781s] writing dependency_links to ../../build/locomotion_core/locomotion_core.egg-info/dependency_links.txt
[6.782s] writing entry points to ../../build/locomotion_core/locomotion_core.egg-info/entry_points.txt
[6.783s] writing requirements to ../../build/locomotion_core/locomotion_core.egg-info/requires.txt
[6.783s] writing top-level names to ../../build/locomotion_core/locomotion_core.egg-info/top_level.txt
[6.847s] reading manifest file '../../build/locomotion_core/locomotion_core.egg-info/SOURCES.txt'
[6.849s] writing manifest file '../../build/locomotion_core/locomotion_core.egg-info/SOURCES.txt'
[6.849s] running build
[6.849s] running build_py
[6.850s] running install
[6.852s] running install_lib
[6.854s] running install_data
[6.855s] running install_egg_info
[6.859s] removing '/home/pioneer-ii/pioneer_ws/install/locomotion_core/lib/python3.8/site-packages/locomotion_core-0.0.0-py3.8.egg-info' (and everything under it)
[6.859s] Copying ../../build/locomotion_core/locomotion_core.egg-info to /home/pioneer-ii/pioneer_ws/install/locomotion_core/lib/python3.8/site-packages/locomotion_core-0.0.0-py3.8.egg-info
[6.861s] running install_scripts
[6.897s] Installing cmd_roboteq script to /home/pioneer-ii/pioneer_ws/install/locomotion_core/lib/locomotion_core
[6.898s] Installing movebase_kinematics script to /home/pioneer-ii/pioneer_ws/install/locomotion_core/lib/locomotion_core
[6.898s] writing list of installed files to '/home/pioneer-ii/pioneer_ws/build/locomotion_core/install.log'
[6.974s] Invoked command in '/home/pioneer-ii/pioneer_ws/src/locomotion_core' returned '0': PYTHONPATH=/home/pioneer-ii/pioneer_ws/build/locomotion_core/prefix_override:/home/pioneer-ii/pioneer_ws/install/locomotion_core/lib/python3.8/site-packages:${PYTHONPATH} /usr/bin/python3 setup.py egg_info --egg-base ../../build/locomotion_core build --build-base /home/pioneer-ii/pioneer_ws/build/locomotion_core/build install --record /home/pioneer-ii/pioneer_ws/build/locomotion_core/install.log --single-version-externally-managed
