[10.771s] Invoking command in '/home/pioneer-ii/pioneer_ws/src/locomotion_core': PYTHONPATH=/home/pioneer-ii/pioneer_ws/build/locomotion_core/prefix_override:/home/pioneer-ii/pioneer_ws/install/locomotion_core/lib/python3.8/site-packages:${PYTHONPATH} /usr/bin/python3 setup.py egg_info --egg-base ../../build/locomotion_core build --build-base /home/pioneer-ii/pioneer_ws/build/locomotion_core/build install --record /home/pioneer-ii/pioneer_ws/build/locomotion_core/install.log --single-version-externally-managed
[11.180s] running egg_info
[11.182s] writing ../../build/locomotion_core/locomotion_core.egg-info/PKG-INFO
[11.260s] writing dependency_links to ../../build/locomotion_core/locomotion_core.egg-info/dependency_links.txt
[11.260s] writing entry points to ../../build/locomotion_core/locomotion_core.egg-info/entry_points.txt
[11.260s] writing requirements to ../../build/locomotion_core/locomotion_core.egg-info/requires.txt
[11.260s] writing top-level names to ../../build/locomotion_core/locomotion_core.egg-info/top_level.txt
[11.486s] reading manifest file '../../build/locomotion_core/locomotion_core.egg-info/SOURCES.txt'
[11.490s] writing manifest file '../../build/locomotion_core/locomotion_core.egg-info/SOURCES.txt'
[11.490s] running build
[11.490s] running build_py
[11.499s] running install
[11.502s] running install_lib
[11.508s] running install_data
[11.513s] running install_egg_info
[11.519s] removing '/home/pioneer-ii/pioneer_ws/install/locomotion_core/lib/python3.8/site-packages/locomotion_core-0.0.0-py3.8.egg-info' (and everything under it)
[11.520s] Copying ../../build/locomotion_core/locomotion_core.egg-info to /home/pioneer-ii/pioneer_ws/install/locomotion_core/lib/python3.8/site-packages/locomotion_core-0.0.0-py3.8.egg-info
[11.522s] running install_scripts
[11.572s] Installing cmd_roboteq script to /home/pioneer-ii/pioneer_ws/install/locomotion_core/lib/locomotion_core
[11.718s] Installing movebase_kinematics script to /home/pioneer-ii/pioneer_ws/install/locomotion_core/lib/locomotion_core
[11.718s] writing list of installed files to '/home/pioneer-ii/pioneer_ws/build/locomotion_core/install.log'
[12.693s] Invoked command in '/home/pioneer-ii/pioneer_ws/src/locomotion_core' returned '0': PYTHONPATH=/home/pioneer-ii/pioneer_ws/build/locomotion_core/prefix_override:/home/pioneer-ii/pioneer_ws/install/locomotion_core/lib/python3.8/site-packages:${PYTHONPATH} /usr/bin/python3 setup.py egg_info --egg-base ../../build/locomotion_core build --build-base /home/pioneer-ii/pioneer_ws/build/locomotion_core/build install --record /home/pioneer-ii/pioneer_ws/build/locomotion_core/install.log --single-version-externally-managed
