[6.378s] Invoking command in '/home/pioneer-ii/pioneer_ws/src/rsl_imu': PYTHONPATH=/home/pioneer-ii/pioneer_ws/build/rsl_imu/prefix_override:/home/pioneer-ii/pioneer_ws/install/rsl_imu/lib/python3.8/site-packages:${PYTHONPATH} /usr/bin/python3 setup.py egg_info --egg-base ../../build/rsl_imu build --build-base /home/pioneer-ii/pioneer_ws/build/rsl_imu/build install --record /home/pioneer-ii/pioneer_ws/build/rsl_imu/install.log --install-scripts $base/lib/rsl_imu --single-version-externally-managed
[6.915s] running egg_info
[6.917s] writing ../../build/rsl_imu/rsl_imu.egg-info/PKG-INFO
[6.918s] writing dependency_links to ../../build/rsl_imu/rsl_imu.egg-info/dependency_links.txt
[6.919s] writing entry points to ../../build/rsl_imu/rsl_imu.egg-info/entry_points.txt
[6.919s] writing requirements to ../../build/rsl_imu/rsl_imu.egg-info/requires.txt
[6.919s] writing top-level names to ../../build/rsl_imu/rsl_imu.egg-info/top_level.txt
[7.001s] reading manifest file '../../build/rsl_imu/rsl_imu.egg-info/SOURCES.txt'
[7.003s] writing manifest file '../../build/rsl_imu/rsl_imu.egg-info/SOURCES.txt'
[7.003s] running build
[7.003s] running build_py
[7.004s] running install
[7.033s] running install_lib
[7.034s] running install_data
[7.034s] running install_egg_info
[7.034s] removing '/home/pioneer-ii/pioneer_ws/install/rsl_imu/lib/python3.8/site-packages/rsl_imu-0.0.0-py3.8.egg-info' (and everything under it)
[7.034s] Copying ../../build/rsl_imu/rsl_imu.egg-info to /home/pioneer-ii/pioneer_ws/install/rsl_imu/lib/python3.8/site-packages/rsl_imu-0.0.0-py3.8.egg-info
[7.035s] running install_scripts
[7.083s] Installing run_imu script to /home/pioneer-ii/pioneer_ws/install/rsl_imu/lib/rsl_imu
[7.084s] writing list of installed files to '/home/pioneer-ii/pioneer_ws/build/rsl_imu/install.log'
[8.214s] Invoked command in '/home/pioneer-ii/pioneer_ws/src/rsl_imu' returned '0': PYTHONPATH=/home/pioneer-ii/pioneer_ws/build/rsl_imu/prefix_override:/home/pioneer-ii/pioneer_ws/install/rsl_imu/lib/python3.8/site-packages:${PYTHONPATH} /usr/bin/python3 setup.py egg_info --egg-base ../../build/rsl_imu build --build-base /home/pioneer-ii/pioneer_ws/build/rsl_imu/build install --record /home/pioneer-ii/pioneer_ws/build/rsl_imu/install.log --install-scripts $base/lib/rsl_imu --single-version-externally-managed
