[8.263s] Invoking command in '/home/pioneer-ii/pioneer_ws/src/navigation_core': PYTHONPATH=/home/pioneer-ii/pioneer_ws/build/navigation_core/prefix_override:/home/pioneer-ii/pioneer_ws/install/navigation_core/lib/python3.8/site-packages:${PYTHONPATH} /usr/bin/python3 setup.py egg_info --egg-base ../../build/navigation_core build --build-base /home/pioneer-ii/pioneer_ws/build/navigation_core/build install --record /home/pioneer-ii/pioneer_ws/build/navigation_core/install.log --install-scripts $base/lib/navigation_core --single-version-externally-managed
[8.746s] running egg_info
[8.746s] writing ../../build/navigation_core/navigation_core.egg-info/PKG-INFO
[8.846s] writing dependency_links to ../../build/navigation_core/navigation_core.egg-info/dependency_links.txt
[8.846s] writing entry points to ../../build/navigation_core/navigation_core.egg-info/entry_points.txt
[8.846s] writing requirements to ../../build/navigation_core/navigation_core.egg-info/requires.txt
[8.847s] writing top-level names to ../../build/navigation_core/navigation_core.egg-info/top_level.txt
[9.069s] reading manifest file '../../build/navigation_core/navigation_core.egg-info/SOURCES.txt'
[9.074s] writing manifest file '../../build/navigation_core/navigation_core.egg-info/SOURCES.txt'
[9.074s] running build
[9.075s] running build_py
[9.079s] running install
[9.082s] running install_lib
[9.089s] running install_data
[9.092s] running install_egg_info
[9.098s] removing '/home/pioneer-ii/pioneer_ws/install/navigation_core/lib/python3.8/site-packages/navigation_core-0.0.0-py3.8.egg-info' (and everything under it)
[9.099s] Copying ../../build/navigation_core/navigation_core.egg-info to /home/pioneer-ii/pioneer_ws/install/navigation_core/lib/python3.8/site-packages/navigation_core-0.0.0-py3.8.egg-info
[9.102s] running install_scripts
[9.148s] Installing navigation_core script to /home/pioneer-ii/pioneer_ws/install/navigation_core/lib/navigation_core
[9.282s] writing list of installed files to '/home/pioneer-ii/pioneer_ws/build/navigation_core/install.log'
[10.190s] Invoked command in '/home/pioneer-ii/pioneer_ws/src/navigation_core' returned '0': PYTHONPATH=/home/pioneer-ii/pioneer_ws/build/navigation_core/prefix_override:/home/pioneer-ii/pioneer_ws/install/navigation_core/lib/python3.8/site-packages:${PYTHONPATH} /usr/bin/python3 setup.py egg_info --egg-base ../../build/navigation_core build --build-base /home/pioneer-ii/pioneer_ws/build/navigation_core/build install --record /home/pioneer-ii/pioneer_ws/build/navigation_core/install.log --install-scripts $base/lib/navigation_core --single-version-externally-managed
