[5.548s] Invoking command in '/home/pioneer-ii/pioneer_ws/src/rover_teleop_joy': PYTHONPATH=/home/pioneer-ii/pioneer_ws/build/rover_teleop_joy/prefix_override:/home/pioneer-ii/pioneer_ws/install/rover_teleop_joy/lib/python3.8/site-packages:${PYTHONPATH} /usr/bin/python3 setup.py egg_info --egg-base ../../build/rover_teleop_joy build --build-base /home/pioneer-ii/pioneer_ws/build/rover_teleop_joy/build install --record /home/pioneer-ii/pioneer_ws/build/rover_teleop_joy/install.log --single-version-externally-managed
[6.068s] running egg_info
[6.069s] writing ../../build/rover_teleop_joy/rover_teleop_joy.egg-info/PKG-INFO
[6.070s] writing dependency_links to ../../build/rover_teleop_joy/rover_teleop_joy.egg-info/dependency_links.txt
[6.070s] writing entry points to ../../build/rover_teleop_joy/rover_teleop_joy.egg-info/entry_points.txt
[6.071s] writing requirements to ../../build/rover_teleop_joy/rover_teleop_joy.egg-info/requires.txt
[6.071s] writing top-level names to ../../build/rover_teleop_joy/rover_teleop_joy.egg-info/top_level.txt
[6.142s] reading manifest file '../../build/rover_teleop_joy/rover_teleop_joy.egg-info/SOURCES.txt'
[6.143s] writing manifest file '../../build/rover_teleop_joy/rover_teleop_joy.egg-info/SOURCES.txt'
[6.143s] running build
[6.143s] running build_py
[6.143s] running install
[6.144s] running install_lib
[6.154s] running install_data
[6.154s] running install_egg_info
[6.154s] removing '/home/pioneer-ii/pioneer_ws/install/rover_teleop_joy/lib/python3.8/site-packages/rover_teleop_joy-0.0.0-py3.8.egg-info' (and everything under it)
[6.154s] Copying ../../build/rover_teleop_joy/rover_teleop_joy.egg-info to /home/pioneer-ii/pioneer_ws/install/rover_teleop_joy/lib/python3.8/site-packages/rover_teleop_joy-0.0.0-py3.8.egg-info
[6.156s] running install_scripts
[6.199s] Installing rover_joy script to /home/pioneer-ii/pioneer_ws/install/rover_teleop_joy/lib/rover_teleop_joy
[6.200s] writing list of installed files to '/home/pioneer-ii/pioneer_ws/build/rover_teleop_joy/install.log'
[6.303s] Invoked command in '/home/pioneer-ii/pioneer_ws/src/rover_teleop_joy' returned '0': PYTHONPATH=/home/pioneer-ii/pioneer_ws/build/rover_teleop_joy/prefix_override:/home/pioneer-ii/pioneer_ws/install/rover_teleop_joy/lib/python3.8/site-packages:${PYTHONPATH} /usr/bin/python3 setup.py egg_info --egg-base ../../build/rover_teleop_joy build --build-base /home/pioneer-ii/pioneer_ws/build/rover_teleop_joy/build install --record /home/pioneer-ii/pioneer_ws/build/rover_teleop_joy/install.log --single-version-externally-managed
