[7.018s] Invoking command in '/home/pioneer-ii/pioneer_ws/src/rover_teleop_joy': PYTHONPATH=/home/pioneer-ii/pioneer_ws/build/rover_teleop_joy/prefix_override:/home/pioneer-ii/pioneer_ws/install/rover_teleop_joy/lib/python3.8/site-packages:${PYTHONPATH} /usr/bin/python3 setup.py egg_info --egg-base ../../build/rover_teleop_joy build --build-base /home/pioneer-ii/pioneer_ws/build/rover_teleop_joy/build install --record /home/pioneer-ii/pioneer_ws/build/rover_teleop_joy/install.log --single-version-externally-managed
[7.574s] running egg_info
[7.575s] writing ../../build/rover_teleop_joy/rover_teleop_joy.egg-info/PKG-INFO
[7.576s] writing dependency_links to ../../build/rover_teleop_joy/rover_teleop_joy.egg-info/dependency_links.txt
[7.577s] writing entry points to ../../build/rover_teleop_joy/rover_teleop_joy.egg-info/entry_points.txt
[7.578s] writing requirements to ../../build/rover_teleop_joy/rover_teleop_joy.egg-info/requires.txt
[7.578s] writing top-level names to ../../build/rover_teleop_joy/rover_teleop_joy.egg-info/top_level.txt
[7.658s] reading manifest file '../../build/rover_teleop_joy/rover_teleop_joy.egg-info/SOURCES.txt'
[7.660s] writing manifest file '../../build/rover_teleop_joy/rover_teleop_joy.egg-info/SOURCES.txt'
[7.661s] running build
[7.661s] running build_py
[7.662s] running install
[7.666s] running install_lib
[7.671s] running install_data
[7.673s] running install_egg_info
[7.679s] removing '/home/pioneer-ii/pioneer_ws/install/rover_teleop_joy/lib/python3.8/site-packages/rover_teleop_joy-0.0.0-py3.8.egg-info' (and everything under it)
[7.680s] Copying ../../build/rover_teleop_joy/rover_teleop_joy.egg-info to /home/pioneer-ii/pioneer_ws/install/rover_teleop_joy/lib/python3.8/site-packages/rover_teleop_joy-0.0.0-py3.8.egg-info
[7.683s] running install_scripts
[7.743s] Installing rover_joy script to /home/pioneer-ii/pioneer_ws/install/rover_teleop_joy/lib/rover_teleop_joy
[7.743s] writing list of installed files to '/home/pioneer-ii/pioneer_ws/build/rover_teleop_joy/install.log'
[8.798s] Invoked command in '/home/pioneer-ii/pioneer_ws/src/rover_teleop_joy' returned '0': PYTHONPATH=/home/pioneer-ii/pioneer_ws/build/rover_teleop_joy/prefix_override:/home/pioneer-ii/pioneer_ws/install/rover_teleop_joy/lib/python3.8/site-packages:${PYTHONPATH} /usr/bin/python3 setup.py egg_info --egg-base ../../build/rover_teleop_joy build --build-base /home/pioneer-ii/pioneer_ws/build/rover_teleop_joy/build install --record /home/pioneer-ii/pioneer_ws/build/rover_teleop_joy/install.log --single-version-externally-managed
