[8.505s] Invoking command in '/home/pioneer-ii/pioneer_ws/src/rsl_gps': PYTHONPATH=/home/pioneer-ii/pioneer_ws/build/rsl_gps/prefix_override:/home/pioneer-ii/pioneer_ws/install/rsl_gps/lib/python3.8/site-packages:${PYTHONPATH} /usr/bin/python3 setup.py egg_info --egg-base ../../build/rsl_gps build --build-base /home/pioneer-ii/pioneer_ws/build/rsl_gps/build install --record /home/pioneer-ii/pioneer_ws/build/rsl_gps/install.log --single-version-externally-managed
[9.016s] running egg_info
[9.017s] writing ../../build/rsl_gps/rsl_gps.egg-info/PKG-INFO
[9.117s] writing dependency_links to ../../build/rsl_gps/rsl_gps.egg-info/dependency_links.txt
[9.117s] writing entry points to ../../build/rsl_gps/rsl_gps.egg-info/entry_points.txt
[9.120s] writing requirements to ../../build/rsl_gps/rsl_gps.egg-info/requires.txt
[9.122s] writing top-level names to ../../build/rsl_gps/rsl_gps.egg-info/top_level.txt
[9.205s] reading manifest file '../../build/rsl_gps/rsl_gps.egg-info/SOURCES.txt'
[9.344s] writing manifest file '../../build/rsl_gps/rsl_gps.egg-info/SOURCES.txt'
[9.345s] running build
[9.345s] running build_py
[9.352s] running install
[9.354s] running install_lib
[9.360s] running install_data
[9.364s] running install_egg_info
[9.368s] removing '/home/pioneer-ii/pioneer_ws/install/rsl_gps/lib/python3.8/site-packages/rsl_gps-0.0.0-py3.8.egg-info' (and everything under it)
[9.369s] Copying ../../build/rsl_gps/rsl_gps.egg-info to /home/pioneer-ii/pioneer_ws/install/rsl_gps/lib/python3.8/site-packages/rsl_gps-0.0.0-py3.8.egg-info
[9.372s] running install_scripts
[9.420s] Installing run_gps script to /home/pioneer-ii/pioneer_ws/install/rsl_gps/lib/rsl_gps
[9.560s] writing list of installed files to '/home/pioneer-ii/pioneer_ws/build/rsl_gps/install.log'
[10.913s] Invoked command in '/home/pioneer-ii/pioneer_ws/src/rsl_gps' returned '0': PYTHONPATH=/home/pioneer-ii/pioneer_ws/build/rsl_gps/prefix_override:/home/pioneer-ii/pioneer_ws/install/rsl_gps/lib/python3.8/site-packages:${PYTHONPATH} /usr/bin/python3 setup.py egg_info --egg-base ../../build/rsl_gps build --build-base /home/pioneer-ii/pioneer_ws/build/rsl_gps/build install --record /home/pioneer-ii/pioneer_ws/build/rsl_gps/install.log --single-version-externally-managed
