[7.033s] Invoking command in '/home/pioneer-ii/pioneer_ws/src/rover_teleop_joy': PYTHONPATH=/home/pioneer-ii/pioneer_ws/src/build/rover_teleop_joy/prefix_override:/home/pioneer-ii/pioneer_ws/src/install/rover_teleop_joy/lib/python3.8/site-packages:${PYTHONPATH} /usr/bin/python3 setup.py egg_info --egg-base ../build/rover_teleop_joy build --build-base /home/pioneer-ii/pioneer_ws/src/build/rover_teleop_joy/build install --record /home/pioneer-ii/pioneer_ws/src/build/rover_teleop_joy/install.log --single-version-externally-managed
[7.541s] running egg_info
[7.542s] creating ../build/rover_teleop_joy/rover_teleop_joy.egg-info
[7.543s] writing ../build/rover_teleop_joy/rover_teleop_joy.egg-info/PKG-INFO
[7.545s] writing dependency_links to ../build/rover_teleop_joy/rover_teleop_joy.egg-info/dependency_links.txt
[7.545s] writing entry points to ../build/rover_teleop_joy/rover_teleop_joy.egg-info/entry_points.txt
[7.546s] writing requirements to ../build/rover_teleop_joy/rover_teleop_joy.egg-info/requires.txt
[7.546s] writing top-level names to ../build/rover_teleop_joy/rover_teleop_joy.egg-info/top_level.txt
[7.694s] writing manifest file '../build/rover_teleop_joy/rover_teleop_joy.egg-info/SOURCES.txt'
[7.763s] reading manifest file '../build/rover_teleop_joy/rover_teleop_joy.egg-info/SOURCES.txt'
[7.765s] writing manifest file '../build/rover_teleop_joy/rover_teleop_joy.egg-info/SOURCES.txt'
[7.765s] running build
[7.766s] running build_py
[7.766s] creating /home/pioneer-ii/pioneer_ws/src/build/rover_teleop_joy/build
[7.766s] creating /home/pioneer-ii/pioneer_ws/src/build/rover_teleop_joy/build/lib
[7.766s] creating /home/pioneer-ii/pioneer_ws/src/build/rover_teleop_joy/build/lib/rover_teleop_joy
[7.767s] copying rover_teleop_joy/__init__.py -> /home/pioneer-ii/pioneer_ws/src/build/rover_teleop_joy/build/lib/rover_teleop_joy
[7.767s] copying rover_teleop_joy/run_joy.py -> /home/pioneer-ii/pioneer_ws/src/build/rover_teleop_joy/build/lib/rover_teleop_joy
[7.767s] running install
[7.775s] running install_lib
[7.779s] creating /home/pioneer-ii/pioneer_ws/src/install/rover_teleop_joy/lib/python3.8/site-packages/rover_teleop_joy
[7.780s] copying /home/pioneer-ii/pioneer_ws/src/build/rover_teleop_joy/build/lib/rover_teleop_joy/__init__.py -> /home/pioneer-ii/pioneer_ws/src/install/rover_teleop_joy/lib/python3.8/site-packages/rover_teleop_joy
[7.780s] copying /home/pioneer-ii/pioneer_ws/src/build/rover_teleop_joy/build/lib/rover_teleop_joy/run_joy.py -> /home/pioneer-ii/pioneer_ws/src/install/rover_teleop_joy/lib/python3.8/site-packages/rover_teleop_joy
[7.781s] byte-compiling /home/pioneer-ii/pioneer_ws/src/install/rover_teleop_joy/lib/python3.8/site-packages/rover_teleop_joy/__init__.py to __init__.cpython-38.pyc
[7.794s] byte-compiling /home/pioneer-ii/pioneer_ws/src/install/rover_teleop_joy/lib/python3.8/site-packages/rover_teleop_joy/run_joy.py to run_joy.cpython-38.pyc
[7.811s] running install_data
[7.812s] creating /home/pioneer-ii/pioneer_ws/src/install/rover_teleop_joy/share/ament_index
[7.812s] creating /home/pioneer-ii/pioneer_ws/src/install/rover_teleop_joy/share/ament_index/resource_index
[7.812s] creating /home/pioneer-ii/pioneer_ws/src/install/rover_teleop_joy/share/ament_index/resource_index/packages
[7.812s] copying resource/rover_teleop_joy -> /home/pioneer-ii/pioneer_ws/src/install/rover_teleop_joy/share/ament_index/resource_index/packages
[7.812s] copying package.xml -> /home/pioneer-ii/pioneer_ws/src/install/rover_teleop_joy/share/rover_teleop_joy
[7.813s] running install_egg_info
[7.816s] Copying ../build/rover_teleop_joy/rover_teleop_joy.egg-info to /home/pioneer-ii/pioneer_ws/src/install/rover_teleop_joy/lib/python3.8/site-packages/rover_teleop_joy-0.0.0-py3.8.egg-info
[7.827s] running install_scripts
[7.883s] Installing rover_joy script to /home/pioneer-ii/pioneer_ws/src/install/rover_teleop_joy/lib/rover_teleop_joy
[7.886s] writing list of installed files to '/home/pioneer-ii/pioneer_ws/src/build/rover_teleop_joy/install.log'
[8.006s] Invoked command in '/home/pioneer-ii/pioneer_ws/src/rover_teleop_joy' returned '0': PYTHONPATH=/home/pioneer-ii/pioneer_ws/src/build/rover_teleop_joy/prefix_override:/home/pioneer-ii/pioneer_ws/src/install/rover_teleop_joy/lib/python3.8/site-packages:${PYTHONPATH} /usr/bin/python3 setup.py egg_info --egg-base ../build/rover_teleop_joy build --build-base /home/pioneer-ii/pioneer_ws/src/build/rover_teleop_joy/build install --record /home/pioneer-ii/pioneer_ws/src/build/rover_teleop_joy/install.log --single-version-externally-managed
