[7.083s] Invoking command in '/home/pioneer-ii/pioneer_ws/src/rsl_gps': PYTHONPATH=/home/pioneer-ii/pioneer_ws/build/rsl_gps/prefix_override:/home/pioneer-ii/pioneer_ws/install/rsl_gps/lib/python3.8/site-packages:${PYTHONPATH} /usr/bin/python3 setup.py egg_info --egg-base ../../build/rsl_gps build --build-base /home/pioneer-ii/pioneer_ws/build/rsl_gps/build install --record /home/pioneer-ii/pioneer_ws/build/rsl_gps/install.log --single-version-externally-managed
[7.577s] running egg_info
[7.578s] writing ../../build/rsl_gps/rsl_gps.egg-info/PKG-INFO
[7.710s] writing dependency_links to ../../build/rsl_gps/rsl_gps.egg-info/dependency_links.txt
[7.710s] writing entry points to ../../build/rsl_gps/rsl_gps.egg-info/entry_points.txt
[7.712s] writing requirements to ../../build/rsl_gps/rsl_gps.egg-info/requires.txt
[7.712s] writing top-level names to ../../build/rsl_gps/rsl_gps.egg-info/top_level.txt
[7.817s] reading manifest file '../../build/rsl_gps/rsl_gps.egg-info/SOURCES.txt'
[8.001s] writing manifest file '../../build/rsl_gps/rsl_gps.egg-info/SOURCES.txt'
[8.005s] running build
[8.007s] running build_py
[8.034s] copying rsl_gps/quat_publisher.py -> /home/pioneer-ii/pioneer_ws/build/rsl_gps/build/lib/rsl_gps
[8.037s] running install
[8.039s] running install_lib
[8.042s] copying /home/pioneer-ii/pioneer_ws/build/rsl_gps/build/lib/rsl_gps/quat_publisher.py -> /home/pioneer-ii/pioneer_ws/install/rsl_gps/lib/python3.8/site-packages/rsl_gps
[8.043s] byte-compiling /home/pioneer-ii/pioneer_ws/install/rsl_gps/lib/python3.8/site-packages/rsl_gps/quat_publisher.py to quat_publisher.cpython-38.pyc
[8.048s] running install_data
[8.060s] running install_egg_info
[8.064s] removing '/home/pioneer-ii/pioneer_ws/install/rsl_gps/lib/python3.8/site-packages/rsl_gps-0.0.0-py3.8.egg-info' (and everything under it)
[8.066s] Copying ../../build/rsl_gps/rsl_gps.egg-info to /home/pioneer-ii/pioneer_ws/install/rsl_gps/lib/python3.8/site-packages/rsl_gps-0.0.0-py3.8.egg-info
[8.066s] running install_scripts
[8.110s] Installing run_gps script to /home/pioneer-ii/pioneer_ws/install/rsl_gps/lib/rsl_gps
[8.253s] Installing run_imu script to /home/pioneer-ii/pioneer_ws/install/rsl_gps/lib/rsl_gps
[8.255s] writing list of installed files to '/home/pioneer-ii/pioneer_ws/build/rsl_gps/install.log'
[9.221s] Invoked command in '/home/pioneer-ii/pioneer_ws/src/rsl_gps' returned '0': PYTHONPATH=/home/pioneer-ii/pioneer_ws/build/rsl_gps/prefix_override:/home/pioneer-ii/pioneer_ws/install/rsl_gps/lib/python3.8/site-packages:${PYTHONPATH} /usr/bin/python3 setup.py egg_info --egg-base ../../build/rsl_gps build --build-base /home/pioneer-ii/pioneer_ws/build/rsl_gps/build install --record /home/pioneer-ii/pioneer_ws/build/rsl_gps/install.log --single-version-externally-managed
