[6.522s] Invoking command in '/home/pioneer-ii/pioneer_ws/src/locomotion_core': PYTHONPATH=/home/pioneer-ii/pioneer_ws/build/locomotion_core/prefix_override:/home/pioneer-ii/pioneer_ws/install/locomotion_core/lib/python3.8/site-packages:${PYTHONPATH} /usr/bin/python3 setup.py egg_info --egg-base ../../build/locomotion_core build --build-base /home/pioneer-ii/pioneer_ws/build/locomotion_core/build install --record /home/pioneer-ii/pioneer_ws/build/locomotion_core/install.log --single-version-externally-managed
[7.059s] running egg_info
[7.061s] writing ../../build/locomotion_core/locomotion_core.egg-info/PKG-INFO
[7.062s] writing dependency_links to ../../build/locomotion_core/locomotion_core.egg-info/dependency_links.txt
[7.062s] writing entry points to ../../build/locomotion_core/locomotion_core.egg-info/entry_points.txt
[7.062s] writing requirements to ../../build/locomotion_core/locomotion_core.egg-info/requires.txt
[7.063s] writing top-level names to ../../build/locomotion_core/locomotion_core.egg-info/top_level.txt
[7.137s] reading manifest file '../../build/locomotion_core/locomotion_core.egg-info/SOURCES.txt'
[7.140s] writing manifest file '../../build/locomotion_core/locomotion_core.egg-info/SOURCES.txt'
[7.140s] running build
[7.140s] running build_py
[7.141s] running install
[7.143s] running install_lib
[7.147s] running install_data
[7.148s] running install_egg_info
[7.153s] removing '/home/pioneer-ii/pioneer_ws/install/locomotion_core/lib/python3.8/site-packages/locomotion_core-0.0.0-py3.8.egg-info' (and everything under it)
[7.154s] Copying ../../build/locomotion_core/locomotion_core.egg-info to /home/pioneer-ii/pioneer_ws/install/locomotion_core/lib/python3.8/site-packages/locomotion_core-0.0.0-py3.8.egg-info
[7.157s] running install_scripts
[7.207s] Installing cmd_roboteq script to /home/pioneer-ii/pioneer_ws/install/locomotion_core/lib/locomotion_core
[7.207s] Installing movebase_kinematics script to /home/pioneer-ii/pioneer_ws/install/locomotion_core/lib/locomotion_core
[7.208s] writing list of installed files to '/home/pioneer-ii/pioneer_ws/build/locomotion_core/install.log'
[7.556s] Invoked command in '/home/pioneer-ii/pioneer_ws/src/locomotion_core' returned '0': PYTHONPATH=/home/pioneer-ii/pioneer_ws/build/locomotion_core/prefix_override:/home/pioneer-ii/pioneer_ws/install/locomotion_core/lib/python3.8/site-packages:${PYTHONPATH} /usr/bin/python3 setup.py egg_info --egg-base ../../build/locomotion_core build --build-base /home/pioneer-ii/pioneer_ws/build/locomotion_core/build install --record /home/pioneer-ii/pioneer_ws/build/locomotion_core/install.log --single-version-externally-managed
