[4.058s] Invoking command in '/home/pioneer-ii/pioneer_ws/src/rsl_gps': PYTHONPATH=/home/pioneer-ii/pioneer_ws/build/rsl_gps/prefix_override:/home/pioneer-ii/pioneer_ws/install/rsl_gps/lib/python3.8/site-packages:${PYTHONPATH} /usr/bin/python3 setup.py egg_info --egg-base ../../build/rsl_gps build --build-base /home/pioneer-ii/pioneer_ws/build/rsl_gps/build install --record /home/pioneer-ii/pioneer_ws/build/rsl_gps/install.log --single-version-externally-managed
[4.540s] running egg_info
[4.542s] writing ../../build/rsl_gps/rsl_gps.egg-info/PKG-INFO
[4.543s] writing dependency_links to ../../build/rsl_gps/rsl_gps.egg-info/dependency_links.txt
[4.543s] writing entry points to ../../build/rsl_gps/rsl_gps.egg-info/entry_points.txt
[4.543s] writing requirements to ../../build/rsl_gps/rsl_gps.egg-info/requires.txt
[4.544s] writing top-level names to ../../build/rsl_gps/rsl_gps.egg-info/top_level.txt
[4.618s] reading manifest file '../../build/rsl_gps/rsl_gps.egg-info/SOURCES.txt'
[4.620s] writing manifest file '../../build/rsl_gps/rsl_gps.egg-info/SOURCES.txt'
[4.620s] running build
[4.620s] running build_py
[4.621s] copying rsl_gps/quat_publisher.py -> /home/pioneer-ii/pioneer_ws/build/rsl_gps/build/lib/rsl_gps
[4.621s] running install
[4.624s] running install_lib
[4.627s] copying /home/pioneer-ii/pioneer_ws/build/rsl_gps/build/lib/rsl_gps/quat_publisher.py -> /home/pioneer-ii/pioneer_ws/install/rsl_gps/lib/python3.8/site-packages/rsl_gps
[4.629s] byte-compiling /home/pioneer-ii/pioneer_ws/install/rsl_gps/lib/python3.8/site-packages/rsl_gps/quat_publisher.py to quat_publisher.cpython-38.pyc
[4.633s] running install_data
[4.635s] running install_egg_info
[4.640s] removing '/home/pioneer-ii/pioneer_ws/install/rsl_gps/lib/python3.8/site-packages/rsl_gps-0.0.0-py3.8.egg-info' (and everything under it)
[4.641s] Copying ../../build/rsl_gps/rsl_gps.egg-info to /home/pioneer-ii/pioneer_ws/install/rsl_gps/lib/python3.8/site-packages/rsl_gps-0.0.0-py3.8.egg-info
[4.643s] running install_scripts
[4.697s] Installing run_gps script to /home/pioneer-ii/pioneer_ws/install/rsl_gps/lib/rsl_gps
[4.697s] Installing run_imu script to /home/pioneer-ii/pioneer_ws/install/rsl_gps/lib/rsl_gps
[4.698s] writing list of installed files to '/home/pioneer-ii/pioneer_ws/build/rsl_gps/install.log'
[5.218s] Invoked command in '/home/pioneer-ii/pioneer_ws/src/rsl_gps' returned '0': PYTHONPATH=/home/pioneer-ii/pioneer_ws/build/rsl_gps/prefix_override:/home/pioneer-ii/pioneer_ws/install/rsl_gps/lib/python3.8/site-packages:${PYTHONPATH} /usr/bin/python3 setup.py egg_info --egg-base ../../build/rsl_gps build --build-base /home/pioneer-ii/pioneer_ws/build/rsl_gps/build install --record /home/pioneer-ii/pioneer_ws/build/rsl_gps/install.log --single-version-externally-managed
