[4.583s] DEBUG:colcon:Command line arguments: ['/usr/bin/colcon', 'build']
[4.583s] DEBUG:colcon:Parsed command line arguments: Namespace(allow_overriding=[], ament_cmake_args=None, base_paths=['.'], build_base='build', catkin_cmake_args=None, catkin_skip_building_tests=False, cmake_args=None, cmake_clean_cache=False, cmake_clean_first=False, cmake_force_configure=False, cmake_target=None, cmake_target_skip_unavailable=False, continue_on_error=False, event_handlers=None, executor='parallel', ignore_user_meta=False, install_base='install', log_base=None, log_level=None, main=<bound method BuildVerb.main of <colcon_core.verb.build.BuildVerb object at 0xffff80d40820>>, merge_install=False, metas=['./colcon.meta'], packages_above=None, packages_above_and_dependencies=None, packages_above_depth=None, packages_end=None, packages_ignore=None, packages_ignore_regex=None, packages_select=None, packages_select_build_failed=False, packages_select_by_dep=None, packages_select_regex=None, packages_select_test_failures=False, packages_skip=None, packages_skip_build_finished=False, packages_skip_by_dep=None, packages_skip_regex=None, packages_skip_test_passed=False, packages_skip_up_to=None, packages_start=None, packages_up_to=None, packages_up_to_regex=None, parallel_workers=6, paths=None, symlink_install=False, test_result_base=None, verb_extension=<colcon_core.verb.build.BuildVerb object at 0xffff80d40820>, verb_name='build', verb_parser=<colcon_defaults.argument_parser.defaults.DefaultArgumentsDecorator object at 0xffff80d347c0>)
[4.819s] Level 1:colcon.colcon_core.package_discovery:discover_packages(colcon_meta) check parameters
[4.819s] Level 1:colcon.colcon_core.package_discovery:discover_packages(recursive) check parameters
[4.819s] Level 1:colcon.colcon_core.package_discovery:discover_packages(ignore) check parameters
[4.819s] Level 1:colcon.colcon_core.package_discovery:discover_packages(path) check parameters
[4.820s] Level 1:colcon.colcon_core.package_discovery:discover_packages(colcon_meta) discover
[4.820s] Level 1:colcon.colcon_core.package_discovery:discover_packages(recursive) discover
[4.820s] INFO:colcon.colcon_core.package_discovery:Crawling recursively for packages in '/home/pioneer-ii/pioneer_ws'
[4.820s] Level 1:colcon.colcon_core.package_identification:_identify(.) by extensions ['ignore', 'ignore_ament_install']
[4.820s] Level 1:colcon.colcon_core.package_identification:_identify(.) by extension 'ignore'
[4.821s] Level 1:colcon.colcon_core.package_identification:_identify(.) by extension 'ignore_ament_install'
[4.821s] Level 1:colcon.colcon_core.package_identification:_identify(.) by extensions ['colcon_pkg']
[4.821s] Level 1:colcon.colcon_core.package_identification:_identify(.) by extension 'colcon_pkg'
[4.821s] Level 1:colcon.colcon_core.package_identification:_identify(.) by extensions ['colcon_meta']
[4.821s] Level 1:colcon.colcon_core.package_identification:_identify(.) by extension 'colcon_meta'
[4.821s] Level 1:colcon.colcon_core.package_identification:_identify(.) by extensions ['ros']
[4.821s] Level 1:colcon.colcon_core.package_identification:_identify(.) by extension 'ros'
[4.846s] Level 1:colcon.colcon_core.package_identification:_identify(.) by extensions ['cmake', 'python']
[4.847s] Level 1:colcon.colcon_core.package_identification:_identify(.) by extension 'cmake'
[4.847s] Level 1:colcon.colcon_core.package_identification:_identify(.) by extension 'python'
[4.847s] Level 1:colcon.colcon_core.package_identification:_identify(.) by extensions ['python_setup_py']
[4.847s] Level 1:colcon.colcon_core.package_identification:_identify(.) by extension 'python_setup_py'
[4.847s] Level 1:colcon.colcon_core.package_identification:_identify(build) by extensions ['ignore', 'ignore_ament_install']
[4.848s] Level 1:colcon.colcon_core.package_identification:_identify(build) by extension 'ignore'
[4.848s] Level 1:colcon.colcon_core.package_identification:_identify(build) ignored
[4.848s] Level 1:colcon.colcon_core.package_identification:_identify(install) by extensions ['ignore', 'ignore_ament_install']
[4.848s] Level 1:colcon.colcon_core.package_identification:_identify(install) by extension 'ignore'
[4.848s] Level 1:colcon.colcon_core.package_identification:_identify(install) ignored
[4.849s] Level 1:colcon.colcon_core.package_identification:_identify(log) by extensions ['ignore', 'ignore_ament_install']
[4.849s] Level 1:colcon.colcon_core.package_identification:_identify(log) by extension 'ignore'
[4.849s] Level 1:colcon.colcon_core.package_identification:_identify(log) ignored
[4.849s] Level 1:colcon.colcon_core.package_identification:_identify(src) by extensions ['ignore', 'ignore_ament_install']
[4.849s] Level 1:colcon.colcon_core.package_identification:_identify(src) by extension 'ignore'
[4.850s] Level 1:colcon.colcon_core.package_identification:_identify(src) by extension 'ignore_ament_install'
[4.850s] Level 1:colcon.colcon_core.package_identification:_identify(src) by extensions ['colcon_pkg']
[4.850s] Level 1:colcon.colcon_core.package_identification:_identify(src) by extension 'colcon_pkg'
[4.850s] Level 1:colcon.colcon_core.package_identification:_identify(src) by extensions ['colcon_meta']
[4.850s] Level 1:colcon.colcon_core.package_identification:_identify(src) by extension 'colcon_meta'
[4.850s] Level 1:colcon.colcon_core.package_identification:_identify(src) by extensions ['ros']
[4.850s] Level 1:colcon.colcon_core.package_identification:_identify(src) by extension 'ros'
[4.850s] Level 1:colcon.colcon_core.package_identification:_identify(src) by extensions ['cmake', 'python']
[4.850s] Level 1:colcon.colcon_core.package_identification:_identify(src) by extension 'cmake'
[4.850s] Level 1:colcon.colcon_core.package_identification:_identify(src) by extension 'python'
[4.850s] Level 1:colcon.colcon_core.package_identification:_identify(src) by extensions ['python_setup_py']
[4.851s] Level 1:colcon.colcon_core.package_identification:_identify(src) by extension 'python_setup_py'
[4.851s] Level 1:colcon.colcon_core.package_identification:_identify(src/build) by extensions ['ignore', 'ignore_ament_install']
[4.851s] Level 1:colcon.colcon_core.package_identification:_identify(src/build) by extension 'ignore'
[4.851s] Level 1:colcon.colcon_core.package_identification:_identify(src/build) ignored
[4.851s] Level 1:colcon.colcon_core.package_identification:_identify(src/install) by extensions ['ignore', 'ignore_ament_install']
[4.851s] Level 1:colcon.colcon_core.package_identification:_identify(src/install) by extension 'ignore'
[4.852s] Level 1:colcon.colcon_core.package_identification:_identify(src/install) ignored
[4.852s] Level 1:colcon.colcon_core.package_identification:_identify(src/locomotion_core) by extensions ['ignore', 'ignore_ament_install']
[4.852s] Level 1:colcon.colcon_core.package_identification:_identify(src/locomotion_core) by extension 'ignore'
[4.852s] Level 1:colcon.colcon_core.package_identification:_identify(src/locomotion_core) by extension 'ignore_ament_install'
[4.852s] Level 1:colcon.colcon_core.package_identification:_identify(src/locomotion_core) by extensions ['colcon_pkg']
[4.852s] Level 1:colcon.colcon_core.package_identification:_identify(src/locomotion_core) by extension 'colcon_pkg'
[4.852s] Level 1:colcon.colcon_core.package_identification:_identify(src/locomotion_core) by extensions ['colcon_meta']
[4.852s] Level 1:colcon.colcon_core.package_identification:_identify(src/locomotion_core) by extension 'colcon_meta'
[4.852s] Level 1:colcon.colcon_core.package_identification:_identify(src/locomotion_core) by extensions ['ros']
[4.853s] Level 1:colcon.colcon_core.package_identification:_identify(src/locomotion_core) by extension 'ros'
[4.858s] DEBUG:colcon.colcon_core.package_identification:Package 'src/locomotion_core' with type 'ros.ament_python' and name 'locomotion_core'
[4.858s] Level 1:colcon.colcon_core.package_identification:_identify(src/log) by extensions ['ignore', 'ignore_ament_install']
[4.859s] Level 1:colcon.colcon_core.package_identification:_identify(src/log) by extension 'ignore'
[4.859s] Level 1:colcon.colcon_core.package_identification:_identify(src/log) ignored
[4.859s] Level 1:colcon.colcon_core.package_identification:_identify(src/navigation_core) by extensions ['ignore', 'ignore_ament_install']
[4.859s] Level 1:colcon.colcon_core.package_identification:_identify(src/navigation_core) by extension 'ignore'
[4.859s] Level 1:colcon.colcon_core.package_identification:_identify(src/navigation_core) by extension 'ignore_ament_install'
[4.860s] Level 1:colcon.colcon_core.package_identification:_identify(src/navigation_core) by extensions ['colcon_pkg']
[4.860s] Level 1:colcon.colcon_core.package_identification:_identify(src/navigation_core) by extension 'colcon_pkg'
[4.860s] Level 1:colcon.colcon_core.package_identification:_identify(src/navigation_core) by extensions ['colcon_meta']
[4.860s] Level 1:colcon.colcon_core.package_identification:_identify(src/navigation_core) by extension 'colcon_meta'
[4.860s] Level 1:colcon.colcon_core.package_identification:_identify(src/navigation_core) by extensions ['ros']
[4.860s] Level 1:colcon.colcon_core.package_identification:_identify(src/navigation_core) by extension 'ros'
[4.861s] DEBUG:colcon.colcon_core.package_identification:Package 'src/navigation_core' with type 'ros.ament_python' and name 'navigation_core'
[4.861s] Level 1:colcon.colcon_core.package_identification:_identify(src/rover_launch) by extensions ['ignore', 'ignore_ament_install']
[4.861s] Level 1:colcon.colcon_core.package_identification:_identify(src/rover_launch) by extension 'ignore'
[4.861s] Level 1:colcon.colcon_core.package_identification:_identify(src/rover_launch) by extension 'ignore_ament_install'
[4.862s] Level 1:colcon.colcon_core.package_identification:_identify(src/rover_launch) by extensions ['colcon_pkg']
[4.862s] Level 1:colcon.colcon_core.package_identification:_identify(src/rover_launch) by extension 'colcon_pkg'
[4.862s] Level 1:colcon.colcon_core.package_identification:_identify(src/rover_launch) by extensions ['colcon_meta']
[4.862s] Level 1:colcon.colcon_core.package_identification:_identify(src/rover_launch) by extension 'colcon_meta'
[4.862s] Level 1:colcon.colcon_core.package_identification:_identify(src/rover_launch) by extensions ['ros']
[4.862s] Level 1:colcon.colcon_core.package_identification:_identify(src/rover_launch) by extension 'ros'
[4.863s] DEBUG:colcon.colcon_core.package_identification:Package 'src/rover_launch' with type 'ros.ament_cmake' and name 'rover_launch'
[4.863s] Level 1:colcon.colcon_core.package_identification:_identify(src/rover_teleop_joy) by extensions ['ignore', 'ignore_ament_install']
[4.863s] Level 1:colcon.colcon_core.package_identification:_identify(src/rover_teleop_joy) by extension 'ignore'
[4.863s] Level 1:colcon.colcon_core.package_identification:_identify(src/rover_teleop_joy) by extension 'ignore_ament_install'
[4.863s] Level 1:colcon.colcon_core.package_identification:_identify(src/rover_teleop_joy) by extensions ['colcon_pkg']
[4.864s] Level 1:colcon.colcon_core.package_identification:_identify(src/rover_teleop_joy) by extension 'colcon_pkg'
[4.864s] Level 1:colcon.colcon_core.package_identification:_identify(src/rover_teleop_joy) by extensions ['colcon_meta']
[4.864s] Level 1:colcon.colcon_core.package_identification:_identify(src/rover_teleop_joy) by extension 'colcon_meta'
[4.864s] Level 1:colcon.colcon_core.package_identification:_identify(src/rover_teleop_joy) by extensions ['ros']
[4.864s] Level 1:colcon.colcon_core.package_identification:_identify(src/rover_teleop_joy) by extension 'ros'
[4.865s] DEBUG:colcon.colcon_core.package_identification:Package 'src/rover_teleop_joy' with type 'ros.ament_python' and name 'rover_teleop_joy'
[4.865s] Level 1:colcon.colcon_core.package_identification:_identify(src/rsl_gps) by extensions ['ignore', 'ignore_ament_install']
[4.865s] Level 1:colcon.colcon_core.package_identification:_identify(src/rsl_gps) by extension 'ignore'
[4.865s] Level 1:colcon.colcon_core.package_identification:_identify(src/rsl_gps) by extension 'ignore_ament_install'
[4.865s] Level 1:colcon.colcon_core.package_identification:_identify(src/rsl_gps) by extensions ['colcon_pkg']
[4.865s] Level 1:colcon.colcon_core.package_identification:_identify(src/rsl_gps) by extension 'colcon_pkg'
[4.866s] Level 1:colcon.colcon_core.package_identification:_identify(src/rsl_gps) by extensions ['colcon_meta']
[4.866s] Level 1:colcon.colcon_core.package_identification:_identify(src/rsl_gps) by extension 'colcon_meta'
[4.866s] Level 1:colcon.colcon_core.package_identification:_identify(src/rsl_gps) by extensions ['ros']
[4.866s] Level 1:colcon.colcon_core.package_identification:_identify(src/rsl_gps) by extension 'ros'
[4.867s] DEBUG:colcon.colcon_core.package_identification:Package 'src/rsl_gps' with type 'ros.ament_python' and name 'rsl_gps'
[4.867s] Level 1:colcon.colcon_core.package_identification:_identify(src/rsl_imu) by extensions ['ignore', 'ignore_ament_install']
[4.867s] Level 1:colcon.colcon_core.package_identification:_identify(src/rsl_imu) by extension 'ignore'
[4.867s] Level 1:colcon.colcon_core.package_identification:_identify(src/rsl_imu) by extension 'ignore_ament_install'
[4.867s] Level 1:colcon.colcon_core.package_identification:_identify(src/rsl_imu) by extensions ['colcon_pkg']
[4.867s] Level 1:colcon.colcon_core.package_identification:_identify(src/rsl_imu) by extension 'colcon_pkg'
[4.867s] Level 1:colcon.colcon_core.package_identification:_identify(src/rsl_imu) by extensions ['colcon_meta']
[4.867s] Level 1:colcon.colcon_core.package_identification:_identify(src/rsl_imu) by extension 'colcon_meta'
[4.868s] Level 1:colcon.colcon_core.package_identification:_identify(src/rsl_imu) by extensions ['ros']
[4.868s] Level 1:colcon.colcon_core.package_identification:_identify(src/rsl_imu) by extension 'ros'
[4.868s] DEBUG:colcon.colcon_core.package_identification:Package 'src/rsl_imu' with type 'ros.ament_python' and name 'rsl_imu'
[4.869s] Level 1:colcon.colcon_core.package_discovery:discover_packages(recursive) using defaults
[4.869s] Level 1:colcon.colcon_core.package_discovery:discover_packages(ignore) discover
[4.869s] Level 1:colcon.colcon_core.package_discovery:discover_packages(ignore) using defaults
[4.869s] Level 1:colcon.colcon_core.package_discovery:discover_packages(path) discover
[4.869s] Level 1:colcon.colcon_core.package_discovery:discover_packages(path) using defaults
[5.288s] Level 1:colcon.colcon_core.package_discovery:discover_packages(prefix_path) check parameters
[5.289s] Level 1:colcon.colcon_core.package_discovery:discover_packages(prefix_path) discover
[5.443s] DEBUG:colcon.colcon_installed_package_information.package_discovery:Found 6 installed packages in /home/pioneer-ii/pioneer_ws/install
[5.520s] DEBUG:colcon.colcon_installed_package_information.package_discovery:Found 256 installed packages in /opt/ros/foxy
[5.523s] Level 1:colcon.colcon_core.package_discovery:discover_packages(prefix_path) using defaults
[5.867s] Level 5:colcon.colcon_core.verb:set package 'locomotion_core' build argument 'cmake_args' from command line to 'None'
[5.867s] Level 5:colcon.colcon_core.verb:set package 'locomotion_core' build argument 'cmake_target' from command line to 'None'
[5.867s] Level 5:colcon.colcon_core.verb:set package 'locomotion_core' build argument 'cmake_target_skip_unavailable' from command line to 'False'
[5.867s] Level 5:colcon.colcon_core.verb:set package 'locomotion_core' build argument 'cmake_clean_cache' from command line to 'False'
[5.867s] Level 5:colcon.colcon_core.verb:set package 'locomotion_core' build argument 'cmake_clean_first' from command line to 'False'
[5.867s] Level 5:colcon.colcon_core.verb:set package 'locomotion_core' build argument 'cmake_force_configure' from command line to 'False'
[5.867s] Level 5:colcon.colcon_core.verb:set package 'locomotion_core' build argument 'ament_cmake_args' from command line to 'None'
[5.867s] Level 5:colcon.colcon_core.verb:set package 'locomotion_core' build argument 'catkin_cmake_args' from command line to 'None'
[5.867s] Level 5:colcon.colcon_core.verb:set package 'locomotion_core' build argument 'catkin_skip_building_tests' from command line to 'False'
[5.867s] DEBUG:colcon.colcon_core.verb:Building package 'locomotion_core' with the following arguments: {'ament_cmake_args': None, 'build_base': '/home/pioneer-ii/pioneer_ws/build/locomotion_core', 'catkin_cmake_args': None, 'catkin_skip_building_tests': False, 'cmake_args': None, 'cmake_clean_cache': False, 'cmake_clean_first': False, 'cmake_force_configure': False, 'cmake_target': None, 'cmake_target_skip_unavailable': False, 'install_base': '/home/pioneer-ii/pioneer_ws/install/locomotion_core', 'merge_install': False, 'path': '/home/pioneer-ii/pioneer_ws/src/locomotion_core', 'symlink_install': False, 'test_result_base': None}
[5.945s] Level 5:colcon.colcon_core.verb:set package 'navigation_core' build argument 'cmake_args' from command line to 'None'
[5.945s] Level 5:colcon.colcon_core.verb:set package 'navigation_core' build argument 'cmake_target' from command line to 'None'
[5.945s] Level 5:colcon.colcon_core.verb:set package 'navigation_core' build argument 'cmake_target_skip_unavailable' from command line to 'False'
[5.945s] Level 5:colcon.colcon_core.verb:set package 'navigation_core' build argument 'cmake_clean_cache' from command line to 'False'
[5.945s] Level 5:colcon.colcon_core.verb:set package 'navigation_core' build argument 'cmake_clean_first' from command line to 'False'
[5.945s] Level 5:colcon.colcon_core.verb:set package 'navigation_core' build argument 'cmake_force_configure' from command line to 'False'
[5.945s] Level 5:colcon.colcon_core.verb:set package 'navigation_core' build argument 'ament_cmake_args' from command line to 'None'
[5.945s] Level 5:colcon.colcon_core.verb:set package 'navigation_core' build argument 'catkin_cmake_args' from command line to 'None'
[5.945s] Level 5:colcon.colcon_core.verb:set package 'navigation_core' build argument 'catkin_skip_building_tests' from command line to 'False'
[5.945s] DEBUG:colcon.colcon_core.verb:Building package 'navigation_core' with the following arguments: {'ament_cmake_args': None, 'build_base': '/home/pioneer-ii/pioneer_ws/build/navigation_core', 'catkin_cmake_args': None, 'catkin_skip_building_tests': False, 'cmake_args': None, 'cmake_clean_cache': False, 'cmake_clean_first': False, 'cmake_force_configure': False, 'cmake_target': None, 'cmake_target_skip_unavailable': False, 'install_base': '/home/pioneer-ii/pioneer_ws/install/navigation_core', 'merge_install': False, 'path': '/home/pioneer-ii/pioneer_ws/src/navigation_core', 'symlink_install': False, 'test_result_base': None}
[6.022s] Level 5:colcon.colcon_core.verb:set package 'rover_launch' build argument 'cmake_args' from command line to 'None'
[6.023s] Level 5:colcon.colcon_core.verb:set package 'rover_launch' build argument 'cmake_target' from command line to 'None'
[6.023s] Level 5:colcon.colcon_core.verb:set package 'rover_launch' build argument 'cmake_target_skip_unavailable' from command line to 'False'
[6.023s] Level 5:colcon.colcon_core.verb:set package 'rover_launch' build argument 'cmake_clean_cache' from command line to 'False'
[6.023s] Level 5:colcon.colcon_core.verb:set package 'rover_launch' build argument 'cmake_clean_first' from command line to 'False'
[6.023s] Level 5:colcon.colcon_core.verb:set package 'rover_launch' build argument 'cmake_force_configure' from command line to 'False'
[6.023s] Level 5:colcon.colcon_core.verb:set package 'rover_launch' build argument 'ament_cmake_args' from command line to 'None'
[6.023s] Level 5:colcon.colcon_core.verb:set package 'rover_launch' build argument 'catkin_cmake_args' from command line to 'None'
[6.023s] Level 5:colcon.colcon_core.verb:set package 'rover_launch' build argument 'catkin_skip_building_tests' from command line to 'False'
[6.023s] DEBUG:colcon.colcon_core.verb:Building package 'rover_launch' with the following arguments: {'ament_cmake_args': None, 'build_base': '/home/pioneer-ii/pioneer_ws/build/rover_launch', 'catkin_cmake_args': None, 'catkin_skip_building_tests': False, 'cmake_args': None, 'cmake_clean_cache': False, 'cmake_clean_first': False, 'cmake_force_configure': False, 'cmake_target': None, 'cmake_target_skip_unavailable': False, 'install_base': '/home/pioneer-ii/pioneer_ws/install/rover_launch', 'merge_install': False, 'path': '/home/pioneer-ii/pioneer_ws/src/rover_launch', 'symlink_install': False, 'test_result_base': None}
[6.099s] Level 5:colcon.colcon_core.verb:set package 'rover_teleop_joy' build argument 'cmake_args' from command line to 'None'
[6.099s] Level 5:colcon.colcon_core.verb:set package 'rover_teleop_joy' build argument 'cmake_target' from command line to 'None'
[6.099s] Level 5:colcon.colcon_core.verb:set package 'rover_teleop_joy' build argument 'cmake_target_skip_unavailable' from command line to 'False'
[6.099s] Level 5:colcon.colcon_core.verb:set package 'rover_teleop_joy' build argument 'cmake_clean_cache' from command line to 'False'
[6.099s] Level 5:colcon.colcon_core.verb:set package 'rover_teleop_joy' build argument 'cmake_clean_first' from command line to 'False'
[6.099s] Level 5:colcon.colcon_core.verb:set package 'rover_teleop_joy' build argument 'cmake_force_configure' from command line to 'False'
[6.100s] Level 5:colcon.colcon_core.verb:set package 'rover_teleop_joy' build argument 'ament_cmake_args' from command line to 'None'
[6.100s] Level 5:colcon.colcon_core.verb:set package 'rover_teleop_joy' build argument 'catkin_cmake_args' from command line to 'None'
[6.100s] Level 5:colcon.colcon_core.verb:set package 'rover_teleop_joy' build argument 'catkin_skip_building_tests' from command line to 'False'
[6.100s] DEBUG:colcon.colcon_core.verb:Building package 'rover_teleop_joy' with the following arguments: {'ament_cmake_args': None, 'build_base': '/home/pioneer-ii/pioneer_ws/build/rover_teleop_joy', 'catkin_cmake_args': None, 'catkin_skip_building_tests': False, 'cmake_args': None, 'cmake_clean_cache': False, 'cmake_clean_first': False, 'cmake_force_configure': False, 'cmake_target': None, 'cmake_target_skip_unavailable': False, 'install_base': '/home/pioneer-ii/pioneer_ws/install/rover_teleop_joy', 'merge_install': False, 'path': '/home/pioneer-ii/pioneer_ws/src/rover_teleop_joy', 'symlink_install': False, 'test_result_base': None}
[6.176s] Level 5:colcon.colcon_core.verb:set package 'rsl_gps' build argument 'cmake_args' from command line to 'None'
[6.176s] Level 5:colcon.colcon_core.verb:set package 'rsl_gps' build argument 'cmake_target' from command line to 'None'
[6.176s] Level 5:colcon.colcon_core.verb:set package 'rsl_gps' build argument 'cmake_target_skip_unavailable' from command line to 'False'
[6.176s] Level 5:colcon.colcon_core.verb:set package 'rsl_gps' build argument 'cmake_clean_cache' from command line to 'False'
[6.176s] Level 5:colcon.colcon_core.verb:set package 'rsl_gps' build argument 'cmake_clean_first' from command line to 'False'
[6.176s] Level 5:colcon.colcon_core.verb:set package 'rsl_gps' build argument 'cmake_force_configure' from command line to 'False'
[6.176s] Level 5:colcon.colcon_core.verb:set package 'rsl_gps' build argument 'ament_cmake_args' from command line to 'None'
[6.176s] Level 5:colcon.colcon_core.verb:set package 'rsl_gps' build argument 'catkin_cmake_args' from command line to 'None'
[6.176s] Level 5:colcon.colcon_core.verb:set package 'rsl_gps' build argument 'catkin_skip_building_tests' from command line to 'False'
[6.176s] DEBUG:colcon.colcon_core.verb:Building package 'rsl_gps' with the following arguments: {'ament_cmake_args': None, 'build_base': '/home/pioneer-ii/pioneer_ws/build/rsl_gps', 'catkin_cmake_args': None, 'catkin_skip_building_tests': False, 'cmake_args': None, 'cmake_clean_cache': False, 'cmake_clean_first': False, 'cmake_force_configure': False, 'cmake_target': None, 'cmake_target_skip_unavailable': False, 'install_base': '/home/pioneer-ii/pioneer_ws/install/rsl_gps', 'merge_install': False, 'path': '/home/pioneer-ii/pioneer_ws/src/rsl_gps', 'symlink_install': False, 'test_result_base': None}
[6.252s] Level 5:colcon.colcon_core.verb:set package 'rsl_imu' build argument 'cmake_args' from command line to 'None'
[6.252s] Level 5:colcon.colcon_core.verb:set package 'rsl_imu' build argument 'cmake_target' from command line to 'None'
[6.252s] Level 5:colcon.colcon_core.verb:set package 'rsl_imu' build argument 'cmake_target_skip_unavailable' from command line to 'False'
[6.252s] Level 5:colcon.colcon_core.verb:set package 'rsl_imu' build argument 'cmake_clean_cache' from command line to 'False'
[6.253s] Level 5:colcon.colcon_core.verb:set package 'rsl_imu' build argument 'cmake_clean_first' from command line to 'False'
[6.253s] Level 5:colcon.colcon_core.verb:set package 'rsl_imu' build argument 'cmake_force_configure' from command line to 'False'
[6.253s] Level 5:colcon.colcon_core.verb:set package 'rsl_imu' build argument 'ament_cmake_args' from command line to 'None'
[6.253s] Level 5:colcon.colcon_core.verb:set package 'rsl_imu' build argument 'catkin_cmake_args' from command line to 'None'
[6.253s] Level 5:colcon.colcon_core.verb:set package 'rsl_imu' build argument 'catkin_skip_building_tests' from command line to 'False'
[6.253s] DEBUG:colcon.colcon_core.verb:Building package 'rsl_imu' with the following arguments: {'ament_cmake_args': None, 'build_base': '/home/pioneer-ii/pioneer_ws/build/rsl_imu', 'catkin_cmake_args': None, 'catkin_skip_building_tests': False, 'cmake_args': None, 'cmake_clean_cache': False, 'cmake_clean_first': False, 'cmake_force_configure': False, 'cmake_target': None, 'cmake_target_skip_unavailable': False, 'install_base': '/home/pioneer-ii/pioneer_ws/install/rsl_imu', 'merge_install': False, 'path': '/home/pioneer-ii/pioneer_ws/src/rsl_imu', 'symlink_install': False, 'test_result_base': None}
[6.328s] INFO:colcon.colcon_core.executor:Executing jobs using 'parallel' executor
[6.407s] DEBUG:colcon.colcon_parallel_executor.executor.parallel:run_until_complete
[6.408s] INFO:colcon.colcon_ros.task.ament_python.build:Building ROS package in '/home/pioneer-ii/pioneer_ws/src/locomotion_core' with build type 'ament_python'
[6.408s] Level 1:colcon.colcon_core.shell:create_environment_hook('locomotion_core', 'ament_prefix_path')
[6.491s] INFO:colcon.colcon_core.plugin_system:Skipping extension 'colcon_core.shell.bat': Not used on non-Windows systems
[6.492s] INFO:colcon.colcon_core.shell:Creating environment hook '/home/pioneer-ii/pioneer_ws/install/locomotion_core/share/locomotion_core/hook/ament_prefix_path.ps1'
[6.494s] INFO:colcon.colcon_core.shell:Creating environment descriptor '/home/pioneer-ii/pioneer_ws/install/locomotion_core/share/locomotion_core/hook/ament_prefix_path.dsv'
[6.495s] INFO:colcon.colcon_core.shell:Creating environment hook '/home/pioneer-ii/pioneer_ws/install/locomotion_core/share/locomotion_core/hook/ament_prefix_path.sh'
[6.580s] INFO:colcon.colcon_core.shell:Skip shell extension 'powershell' for command environment: Not usable outside of PowerShell
[6.580s] DEBUG:colcon.colcon_core.shell:Skip shell extension 'dsv' for command environment
[6.829s] INFO:colcon.colcon_ros.task.ament_python.build:Building ROS package in '/home/pioneer-ii/pioneer_ws/src/navigation_core' with build type 'ament_python'
[6.830s] Level 1:colcon.colcon_core.shell:create_environment_hook('navigation_core', 'ament_prefix_path')
[6.913s] INFO:colcon.colcon_core.shell:Creating environment hook '/home/pioneer-ii/pioneer_ws/install/navigation_core/share/navigation_core/hook/ament_prefix_path.ps1'
[6.914s] INFO:colcon.colcon_core.shell:Creating environment descriptor '/home/pioneer-ii/pioneer_ws/install/navigation_core/share/navigation_core/hook/ament_prefix_path.dsv'
[6.915s] INFO:colcon.colcon_core.shell:Creating environment hook '/home/pioneer-ii/pioneer_ws/install/navigation_core/share/navigation_core/hook/ament_prefix_path.sh'
[6.994s] INFO:colcon.colcon_core.shell:Skip shell extension 'powershell' for command environment: Not usable outside of PowerShell
[6.995s] DEBUG:colcon.colcon_core.shell:Skip shell extension 'dsv' for command environment
[7.249s] INFO:colcon.colcon_ros.task.ament_cmake.build:Building ROS package in '/home/pioneer-ii/pioneer_ws/src/rover_launch' with build type 'ament_cmake'
[7.250s] INFO:colcon.colcon_cmake.task.cmake.build:Building CMake package in '/home/pioneer-ii/pioneer_ws/src/rover_launch'
[7.332s] INFO:colcon.colcon_core.shell:Skip shell extension 'powershell' for command environment: Not usable outside of PowerShell
[7.333s] DEBUG:colcon.colcon_core.shell:Skip shell extension 'dsv' for command environment
[7.587s] INFO:colcon.colcon_ros.task.ament_python.build:Building ROS package in '/home/pioneer-ii/pioneer_ws/src/rover_teleop_joy' with build type 'ament_python'
[7.588s] Level 1:colcon.colcon_core.shell:create_environment_hook('rover_teleop_joy', 'ament_prefix_path')
[7.670s] INFO:colcon.colcon_core.shell:Creating environment hook '/home/pioneer-ii/pioneer_ws/install/rover_teleop_joy/share/rover_teleop_joy/hook/ament_prefix_path.ps1'
[7.672s] INFO:colcon.colcon_core.shell:Creating environment descriptor '/home/pioneer-ii/pioneer_ws/install/rover_teleop_joy/share/rover_teleop_joy/hook/ament_prefix_path.dsv'
[7.673s] INFO:colcon.colcon_core.shell:Creating environment hook '/home/pioneer-ii/pioneer_ws/install/rover_teleop_joy/share/rover_teleop_joy/hook/ament_prefix_path.sh'
[7.753s] INFO:colcon.colcon_core.shell:Skip shell extension 'powershell' for command environment: Not usable outside of PowerShell
[7.753s] DEBUG:colcon.colcon_core.shell:Skip shell extension 'dsv' for command environment
[8.005s] INFO:colcon.colcon_ros.task.ament_python.build:Building ROS package in '/home/pioneer-ii/pioneer_ws/src/rsl_gps' with build type 'ament_python'
[8.006s] Level 1:colcon.colcon_core.shell:create_environment_hook('rsl_gps', 'ament_prefix_path')
[8.088s] INFO:colcon.colcon_core.shell:Creating environment hook '/home/pioneer-ii/pioneer_ws/install/rsl_gps/share/rsl_gps/hook/ament_prefix_path.ps1'
[8.090s] INFO:colcon.colcon_core.shell:Creating environment descriptor '/home/pioneer-ii/pioneer_ws/install/rsl_gps/share/rsl_gps/hook/ament_prefix_path.dsv'
[8.090s] INFO:colcon.colcon_core.shell:Creating environment hook '/home/pioneer-ii/pioneer_ws/install/rsl_gps/share/rsl_gps/hook/ament_prefix_path.sh'
[8.170s] INFO:colcon.colcon_core.shell:Skip shell extension 'powershell' for command environment: Not usable outside of PowerShell
[8.170s] DEBUG:colcon.colcon_core.shell:Skip shell extension 'dsv' for command environment
[8.485s] INFO:colcon.colcon_ros.task.ament_python.build:Building ROS package in '/home/pioneer-ii/pioneer_ws/src/rsl_imu' with build type 'ament_python'
[8.486s] Level 1:colcon.colcon_core.shell:create_environment_hook('rsl_imu', 'ament_prefix_path')
[8.577s] INFO:colcon.colcon_core.shell:Creating environment hook '/home/pioneer-ii/pioneer_ws/install/rsl_imu/share/rsl_imu/hook/ament_prefix_path.ps1'
[8.579s] INFO:colcon.colcon_core.shell:Creating environment descriptor '/home/pioneer-ii/pioneer_ws/install/rsl_imu/share/rsl_imu/hook/ament_prefix_path.dsv'
[8.580s] INFO:colcon.colcon_core.shell:Creating environment hook '/home/pioneer-ii/pioneer_ws/install/rsl_imu/share/rsl_imu/hook/ament_prefix_path.sh'
[8.668s] INFO:colcon.colcon_core.shell:Skip shell extension 'powershell' for command environment: Not usable outside of PowerShell
[8.669s] DEBUG:colcon.colcon_core.shell:Skip shell extension 'dsv' for command environment
[9.435s] INFO:colcon.colcon_core.task.python.build:Building Python package in '/home/pioneer-ii/pioneer_ws/src/locomotion_core'
[9.519s] INFO:colcon.colcon_core.shell:Skip shell extension 'powershell' for command environment: Not usable outside of PowerShell
[9.519s] DEBUG:colcon.colcon_core.shell:Skip shell extension 'dsv' for command environment
[10.278s] INFO:colcon.colcon_core.task.python.build:Building Python package in '/home/pioneer-ii/pioneer_ws/src/navigation_core'
[10.363s] INFO:colcon.colcon_core.shell:Skip shell extension 'powershell' for command environment: Not usable outside of PowerShell
[10.363s] DEBUG:colcon.colcon_core.shell:Skip shell extension 'dsv' for command environment
[10.628s] DEBUG:colcon.colcon_core.event_handler.log_command:Invoking command in '/home/pioneer-ii/pioneer_ws/build/rover_launch': CMAKE_PREFIX_PATH=${CMAKE_PREFIX_PATH}:/home/pioneer-ii/pioneer_ws/install/rsl_imu:/home/pioneer-ii/pioneer_ws/install/rsl_gps:/home/pioneer-ii/pioneer_ws/install/rover_teleop_joy:/home/pioneer-ii/pioneer_ws/install/navigation_core:/home/pioneer-ii/pioneer_ws/install/locomotion_core:/opt/ros/foxy /usr/bin/cmake --build /home/pioneer-ii/pioneer_ws/build/rover_launch -- -j6 -l6
[11.156s] INFO:colcon.colcon_core.task.python.build:Building Python package in '/home/pioneer-ii/pioneer_ws/src/rover_teleop_joy'
[11.246s] INFO:colcon.colcon_core.shell:Skip shell extension 'powershell' for command environment: Not usable outside of PowerShell
[11.246s] DEBUG:colcon.colcon_core.shell:Skip shell extension 'dsv' for command environment
[12.012s] INFO:colcon.colcon_core.task.python.build:Building Python package in '/home/pioneer-ii/pioneer_ws/src/rsl_gps'
[12.096s] INFO:colcon.colcon_core.shell:Skip shell extension 'powershell' for command environment: Not usable outside of PowerShell
[12.096s] DEBUG:colcon.colcon_core.shell:Skip shell extension 'dsv' for command environment
[12.865s] INFO:colcon.colcon_core.task.python.build:Building Python package in '/home/pioneer-ii/pioneer_ws/src/rsl_imu'
[12.952s] INFO:colcon.colcon_core.shell:Skip shell extension 'powershell' for command environment: Not usable outside of PowerShell
[12.953s] DEBUG:colcon.colcon_core.shell:Skip shell extension 'dsv' for command environment
[13.212s] DEBUG:colcon.colcon_core.event_handler.log_command:Invoked command in '/home/pioneer-ii/pioneer_ws/build/rover_launch' returned '0': CMAKE_PREFIX_PATH=${CMAKE_PREFIX_PATH}:/home/pioneer-ii/pioneer_ws/install/rsl_imu:/home/pioneer-ii/pioneer_ws/install/rsl_gps:/home/pioneer-ii/pioneer_ws/install/rover_teleop_joy:/home/pioneer-ii/pioneer_ws/install/navigation_core:/home/pioneer-ii/pioneer_ws/install/locomotion_core:/opt/ros/foxy /usr/bin/cmake --build /home/pioneer-ii/pioneer_ws/build/rover_launch -- -j6 -l6
[13.379s] DEBUG:colcon.colcon_core.event_handler.log_command:Invoking command in '/home/pioneer-ii/pioneer_ws/build/rover_launch': CMAKE_PREFIX_PATH=${CMAKE_PREFIX_PATH}:/home/pioneer-ii/pioneer_ws/install/rsl_imu:/home/pioneer-ii/pioneer_ws/install/rsl_gps:/home/pioneer-ii/pioneer_ws/install/rover_teleop_joy:/home/pioneer-ii/pioneer_ws/install/navigation_core:/home/pioneer-ii/pioneer_ws/install/locomotion_core:/opt/ros/foxy /usr/bin/cmake --install /home/pioneer-ii/pioneer_ws/build/rover_launch
[13.559s] Level 1:colcon.colcon_core.environment:create_environment_scripts_only(rover_launch)
[13.569s] DEBUG:colcon.colcon_core.event_handler.log_command:Invoked command in '/home/pioneer-ii/pioneer_ws/build/rover_launch' returned '0': CMAKE_PREFIX_PATH=${CMAKE_PREFIX_PATH}:/home/pioneer-ii/pioneer_ws/install/rsl_imu:/home/pioneer-ii/pioneer_ws/install/rsl_gps:/home/pioneer-ii/pioneer_ws/install/rover_teleop_joy:/home/pioneer-ii/pioneer_ws/install/navigation_core:/home/pioneer-ii/pioneer_ws/install/locomotion_core:/opt/ros/foxy /usr/bin/cmake --install /home/pioneer-ii/pioneer_ws/build/rover_launch
[13.739s] Level 1:colcon.colcon_core.environment:checking '/home/pioneer-ii/pioneer_ws/install/rover_launch' for CMake module files
[13.740s] Level 1:colcon.colcon_core.environment:checking '/home/pioneer-ii/pioneer_ws/install/rover_launch' for CMake config files
[13.741s] Level 1:colcon.colcon_core.shell:create_environment_hook('rover_launch', 'cmake_prefix_path')
[13.847s] INFO:colcon.colcon_core.shell:Creating environment hook '/home/pioneer-ii/pioneer_ws/install/rover_launch/share/rover_launch/hook/cmake_prefix_path.ps1'
[13.850s] INFO:colcon.colcon_core.shell:Creating environment descriptor '/home/pioneer-ii/pioneer_ws/install/rover_launch/share/rover_launch/hook/cmake_prefix_path.dsv'
[13.852s] INFO:colcon.colcon_core.shell:Creating environment hook '/home/pioneer-ii/pioneer_ws/install/rover_launch/share/rover_launch/hook/cmake_prefix_path.sh'
[13.913s] Level 1:colcon.colcon_core.environment:checking '/home/pioneer-ii/pioneer_ws/install/rover_launch/bin'
[13.914s] Level 1:colcon.colcon_core.environment:checking '/home/pioneer-ii/pioneer_ws/install/rover_launch/lib/pkgconfig/rover_launch.pc'
[13.914s] Level 1:colcon.colcon_core.environment:checking '/home/pioneer-ii/pioneer_ws/install/rover_launch/lib/python3.8/site-packages'
[13.915s] Level 1:colcon.colcon_core.environment:checking '/home/pioneer-ii/pioneer_ws/install/rover_launch/bin'
[14.014s] INFO:colcon.colcon_core.shell:Creating package script '/home/pioneer-ii/pioneer_ws/install/rover_launch/share/rover_launch/package.ps1'
[14.017s] INFO:colcon.colcon_core.shell:Creating package descriptor '/home/pioneer-ii/pioneer_ws/install/rover_launch/share/rover_launch/package.dsv'
[14.155s] INFO:colcon.colcon_core.shell:Creating package script '/home/pioneer-ii/pioneer_ws/install/rover_launch/share/rover_launch/package.sh'
[14.160s] INFO:colcon.colcon_core.shell:Creating package script '/home/pioneer-ii/pioneer_ws/install/rover_launch/share/rover_launch/package.bash'
[14.162s] INFO:colcon.colcon_core.shell:Creating package script '/home/pioneer-ii/pioneer_ws/install/rover_launch/share/rover_launch/package.zsh'
[14.164s] Level 1:colcon.colcon_core.environment:create_file_with_runtime_dependencies(/home/pioneer-ii/pioneer_ws/install/rover_launch/share/colcon-core/packages/rover_launch)
[14.327s] Level 1:colcon.colcon_core.environment:create_environment_scripts_only(rover_launch)
[14.409s] Level 1:colcon.colcon_core.environment:checking '/home/pioneer-ii/pioneer_ws/install/rover_launch' for CMake module files
[14.411s] Level 1:colcon.colcon_core.environment:checking '/home/pioneer-ii/pioneer_ws/install/rover_launch' for CMake config files
[14.411s] Level 1:colcon.colcon_core.shell:create_environment_hook('rover_launch', 'cmake_prefix_path')
[14.491s] INFO:colcon.colcon_core.shell:Creating environment hook '/home/pioneer-ii/pioneer_ws/install/rover_launch/share/rover_launch/hook/cmake_prefix_path.ps1'
[14.493s] INFO:colcon.colcon_core.shell:Creating environment descriptor '/home/pioneer-ii/pioneer_ws/install/rover_launch/share/rover_launch/hook/cmake_prefix_path.dsv'
[14.494s] INFO:colcon.colcon_core.shell:Creating environment hook '/home/pioneer-ii/pioneer_ws/install/rover_launch/share/rover_launch/hook/cmake_prefix_path.sh'
[14.495s] Level 1:colcon.colcon_core.environment:checking '/home/pioneer-ii/pioneer_ws/install/rover_launch/bin'
[14.496s] Level 1:colcon.colcon_core.environment:checking '/home/pioneer-ii/pioneer_ws/install/rover_launch/lib/pkgconfig/rover_launch.pc'
[14.497s] Level 1:colcon.colcon_core.environment:checking '/home/pioneer-ii/pioneer_ws/install/rover_launch/lib/python3.8/site-packages'
[14.497s] Level 1:colcon.colcon_core.environment:checking '/home/pioneer-ii/pioneer_ws/install/rover_launch/bin'
[14.578s] INFO:colcon.colcon_core.shell:Creating package script '/home/pioneer-ii/pioneer_ws/install/rover_launch/share/rover_launch/package.ps1'
[14.580s] INFO:colcon.colcon_core.shell:Creating package descriptor '/home/pioneer-ii/pioneer_ws/install/rover_launch/share/rover_launch/package.dsv'
[14.581s] INFO:colcon.colcon_core.shell:Creating package script '/home/pioneer-ii/pioneer_ws/install/rover_launch/share/rover_launch/package.sh'
[14.581s] INFO:colcon.colcon_core.shell:Creating package script '/home/pioneer-ii/pioneer_ws/install/rover_launch/share/rover_launch/package.bash'
[14.582s] INFO:colcon.colcon_core.shell:Creating package script '/home/pioneer-ii/pioneer_ws/install/rover_launch/share/rover_launch/package.zsh'
[14.583s] Level 1:colcon.colcon_core.environment:create_file_with_runtime_dependencies(/home/pioneer-ii/pioneer_ws/install/rover_launch/share/colcon-core/packages/rover_launch)
[14.597s] DEBUG:colcon.colcon_core.event_handler.log_command:Invoking command in '/home/pioneer-ii/pioneer_ws/src/rsl_gps': PYTHONPATH=/home/pioneer-ii/pioneer_ws/build/rsl_gps/prefix_override:/home/pioneer-ii/pioneer_ws/install/rsl_gps/lib/python3.8/site-packages:${PYTHONPATH} /usr/bin/python3 setup.py egg_info --egg-base ../../build/rsl_gps build --build-base /home/pioneer-ii/pioneer_ws/build/rsl_gps/build install --record /home/pioneer-ii/pioneer_ws/build/rsl_gps/install.log --single-version-externally-managed
[14.609s] DEBUG:colcon.colcon_core.event_handler.log_command:Invoking command in '/home/pioneer-ii/pioneer_ws/src/navigation_core': PYTHONPATH=/home/pioneer-ii/pioneer_ws/build/navigation_core/prefix_override:/home/pioneer-ii/pioneer_ws/install/navigation_core/lib/python3.8/site-packages:${PYTHONPATH} /usr/bin/python3 setup.py egg_info --egg-base ../../build/navigation_core build --build-base /home/pioneer-ii/pioneer_ws/build/navigation_core/build install --record /home/pioneer-ii/pioneer_ws/build/navigation_core/install.log --install-scripts $base/lib/navigation_core --single-version-externally-managed
[14.623s] DEBUG:colcon.colcon_core.event_handler.log_command:Invoking command in '/home/pioneer-ii/pioneer_ws/src/locomotion_core': PYTHONPATH=/home/pioneer-ii/pioneer_ws/build/locomotion_core/prefix_override:/home/pioneer-ii/pioneer_ws/install/locomotion_core/lib/python3.8/site-packages:${PYTHONPATH} /usr/bin/python3 setup.py egg_info --egg-base ../../build/locomotion_core build --build-base /home/pioneer-ii/pioneer_ws/build/locomotion_core/build install --record /home/pioneer-ii/pioneer_ws/build/locomotion_core/install.log --single-version-externally-managed
[14.631s] DEBUG:colcon.colcon_core.event_handler.log_command:Invoking command in '/home/pioneer-ii/pioneer_ws/src/rover_teleop_joy': PYTHONPATH=/home/pioneer-ii/pioneer_ws/build/rover_teleop_joy/prefix_override:/home/pioneer-ii/pioneer_ws/install/rover_teleop_joy/lib/python3.8/site-packages:${PYTHONPATH} /usr/bin/python3 setup.py egg_info --egg-base ../../build/rover_teleop_joy build --build-base /home/pioneer-ii/pioneer_ws/build/rover_teleop_joy/build install --record /home/pioneer-ii/pioneer_ws/build/rover_teleop_joy/install.log --single-version-externally-managed
[14.649s] DEBUG:colcon.colcon_core.event_handler.log_command:Invoking command in '/home/pioneer-ii/pioneer_ws/src/rsl_imu': PYTHONPATH=/home/pioneer-ii/pioneer_ws/build/rsl_imu/prefix_override:/home/pioneer-ii/pioneer_ws/install/rsl_imu/lib/python3.8/site-packages:${PYTHONPATH} /usr/bin/python3 setup.py egg_info --egg-base ../../build/rsl_imu build --build-base /home/pioneer-ii/pioneer_ws/build/rsl_imu/build install --record /home/pioneer-ii/pioneer_ws/build/rsl_imu/install.log --install-scripts $base/lib/rsl_imu --single-version-externally-managed
[15.353s] DEBUG:colcon.colcon_core.event_handler.log_command:Invoked command in '/home/pioneer-ii/pioneer_ws/src/navigation_core' returned '0': PYTHONPATH=/home/pioneer-ii/pioneer_ws/build/navigation_core/prefix_override:/home/pioneer-ii/pioneer_ws/install/navigation_core/lib/python3.8/site-packages:${PYTHONPATH} /usr/bin/python3 setup.py egg_info --egg-base ../../build/navigation_core build --build-base /home/pioneer-ii/pioneer_ws/build/navigation_core/build install --record /home/pioneer-ii/pioneer_ws/build/navigation_core/install.log --install-scripts $base/lib/navigation_core --single-version-externally-managed
[15.455s] Level 1:colcon.colcon_core.environment:checking '/home/pioneer-ii/pioneer_ws/install/navigation_core' for CMake module files
[15.457s] Level 1:colcon.colcon_core.environment:checking '/home/pioneer-ii/pioneer_ws/install/navigation_core' for CMake config files
[15.458s] Level 1:colcon.colcon_core.environment:checking '/home/pioneer-ii/pioneer_ws/install/navigation_core/lib'
[15.459s] Level 1:colcon.colcon_core.environment:checking '/home/pioneer-ii/pioneer_ws/install/navigation_core/bin'
[15.459s] Level 1:colcon.colcon_core.environment:checking '/home/pioneer-ii/pioneer_ws/install/navigation_core/lib/pkgconfig/navigation_core.pc'
[15.460s] Level 1:colcon.colcon_core.environment:checking '/home/pioneer-ii/pioneer_ws/install/navigation_core/lib/python3.8/site-packages'
[15.460s] Level 1:colcon.colcon_core.shell:create_environment_hook('navigation_core', 'pythonpath')
[15.543s] INFO:colcon.colcon_core.shell:Creating environment hook '/home/pioneer-ii/pioneer_ws/install/navigation_core/share/navigation_core/hook/pythonpath.ps1'
[15.545s] INFO:colcon.colcon_core.shell:Creating environment descriptor '/home/pioneer-ii/pioneer_ws/install/navigation_core/share/navigation_core/hook/pythonpath.dsv'
[15.545s] INFO:colcon.colcon_core.shell:Creating environment hook '/home/pioneer-ii/pioneer_ws/install/navigation_core/share/navigation_core/hook/pythonpath.sh'
[15.547s] Level 1:colcon.colcon_core.environment:checking '/home/pioneer-ii/pioneer_ws/install/navigation_core/bin'
[15.547s] Level 1:colcon.colcon_core.environment:create_environment_scripts_only(navigation_core)
[15.629s] INFO:colcon.colcon_core.shell:Creating package script '/home/pioneer-ii/pioneer_ws/install/navigation_core/share/navigation_core/package.ps1'
[15.631s] INFO:colcon.colcon_core.shell:Creating package descriptor '/home/pioneer-ii/pioneer_ws/install/navigation_core/share/navigation_core/package.dsv'
[15.632s] INFO:colcon.colcon_core.shell:Creating package script '/home/pioneer-ii/pioneer_ws/install/navigation_core/share/navigation_core/package.sh'
[15.633s] INFO:colcon.colcon_core.shell:Creating package script '/home/pioneer-ii/pioneer_ws/install/navigation_core/share/navigation_core/package.bash'
[15.634s] INFO:colcon.colcon_core.shell:Creating package script '/home/pioneer-ii/pioneer_ws/install/navigation_core/share/navigation_core/package.zsh'
[15.638s] Level 1:colcon.colcon_core.environment:create_file_with_runtime_dependencies(/home/pioneer-ii/pioneer_ws/install/navigation_core/share/colcon-core/packages/navigation_core)
[15.644s] DEBUG:colcon.colcon_core.event_handler.log_command:Invoked command in '/home/pioneer-ii/pioneer_ws/src/rsl_gps' returned '0': PYTHONPATH=/home/pioneer-ii/pioneer_ws/build/rsl_gps/prefix_override:/home/pioneer-ii/pioneer_ws/install/rsl_gps/lib/python3.8/site-packages:${PYTHONPATH} /usr/bin/python3 setup.py egg_info --egg-base ../../build/rsl_gps build --build-base /home/pioneer-ii/pioneer_ws/build/rsl_gps/build install --record /home/pioneer-ii/pioneer_ws/build/rsl_gps/install.log --single-version-externally-managed
[15.733s] Level 1:colcon.colcon_core.environment:checking '/home/pioneer-ii/pioneer_ws/install/rsl_gps' for CMake module files
[15.734s] Level 1:colcon.colcon_core.environment:checking '/home/pioneer-ii/pioneer_ws/install/rsl_gps' for CMake config files
[15.735s] Level 1:colcon.colcon_core.environment:checking '/home/pioneer-ii/pioneer_ws/install/rsl_gps/lib'
[15.736s] Level 1:colcon.colcon_core.environment:checking '/home/pioneer-ii/pioneer_ws/install/rsl_gps/bin'
[15.736s] Level 1:colcon.colcon_core.environment:checking '/home/pioneer-ii/pioneer_ws/install/rsl_gps/lib/pkgconfig/rsl_gps.pc'
[15.736s] Level 1:colcon.colcon_core.environment:checking '/home/pioneer-ii/pioneer_ws/install/rsl_gps/lib/python3.8/site-packages'
[15.736s] Level 1:colcon.colcon_core.shell:create_environment_hook('rsl_gps', 'pythonpath')
[15.819s] INFO:colcon.colcon_core.shell:Creating environment hook '/home/pioneer-ii/pioneer_ws/install/rsl_gps/share/rsl_gps/hook/pythonpath.ps1'
[15.821s] INFO:colcon.colcon_core.shell:Creating environment descriptor '/home/pioneer-ii/pioneer_ws/install/rsl_gps/share/rsl_gps/hook/pythonpath.dsv'
[15.822s] INFO:colcon.colcon_core.shell:Creating environment hook '/home/pioneer-ii/pioneer_ws/install/rsl_gps/share/rsl_gps/hook/pythonpath.sh'
[15.824s] Level 1:colcon.colcon_core.environment:checking '/home/pioneer-ii/pioneer_ws/install/rsl_gps/bin'
[15.829s] Level 1:colcon.colcon_core.environment:create_environment_scripts_only(rsl_gps)
[15.909s] INFO:colcon.colcon_core.shell:Creating package script '/home/pioneer-ii/pioneer_ws/install/rsl_gps/share/rsl_gps/package.ps1'
[15.911s] INFO:colcon.colcon_core.shell:Creating package descriptor '/home/pioneer-ii/pioneer_ws/install/rsl_gps/share/rsl_gps/package.dsv'
[15.912s] INFO:colcon.colcon_core.shell:Creating package script '/home/pioneer-ii/pioneer_ws/install/rsl_gps/share/rsl_gps/package.sh'
[15.913s] INFO:colcon.colcon_core.shell:Creating package script '/home/pioneer-ii/pioneer_ws/install/rsl_gps/share/rsl_gps/package.bash'
[15.914s] INFO:colcon.colcon_core.shell:Creating package script '/home/pioneer-ii/pioneer_ws/install/rsl_gps/share/rsl_gps/package.zsh'
[15.914s] Level 1:colcon.colcon_core.environment:create_file_with_runtime_dependencies(/home/pioneer-ii/pioneer_ws/install/rsl_gps/share/colcon-core/packages/rsl_gps)
[15.917s] DEBUG:colcon.colcon_core.event_handler.log_command:Invoked command in '/home/pioneer-ii/pioneer_ws/src/locomotion_core' returned '0': PYTHONPATH=/home/pioneer-ii/pioneer_ws/build/locomotion_core/prefix_override:/home/pioneer-ii/pioneer_ws/install/locomotion_core/lib/python3.8/site-packages:${PYTHONPATH} /usr/bin/python3 setup.py egg_info --egg-base ../../build/locomotion_core build --build-base /home/pioneer-ii/pioneer_ws/build/locomotion_core/build install --record /home/pioneer-ii/pioneer_ws/build/locomotion_core/install.log --single-version-externally-managed
[15.997s] Level 1:colcon.colcon_core.environment:checking '/home/pioneer-ii/pioneer_ws/install/locomotion_core' for CMake module files
[15.998s] Level 1:colcon.colcon_core.environment:checking '/home/pioneer-ii/pioneer_ws/install/locomotion_core' for CMake config files
[15.999s] Level 1:colcon.colcon_core.environment:checking '/home/pioneer-ii/pioneer_ws/install/locomotion_core/lib'
[16.000s] Level 1:colcon.colcon_core.environment:checking '/home/pioneer-ii/pioneer_ws/install/locomotion_core/bin'
[16.000s] Level 1:colcon.colcon_core.environment:checking '/home/pioneer-ii/pioneer_ws/install/locomotion_core/lib/pkgconfig/locomotion_core.pc'
[16.000s] Level 1:colcon.colcon_core.environment:checking '/home/pioneer-ii/pioneer_ws/install/locomotion_core/lib/python3.8/site-packages'
[16.000s] Level 1:colcon.colcon_core.shell:create_environment_hook('locomotion_core', 'pythonpath')
[16.079s] INFO:colcon.colcon_core.shell:Creating environment hook '/home/pioneer-ii/pioneer_ws/install/locomotion_core/share/locomotion_core/hook/pythonpath.ps1'
[16.081s] INFO:colcon.colcon_core.shell:Creating environment descriptor '/home/pioneer-ii/pioneer_ws/install/locomotion_core/share/locomotion_core/hook/pythonpath.dsv'
[16.082s] INFO:colcon.colcon_core.shell:Creating environment hook '/home/pioneer-ii/pioneer_ws/install/locomotion_core/share/locomotion_core/hook/pythonpath.sh'
[16.083s] Level 1:colcon.colcon_core.environment:checking '/home/pioneer-ii/pioneer_ws/install/locomotion_core/bin'
[16.083s] Level 1:colcon.colcon_core.environment:create_environment_scripts_only(locomotion_core)
[16.170s] INFO:colcon.colcon_core.shell:Creating package script '/home/pioneer-ii/pioneer_ws/install/locomotion_core/share/locomotion_core/package.ps1'
[16.172s] INFO:colcon.colcon_core.shell:Creating package descriptor '/home/pioneer-ii/pioneer_ws/install/locomotion_core/share/locomotion_core/package.dsv'
[16.172s] INFO:colcon.colcon_core.shell:Creating package script '/home/pioneer-ii/pioneer_ws/install/locomotion_core/share/locomotion_core/package.sh'
[16.173s] INFO:colcon.colcon_core.shell:Creating package script '/home/pioneer-ii/pioneer_ws/install/locomotion_core/share/locomotion_core/package.bash'
[16.174s] INFO:colcon.colcon_core.shell:Creating package script '/home/pioneer-ii/pioneer_ws/install/locomotion_core/share/locomotion_core/package.zsh'
[16.175s] Level 1:colcon.colcon_core.environment:create_file_with_runtime_dependencies(/home/pioneer-ii/pioneer_ws/install/locomotion_core/share/colcon-core/packages/locomotion_core)
[16.177s] DEBUG:colcon.colcon_core.event_handler.log_command:Invoked command in '/home/pioneer-ii/pioneer_ws/src/rsl_imu' returned '0': PYTHONPATH=/home/pioneer-ii/pioneer_ws/build/rsl_imu/prefix_override:/home/pioneer-ii/pioneer_ws/install/rsl_imu/lib/python3.8/site-packages:${PYTHONPATH} /usr/bin/python3 setup.py egg_info --egg-base ../../build/rsl_imu build --build-base /home/pioneer-ii/pioneer_ws/build/rsl_imu/build install --record /home/pioneer-ii/pioneer_ws/build/rsl_imu/install.log --install-scripts $base/lib/rsl_imu --single-version-externally-managed
[16.260s] Level 1:colcon.colcon_core.environment:checking '/home/pioneer-ii/pioneer_ws/install/rsl_imu' for CMake module files
[16.261s] Level 1:colcon.colcon_core.environment:checking '/home/pioneer-ii/pioneer_ws/install/rsl_imu' for CMake config files
[16.262s] Level 1:colcon.colcon_core.environment:checking '/home/pioneer-ii/pioneer_ws/install/rsl_imu/lib'
[16.262s] Level 1:colcon.colcon_core.environment:checking '/home/pioneer-ii/pioneer_ws/install/rsl_imu/bin'
[16.262s] Level 1:colcon.colcon_core.environment:checking '/home/pioneer-ii/pioneer_ws/install/rsl_imu/lib/pkgconfig/rsl_imu.pc'
[16.263s] Level 1:colcon.colcon_core.environment:checking '/home/pioneer-ii/pioneer_ws/install/rsl_imu/lib/python3.8/site-packages'
[16.263s] Level 1:colcon.colcon_core.shell:create_environment_hook('rsl_imu', 'pythonpath')
[16.349s] INFO:colcon.colcon_core.shell:Creating environment hook '/home/pioneer-ii/pioneer_ws/install/rsl_imu/share/rsl_imu/hook/pythonpath.ps1'
[16.351s] INFO:colcon.colcon_core.shell:Creating environment descriptor '/home/pioneer-ii/pioneer_ws/install/rsl_imu/share/rsl_imu/hook/pythonpath.dsv'
[16.352s] INFO:colcon.colcon_core.shell:Creating environment hook '/home/pioneer-ii/pioneer_ws/install/rsl_imu/share/rsl_imu/hook/pythonpath.sh'
[16.353s] Level 1:colcon.colcon_core.environment:checking '/home/pioneer-ii/pioneer_ws/install/rsl_imu/bin'
[16.358s] Level 1:colcon.colcon_core.environment:create_environment_scripts_only(rsl_imu)
[16.441s] INFO:colcon.colcon_core.shell:Creating package script '/home/pioneer-ii/pioneer_ws/install/rsl_imu/share/rsl_imu/package.ps1'
[16.443s] INFO:colcon.colcon_core.shell:Creating package descriptor '/home/pioneer-ii/pioneer_ws/install/rsl_imu/share/rsl_imu/package.dsv'
[16.444s] INFO:colcon.colcon_core.shell:Creating package script '/home/pioneer-ii/pioneer_ws/install/rsl_imu/share/rsl_imu/package.sh'
[16.445s] INFO:colcon.colcon_core.shell:Creating package script '/home/pioneer-ii/pioneer_ws/install/rsl_imu/share/rsl_imu/package.bash'
[16.445s] INFO:colcon.colcon_core.shell:Creating package script '/home/pioneer-ii/pioneer_ws/install/rsl_imu/share/rsl_imu/package.zsh'
[16.446s] Level 1:colcon.colcon_core.environment:create_file_with_runtime_dependencies(/home/pioneer-ii/pioneer_ws/install/rsl_imu/share/colcon-core/packages/rsl_imu)
[16.449s] DEBUG:colcon.colcon_core.event_handler.log_command:Invoked command in '/home/pioneer-ii/pioneer_ws/src/rover_teleop_joy' returned '0': PYTHONPATH=/home/pioneer-ii/pioneer_ws/build/rover_teleop_joy/prefix_override:/home/pioneer-ii/pioneer_ws/install/rover_teleop_joy/lib/python3.8/site-packages:${PYTHONPATH} /usr/bin/python3 setup.py egg_info --egg-base ../../build/rover_teleop_joy build --build-base /home/pioneer-ii/pioneer_ws/build/rover_teleop_joy/build install --record /home/pioneer-ii/pioneer_ws/build/rover_teleop_joy/install.log --single-version-externally-managed
[16.529s] Level 1:colcon.colcon_core.environment:checking '/home/pioneer-ii/pioneer_ws/install/rover_teleop_joy' for CMake module files
[16.531s] Level 1:colcon.colcon_core.environment:checking '/home/pioneer-ii/pioneer_ws/install/rover_teleop_joy' for CMake config files
[16.532s] Level 1:colcon.colcon_core.environment:checking '/home/pioneer-ii/pioneer_ws/install/rover_teleop_joy/lib'
[16.532s] Level 1:colcon.colcon_core.environment:checking '/home/pioneer-ii/pioneer_ws/install/rover_teleop_joy/bin'
[16.532s] Level 1:colcon.colcon_core.environment:checking '/home/pioneer-ii/pioneer_ws/install/rover_teleop_joy/lib/pkgconfig/rover_teleop_joy.pc'
[16.533s] Level 1:colcon.colcon_core.environment:checking '/home/pioneer-ii/pioneer_ws/install/rover_teleop_joy/lib/python3.8/site-packages'
[16.533s] Level 1:colcon.colcon_core.shell:create_environment_hook('rover_teleop_joy', 'pythonpath')
[16.612s] INFO:colcon.colcon_core.shell:Creating environment hook '/home/pioneer-ii/pioneer_ws/install/rover_teleop_joy/share/rover_teleop_joy/hook/pythonpath.ps1'
[16.614s] INFO:colcon.colcon_core.shell:Creating environment descriptor '/home/pioneer-ii/pioneer_ws/install/rover_teleop_joy/share/rover_teleop_joy/hook/pythonpath.dsv'
[16.614s] INFO:colcon.colcon_core.shell:Creating environment hook '/home/pioneer-ii/pioneer_ws/install/rover_teleop_joy/share/rover_teleop_joy/hook/pythonpath.sh'
[16.616s] Level 1:colcon.colcon_core.environment:checking '/home/pioneer-ii/pioneer_ws/install/rover_teleop_joy/bin'
[16.617s] Level 1:colcon.colcon_core.environment:create_environment_scripts_only(rover_teleop_joy)
[16.698s] INFO:colcon.colcon_core.shell:Creating package script '/home/pioneer-ii/pioneer_ws/install/rover_teleop_joy/share/rover_teleop_joy/package.ps1'
[16.700s] INFO:colcon.colcon_core.shell:Creating package descriptor '/home/pioneer-ii/pioneer_ws/install/rover_teleop_joy/share/rover_teleop_joy/package.dsv'
[16.701s] INFO:colcon.colcon_core.shell:Creating package script '/home/pioneer-ii/pioneer_ws/install/rover_teleop_joy/share/rover_teleop_joy/package.sh'
[16.702s] INFO:colcon.colcon_core.shell:Creating package script '/home/pioneer-ii/pioneer_ws/install/rover_teleop_joy/share/rover_teleop_joy/package.bash'
[16.702s] INFO:colcon.colcon_core.shell:Creating package script '/home/pioneer-ii/pioneer_ws/install/rover_teleop_joy/share/rover_teleop_joy/package.zsh'
[16.703s] Level 1:colcon.colcon_core.environment:create_file_with_runtime_dependencies(/home/pioneer-ii/pioneer_ws/install/rover_teleop_joy/share/colcon-core/packages/rover_teleop_joy)
[16.704s] DEBUG:colcon.colcon_parallel_executor.executor.parallel:closing loop
[16.705s] DEBUG:colcon.colcon_parallel_executor.executor.parallel:loop closed
[16.706s] DEBUG:colcon.colcon_parallel_executor.executor.parallel:run_until_complete finished with '0'
[16.706s] DEBUG:colcon.colcon_core.event_reactor:joining thread
[16.800s] INFO:colcon.colcon_core.plugin_system:Skipping extension 'colcon_notification.desktop_notification.terminal_notifier': Not used on non-Darwin systems
[16.801s] INFO:colcon.colcon_core.plugin_system:Skipping extension 'colcon_notification.desktop_notification.win32': Not used on non-Windows systems
[16.801s] INFO:colcon.colcon_notification.desktop_notification:Sending desktop notification using 'notify2'
[16.853s] DEBUG:colcon.colcon_core.event_reactor:joined thread
[16.933s] INFO:colcon.colcon_core.shell:Creating prefix script '/home/pioneer-ii/pioneer_ws/install/local_setup.ps1'
[16.936s] INFO:colcon.colcon_core.shell:Creating prefix util module '/home/pioneer-ii/pioneer_ws/install/_local_setup_util_ps1.py'
[16.951s] INFO:colcon.colcon_core.shell:Creating prefix chain script '/home/pioneer-ii/pioneer_ws/install/setup.ps1'
[17.089s] INFO:colcon.colcon_core.shell:Creating prefix script '/home/pioneer-ii/pioneer_ws/install/local_setup.sh'
[17.091s] INFO:colcon.colcon_core.shell:Creating prefix util module '/home/pioneer-ii/pioneer_ws/install/_local_setup_util_sh.py'
[17.093s] INFO:colcon.colcon_core.shell:Creating prefix chain script '/home/pioneer-ii/pioneer_ws/install/setup.sh'
[17.175s] INFO:colcon.colcon_core.shell:Creating prefix script '/home/pioneer-ii/pioneer_ws/install/local_setup.bash'
[17.176s] INFO:colcon.colcon_core.shell:Creating prefix chain script '/home/pioneer-ii/pioneer_ws/install/setup.bash'
[17.256s] INFO:colcon.colcon_core.shell:Creating prefix script '/home/pioneer-ii/pioneer_ws/install/local_setup.zsh'
[17.257s] INFO:colcon.colcon_core.shell:Creating prefix chain script '/home/pioneer-ii/pioneer_ws/install/setup.zsh'
