[6.491s] Invoking command in '/home/pioneer-ii/pioneer_ws/src/rsl_gps': PYTHONPATH=/home/pioneer-ii/pioneer_ws/build/rsl_gps/prefix_override:/home/pioneer-ii/pioneer_ws/install/rsl_gps/lib/python3.8/site-packages:${PYTHONPATH} /usr/bin/python3 setup.py egg_info --egg-base ../../build/rsl_gps build --build-base /home/pioneer-ii/pioneer_ws/build/rsl_gps/build install --record /home/pioneer-ii/pioneer_ws/build/rsl_gps/install.log --single-version-externally-managed
[7.011s] running egg_info
[7.014s] writing ../../build/rsl_gps/rsl_gps.egg-info/PKG-INFO
[7.015s] writing dependency_links to ../../build/rsl_gps/rsl_gps.egg-info/dependency_links.txt
[7.016s] writing entry points to ../../build/rsl_gps/rsl_gps.egg-info/entry_points.txt
[7.016s] writing requirements to ../../build/rsl_gps/rsl_gps.egg-info/requires.txt
[7.016s] writing top-level names to ../../build/rsl_gps/rsl_gps.egg-info/top_level.txt
[7.087s] reading manifest file '../../build/rsl_gps/rsl_gps.egg-info/SOURCES.txt'
[7.089s] writing manifest file '../../build/rsl_gps/rsl_gps.egg-info/SOURCES.txt'
[7.089s] running build
[7.090s] running build_py
[7.090s] running install
[7.093s] running install_lib
[7.097s] running install_data
[7.099s] running install_egg_info
[7.104s] removing '/home/pioneer-ii/pioneer_ws/install/rsl_gps/lib/python3.8/site-packages/rsl_gps-0.0.0-py3.8.egg-info' (and everything under it)
[7.106s] Copying ../../build/rsl_gps/rsl_gps.egg-info to /home/pioneer-ii/pioneer_ws/install/rsl_gps/lib/python3.8/site-packages/rsl_gps-0.0.0-py3.8.egg-info
[7.108s] running install_scripts
[7.199s] Installing run_gps script to /home/pioneer-ii/pioneer_ws/install/rsl_gps/lib/rsl_gps
[7.199s] writing list of installed files to '/home/pioneer-ii/pioneer_ws/build/rsl_gps/install.log'
[7.298s] Invoked command in '/home/pioneer-ii/pioneer_ws/src/rsl_gps' returned '0': PYTHONPATH=/home/pioneer-ii/pioneer_ws/build/rsl_gps/prefix_override:/home/pioneer-ii/pioneer_ws/install/rsl_gps/lib/python3.8/site-packages:${PYTHONPATH} /usr/bin/python3 setup.py egg_info --egg-base ../../build/rsl_gps build --build-base /home/pioneer-ii/pioneer_ws/build/rsl_gps/build install --record /home/pioneer-ii/pioneer_ws/build/rsl_gps/install.log --single-version-externally-managed
