[6.281s] Invoking command in '/home/pioneer-ii/pioneer_ws/src/rsl_imu': PYTHONPATH=/home/pioneer-ii/pioneer_ws/build/rsl_imu/prefix_override:/home/pioneer-ii/pioneer_ws/install/rsl_imu/lib/python3.8/site-packages:${PYTHONPATH} /usr/bin/python3 setup.py egg_info --egg-base ../../build/rsl_imu build --build-base /home/pioneer-ii/pioneer_ws/build/rsl_imu/build install --record /home/pioneer-ii/pioneer_ws/build/rsl_imu/install.log --install-scripts $base/lib/rsl_imu --single-version-externally-managed
[6.778s] running egg_info
[6.780s] writing ../../build/rsl_imu/rsl_imu.egg-info/PKG-INFO
[6.781s] writing dependency_links to ../../build/rsl_imu/rsl_imu.egg-info/dependency_links.txt
[6.782s] writing entry points to ../../build/rsl_imu/rsl_imu.egg-info/entry_points.txt
[6.782s] writing requirements to ../../build/rsl_imu/rsl_imu.egg-info/requires.txt
[6.782s] writing top-level names to ../../build/rsl_imu/rsl_imu.egg-info/top_level.txt
[6.859s] reading manifest file '../../build/rsl_imu/rsl_imu.egg-info/SOURCES.txt'
[6.860s] writing manifest file '../../build/rsl_imu/rsl_imu.egg-info/SOURCES.txt'
[6.860s] running build
[6.860s] running build_py
[6.861s] running install
[6.861s] running install_lib
[6.862s] running install_data
[6.863s] running install_egg_info
[6.868s] removing '/home/pioneer-ii/pioneer_ws/install/rsl_imu/lib/python3.8/site-packages/rsl_imu-0.0.0-py3.8.egg-info' (and everything under it)
[6.869s] Copying ../../build/rsl_imu/rsl_imu.egg-info to /home/pioneer-ii/pioneer_ws/install/rsl_imu/lib/python3.8/site-packages/rsl_imu-0.0.0-py3.8.egg-info
[6.871s] running install_scripts
[6.916s] Installing run_imu script to /home/pioneer-ii/pioneer_ws/install/rsl_imu/lib/rsl_imu
[6.918s] writing list of installed files to '/home/pioneer-ii/pioneer_ws/build/rsl_imu/install.log'
[7.817s] Invoked command in '/home/pioneer-ii/pioneer_ws/src/rsl_imu' returned '0': PYTHONPATH=/home/pioneer-ii/pioneer_ws/build/rsl_imu/prefix_override:/home/pioneer-ii/pioneer_ws/install/rsl_imu/lib/python3.8/site-packages:${PYTHONPATH} /usr/bin/python3 setup.py egg_info --egg-base ../../build/rsl_imu build --build-base /home/pioneer-ii/pioneer_ws/build/rsl_imu/build install --record /home/pioneer-ii/pioneer_ws/build/rsl_imu/install.log --install-scripts $base/lib/rsl_imu --single-version-externally-managed
