[8.399s] Invoking command in '/home/pioneer-ii/pioneer_ws/src/locomotion_core': PYTHONPATH=/home/pioneer-ii/pioneer_ws/build/locomotion_core/prefix_override:/home/pioneer-ii/pioneer_ws/install/locomotion_core/lib/python3.8/site-packages:${PYTHONPATH} /usr/bin/python3 setup.py egg_info --egg-base ../../build/locomotion_core build --build-base /home/pioneer-ii/pioneer_ws/build/locomotion_core/build install --record /home/pioneer-ii/pioneer_ws/build/locomotion_core/install.log --single-version-externally-managed
[8.945s] running egg_info
[8.948s] writing ../../build/locomotion_core/locomotion_core.egg-info/PKG-INFO
[8.949s] writing dependency_links to ../../build/locomotion_core/locomotion_core.egg-info/dependency_links.txt
[8.949s] writing entry points to ../../build/locomotion_core/locomotion_core.egg-info/entry_points.txt
[8.950s] writing requirements to ../../build/locomotion_core/locomotion_core.egg-info/requires.txt
[8.950s] writing top-level names to ../../build/locomotion_core/locomotion_core.egg-info/top_level.txt
[9.030s] reading manifest file '../../build/locomotion_core/locomotion_core.egg-info/SOURCES.txt'
[9.033s] writing manifest file '../../build/locomotion_core/locomotion_core.egg-info/SOURCES.txt'
[9.033s] running build
[9.033s] running build_py
[9.034s] running install
[9.037s] running install_lib
[9.041s] running install_data
[9.043s] running install_egg_info
[9.048s] removing '/home/pioneer-ii/pioneer_ws/install/locomotion_core/lib/python3.8/site-packages/locomotion_core-0.0.0-py3.8.egg-info' (and everything under it)
[9.049s] Copying ../../build/locomotion_core/locomotion_core.egg-info to /home/pioneer-ii/pioneer_ws/install/locomotion_core/lib/python3.8/site-packages/locomotion_core-0.0.0-py3.8.egg-info
[9.051s] running install_scripts
[9.115s] Installing cmd_roboteq script to /home/pioneer-ii/pioneer_ws/install/locomotion_core/lib/locomotion_core
[9.117s] Installing movebase_kinematics script to /home/pioneer-ii/pioneer_ws/install/locomotion_core/lib/locomotion_core
[9.117s] writing list of installed files to '/home/pioneer-ii/pioneer_ws/build/locomotion_core/install.log'
[9.505s] Invoked command in '/home/pioneer-ii/pioneer_ws/src/locomotion_core' returned '0': PYTHONPATH=/home/pioneer-ii/pioneer_ws/build/locomotion_core/prefix_override:/home/pioneer-ii/pioneer_ws/install/locomotion_core/lib/python3.8/site-packages:${PYTHONPATH} /usr/bin/python3 setup.py egg_info --egg-base ../../build/locomotion_core build --build-base /home/pioneer-ii/pioneer_ws/build/locomotion_core/build install --record /home/pioneer-ii/pioneer_ws/build/locomotion_core/install.log --single-version-externally-managed
