[5.190s] Invoking command in '/home/pioneer-ii/pioneer_ws/src/locomotion_core': PYTHONPATH=/home/pioneer-ii/pioneer_ws/build/locomotion_core/prefix_override:/home/pioneer-ii/pioneer_ws/install/locomotion_core/lib/python3.8/site-packages:${PYTHONPATH} /usr/bin/python3 setup.py egg_info --egg-base ../../build/locomotion_core build --build-base /home/pioneer-ii/pioneer_ws/build/locomotion_core/build install --record /home/pioneer-ii/pioneer_ws/build/locomotion_core/install.log --single-version-externally-managed
[5.652s] running egg_info
[5.653s] writing ../../build/locomotion_core/locomotion_core.egg-info/PKG-INFO
[5.654s] writing dependency_links to ../../build/locomotion_core/locomotion_core.egg-info/dependency_links.txt
[5.654s] writing entry points to ../../build/locomotion_core/locomotion_core.egg-info/entry_points.txt
[5.655s] writing requirements to ../../build/locomotion_core/locomotion_core.egg-info/requires.txt
[5.655s] writing top-level names to ../../build/locomotion_core/locomotion_core.egg-info/top_level.txt
[5.724s] reading manifest file '../../build/locomotion_core/locomotion_core.egg-info/SOURCES.txt'
[5.726s] writing manifest file '../../build/locomotion_core/locomotion_core.egg-info/SOURCES.txt'
[5.726s] running build
[5.727s] running build_py
[5.727s] running install
[5.729s] running install_lib
[5.733s] running install_data
[5.734s] running install_egg_info
[5.738s] removing '/home/pioneer-ii/pioneer_ws/install/locomotion_core/lib/python3.8/site-packages/locomotion_core-0.0.0-py3.8.egg-info' (and everything under it)
[5.739s] Copying ../../build/locomotion_core/locomotion_core.egg-info to /home/pioneer-ii/pioneer_ws/install/locomotion_core/lib/python3.8/site-packages/locomotion_core-0.0.0-py3.8.egg-info
[5.741s] running install_scripts
[5.788s] Installing cmd_roboteq script to /home/pioneer-ii/pioneer_ws/install/locomotion_core/lib/locomotion_core
[5.788s] Installing movebase_kinematics script to /home/pioneer-ii/pioneer_ws/install/locomotion_core/lib/locomotion_core
[5.789s] writing list of installed files to '/home/pioneer-ii/pioneer_ws/build/locomotion_core/install.log'
[6.366s] Invoked command in '/home/pioneer-ii/pioneer_ws/src/locomotion_core' returned '0': PYTHONPATH=/home/pioneer-ii/pioneer_ws/build/locomotion_core/prefix_override:/home/pioneer-ii/pioneer_ws/install/locomotion_core/lib/python3.8/site-packages:${PYTHONPATH} /usr/bin/python3 setup.py egg_info --egg-base ../../build/locomotion_core build --build-base /home/pioneer-ii/pioneer_ws/build/locomotion_core/build install --record /home/pioneer-ii/pioneer_ws/build/locomotion_core/install.log --single-version-externally-managed
