[6.176s] Invoking command in '/home/pioneer-ii/pioneer_ws/src/rsl_imu': PYTHONPATH=/home/pioneer-ii/pioneer_ws/build/rsl_imu/prefix_override:/home/pioneer-ii/pioneer_ws/install/rsl_imu/lib/python3.8/site-packages:${PYTHONPATH} /usr/bin/python3 setup.py egg_info --egg-base ../../build/rsl_imu build --build-base /home/pioneer-ii/pioneer_ws/build/rsl_imu/build install --record /home/pioneer-ii/pioneer_ws/build/rsl_imu/install.log --install-scripts $base/lib/rsl_imu --single-version-externally-managed
[6.712s] running egg_info
[6.714s] writing ../../build/rsl_imu/rsl_imu.egg-info/PKG-INFO
[6.715s] writing dependency_links to ../../build/rsl_imu/rsl_imu.egg-info/dependency_links.txt
[6.715s] writing entry points to ../../build/rsl_imu/rsl_imu.egg-info/entry_points.txt
[6.716s] writing requirements to ../../build/rsl_imu/rsl_imu.egg-info/requires.txt
[6.716s] writing top-level names to ../../build/rsl_imu/rsl_imu.egg-info/top_level.txt
[6.795s] reading manifest file '../../build/rsl_imu/rsl_imu.egg-info/SOURCES.txt'
[6.797s] writing manifest file '../../build/rsl_imu/rsl_imu.egg-info/SOURCES.txt'
[6.798s] running build
[6.799s] running build_py
[6.799s] copying rsl_imu/imu_node.py -> /home/pioneer-ii/pioneer_ws/build/rsl_imu/build/lib/rsl_imu
[6.799s] running install
[6.802s] running install_lib
[6.805s] copying /home/pioneer-ii/pioneer_ws/build/rsl_imu/build/lib/rsl_imu/imu_node.py -> /home/pioneer-ii/pioneer_ws/install/rsl_imu/lib/python3.8/site-packages/rsl_imu
[6.807s] byte-compiling /home/pioneer-ii/pioneer_ws/install/rsl_imu/lib/python3.8/site-packages/rsl_imu/imu_node.py to imu_node.cpython-38.pyc
[6.811s] running install_data
[6.814s] running install_egg_info
[6.821s] removing '/home/pioneer-ii/pioneer_ws/install/rsl_imu/lib/python3.8/site-packages/rsl_imu-0.0.0-py3.8.egg-info' (and everything under it)
[6.821s] Copying ../../build/rsl_imu/rsl_imu.egg-info to /home/pioneer-ii/pioneer_ws/install/rsl_imu/lib/python3.8/site-packages/rsl_imu-0.0.0-py3.8.egg-info
[6.822s] running install_scripts
[6.869s] Installing run_imu script to /home/pioneer-ii/pioneer_ws/install/rsl_imu/lib/rsl_imu
[6.870s] writing list of installed files to '/home/pioneer-ii/pioneer_ws/build/rsl_imu/install.log'
[7.794s] Invoked command in '/home/pioneer-ii/pioneer_ws/src/rsl_imu' returned '0': PYTHONPATH=/home/pioneer-ii/pioneer_ws/build/rsl_imu/prefix_override:/home/pioneer-ii/pioneer_ws/install/rsl_imu/lib/python3.8/site-packages:${PYTHONPATH} /usr/bin/python3 setup.py egg_info --egg-base ../../build/rsl_imu build --build-base /home/pioneer-ii/pioneer_ws/build/rsl_imu/build install --record /home/pioneer-ii/pioneer_ws/build/rsl_imu/install.log --install-scripts $base/lib/rsl_imu --single-version-externally-managed
