[4.965s] Invoking command in '/home/pioneer-ii/pioneer_ws/src/rsl_gps': PYTHONPATH=/home/pioneer-ii/pioneer_ws/build/rsl_gps/prefix_override:/home/pioneer-ii/pioneer_ws/install/rsl_gps/lib/python3.8/site-packages:${PYTHONPATH} /usr/bin/python3 setup.py egg_info --egg-base ../../build/rsl_gps build --build-base /home/pioneer-ii/pioneer_ws/build/rsl_gps/build install --record /home/pioneer-ii/pioneer_ws/build/rsl_gps/install.log --single-version-externally-managed
[5.465s] running egg_info
[5.467s] writing ../../build/rsl_gps/rsl_gps.egg-info/PKG-INFO
[5.490s] writing dependency_links to ../../build/rsl_gps/rsl_gps.egg-info/dependency_links.txt
[5.503s] writing entry points to ../../build/rsl_gps/rsl_gps.egg-info/entry_points.txt
[5.503s] writing requirements to ../../build/rsl_gps/rsl_gps.egg-info/requires.txt
[5.504s] writing top-level names to ../../build/rsl_gps/rsl_gps.egg-info/top_level.txt
[5.539s] reading manifest file '../../build/rsl_gps/rsl_gps.egg-info/SOURCES.txt'
[5.539s] writing manifest file '../../build/rsl_gps/rsl_gps.egg-info/SOURCES.txt'
[5.539s] running build
[5.540s] running build_py
[5.540s] running install
[5.542s] running install_lib
[5.545s] running install_data
[5.546s] running install_egg_info
[5.554s] removing '/home/pioneer-ii/pioneer_ws/install/rsl_gps/lib/python3.8/site-packages/rsl_gps-0.0.0-py3.8.egg-info' (and everything under it)
[5.554s] Copying ../../build/rsl_gps/rsl_gps.egg-info to /home/pioneer-ii/pioneer_ws/install/rsl_gps/lib/python3.8/site-packages/rsl_gps-0.0.0-py3.8.egg-info
[5.554s] running install_scripts
[5.597s] Installing push_target script to /home/pioneer-ii/pioneer_ws/install/rsl_gps/lib/rsl_gps
[5.597s] Installing run_gps script to /home/pioneer-ii/pioneer_ws/install/rsl_gps/lib/rsl_gps
[5.598s] Installing run_imu script to /home/pioneer-ii/pioneer_ws/install/rsl_gps/lib/rsl_gps
[5.599s] writing list of installed files to '/home/pioneer-ii/pioneer_ws/build/rsl_gps/install.log'
[5.701s] Invoked command in '/home/pioneer-ii/pioneer_ws/src/rsl_gps' returned '0': PYTHONPATH=/home/pioneer-ii/pioneer_ws/build/rsl_gps/prefix_override:/home/pioneer-ii/pioneer_ws/install/rsl_gps/lib/python3.8/site-packages:${PYTHONPATH} /usr/bin/python3 setup.py egg_info --egg-base ../../build/rsl_gps build --build-base /home/pioneer-ii/pioneer_ws/build/rsl_gps/build install --record /home/pioneer-ii/pioneer_ws/build/rsl_gps/install.log --single-version-externally-managed
