[7.762s] Invoking command in '/home/pioneer-ii/pioneer_ws/src/navigation_core': PYTHONPATH=/home/pioneer-ii/pioneer_ws/build/navigation_core/prefix_override:/home/pioneer-ii/pioneer_ws/install/navigation_core/lib/python3.8/site-packages:${PYTHONPATH} /usr/bin/python3 setup.py egg_info --egg-base ../../build/navigation_core build --build-base /home/pioneer-ii/pioneer_ws/build/navigation_core/build install --record /home/pioneer-ii/pioneer_ws/build/navigation_core/install.log --install-scripts $base/lib/navigation_core --single-version-externally-managed
[8.297s] running egg_info
[8.297s] writing ../../build/navigation_core/navigation_core.egg-info/PKG-INFO
[8.298s] writing dependency_links to ../../build/navigation_core/navigation_core.egg-info/dependency_links.txt
[8.298s] writing entry points to ../../build/navigation_core/navigation_core.egg-info/entry_points.txt
[8.299s] writing requirements to ../../build/navigation_core/navigation_core.egg-info/requires.txt
[8.299s] writing top-level names to ../../build/navigation_core/navigation_core.egg-info/top_level.txt
[8.371s] reading manifest file '../../build/navigation_core/navigation_core.egg-info/SOURCES.txt'
[8.373s] writing manifest file '../../build/navigation_core/navigation_core.egg-info/SOURCES.txt'
[8.374s] running build
[8.374s] running build_py
[8.374s] copying navigation_core/__init__.py -> /home/pioneer-ii/pioneer_ws/build/navigation_core/build/lib/navigation_core
[8.375s] copying navigation_core/waypoint_controller.py -> /home/pioneer-ii/pioneer_ws/build/navigation_core/build/lib/navigation_core
[8.375s] running install
[8.377s] running install_lib
[8.379s] copying /home/pioneer-ii/pioneer_ws/build/navigation_core/build/lib/navigation_core/__init__.py -> /home/pioneer-ii/pioneer_ws/install/navigation_core/lib/python3.8/site-packages/navigation_core
[8.380s] copying /home/pioneer-ii/pioneer_ws/build/navigation_core/build/lib/navigation_core/waypoint_controller.py -> /home/pioneer-ii/pioneer_ws/install/navigation_core/lib/python3.8/site-packages/navigation_core
[8.381s] byte-compiling /home/pioneer-ii/pioneer_ws/install/navigation_core/lib/python3.8/site-packages/navigation_core/__init__.py to __init__.cpython-38.pyc
[8.384s] byte-compiling /home/pioneer-ii/pioneer_ws/install/navigation_core/lib/python3.8/site-packages/navigation_core/waypoint_controller.py to waypoint_controller.cpython-38.pyc
[8.387s] running install_data
[8.388s] copying resource/navigation_core -> /home/pioneer-ii/pioneer_ws/install/navigation_core/share/ament_index/resource_index/packages
[8.389s] copying package.xml -> /home/pioneer-ii/pioneer_ws/install/navigation_core/share/navigation_core
[8.389s] running install_egg_info
[8.393s] removing '/home/pioneer-ii/pioneer_ws/install/navigation_core/lib/python3.8/site-packages/navigation_core-0.0.0-py3.8.egg-info' (and everything under it)
[8.394s] Copying ../../build/navigation_core/navigation_core.egg-info to /home/pioneer-ii/pioneer_ws/install/navigation_core/lib/python3.8/site-packages/navigation_core-0.0.0-py3.8.egg-info
[8.397s] running install_scripts
[8.448s] Installing run_navigation script to /home/pioneer-ii/pioneer_ws/install/navigation_core/lib/navigation_core
[8.449s] writing list of installed files to '/home/pioneer-ii/pioneer_ws/build/navigation_core/install.log'
[8.603s] Invoked command in '/home/pioneer-ii/pioneer_ws/src/navigation_core' returned '0': PYTHONPATH=/home/pioneer-ii/pioneer_ws/build/navigation_core/prefix_override:/home/pioneer-ii/pioneer_ws/install/navigation_core/lib/python3.8/site-packages:${PYTHONPATH} /usr/bin/python3 setup.py egg_info --egg-base ../../build/navigation_core build --build-base /home/pioneer-ii/pioneer_ws/build/navigation_core/build install --record /home/pioneer-ii/pioneer_ws/build/navigation_core/install.log --install-scripts $base/lib/navigation_core --single-version-externally-managed
