/home/pioneer-ii/pioneer_ws/install/rsl_gps/lib/python3.8/site-packages/rsl_gps/usb_gps_node.py
/home/pioneer-ii/pioneer_ws/install/rsl_gps/lib/python3.8/site-packages/rsl_gps/__init__.py
/home/pioneer-ii/pioneer_ws/install/rsl_gps/lib/python3.8/site-packages/rsl_gps/quat_publisher.py
/home/pioneer-ii/pioneer_ws/install/rsl_gps/lib/python3.8/site-packages/rsl_gps/test_position.py
/home/pioneer-ii/pioneer_ws/install/rsl_gps/lib/python3.8/site-packages/rsl_gps/__pycache__/usb_gps_node.cpython-38.pyc
/home/pioneer-ii/pioneer_ws/install/rsl_gps/lib/python3.8/site-packages/rsl_gps/__pycache__/__init__.cpython-38.pyc
/home/pioneer-ii/pioneer_ws/install/rsl_gps/lib/python3.8/site-packages/rsl_gps/__pycache__/quat_publisher.cpython-38.pyc
/home/pioneer-ii/pioneer_ws/install/rsl_gps/lib/python3.8/site-packages/rsl_gps/__pycache__/test_position.cpython-38.pyc
/home/pioneer-ii/pioneer_ws/install/rsl_gps/share/ament_index/resource_index/packages/rsl_gps
/home/pioneer-ii/pioneer_ws/install/rsl_gps/share/rsl_gps/package.xml
/home/pioneer-ii/pioneer_ws/install/rsl_gps/lib/python3.8/site-packages/rsl_gps-0.0.0-py3.8.egg-info/dependency_links.txt
/home/pioneer-ii/pioneer_ws/install/rsl_gps/lib/python3.8/site-packages/rsl_gps-0.0.0-py3.8.egg-info/top_level.txt
/home/pioneer-ii/pioneer_ws/install/rsl_gps/lib/python3.8/site-packages/rsl_gps-0.0.0-py3.8.egg-info/PKG-INFO
/home/pioneer-ii/pioneer_ws/install/rsl_gps/lib/python3.8/site-packages/rsl_gps-0.0.0-py3.8.egg-info/entry_points.txt
/home/pioneer-ii/pioneer_ws/install/rsl_gps/lib/python3.8/site-packages/rsl_gps-0.0.0-py3.8.egg-info/requires.txt
/home/pioneer-ii/pioneer_ws/install/rsl_gps/lib/python3.8/site-packages/rsl_gps-0.0.0-py3.8.egg-info/zip-safe
/home/pioneer-ii/pioneer_ws/install/rsl_gps/lib/python3.8/site-packages/rsl_gps-0.0.0-py3.8.egg-info/SOURCES.txt
/home/pioneer-ii/pioneer_ws/install/rsl_gps/lib/rsl_gps/push_target
/home/pioneer-ii/pioneer_ws/install/rsl_gps/lib/rsl_gps/run_gps
/home/pioneer-ii/pioneer_ws/install/rsl_gps/lib/rsl_gps/run_imu
