[7.881s] Invoking command in '/home/pioneer-ii/pioneer_ws/src/rsl_imu': PYTHONPATH=/home/pioneer-ii/pioneer_ws/build/rsl_imu/prefix_override:/home/pioneer-ii/pioneer_ws/install/rsl_imu/lib/python3.8/site-packages:${PYTHONPATH} /usr/bin/python3 setup.py egg_info --egg-base ../../build/rsl_imu build --build-base /home/pioneer-ii/pioneer_ws/build/rsl_imu/build install --record /home/pioneer-ii/pioneer_ws/build/rsl_imu/install.log --install-scripts $base/lib/rsl_imu --single-version-externally-managed
[8.370s] running egg_info
[8.371s] writing ../../build/rsl_imu/rsl_imu.egg-info/PKG-INFO
[8.512s] writing dependency_links to ../../build/rsl_imu/rsl_imu.egg-info/dependency_links.txt
[8.513s] writing entry points to ../../build/rsl_imu/rsl_imu.egg-info/entry_points.txt
[8.514s] writing requirements to ../../build/rsl_imu/rsl_imu.egg-info/requires.txt
[8.514s] writing top-level names to ../../build/rsl_imu/rsl_imu.egg-info/top_level.txt
[8.739s] reading manifest file '../../build/rsl_imu/rsl_imu.egg-info/SOURCES.txt'
[8.741s] writing manifest file '../../build/rsl_imu/rsl_imu.egg-info/SOURCES.txt'
[8.741s] running build
[8.742s] running build_py
[8.750s] running install
[8.752s] running install_lib
[8.758s] running install_data
[8.765s] running install_egg_info
[8.770s] removing '/home/pioneer-ii/pioneer_ws/install/rsl_imu/lib/python3.8/site-packages/rsl_imu-0.0.0-py3.8.egg-info' (and everything under it)
[8.771s] Copying ../../build/rsl_imu/rsl_imu.egg-info to /home/pioneer-ii/pioneer_ws/install/rsl_imu/lib/python3.8/site-packages/rsl_imu-0.0.0-py3.8.egg-info
[8.774s] running install_scripts
[8.823s] Installing run_imu script to /home/pioneer-ii/pioneer_ws/install/rsl_imu/lib/rsl_imu
[8.953s] writing list of installed files to '/home/pioneer-ii/pioneer_ws/build/rsl_imu/install.log'
[9.912s] Invoked command in '/home/pioneer-ii/pioneer_ws/src/rsl_imu' returned '0': PYTHONPATH=/home/pioneer-ii/pioneer_ws/build/rsl_imu/prefix_override:/home/pioneer-ii/pioneer_ws/install/rsl_imu/lib/python3.8/site-packages:${PYTHONPATH} /usr/bin/python3 setup.py egg_info --egg-base ../../build/rsl_imu build --build-base /home/pioneer-ii/pioneer_ws/build/rsl_imu/build install --record /home/pioneer-ii/pioneer_ws/build/rsl_imu/install.log --install-scripts $base/lib/rsl_imu --single-version-externally-managed
