[7.962s] Invoking command in '/home/pioneer-ii/pioneer_ws/src/rsl_gps': PYTHONPATH=/home/pioneer-ii/pioneer_ws/build/rsl_gps/prefix_override:/home/pioneer-ii/pioneer_ws/install/rsl_gps/lib/python3.8/site-packages:${PYTHONPATH} /usr/bin/python3 setup.py egg_info --egg-base ../../build/rsl_gps build --build-base /home/pioneer-ii/pioneer_ws/build/rsl_gps/build install --record /home/pioneer-ii/pioneer_ws/build/rsl_gps/install.log --single-version-externally-managed
[8.485s] running egg_info
[8.486s] writing ../../build/rsl_gps/rsl_gps.egg-info/PKG-INFO
[8.542s] writing dependency_links to ../../build/rsl_gps/rsl_gps.egg-info/dependency_links.txt
[8.543s] writing entry points to ../../build/rsl_gps/rsl_gps.egg-info/entry_points.txt
[8.544s] writing requirements to ../../build/rsl_gps/rsl_gps.egg-info/requires.txt
[8.544s] writing top-level names to ../../build/rsl_gps/rsl_gps.egg-info/top_level.txt
[8.630s] reading manifest file '../../build/rsl_gps/rsl_gps.egg-info/SOURCES.txt'
[8.768s] writing manifest file '../../build/rsl_gps/rsl_gps.egg-info/SOURCES.txt'
[8.769s] running build
[8.769s] running build_py
[8.779s] running install
[8.782s] running install_lib
[8.788s] running install_data
[8.794s] running install_egg_info
[8.800s] removing '/home/pioneer-ii/pioneer_ws/install/rsl_gps/lib/python3.8/site-packages/rsl_gps-0.0.0-py3.8.egg-info' (and everything under it)
[8.800s] Copying ../../build/rsl_gps/rsl_gps.egg-info to /home/pioneer-ii/pioneer_ws/install/rsl_gps/lib/python3.8/site-packages/rsl_gps-0.0.0-py3.8.egg-info
[8.804s] running install_scripts
[8.851s] Installing run_gps script to /home/pioneer-ii/pioneer_ws/install/rsl_gps/lib/rsl_gps
[8.988s] writing list of installed files to '/home/pioneer-ii/pioneer_ws/build/rsl_gps/install.log'
[9.956s] Invoked command in '/home/pioneer-ii/pioneer_ws/src/rsl_gps' returned '0': PYTHONPATH=/home/pioneer-ii/pioneer_ws/build/rsl_gps/prefix_override:/home/pioneer-ii/pioneer_ws/install/rsl_gps/lib/python3.8/site-packages:${PYTHONPATH} /usr/bin/python3 setup.py egg_info --egg-base ../../build/rsl_gps build --build-base /home/pioneer-ii/pioneer_ws/build/rsl_gps/build install --record /home/pioneer-ii/pioneer_ws/build/rsl_gps/install.log --single-version-externally-managed
