[6.689s] Invoking command in '/home/pioneer-ii/pioneer_ws/src/rsl_gps': PYTHONPATH=/home/pioneer-ii/pioneer_ws/build/rsl_gps/prefix_override:/home/pioneer-ii/pioneer_ws/install/rsl_gps/lib/python3.8/site-packages:${PYTHONPATH} /usr/bin/python3 setup.py egg_info --egg-base ../../build/rsl_gps build --build-base /home/pioneer-ii/pioneer_ws/build/rsl_gps/build install --record /home/pioneer-ii/pioneer_ws/build/rsl_gps/install.log --single-version-externally-managed
[7.219s] running egg_info
[7.221s] writing ../../build/rsl_gps/rsl_gps.egg-info/PKG-INFO
[7.222s] writing dependency_links to ../../build/rsl_gps/rsl_gps.egg-info/dependency_links.txt
[7.223s] writing entry points to ../../build/rsl_gps/rsl_gps.egg-info/entry_points.txt
[7.223s] writing requirements to ../../build/rsl_gps/rsl_gps.egg-info/requires.txt
[7.224s] writing top-level names to ../../build/rsl_gps/rsl_gps.egg-info/top_level.txt
[7.331s] reading manifest file '../../build/rsl_gps/rsl_gps.egg-info/SOURCES.txt'
[7.332s] writing manifest file '../../build/rsl_gps/rsl_gps.egg-info/SOURCES.txt'
[7.332s] running build
[7.332s] running build_py
[7.333s] running install
[7.333s] running install_lib
[7.334s] running install_data
[7.334s] running install_egg_info
[7.336s] removing '/home/pioneer-ii/pioneer_ws/install/rsl_gps/lib/python3.8/site-packages/rsl_gps-0.0.0-py3.8.egg-info' (and everything under it)
[7.336s] Copying ../../build/rsl_gps/rsl_gps.egg-info to /home/pioneer-ii/pioneer_ws/install/rsl_gps/lib/python3.8/site-packages/rsl_gps-0.0.0-py3.8.egg-info
[7.344s] running install_scripts
[7.388s] Installing run_gps script to /home/pioneer-ii/pioneer_ws/install/rsl_gps/lib/rsl_gps
[7.389s] writing list of installed files to '/home/pioneer-ii/pioneer_ws/build/rsl_gps/install.log'
[8.029s] Invoked command in '/home/pioneer-ii/pioneer_ws/src/rsl_gps' returned '0': PYTHONPATH=/home/pioneer-ii/pioneer_ws/build/rsl_gps/prefix_override:/home/pioneer-ii/pioneer_ws/install/rsl_gps/lib/python3.8/site-packages:${PYTHONPATH} /usr/bin/python3 setup.py egg_info --egg-base ../../build/rsl_gps build --build-base /home/pioneer-ii/pioneer_ws/build/rsl_gps/build install --record /home/pioneer-ii/pioneer_ws/build/rsl_gps/install.log --single-version-externally-managed
