[6.095s] Invoking command in '/home/pioneer-ii/pioneer_ws/src/rsl_imu': PYTHONPATH=/home/pioneer-ii/pioneer_ws/build/rsl_imu/prefix_override:/home/pioneer-ii/pioneer_ws/install/rsl_imu/lib/python3.8/site-packages:${PYTHONPATH} /usr/bin/python3 setup.py egg_info --egg-base ../../build/rsl_imu build --build-base /home/pioneer-ii/pioneer_ws/build/rsl_imu/build install --record /home/pioneer-ii/pioneer_ws/build/rsl_imu/install.log --install-scripts $base/lib/rsl_imu --single-version-externally-managed
[6.618s] running egg_info
[6.622s] writing ../../build/rsl_imu/rsl_imu.egg-info/PKG-INFO
[6.623s] writing dependency_links to ../../build/rsl_imu/rsl_imu.egg-info/dependency_links.txt
[6.624s] writing entry points to ../../build/rsl_imu/rsl_imu.egg-info/entry_points.txt
[6.624s] writing requirements to ../../build/rsl_imu/rsl_imu.egg-info/requires.txt
[6.624s] writing top-level names to ../../build/rsl_imu/rsl_imu.egg-info/top_level.txt
[6.703s] reading manifest file '../../build/rsl_imu/rsl_imu.egg-info/SOURCES.txt'
[6.705s] writing manifest file '../../build/rsl_imu/rsl_imu.egg-info/SOURCES.txt'
[6.705s] running build
[6.706s] running build_py
[6.706s] copying rsl_imu/imu_node.py -> /home/pioneer-ii/pioneer_ws/build/rsl_imu/build/lib/rsl_imu
[6.707s] running install
[6.710s] running install_lib
[6.713s] copying /home/pioneer-ii/pioneer_ws/build/rsl_imu/build/lib/rsl_imu/imu_node.py -> /home/pioneer-ii/pioneer_ws/install/rsl_imu/lib/python3.8/site-packages/rsl_imu
[6.715s] byte-compiling /home/pioneer-ii/pioneer_ws/install/rsl_imu/lib/python3.8/site-packages/rsl_imu/imu_node.py to imu_node.cpython-38.pyc
[6.721s] running install_data
[6.723s] running install_egg_info
[6.727s] removing '/home/pioneer-ii/pioneer_ws/install/rsl_imu/lib/python3.8/site-packages/rsl_imu-0.0.0-py3.8.egg-info' (and everything under it)
[6.729s] Copying ../../build/rsl_imu/rsl_imu.egg-info to /home/pioneer-ii/pioneer_ws/install/rsl_imu/lib/python3.8/site-packages/rsl_imu-0.0.0-py3.8.egg-info
[6.731s] running install_scripts
[6.786s] Installing run_imu script to /home/pioneer-ii/pioneer_ws/install/rsl_imu/lib/rsl_imu
[6.787s] writing list of installed files to '/home/pioneer-ii/pioneer_ws/build/rsl_imu/install.log'
[7.882s] Invoked command in '/home/pioneer-ii/pioneer_ws/src/rsl_imu' returned '0': PYTHONPATH=/home/pioneer-ii/pioneer_ws/build/rsl_imu/prefix_override:/home/pioneer-ii/pioneer_ws/install/rsl_imu/lib/python3.8/site-packages:${PYTHONPATH} /usr/bin/python3 setup.py egg_info --egg-base ../../build/rsl_imu build --build-base /home/pioneer-ii/pioneer_ws/build/rsl_imu/build install --record /home/pioneer-ii/pioneer_ws/build/rsl_imu/install.log --install-scripts $base/lib/rsl_imu --single-version-externally-managed
