[7.684s] Invoking command in '/home/pioneer-ii/pioneer_ws/src/navigation_core': PYTHONPATH=/home/pioneer-ii/pioneer_ws/build/navigation_core/prefix_override:/home/pioneer-ii/pioneer_ws/install/navigation_core/lib/python3.8/site-packages:${PYTHONPATH} /usr/bin/python3 setup.py egg_info --egg-base ../../build/navigation_core build --build-base /home/pioneer-ii/pioneer_ws/build/navigation_core/build install --record /home/pioneer-ii/pioneer_ws/build/navigation_core/install.log --install-scripts $base/lib/navigation_core --single-version-externally-managed
[8.196s] running egg_info
[8.198s] writing ../../build/navigation_core/navigation_core.egg-info/PKG-INFO
[8.200s] writing dependency_links to ../../build/navigation_core/navigation_core.egg-info/dependency_links.txt
[8.201s] writing entry points to ../../build/navigation_core/navigation_core.egg-info/entry_points.txt
[8.201s] writing requirements to ../../build/navigation_core/navigation_core.egg-info/requires.txt
[8.201s] writing top-level names to ../../build/navigation_core/navigation_core.egg-info/top_level.txt
[8.288s] reading manifest file '../../build/navigation_core/navigation_core.egg-info/SOURCES.txt'
[8.289s] writing manifest file '../../build/navigation_core/navigation_core.egg-info/SOURCES.txt'
[8.289s] running build
[8.289s] running build_py
[8.289s] running install
[8.289s] running install_lib
[8.293s] running install_data
[8.294s] running install_egg_info
[8.299s] removing '/home/pioneer-ii/pioneer_ws/install/navigation_core/lib/python3.8/site-packages/navigation_core-0.0.0-py3.8.egg-info' (and everything under it)
[8.300s] Copying ../../build/navigation_core/navigation_core.egg-info to /home/pioneer-ii/pioneer_ws/install/navigation_core/lib/python3.8/site-packages/navigation_core-0.0.0-py3.8.egg-info
[8.303s] running install_scripts
[8.361s] Installing run_navigation script to /home/pioneer-ii/pioneer_ws/install/navigation_core/lib/navigation_core
[8.362s] writing list of installed files to '/home/pioneer-ii/pioneer_ws/build/navigation_core/install.log'
[8.998s] Invoked command in '/home/pioneer-ii/pioneer_ws/src/navigation_core' returned '0': PYTHONPATH=/home/pioneer-ii/pioneer_ws/build/navigation_core/prefix_override:/home/pioneer-ii/pioneer_ws/install/navigation_core/lib/python3.8/site-packages:${PYTHONPATH} /usr/bin/python3 setup.py egg_info --egg-base ../../build/navigation_core build --build-base /home/pioneer-ii/pioneer_ws/build/navigation_core/build install --record /home/pioneer-ii/pioneer_ws/build/navigation_core/install.log --install-scripts $base/lib/navigation_core --single-version-externally-managed
