[10.084s] Invoking command in '/home/pioneer-ii/pioneer_ws/src/navigation_core': PYTHONPATH=/home/pioneer-ii/pioneer_ws/build/navigation_core/prefix_override:/home/pioneer-ii/pioneer_ws/install/navigation_core/lib/python3.8/site-packages:${PYTHONPATH} /usr/bin/python3 setup.py egg_info --egg-base ../../build/navigation_core build --build-base /home/pioneer-ii/pioneer_ws/build/navigation_core/build install --record /home/pioneer-ii/pioneer_ws/build/navigation_core/install.log --install-scripts $base/lib/navigation_core --single-version-externally-managed
[10.569s] running egg_info
[10.570s] writing ../../build/navigation_core/navigation_core.egg-info/PKG-INFO
[10.672s] writing dependency_links to ../../build/navigation_core/navigation_core.egg-info/dependency_links.txt
[10.673s] writing entry points to ../../build/navigation_core/navigation_core.egg-info/entry_points.txt
[10.674s] writing requirements to ../../build/navigation_core/navigation_core.egg-info/requires.txt
[10.675s] writing top-level names to ../../build/navigation_core/navigation_core.egg-info/top_level.txt
[10.759s] reading manifest file '../../build/navigation_core/navigation_core.egg-info/SOURCES.txt'
[10.897s] writing manifest file '../../build/navigation_core/navigation_core.egg-info/SOURCES.txt'
[10.898s] running build
[10.898s] running build_py
[10.904s] running install
[10.907s] running install_lib
[10.911s] running install_data
[10.914s] running install_egg_info
[10.919s] removing '/home/pioneer-ii/pioneer_ws/install/navigation_core/lib/python3.8/site-packages/navigation_core-0.0.0-py3.8.egg-info' (and everything under it)
[10.920s] Copying ../../build/navigation_core/navigation_core.egg-info to /home/pioneer-ii/pioneer_ws/install/navigation_core/lib/python3.8/site-packages/navigation_core-0.0.0-py3.8.egg-info
[10.923s] running install_scripts
[10.972s] Installing push_target script to /home/pioneer-ii/pioneer_ws/install/navigation_core/lib/navigation_core
[11.110s] Installing run_navigation script to /home/pioneer-ii/pioneer_ws/install/navigation_core/lib/navigation_core
[11.113s] writing list of installed files to '/home/pioneer-ii/pioneer_ws/build/navigation_core/install.log'
[11.684s] Invoked command in '/home/pioneer-ii/pioneer_ws/src/navigation_core' returned '0': PYTHONPATH=/home/pioneer-ii/pioneer_ws/build/navigation_core/prefix_override:/home/pioneer-ii/pioneer_ws/install/navigation_core/lib/python3.8/site-packages:${PYTHONPATH} /usr/bin/python3 setup.py egg_info --egg-base ../../build/navigation_core build --build-base /home/pioneer-ii/pioneer_ws/build/navigation_core/build install --record /home/pioneer-ii/pioneer_ws/build/navigation_core/install.log --install-scripts $base/lib/navigation_core --single-version-externally-managed
