[7.749s] DEBUG:colcon:Command line arguments: ['/usr/bin/colcon', 'build']
[7.749s] DEBUG:colcon:Parsed command line arguments: Namespace(allow_overriding=[], ament_cmake_args=None, base_paths=['.'], build_base='build', catkin_cmake_args=None, catkin_skip_building_tests=False, cmake_args=None, cmake_clean_cache=False, cmake_clean_first=False, cmake_force_configure=False, cmake_target=None, cmake_target_skip_unavailable=False, continue_on_error=False, event_handlers=None, executor='parallel', ignore_user_meta=False, install_base='install', log_base=None, log_level=None, main=<bound method BuildVerb.main of <colcon_core.verb.build.BuildVerb object at 0xffffb0937340>>, merge_install=False, metas=['./colcon.meta'], packages_above=None, packages_above_and_dependencies=None, packages_above_depth=None, packages_end=None, packages_ignore=None, packages_ignore_regex=None, packages_select=None, packages_select_build_failed=False, packages_select_by_dep=None, packages_select_regex=None, packages_select_test_failures=False, packages_skip=None, packages_skip_build_finished=False, packages_skip_by_dep=None, packages_skip_regex=None, packages_skip_test_passed=False, packages_skip_up_to=None, packages_start=None, packages_up_to=None, packages_up_to_regex=None, parallel_workers=6, paths=None, symlink_install=False, test_result_base=None, verb_extension=<colcon_core.verb.build.BuildVerb object at 0xffffb0937340>, verb_name='build', verb_parser=<colcon_defaults.argument_parser.defaults.DefaultArgumentsDecorator object at 0xffffb0937550>)
[8.305s] Level 1:colcon.colcon_core.package_discovery:discover_packages(colcon_meta) check parameters
[8.305s] Level 1:colcon.colcon_core.package_discovery:discover_packages(recursive) check parameters
[8.305s] Level 1:colcon.colcon_core.package_discovery:discover_packages(ignore) check parameters
[8.305s] Level 1:colcon.colcon_core.package_discovery:discover_packages(path) check parameters
[8.306s] Level 1:colcon.colcon_core.package_discovery:discover_packages(colcon_meta) discover
[8.306s] Level 1:colcon.colcon_core.package_discovery:discover_packages(recursive) discover
[8.306s] INFO:colcon.colcon_core.package_discovery:Crawling recursively for packages in '/home/pioneer-ii/pioneer_ws'
[8.306s] Level 1:colcon.colcon_core.package_identification:_identify(.) by extensions ['ignore', 'ignore_ament_install']
[8.306s] Level 1:colcon.colcon_core.package_identification:_identify(.) by extension 'ignore'
[8.307s] Level 1:colcon.colcon_core.package_identification:_identify(.) by extension 'ignore_ament_install'
[8.307s] Level 1:colcon.colcon_core.package_identification:_identify(.) by extensions ['colcon_pkg']
[8.307s] Level 1:colcon.colcon_core.package_identification:_identify(.) by extension 'colcon_pkg'
[8.307s] Level 1:colcon.colcon_core.package_identification:_identify(.) by extensions ['colcon_meta']
[8.307s] Level 1:colcon.colcon_core.package_identification:_identify(.) by extension 'colcon_meta'
[8.307s] Level 1:colcon.colcon_core.package_identification:_identify(.) by extensions ['ros']
[8.307s] Level 1:colcon.colcon_core.package_identification:_identify(.) by extension 'ros'
[8.493s] Level 1:colcon.colcon_core.package_identification:_identify(.) by extensions ['cmake', 'python']
[8.494s] Level 1:colcon.colcon_core.package_identification:_identify(.) by extension 'cmake'
[8.494s] Level 1:colcon.colcon_core.package_identification:_identify(.) by extension 'python'
[8.494s] Level 1:colcon.colcon_core.package_identification:_identify(.) by extensions ['python_setup_py']
[8.494s] Level 1:colcon.colcon_core.package_identification:_identify(.) by extension 'python_setup_py'
[8.494s] Level 1:colcon.colcon_core.package_identification:_identify(build) by extensions ['ignore', 'ignore_ament_install']
[8.495s] Level 1:colcon.colcon_core.package_identification:_identify(build) by extension 'ignore'
[8.495s] Level 1:colcon.colcon_core.package_identification:_identify(build) ignored
[8.495s] Level 1:colcon.colcon_core.package_identification:_identify(install) by extensions ['ignore', 'ignore_ament_install']
[8.495s] Level 1:colcon.colcon_core.package_identification:_identify(install) by extension 'ignore'
[8.496s] Level 1:colcon.colcon_core.package_identification:_identify(install) ignored
[8.496s] Level 1:colcon.colcon_core.package_identification:_identify(log) by extensions ['ignore', 'ignore_ament_install']
[8.496s] Level 1:colcon.colcon_core.package_identification:_identify(log) by extension 'ignore'
[8.496s] Level 1:colcon.colcon_core.package_identification:_identify(log) ignored
[8.497s] Level 1:colcon.colcon_core.package_identification:_identify(src) by extensions ['ignore', 'ignore_ament_install']
[8.497s] Level 1:colcon.colcon_core.package_identification:_identify(src) by extension 'ignore'
[8.497s] Level 1:colcon.colcon_core.package_identification:_identify(src) by extension 'ignore_ament_install'
[8.497s] Level 1:colcon.colcon_core.package_identification:_identify(src) by extensions ['colcon_pkg']
[8.497s] Level 1:colcon.colcon_core.package_identification:_identify(src) by extension 'colcon_pkg'
[8.497s] Level 1:colcon.colcon_core.package_identification:_identify(src) by extensions ['colcon_meta']
[8.497s] Level 1:colcon.colcon_core.package_identification:_identify(src) by extension 'colcon_meta'
[8.498s] Level 1:colcon.colcon_core.package_identification:_identify(src) by extensions ['ros']
[8.498s] Level 1:colcon.colcon_core.package_identification:_identify(src) by extension 'ros'
[8.498s] Level 1:colcon.colcon_core.package_identification:_identify(src) by extensions ['cmake', 'python']
[8.498s] Level 1:colcon.colcon_core.package_identification:_identify(src) by extension 'cmake'
[8.498s] Level 1:colcon.colcon_core.package_identification:_identify(src) by extension 'python'
[8.498s] Level 1:colcon.colcon_core.package_identification:_identify(src) by extensions ['python_setup_py']
[8.498s] Level 1:colcon.colcon_core.package_identification:_identify(src) by extension 'python_setup_py'
[8.499s] Level 1:colcon.colcon_core.package_identification:_identify(src/build) by extensions ['ignore', 'ignore_ament_install']
[8.499s] Level 1:colcon.colcon_core.package_identification:_identify(src/build) by extension 'ignore'
[8.499s] Level 1:colcon.colcon_core.package_identification:_identify(src/build) ignored
[8.499s] Level 1:colcon.colcon_core.package_identification:_identify(src/install) by extensions ['ignore', 'ignore_ament_install']
[8.499s] Level 1:colcon.colcon_core.package_identification:_identify(src/install) by extension 'ignore'
[8.499s] Level 1:colcon.colcon_core.package_identification:_identify(src/install) ignored
[8.500s] Level 1:colcon.colcon_core.package_identification:_identify(src/locomotion_core) by extensions ['ignore', 'ignore_ament_install']
[8.500s] Level 1:colcon.colcon_core.package_identification:_identify(src/locomotion_core) by extension 'ignore'
[8.500s] Level 1:colcon.colcon_core.package_identification:_identify(src/locomotion_core) by extension 'ignore_ament_install'
[8.500s] Level 1:colcon.colcon_core.package_identification:_identify(src/locomotion_core) by extensions ['colcon_pkg']
[8.500s] Level 1:colcon.colcon_core.package_identification:_identify(src/locomotion_core) by extension 'colcon_pkg'
[8.500s] Level 1:colcon.colcon_core.package_identification:_identify(src/locomotion_core) by extensions ['colcon_meta']
[8.500s] Level 1:colcon.colcon_core.package_identification:_identify(src/locomotion_core) by extension 'colcon_meta'
[8.500s] Level 1:colcon.colcon_core.package_identification:_identify(src/locomotion_core) by extensions ['ros']
[8.501s] Level 1:colcon.colcon_core.package_identification:_identify(src/locomotion_core) by extension 'ros'
[8.647s] DEBUG:colcon.colcon_core.package_identification:Package 'src/locomotion_core' with type 'ros.ament_python' and name 'locomotion_core'
[8.647s] Level 1:colcon.colcon_core.package_identification:_identify(src/log) by extensions ['ignore', 'ignore_ament_install']
[8.647s] Level 1:colcon.colcon_core.package_identification:_identify(src/log) by extension 'ignore'
[8.647s] Level 1:colcon.colcon_core.package_identification:_identify(src/log) ignored
[8.648s] Level 1:colcon.colcon_core.package_identification:_identify(src/navigation_core) by extensions ['ignore', 'ignore_ament_install']
[8.648s] Level 1:colcon.colcon_core.package_identification:_identify(src/navigation_core) by extension 'ignore'
[8.648s] Level 1:colcon.colcon_core.package_identification:_identify(src/navigation_core) by extension 'ignore_ament_install'
[8.648s] Level 1:colcon.colcon_core.package_identification:_identify(src/navigation_core) by extensions ['colcon_pkg']
[8.648s] Level 1:colcon.colcon_core.package_identification:_identify(src/navigation_core) by extension 'colcon_pkg'
[8.648s] Level 1:colcon.colcon_core.package_identification:_identify(src/navigation_core) by extensions ['colcon_meta']
[8.648s] Level 1:colcon.colcon_core.package_identification:_identify(src/navigation_core) by extension 'colcon_meta'
[8.649s] Level 1:colcon.colcon_core.package_identification:_identify(src/navigation_core) by extensions ['ros']
[8.649s] Level 1:colcon.colcon_core.package_identification:_identify(src/navigation_core) by extension 'ros'
[8.651s] DEBUG:colcon.colcon_core.package_identification:Package 'src/navigation_core' with type 'ros.ament_python' and name 'navigation_core'
[8.651s] Level 1:colcon.colcon_core.package_identification:_identify(src/rover_launch) by extensions ['ignore', 'ignore_ament_install']
[8.651s] Level 1:colcon.colcon_core.package_identification:_identify(src/rover_launch) by extension 'ignore'
[8.651s] Level 1:colcon.colcon_core.package_identification:_identify(src/rover_launch) by extension 'ignore_ament_install'
[8.651s] Level 1:colcon.colcon_core.package_identification:_identify(src/rover_launch) by extensions ['colcon_pkg']
[8.652s] Level 1:colcon.colcon_core.package_identification:_identify(src/rover_launch) by extension 'colcon_pkg'
[8.652s] Level 1:colcon.colcon_core.package_identification:_identify(src/rover_launch) by extensions ['colcon_meta']
[8.652s] Level 1:colcon.colcon_core.package_identification:_identify(src/rover_launch) by extension 'colcon_meta'
[8.652s] Level 1:colcon.colcon_core.package_identification:_identify(src/rover_launch) by extensions ['ros']
[8.652s] Level 1:colcon.colcon_core.package_identification:_identify(src/rover_launch) by extension 'ros'
[8.653s] DEBUG:colcon.colcon_core.package_identification:Package 'src/rover_launch' with type 'ros.ament_cmake' and name 'rover_launch'
[8.654s] Level 1:colcon.colcon_core.package_identification:_identify(src/rover_teleop_joy) by extensions ['ignore', 'ignore_ament_install']
[8.654s] Level 1:colcon.colcon_core.package_identification:_identify(src/rover_teleop_joy) by extension 'ignore'
[8.654s] Level 1:colcon.colcon_core.package_identification:_identify(src/rover_teleop_joy) by extension 'ignore_ament_install'
[8.654s] Level 1:colcon.colcon_core.package_identification:_identify(src/rover_teleop_joy) by extensions ['colcon_pkg']
[8.654s] Level 1:colcon.colcon_core.package_identification:_identify(src/rover_teleop_joy) by extension 'colcon_pkg'
[8.654s] Level 1:colcon.colcon_core.package_identification:_identify(src/rover_teleop_joy) by extensions ['colcon_meta']
[8.654s] Level 1:colcon.colcon_core.package_identification:_identify(src/rover_teleop_joy) by extension 'colcon_meta'
[8.654s] Level 1:colcon.colcon_core.package_identification:_identify(src/rover_teleop_joy) by extensions ['ros']
[8.655s] Level 1:colcon.colcon_core.package_identification:_identify(src/rover_teleop_joy) by extension 'ros'
[8.656s] DEBUG:colcon.colcon_core.package_identification:Package 'src/rover_teleop_joy' with type 'ros.ament_python' and name 'rover_teleop_joy'
[8.656s] Level 1:colcon.colcon_core.package_identification:_identify(src/rsl_gps) by extensions ['ignore', 'ignore_ament_install']
[8.656s] Level 1:colcon.colcon_core.package_identification:_identify(src/rsl_gps) by extension 'ignore'
[8.657s] Level 1:colcon.colcon_core.package_identification:_identify(src/rsl_gps) by extension 'ignore_ament_install'
[8.657s] Level 1:colcon.colcon_core.package_identification:_identify(src/rsl_gps) by extensions ['colcon_pkg']
[8.657s] Level 1:colcon.colcon_core.package_identification:_identify(src/rsl_gps) by extension 'colcon_pkg'
[8.657s] Level 1:colcon.colcon_core.package_identification:_identify(src/rsl_gps) by extensions ['colcon_meta']
[8.657s] Level 1:colcon.colcon_core.package_identification:_identify(src/rsl_gps) by extension 'colcon_meta'
[8.657s] Level 1:colcon.colcon_core.package_identification:_identify(src/rsl_gps) by extensions ['ros']
[8.657s] Level 1:colcon.colcon_core.package_identification:_identify(src/rsl_gps) by extension 'ros'
[8.659s] DEBUG:colcon.colcon_core.package_identification:Package 'src/rsl_gps' with type 'ros.ament_python' and name 'rsl_gps'
[8.659s] Level 1:colcon.colcon_core.package_identification:_identify(src/rsl_imu) by extensions ['ignore', 'ignore_ament_install']
[8.659s] Level 1:colcon.colcon_core.package_identification:_identify(src/rsl_imu) by extension 'ignore'
[8.659s] Level 1:colcon.colcon_core.package_identification:_identify(src/rsl_imu) by extension 'ignore_ament_install'
[8.659s] Level 1:colcon.colcon_core.package_identification:_identify(src/rsl_imu) by extensions ['colcon_pkg']
[8.659s] Level 1:colcon.colcon_core.package_identification:_identify(src/rsl_imu) by extension 'colcon_pkg'
[8.660s] Level 1:colcon.colcon_core.package_identification:_identify(src/rsl_imu) by extensions ['colcon_meta']
[8.660s] Level 1:colcon.colcon_core.package_identification:_identify(src/rsl_imu) by extension 'colcon_meta'
[8.660s] Level 1:colcon.colcon_core.package_identification:_identify(src/rsl_imu) by extensions ['ros']
[8.660s] Level 1:colcon.colcon_core.package_identification:_identify(src/rsl_imu) by extension 'ros'
[8.661s] DEBUG:colcon.colcon_core.package_identification:Package 'src/rsl_imu' with type 'ros.ament_python' and name 'rsl_imu'
[8.661s] Level 1:colcon.colcon_core.package_discovery:discover_packages(recursive) using defaults
[8.662s] Level 1:colcon.colcon_core.package_discovery:discover_packages(ignore) discover
[8.662s] Level 1:colcon.colcon_core.package_discovery:discover_packages(ignore) using defaults
[8.662s] Level 1:colcon.colcon_core.package_discovery:discover_packages(path) discover
[8.662s] Level 1:colcon.colcon_core.package_discovery:discover_packages(path) using defaults
[9.568s] Level 1:colcon.colcon_core.package_discovery:discover_packages(prefix_path) check parameters
[9.568s] Level 1:colcon.colcon_core.package_discovery:discover_packages(prefix_path) discover
[10.009s] DEBUG:colcon.colcon_installed_package_information.package_discovery:Found 261 installed packages in /opt/ros/foxy
[10.012s] Level 1:colcon.colcon_core.package_discovery:discover_packages(prefix_path) using defaults
[10.755s] Level 5:colcon.colcon_core.verb:set package 'locomotion_core' build argument 'cmake_args' from command line to 'None'
[10.755s] Level 5:colcon.colcon_core.verb:set package 'locomotion_core' build argument 'cmake_target' from command line to 'None'
[10.755s] Level 5:colcon.colcon_core.verb:set package 'locomotion_core' build argument 'cmake_target_skip_unavailable' from command line to 'False'
[10.755s] Level 5:colcon.colcon_core.verb:set package 'locomotion_core' build argument 'cmake_clean_cache' from command line to 'False'
[10.755s] Level 5:colcon.colcon_core.verb:set package 'locomotion_core' build argument 'cmake_clean_first' from command line to 'False'
[10.756s] Level 5:colcon.colcon_core.verb:set package 'locomotion_core' build argument 'cmake_force_configure' from command line to 'False'
[10.756s] Level 5:colcon.colcon_core.verb:set package 'locomotion_core' build argument 'ament_cmake_args' from command line to 'None'
[10.756s] Level 5:colcon.colcon_core.verb:set package 'locomotion_core' build argument 'catkin_cmake_args' from command line to 'None'
[10.756s] Level 5:colcon.colcon_core.verb:set package 'locomotion_core' build argument 'catkin_skip_building_tests' from command line to 'False'
[10.756s] DEBUG:colcon.colcon_core.verb:Building package 'locomotion_core' with the following arguments: {'ament_cmake_args': None, 'build_base': '/home/pioneer-ii/pioneer_ws/build/locomotion_core', 'catkin_cmake_args': None, 'catkin_skip_building_tests': False, 'cmake_args': None, 'cmake_clean_cache': False, 'cmake_clean_first': False, 'cmake_force_configure': False, 'cmake_target': None, 'cmake_target_skip_unavailable': False, 'install_base': '/home/pioneer-ii/pioneer_ws/install/locomotion_core', 'merge_install': False, 'path': '/home/pioneer-ii/pioneer_ws/src/locomotion_core', 'symlink_install': False, 'test_result_base': None}
[10.830s] Level 5:colcon.colcon_core.verb:set package 'navigation_core' build argument 'cmake_args' from command line to 'None'
[10.831s] Level 5:colcon.colcon_core.verb:set package 'navigation_core' build argument 'cmake_target' from command line to 'None'
[10.831s] Level 5:colcon.colcon_core.verb:set package 'navigation_core' build argument 'cmake_target_skip_unavailable' from command line to 'False'
[10.831s] Level 5:colcon.colcon_core.verb:set package 'navigation_core' build argument 'cmake_clean_cache' from command line to 'False'
[10.831s] Level 5:colcon.colcon_core.verb:set package 'navigation_core' build argument 'cmake_clean_first' from command line to 'False'
[10.831s] Level 5:colcon.colcon_core.verb:set package 'navigation_core' build argument 'cmake_force_configure' from command line to 'False'
[10.831s] Level 5:colcon.colcon_core.verb:set package 'navigation_core' build argument 'ament_cmake_args' from command line to 'None'
[10.831s] Level 5:colcon.colcon_core.verb:set package 'navigation_core' build argument 'catkin_cmake_args' from command line to 'None'
[10.831s] Level 5:colcon.colcon_core.verb:set package 'navigation_core' build argument 'catkin_skip_building_tests' from command line to 'False'
[10.831s] DEBUG:colcon.colcon_core.verb:Building package 'navigation_core' with the following arguments: {'ament_cmake_args': None, 'build_base': '/home/pioneer-ii/pioneer_ws/build/navigation_core', 'catkin_cmake_args': None, 'catkin_skip_building_tests': False, 'cmake_args': None, 'cmake_clean_cache': False, 'cmake_clean_first': False, 'cmake_force_configure': False, 'cmake_target': None, 'cmake_target_skip_unavailable': False, 'install_base': '/home/pioneer-ii/pioneer_ws/install/navigation_core', 'merge_install': False, 'path': '/home/pioneer-ii/pioneer_ws/src/navigation_core', 'symlink_install': False, 'test_result_base': None}
[10.904s] Level 5:colcon.colcon_core.verb:set package 'rover_launch' build argument 'cmake_args' from command line to 'None'
[10.904s] Level 5:colcon.colcon_core.verb:set package 'rover_launch' build argument 'cmake_target' from command line to 'None'
[10.904s] Level 5:colcon.colcon_core.verb:set package 'rover_launch' build argument 'cmake_target_skip_unavailable' from command line to 'False'
[10.904s] Level 5:colcon.colcon_core.verb:set package 'rover_launch' build argument 'cmake_clean_cache' from command line to 'False'
[10.904s] Level 5:colcon.colcon_core.verb:set package 'rover_launch' build argument 'cmake_clean_first' from command line to 'False'
[10.904s] Level 5:colcon.colcon_core.verb:set package 'rover_launch' build argument 'cmake_force_configure' from command line to 'False'
[10.904s] Level 5:colcon.colcon_core.verb:set package 'rover_launch' build argument 'ament_cmake_args' from command line to 'None'
[10.904s] Level 5:colcon.colcon_core.verb:set package 'rover_launch' build argument 'catkin_cmake_args' from command line to 'None'
[10.904s] Level 5:colcon.colcon_core.verb:set package 'rover_launch' build argument 'catkin_skip_building_tests' from command line to 'False'
[10.904s] DEBUG:colcon.colcon_core.verb:Building package 'rover_launch' with the following arguments: {'ament_cmake_args': None, 'build_base': '/home/pioneer-ii/pioneer_ws/build/rover_launch', 'catkin_cmake_args': None, 'catkin_skip_building_tests': False, 'cmake_args': None, 'cmake_clean_cache': False, 'cmake_clean_first': False, 'cmake_force_configure': False, 'cmake_target': None, 'cmake_target_skip_unavailable': False, 'install_base': '/home/pioneer-ii/pioneer_ws/install/rover_launch', 'merge_install': False, 'path': '/home/pioneer-ii/pioneer_ws/src/rover_launch', 'symlink_install': False, 'test_result_base': None}
[10.978s] Level 5:colcon.colcon_core.verb:set package 'rover_teleop_joy' build argument 'cmake_args' from command line to 'None'
[10.978s] Level 5:colcon.colcon_core.verb:set package 'rover_teleop_joy' build argument 'cmake_target' from command line to 'None'
[10.978s] Level 5:colcon.colcon_core.verb:set package 'rover_teleop_joy' build argument 'cmake_target_skip_unavailable' from command line to 'False'
[10.978s] Level 5:colcon.colcon_core.verb:set package 'rover_teleop_joy' build argument 'cmake_clean_cache' from command line to 'False'
[10.978s] Level 5:colcon.colcon_core.verb:set package 'rover_teleop_joy' build argument 'cmake_clean_first' from command line to 'False'
[10.978s] Level 5:colcon.colcon_core.verb:set package 'rover_teleop_joy' build argument 'cmake_force_configure' from command line to 'False'
[10.978s] Level 5:colcon.colcon_core.verb:set package 'rover_teleop_joy' build argument 'ament_cmake_args' from command line to 'None'
[10.978s] Level 5:colcon.colcon_core.verb:set package 'rover_teleop_joy' build argument 'catkin_cmake_args' from command line to 'None'
[10.978s] Level 5:colcon.colcon_core.verb:set package 'rover_teleop_joy' build argument 'catkin_skip_building_tests' from command line to 'False'
[10.978s] DEBUG:colcon.colcon_core.verb:Building package 'rover_teleop_joy' with the following arguments: {'ament_cmake_args': None, 'build_base': '/home/pioneer-ii/pioneer_ws/build/rover_teleop_joy', 'catkin_cmake_args': None, 'catkin_skip_building_tests': False, 'cmake_args': None, 'cmake_clean_cache': False, 'cmake_clean_first': False, 'cmake_force_configure': False, 'cmake_target': None, 'cmake_target_skip_unavailable': False, 'install_base': '/home/pioneer-ii/pioneer_ws/install/rover_teleop_joy', 'merge_install': False, 'path': '/home/pioneer-ii/pioneer_ws/src/rover_teleop_joy', 'symlink_install': False, 'test_result_base': None}
[11.102s] Level 5:colcon.colcon_core.verb:set package 'rsl_gps' build argument 'cmake_args' from command line to 'None'
[11.102s] Level 5:colcon.colcon_core.verb:set package 'rsl_gps' build argument 'cmake_target' from command line to 'None'
[11.102s] Level 5:colcon.colcon_core.verb:set package 'rsl_gps' build argument 'cmake_target_skip_unavailable' from command line to 'False'
[11.102s] Level 5:colcon.colcon_core.verb:set package 'rsl_gps' build argument 'cmake_clean_cache' from command line to 'False'
[11.102s] Level 5:colcon.colcon_core.verb:set package 'rsl_gps' build argument 'cmake_clean_first' from command line to 'False'
[11.103s] Level 5:colcon.colcon_core.verb:set package 'rsl_gps' build argument 'cmake_force_configure' from command line to 'False'
[11.103s] Level 5:colcon.colcon_core.verb:set package 'rsl_gps' build argument 'ament_cmake_args' from command line to 'None'
[11.103s] Level 5:colcon.colcon_core.verb:set package 'rsl_gps' build argument 'catkin_cmake_args' from command line to 'None'
[11.103s] Level 5:colcon.colcon_core.verb:set package 'rsl_gps' build argument 'catkin_skip_building_tests' from command line to 'False'
[11.103s] DEBUG:colcon.colcon_core.verb:Building package 'rsl_gps' with the following arguments: {'ament_cmake_args': None, 'build_base': '/home/pioneer-ii/pioneer_ws/build/rsl_gps', 'catkin_cmake_args': None, 'catkin_skip_building_tests': False, 'cmake_args': None, 'cmake_clean_cache': False, 'cmake_clean_first': False, 'cmake_force_configure': False, 'cmake_target': None, 'cmake_target_skip_unavailable': False, 'install_base': '/home/pioneer-ii/pioneer_ws/install/rsl_gps', 'merge_install': False, 'path': '/home/pioneer-ii/pioneer_ws/src/rsl_gps', 'symlink_install': False, 'test_result_base': None}
[11.178s] Level 5:colcon.colcon_core.verb:set package 'rsl_imu' build argument 'cmake_args' from command line to 'None'
[11.178s] Level 5:colcon.colcon_core.verb:set package 'rsl_imu' build argument 'cmake_target' from command line to 'None'
[11.178s] Level 5:colcon.colcon_core.verb:set package 'rsl_imu' build argument 'cmake_target_skip_unavailable' from command line to 'False'
[11.178s] Level 5:colcon.colcon_core.verb:set package 'rsl_imu' build argument 'cmake_clean_cache' from command line to 'False'
[11.178s] Level 5:colcon.colcon_core.verb:set package 'rsl_imu' build argument 'cmake_clean_first' from command line to 'False'
[11.178s] Level 5:colcon.colcon_core.verb:set package 'rsl_imu' build argument 'cmake_force_configure' from command line to 'False'
[11.178s] Level 5:colcon.colcon_core.verb:set package 'rsl_imu' build argument 'ament_cmake_args' from command line to 'None'
[11.178s] Level 5:colcon.colcon_core.verb:set package 'rsl_imu' build argument 'catkin_cmake_args' from command line to 'None'
[11.178s] Level 5:colcon.colcon_core.verb:set package 'rsl_imu' build argument 'catkin_skip_building_tests' from command line to 'False'
[11.178s] DEBUG:colcon.colcon_core.verb:Building package 'rsl_imu' with the following arguments: {'ament_cmake_args': None, 'build_base': '/home/pioneer-ii/pioneer_ws/build/rsl_imu', 'catkin_cmake_args': None, 'catkin_skip_building_tests': False, 'cmake_args': None, 'cmake_clean_cache': False, 'cmake_clean_first': False, 'cmake_force_configure': False, 'cmake_target': None, 'cmake_target_skip_unavailable': False, 'install_base': '/home/pioneer-ii/pioneer_ws/install/rsl_imu', 'merge_install': False, 'path': '/home/pioneer-ii/pioneer_ws/src/rsl_imu', 'symlink_install': False, 'test_result_base': None}
[11.251s] INFO:colcon.colcon_core.executor:Executing jobs using 'parallel' executor
[11.327s] DEBUG:colcon.colcon_parallel_executor.executor.parallel:run_until_complete
[11.328s] INFO:colcon.colcon_ros.task.ament_python.build:Building ROS package in '/home/pioneer-ii/pioneer_ws/src/locomotion_core' with build type 'ament_python'
[11.329s] Level 1:colcon.colcon_core.shell:create_environment_hook('locomotion_core', 'ament_prefix_path')
[11.555s] INFO:colcon.colcon_core.plugin_system:Skipping extension 'colcon_core.shell.bat': Not used on non-Windows systems
[11.556s] INFO:colcon.colcon_core.shell:Creating environment hook '/home/pioneer-ii/pioneer_ws/install/locomotion_core/share/locomotion_core/hook/ament_prefix_path.ps1'
[11.561s] INFO:colcon.colcon_core.shell:Creating environment descriptor '/home/pioneer-ii/pioneer_ws/install/locomotion_core/share/locomotion_core/hook/ament_prefix_path.dsv'
[11.563s] INFO:colcon.colcon_core.shell:Creating environment hook '/home/pioneer-ii/pioneer_ws/install/locomotion_core/share/locomotion_core/hook/ament_prefix_path.sh'
[11.643s] INFO:colcon.colcon_core.shell:Skip shell extension 'powershell' for command environment: Not usable outside of PowerShell
[11.643s] DEBUG:colcon.colcon_core.shell:Skip shell extension 'dsv' for command environment
[11.943s] INFO:colcon.colcon_ros.task.ament_python.build:Building ROS package in '/home/pioneer-ii/pioneer_ws/src/navigation_core' with build type 'ament_python'
[11.944s] Level 1:colcon.colcon_core.shell:create_environment_hook('navigation_core', 'ament_prefix_path')
[12.024s] INFO:colcon.colcon_core.shell:Creating environment hook '/home/pioneer-ii/pioneer_ws/install/navigation_core/share/navigation_core/hook/ament_prefix_path.ps1'
[12.165s] INFO:colcon.colcon_core.shell:Creating environment descriptor '/home/pioneer-ii/pioneer_ws/install/navigation_core/share/navigation_core/hook/ament_prefix_path.dsv'
[12.166s] INFO:colcon.colcon_core.shell:Creating environment hook '/home/pioneer-ii/pioneer_ws/install/navigation_core/share/navigation_core/hook/ament_prefix_path.sh'
[12.244s] INFO:colcon.colcon_core.shell:Skip shell extension 'powershell' for command environment: Not usable outside of PowerShell
[12.244s] DEBUG:colcon.colcon_core.shell:Skip shell extension 'dsv' for command environment
[12.542s] INFO:colcon.colcon_ros.task.ament_cmake.build:Building ROS package in '/home/pioneer-ii/pioneer_ws/src/rover_launch' with build type 'ament_cmake'
[12.543s] INFO:colcon.colcon_cmake.task.cmake.build:Building CMake package in '/home/pioneer-ii/pioneer_ws/src/rover_launch'
[12.623s] INFO:colcon.colcon_core.shell:Skip shell extension 'powershell' for command environment: Not usable outside of PowerShell
[12.624s] DEBUG:colcon.colcon_core.shell:Skip shell extension 'dsv' for command environment
[12.925s] INFO:colcon.colcon_ros.task.ament_python.build:Building ROS package in '/home/pioneer-ii/pioneer_ws/src/rover_teleop_joy' with build type 'ament_python'
[12.926s] Level 1:colcon.colcon_core.shell:create_environment_hook('rover_teleop_joy', 'ament_prefix_path')
[13.007s] INFO:colcon.colcon_core.shell:Creating environment hook '/home/pioneer-ii/pioneer_ws/install/rover_teleop_joy/share/rover_teleop_joy/hook/ament_prefix_path.ps1'
[13.155s] INFO:colcon.colcon_core.shell:Creating environment descriptor '/home/pioneer-ii/pioneer_ws/install/rover_teleop_joy/share/rover_teleop_joy/hook/ament_prefix_path.dsv'
[13.156s] INFO:colcon.colcon_core.shell:Creating environment hook '/home/pioneer-ii/pioneer_ws/install/rover_teleop_joy/share/rover_teleop_joy/hook/ament_prefix_path.sh'
[13.235s] INFO:colcon.colcon_core.shell:Skip shell extension 'powershell' for command environment: Not usable outside of PowerShell
[13.235s] DEBUG:colcon.colcon_core.shell:Skip shell extension 'dsv' for command environment
[13.496s] INFO:colcon.colcon_ros.task.ament_python.build:Building ROS package in '/home/pioneer-ii/pioneer_ws/src/rsl_gps' with build type 'ament_python'
[13.497s] Level 1:colcon.colcon_core.shell:create_environment_hook('rsl_gps', 'ament_prefix_path')
[13.577s] INFO:colcon.colcon_core.shell:Creating environment hook '/home/pioneer-ii/pioneer_ws/install/rsl_gps/share/rsl_gps/hook/ament_prefix_path.ps1'
[13.718s] INFO:colcon.colcon_core.shell:Creating environment descriptor '/home/pioneer-ii/pioneer_ws/install/rsl_gps/share/rsl_gps/hook/ament_prefix_path.dsv'
[13.719s] INFO:colcon.colcon_core.shell:Creating environment hook '/home/pioneer-ii/pioneer_ws/install/rsl_gps/share/rsl_gps/hook/ament_prefix_path.sh'
[13.798s] INFO:colcon.colcon_core.shell:Skip shell extension 'powershell' for command environment: Not usable outside of PowerShell
[13.798s] DEBUG:colcon.colcon_core.shell:Skip shell extension 'dsv' for command environment
[14.103s] INFO:colcon.colcon_ros.task.ament_python.build:Building ROS package in '/home/pioneer-ii/pioneer_ws/src/rsl_imu' with build type 'ament_python'
[14.104s] Level 1:colcon.colcon_core.shell:create_environment_hook('rsl_imu', 'ament_prefix_path')
[14.186s] INFO:colcon.colcon_core.shell:Creating environment hook '/home/pioneer-ii/pioneer_ws/install/rsl_imu/share/rsl_imu/hook/ament_prefix_path.ps1'
[14.327s] INFO:colcon.colcon_core.shell:Creating environment descriptor '/home/pioneer-ii/pioneer_ws/install/rsl_imu/share/rsl_imu/hook/ament_prefix_path.dsv'
[14.328s] INFO:colcon.colcon_core.shell:Creating environment hook '/home/pioneer-ii/pioneer_ws/install/rsl_imu/share/rsl_imu/hook/ament_prefix_path.sh'
[14.407s] INFO:colcon.colcon_core.shell:Skip shell extension 'powershell' for command environment: Not usable outside of PowerShell
[14.407s] DEBUG:colcon.colcon_core.shell:Skip shell extension 'dsv' for command environment
[15.492s] INFO:colcon.colcon_core.task.python.build:Building Python package in '/home/pioneer-ii/pioneer_ws/src/locomotion_core'
[15.640s] INFO:colcon.colcon_core.shell:Skip shell extension 'powershell' for command environment: Not usable outside of PowerShell
[15.640s] DEBUG:colcon.colcon_core.shell:Skip shell extension 'dsv' for command environment
[16.301s] INFO:colcon.colcon_core.task.python.build:Building Python package in '/home/pioneer-ii/pioneer_ws/src/navigation_core'
[16.382s] INFO:colcon.colcon_core.shell:Skip shell extension 'powershell' for command environment: Not usable outside of PowerShell
[16.383s] DEBUG:colcon.colcon_core.shell:Skip shell extension 'dsv' for command environment
[16.686s] DEBUG:colcon.colcon_core.event_handler.log_command:Invoking command in '/home/pioneer-ii/pioneer_ws/build/rover_launch': CMAKE_PREFIX_PATH=/opt/ros/foxy /usr/bin/cmake --build /home/pioneer-ii/pioneer_ws/build/rover_launch -- -j6 -l6
[17.225s] INFO:colcon.colcon_core.task.python.build:Building Python package in '/home/pioneer-ii/pioneer_ws/src/rover_teleop_joy'
[17.308s] INFO:colcon.colcon_core.shell:Skip shell extension 'powershell' for command environment: Not usable outside of PowerShell
[17.309s] DEBUG:colcon.colcon_core.shell:Skip shell extension 'dsv' for command environment
[18.250s] INFO:colcon.colcon_core.task.python.build:Building Python package in '/home/pioneer-ii/pioneer_ws/src/rsl_gps'
[18.331s] INFO:colcon.colcon_core.shell:Skip shell extension 'powershell' for command environment: Not usable outside of PowerShell
[18.332s] DEBUG:colcon.colcon_core.shell:Skip shell extension 'dsv' for command environment
[19.413s] INFO:colcon.colcon_core.task.python.build:Building Python package in '/home/pioneer-ii/pioneer_ws/src/rsl_imu'
[19.513s] INFO:colcon.colcon_core.shell:Skip shell extension 'powershell' for command environment: Not usable outside of PowerShell
[19.513s] DEBUG:colcon.colcon_core.shell:Skip shell extension 'dsv' for command environment
[19.818s] DEBUG:colcon.colcon_core.event_handler.log_command:Invoked command in '/home/pioneer-ii/pioneer_ws/build/rover_launch' returned '0': CMAKE_PREFIX_PATH=/opt/ros/foxy /usr/bin/cmake --build /home/pioneer-ii/pioneer_ws/build/rover_launch -- -j6 -l6
[20.082s] DEBUG:colcon.colcon_core.event_handler.log_command:Invoking command in '/home/pioneer-ii/pioneer_ws/build/rover_launch': CMAKE_PREFIX_PATH=/opt/ros/foxy /usr/bin/cmake --install /home/pioneer-ii/pioneer_ws/build/rover_launch
[20.234s] Level 1:colcon.colcon_core.environment:create_environment_scripts_only(rover_launch)
[20.238s] DEBUG:colcon.colcon_core.event_handler.log_command:Invoked command in '/home/pioneer-ii/pioneer_ws/build/rover_launch' returned '0': CMAKE_PREFIX_PATH=/opt/ros/foxy /usr/bin/cmake --install /home/pioneer-ii/pioneer_ws/build/rover_launch
[20.491s] Level 1:colcon.colcon_core.environment:checking '/home/pioneer-ii/pioneer_ws/install/rover_launch' for CMake module files
[20.493s] Level 1:colcon.colcon_core.environment:checking '/home/pioneer-ii/pioneer_ws/install/rover_launch' for CMake config files
[20.494s] Level 1:colcon.colcon_core.shell:create_environment_hook('rover_launch', 'cmake_prefix_path')
[20.577s] INFO:colcon.colcon_core.shell:Creating environment hook '/home/pioneer-ii/pioneer_ws/install/rover_launch/share/rover_launch/hook/cmake_prefix_path.ps1'
[20.579s] INFO:colcon.colcon_core.shell:Creating environment descriptor '/home/pioneer-ii/pioneer_ws/install/rover_launch/share/rover_launch/hook/cmake_prefix_path.dsv'
[20.580s] INFO:colcon.colcon_core.shell:Creating environment hook '/home/pioneer-ii/pioneer_ws/install/rover_launch/share/rover_launch/hook/cmake_prefix_path.sh'
[20.582s] Level 1:colcon.colcon_core.environment:checking '/home/pioneer-ii/pioneer_ws/install/rover_launch/bin'
[20.582s] Level 1:colcon.colcon_core.environment:checking '/home/pioneer-ii/pioneer_ws/install/rover_launch/lib/pkgconfig/rover_launch.pc'
[20.583s] Level 1:colcon.colcon_core.environment:checking '/home/pioneer-ii/pioneer_ws/install/rover_launch/lib/python3.8/site-packages'
[20.583s] Level 1:colcon.colcon_core.environment:checking '/home/pioneer-ii/pioneer_ws/install/rover_launch/bin'
[20.661s] INFO:colcon.colcon_core.shell:Creating package script '/home/pioneer-ii/pioneer_ws/install/rover_launch/share/rover_launch/package.ps1'
[20.665s] INFO:colcon.colcon_core.shell:Creating package descriptor '/home/pioneer-ii/pioneer_ws/install/rover_launch/share/rover_launch/package.dsv'
[20.668s] INFO:colcon.colcon_core.shell:Creating package script '/home/pioneer-ii/pioneer_ws/install/rover_launch/share/rover_launch/package.sh'
[20.674s] INFO:colcon.colcon_core.shell:Creating package script '/home/pioneer-ii/pioneer_ws/install/rover_launch/share/rover_launch/package.bash'
[20.677s] INFO:colcon.colcon_core.shell:Creating package script '/home/pioneer-ii/pioneer_ws/install/rover_launch/share/rover_launch/package.zsh'
[20.681s] Level 1:colcon.colcon_core.environment:create_file_with_runtime_dependencies(/home/pioneer-ii/pioneer_ws/install/rover_launch/share/colcon-core/packages/rover_launch)
[20.827s] Level 1:colcon.colcon_core.environment:create_environment_scripts_only(rover_launch)
[20.904s] Level 1:colcon.colcon_core.environment:checking '/home/pioneer-ii/pioneer_ws/install/rover_launch' for CMake module files
[20.905s] Level 1:colcon.colcon_core.environment:checking '/home/pioneer-ii/pioneer_ws/install/rover_launch' for CMake config files
[20.905s] Level 1:colcon.colcon_core.shell:create_environment_hook('rover_launch', 'cmake_prefix_path')
[20.990s] INFO:colcon.colcon_core.shell:Creating environment hook '/home/pioneer-ii/pioneer_ws/install/rover_launch/share/rover_launch/hook/cmake_prefix_path.ps1'
[20.993s] INFO:colcon.colcon_core.shell:Creating environment descriptor '/home/pioneer-ii/pioneer_ws/install/rover_launch/share/rover_launch/hook/cmake_prefix_path.dsv'
[20.994s] INFO:colcon.colcon_core.shell:Creating environment hook '/home/pioneer-ii/pioneer_ws/install/rover_launch/share/rover_launch/hook/cmake_prefix_path.sh'
[20.996s] Level 1:colcon.colcon_core.environment:checking '/home/pioneer-ii/pioneer_ws/install/rover_launch/bin'
[20.996s] Level 1:colcon.colcon_core.environment:checking '/home/pioneer-ii/pioneer_ws/install/rover_launch/lib/pkgconfig/rover_launch.pc'
[20.997s] Level 1:colcon.colcon_core.environment:checking '/home/pioneer-ii/pioneer_ws/install/rover_launch/lib/python3.8/site-packages'
[20.998s] Level 1:colcon.colcon_core.environment:checking '/home/pioneer-ii/pioneer_ws/install/rover_launch/bin'
[21.083s] INFO:colcon.colcon_core.shell:Creating package script '/home/pioneer-ii/pioneer_ws/install/rover_launch/share/rover_launch/package.ps1'
[21.085s] INFO:colcon.colcon_core.shell:Creating package descriptor '/home/pioneer-ii/pioneer_ws/install/rover_launch/share/rover_launch/package.dsv'
[21.086s] INFO:colcon.colcon_core.shell:Creating package script '/home/pioneer-ii/pioneer_ws/install/rover_launch/share/rover_launch/package.sh'
[21.087s] INFO:colcon.colcon_core.shell:Creating package script '/home/pioneer-ii/pioneer_ws/install/rover_launch/share/rover_launch/package.bash'
[21.088s] INFO:colcon.colcon_core.shell:Creating package script '/home/pioneer-ii/pioneer_ws/install/rover_launch/share/rover_launch/package.zsh'
[21.089s] Level 1:colcon.colcon_core.environment:create_file_with_runtime_dependencies(/home/pioneer-ii/pioneer_ws/install/rover_launch/share/colcon-core/packages/rover_launch)
[21.986s] DEBUG:colcon.colcon_core.event_handler.log_command:Invoking command in '/home/pioneer-ii/pioneer_ws/src/rsl_imu': PYTHONPATH=/home/pioneer-ii/pioneer_ws/build/rsl_imu/prefix_override:/home/pioneer-ii/pioneer_ws/install/rsl_imu/lib/python3.8/site-packages:${PYTHONPATH} /usr/bin/python3 setup.py egg_info --egg-base ../../build/rsl_imu build --build-base /home/pioneer-ii/pioneer_ws/build/rsl_imu/build install --record /home/pioneer-ii/pioneer_ws/build/rsl_imu/install.log --install-scripts $base/lib/rsl_imu --single-version-externally-managed
[22.002s] DEBUG:colcon.colcon_core.event_handler.log_command:Invoking command in '/home/pioneer-ii/pioneer_ws/src/rsl_gps': PYTHONPATH=/home/pioneer-ii/pioneer_ws/build/rsl_gps/prefix_override:/home/pioneer-ii/pioneer_ws/install/rsl_gps/lib/python3.8/site-packages:${PYTHONPATH} /usr/bin/python3 setup.py egg_info --egg-base ../../build/rsl_gps build --build-base /home/pioneer-ii/pioneer_ws/build/rsl_gps/build install --record /home/pioneer-ii/pioneer_ws/build/rsl_gps/install.log --single-version-externally-managed
[22.019s] DEBUG:colcon.colcon_core.event_handler.log_command:Invoking command in '/home/pioneer-ii/pioneer_ws/src/locomotion_core': PYTHONPATH=/home/pioneer-ii/pioneer_ws/build/locomotion_core/prefix_override:/home/pioneer-ii/pioneer_ws/install/locomotion_core/lib/python3.8/site-packages:${PYTHONPATH} /usr/bin/python3 setup.py egg_info --egg-base ../../build/locomotion_core build --build-base /home/pioneer-ii/pioneer_ws/build/locomotion_core/build install --record /home/pioneer-ii/pioneer_ws/build/locomotion_core/install.log --single-version-externally-managed
[22.029s] DEBUG:colcon.colcon_core.event_handler.log_command:Invoking command in '/home/pioneer-ii/pioneer_ws/src/navigation_core': PYTHONPATH=/home/pioneer-ii/pioneer_ws/build/navigation_core/prefix_override:/home/pioneer-ii/pioneer_ws/install/navigation_core/lib/python3.8/site-packages:${PYTHONPATH} /usr/bin/python3 setup.py egg_info --egg-base ../../build/navigation_core build --build-base /home/pioneer-ii/pioneer_ws/build/navigation_core/build install --record /home/pioneer-ii/pioneer_ws/build/navigation_core/install.log --install-scripts $base/lib/navigation_core --single-version-externally-managed
[22.036s] DEBUG:colcon.colcon_core.event_handler.log_command:Invoking command in '/home/pioneer-ii/pioneer_ws/src/rover_teleop_joy': PYTHONPATH=/home/pioneer-ii/pioneer_ws/build/rover_teleop_joy/prefix_override:/home/pioneer-ii/pioneer_ws/install/rover_teleop_joy/lib/python3.8/site-packages:${PYTHONPATH} /usr/bin/python3 setup.py egg_info --egg-base ../../build/rover_teleop_joy build --build-base /home/pioneer-ii/pioneer_ws/build/rover_teleop_joy/build install --record /home/pioneer-ii/pioneer_ws/build/rover_teleop_joy/install.log --single-version-externally-managed
[23.158s] DEBUG:colcon.colcon_core.event_handler.log_command:Invoked command in '/home/pioneer-ii/pioneer_ws/src/rover_teleop_joy' returned '0': PYTHONPATH=/home/pioneer-ii/pioneer_ws/build/rover_teleop_joy/prefix_override:/home/pioneer-ii/pioneer_ws/install/rover_teleop_joy/lib/python3.8/site-packages:${PYTHONPATH} /usr/bin/python3 setup.py egg_info --egg-base ../../build/rover_teleop_joy build --build-base /home/pioneer-ii/pioneer_ws/build/rover_teleop_joy/build install --record /home/pioneer-ii/pioneer_ws/build/rover_teleop_joy/install.log --single-version-externally-managed
[23.247s] Level 1:colcon.colcon_core.environment:checking '/home/pioneer-ii/pioneer_ws/install/rover_teleop_joy' for CMake module files
[23.248s] Level 1:colcon.colcon_core.environment:checking '/home/pioneer-ii/pioneer_ws/install/rover_teleop_joy' for CMake config files
[23.388s] Level 1:colcon.colcon_core.environment:checking '/home/pioneer-ii/pioneer_ws/install/rover_teleop_joy/lib'
[23.389s] Level 1:colcon.colcon_core.environment:checking '/home/pioneer-ii/pioneer_ws/install/rover_teleop_joy/bin'
[23.389s] Level 1:colcon.colcon_core.environment:checking '/home/pioneer-ii/pioneer_ws/install/rover_teleop_joy/lib/pkgconfig/rover_teleop_joy.pc'
[23.390s] Level 1:colcon.colcon_core.environment:checking '/home/pioneer-ii/pioneer_ws/install/rover_teleop_joy/lib/python3.8/site-packages'
[23.390s] Level 1:colcon.colcon_core.shell:create_environment_hook('rover_teleop_joy', 'pythonpath')
[23.468s] INFO:colcon.colcon_core.shell:Creating environment hook '/home/pioneer-ii/pioneer_ws/install/rover_teleop_joy/share/rover_teleop_joy/hook/pythonpath.ps1'
[23.470s] INFO:colcon.colcon_core.shell:Creating environment descriptor '/home/pioneer-ii/pioneer_ws/install/rover_teleop_joy/share/rover_teleop_joy/hook/pythonpath.dsv'
[23.471s] INFO:colcon.colcon_core.shell:Creating environment hook '/home/pioneer-ii/pioneer_ws/install/rover_teleop_joy/share/rover_teleop_joy/hook/pythonpath.sh'
[23.472s] Level 1:colcon.colcon_core.environment:checking '/home/pioneer-ii/pioneer_ws/install/rover_teleop_joy/bin'
[23.473s] Level 1:colcon.colcon_core.environment:create_environment_scripts_only(rover_teleop_joy)
[23.605s] INFO:colcon.colcon_core.shell:Creating package script '/home/pioneer-ii/pioneer_ws/install/rover_teleop_joy/share/rover_teleop_joy/package.ps1'
[23.619s] INFO:colcon.colcon_core.shell:Creating package descriptor '/home/pioneer-ii/pioneer_ws/install/rover_teleop_joy/share/rover_teleop_joy/package.dsv'
[23.620s] INFO:colcon.colcon_core.shell:Creating package script '/home/pioneer-ii/pioneer_ws/install/rover_teleop_joy/share/rover_teleop_joy/package.sh'
[23.621s] INFO:colcon.colcon_core.shell:Creating package script '/home/pioneer-ii/pioneer_ws/install/rover_teleop_joy/share/rover_teleop_joy/package.bash'
[23.622s] INFO:colcon.colcon_core.shell:Creating package script '/home/pioneer-ii/pioneer_ws/install/rover_teleop_joy/share/rover_teleop_joy/package.zsh'
[23.622s] Level 1:colcon.colcon_core.environment:create_file_with_runtime_dependencies(/home/pioneer-ii/pioneer_ws/install/rover_teleop_joy/share/colcon-core/packages/rover_teleop_joy)
[23.629s] DEBUG:colcon.colcon_core.event_handler.log_command:Invoked command in '/home/pioneer-ii/pioneer_ws/src/navigation_core' returned '0': PYTHONPATH=/home/pioneer-ii/pioneer_ws/build/navigation_core/prefix_override:/home/pioneer-ii/pioneer_ws/install/navigation_core/lib/python3.8/site-packages:${PYTHONPATH} /usr/bin/python3 setup.py egg_info --egg-base ../../build/navigation_core build --build-base /home/pioneer-ii/pioneer_ws/build/navigation_core/build install --record /home/pioneer-ii/pioneer_ws/build/navigation_core/install.log --install-scripts $base/lib/navigation_core --single-version-externally-managed
[23.706s] Level 1:colcon.colcon_core.environment:checking '/home/pioneer-ii/pioneer_ws/install/navigation_core' for CMake module files
[23.707s] Level 1:colcon.colcon_core.environment:checking '/home/pioneer-ii/pioneer_ws/install/navigation_core' for CMake config files
[23.846s] Level 1:colcon.colcon_core.environment:checking '/home/pioneer-ii/pioneer_ws/install/navigation_core/lib'
[23.847s] Level 1:colcon.colcon_core.environment:checking '/home/pioneer-ii/pioneer_ws/install/navigation_core/bin'
[23.847s] Level 1:colcon.colcon_core.environment:checking '/home/pioneer-ii/pioneer_ws/install/navigation_core/lib/pkgconfig/navigation_core.pc'
[23.847s] Level 1:colcon.colcon_core.environment:checking '/home/pioneer-ii/pioneer_ws/install/navigation_core/lib/python3.8/site-packages'
[23.847s] Level 1:colcon.colcon_core.shell:create_environment_hook('navigation_core', 'pythonpath')
[23.924s] INFO:colcon.colcon_core.shell:Creating environment hook '/home/pioneer-ii/pioneer_ws/install/navigation_core/share/navigation_core/hook/pythonpath.ps1'
[23.926s] INFO:colcon.colcon_core.shell:Creating environment descriptor '/home/pioneer-ii/pioneer_ws/install/navigation_core/share/navigation_core/hook/pythonpath.dsv'
[23.927s] INFO:colcon.colcon_core.shell:Creating environment hook '/home/pioneer-ii/pioneer_ws/install/navigation_core/share/navigation_core/hook/pythonpath.sh'
[23.928s] Level 1:colcon.colcon_core.environment:checking '/home/pioneer-ii/pioneer_ws/install/navigation_core/bin'
[23.928s] Level 1:colcon.colcon_core.environment:create_environment_scripts_only(navigation_core)
[24.008s] INFO:colcon.colcon_core.shell:Creating package script '/home/pioneer-ii/pioneer_ws/install/navigation_core/share/navigation_core/package.ps1'
[24.010s] INFO:colcon.colcon_core.shell:Creating package descriptor '/home/pioneer-ii/pioneer_ws/install/navigation_core/share/navigation_core/package.dsv'
[24.011s] INFO:colcon.colcon_core.shell:Creating package script '/home/pioneer-ii/pioneer_ws/install/navigation_core/share/navigation_core/package.sh'
[24.012s] INFO:colcon.colcon_core.shell:Creating package script '/home/pioneer-ii/pioneer_ws/install/navigation_core/share/navigation_core/package.bash'
[24.013s] INFO:colcon.colcon_core.shell:Creating package script '/home/pioneer-ii/pioneer_ws/install/navigation_core/share/navigation_core/package.zsh'
[24.014s] Level 1:colcon.colcon_core.environment:create_file_with_runtime_dependencies(/home/pioneer-ii/pioneer_ws/install/navigation_core/share/colcon-core/packages/navigation_core)
[24.017s] DEBUG:colcon.colcon_core.event_handler.log_command:Invoked command in '/home/pioneer-ii/pioneer_ws/src/rsl_imu' returned '0': PYTHONPATH=/home/pioneer-ii/pioneer_ws/build/rsl_imu/prefix_override:/home/pioneer-ii/pioneer_ws/install/rsl_imu/lib/python3.8/site-packages:${PYTHONPATH} /usr/bin/python3 setup.py egg_info --egg-base ../../build/rsl_imu build --build-base /home/pioneer-ii/pioneer_ws/build/rsl_imu/build install --record /home/pioneer-ii/pioneer_ws/build/rsl_imu/install.log --install-scripts $base/lib/rsl_imu --single-version-externally-managed
[24.096s] Level 1:colcon.colcon_core.environment:checking '/home/pioneer-ii/pioneer_ws/install/rsl_imu' for CMake module files
[24.097s] Level 1:colcon.colcon_core.environment:checking '/home/pioneer-ii/pioneer_ws/install/rsl_imu' for CMake config files
[24.237s] Level 1:colcon.colcon_core.environment:checking '/home/pioneer-ii/pioneer_ws/install/rsl_imu/lib'
[24.237s] Level 1:colcon.colcon_core.environment:checking '/home/pioneer-ii/pioneer_ws/install/rsl_imu/bin'
[24.237s] Level 1:colcon.colcon_core.environment:checking '/home/pioneer-ii/pioneer_ws/install/rsl_imu/lib/pkgconfig/rsl_imu.pc'
[24.238s] Level 1:colcon.colcon_core.environment:checking '/home/pioneer-ii/pioneer_ws/install/rsl_imu/lib/python3.8/site-packages'
[24.238s] Level 1:colcon.colcon_core.shell:create_environment_hook('rsl_imu', 'pythonpath')
[24.317s] INFO:colcon.colcon_core.shell:Creating environment hook '/home/pioneer-ii/pioneer_ws/install/rsl_imu/share/rsl_imu/hook/pythonpath.ps1'
[24.319s] INFO:colcon.colcon_core.shell:Creating environment descriptor '/home/pioneer-ii/pioneer_ws/install/rsl_imu/share/rsl_imu/hook/pythonpath.dsv'
[24.319s] INFO:colcon.colcon_core.shell:Creating environment hook '/home/pioneer-ii/pioneer_ws/install/rsl_imu/share/rsl_imu/hook/pythonpath.sh'
[24.321s] Level 1:colcon.colcon_core.environment:checking '/home/pioneer-ii/pioneer_ws/install/rsl_imu/bin'
[24.321s] Level 1:colcon.colcon_core.environment:create_environment_scripts_only(rsl_imu)
[24.402s] INFO:colcon.colcon_core.shell:Creating package script '/home/pioneer-ii/pioneer_ws/install/rsl_imu/share/rsl_imu/package.ps1'
[24.404s] INFO:colcon.colcon_core.shell:Creating package descriptor '/home/pioneer-ii/pioneer_ws/install/rsl_imu/share/rsl_imu/package.dsv'
[24.405s] INFO:colcon.colcon_core.shell:Creating package script '/home/pioneer-ii/pioneer_ws/install/rsl_imu/share/rsl_imu/package.sh'
[24.405s] INFO:colcon.colcon_core.shell:Creating package script '/home/pioneer-ii/pioneer_ws/install/rsl_imu/share/rsl_imu/package.bash'
[24.406s] INFO:colcon.colcon_core.shell:Creating package script '/home/pioneer-ii/pioneer_ws/install/rsl_imu/share/rsl_imu/package.zsh'
[24.407s] Level 1:colcon.colcon_core.environment:create_file_with_runtime_dependencies(/home/pioneer-ii/pioneer_ws/install/rsl_imu/share/colcon-core/packages/rsl_imu)
[24.410s] DEBUG:colcon.colcon_core.event_handler.log_command:Invoked command in '/home/pioneer-ii/pioneer_ws/src/rsl_gps' returned '0': PYTHONPATH=/home/pioneer-ii/pioneer_ws/build/rsl_gps/prefix_override:/home/pioneer-ii/pioneer_ws/install/rsl_gps/lib/python3.8/site-packages:${PYTHONPATH} /usr/bin/python3 setup.py egg_info --egg-base ../../build/rsl_gps build --build-base /home/pioneer-ii/pioneer_ws/build/rsl_gps/build install --record /home/pioneer-ii/pioneer_ws/build/rsl_gps/install.log --single-version-externally-managed
[24.487s] Level 1:colcon.colcon_core.environment:checking '/home/pioneer-ii/pioneer_ws/install/rsl_gps' for CMake module files
[24.488s] Level 1:colcon.colcon_core.environment:checking '/home/pioneer-ii/pioneer_ws/install/rsl_gps' for CMake config files
[24.628s] Level 1:colcon.colcon_core.environment:checking '/home/pioneer-ii/pioneer_ws/install/rsl_gps/lib'
[24.628s] Level 1:colcon.colcon_core.environment:checking '/home/pioneer-ii/pioneer_ws/install/rsl_gps/bin'
[24.628s] Level 1:colcon.colcon_core.environment:checking '/home/pioneer-ii/pioneer_ws/install/rsl_gps/lib/pkgconfig/rsl_gps.pc'
[24.629s] Level 1:colcon.colcon_core.environment:checking '/home/pioneer-ii/pioneer_ws/install/rsl_gps/lib/python3.8/site-packages'
[24.629s] Level 1:colcon.colcon_core.shell:create_environment_hook('rsl_gps', 'pythonpath')
[24.706s] INFO:colcon.colcon_core.shell:Creating environment hook '/home/pioneer-ii/pioneer_ws/install/rsl_gps/share/rsl_gps/hook/pythonpath.ps1'
[24.707s] INFO:colcon.colcon_core.shell:Creating environment descriptor '/home/pioneer-ii/pioneer_ws/install/rsl_gps/share/rsl_gps/hook/pythonpath.dsv'
[24.708s] INFO:colcon.colcon_core.shell:Creating environment hook '/home/pioneer-ii/pioneer_ws/install/rsl_gps/share/rsl_gps/hook/pythonpath.sh'
[24.710s] Level 1:colcon.colcon_core.environment:checking '/home/pioneer-ii/pioneer_ws/install/rsl_gps/bin'
[24.716s] Level 1:colcon.colcon_core.environment:create_environment_scripts_only(rsl_gps)
[24.793s] INFO:colcon.colcon_core.shell:Creating package script '/home/pioneer-ii/pioneer_ws/install/rsl_gps/share/rsl_gps/package.ps1'
[24.795s] INFO:colcon.colcon_core.shell:Creating package descriptor '/home/pioneer-ii/pioneer_ws/install/rsl_gps/share/rsl_gps/package.dsv'
[24.796s] INFO:colcon.colcon_core.shell:Creating package script '/home/pioneer-ii/pioneer_ws/install/rsl_gps/share/rsl_gps/package.sh'
[24.797s] INFO:colcon.colcon_core.shell:Creating package script '/home/pioneer-ii/pioneer_ws/install/rsl_gps/share/rsl_gps/package.bash'
[24.797s] INFO:colcon.colcon_core.shell:Creating package script '/home/pioneer-ii/pioneer_ws/install/rsl_gps/share/rsl_gps/package.zsh'
[24.798s] Level 1:colcon.colcon_core.environment:create_file_with_runtime_dependencies(/home/pioneer-ii/pioneer_ws/install/rsl_gps/share/colcon-core/packages/rsl_gps)
[24.801s] DEBUG:colcon.colcon_core.event_handler.log_command:Invoked command in '/home/pioneer-ii/pioneer_ws/src/locomotion_core' returned '0': PYTHONPATH=/home/pioneer-ii/pioneer_ws/build/locomotion_core/prefix_override:/home/pioneer-ii/pioneer_ws/install/locomotion_core/lib/python3.8/site-packages:${PYTHONPATH} /usr/bin/python3 setup.py egg_info --egg-base ../../build/locomotion_core build --build-base /home/pioneer-ii/pioneer_ws/build/locomotion_core/build install --record /home/pioneer-ii/pioneer_ws/build/locomotion_core/install.log --single-version-externally-managed
[24.877s] Level 1:colcon.colcon_core.environment:checking '/home/pioneer-ii/pioneer_ws/install/locomotion_core' for CMake module files
[24.878s] Level 1:colcon.colcon_core.environment:checking '/home/pioneer-ii/pioneer_ws/install/locomotion_core' for CMake config files
[25.018s] Level 1:colcon.colcon_core.environment:checking '/home/pioneer-ii/pioneer_ws/install/locomotion_core/lib'
[25.018s] Level 1:colcon.colcon_core.environment:checking '/home/pioneer-ii/pioneer_ws/install/locomotion_core/bin'
[25.018s] Level 1:colcon.colcon_core.environment:checking '/home/pioneer-ii/pioneer_ws/install/locomotion_core/lib/pkgconfig/locomotion_core.pc'
[25.019s] Level 1:colcon.colcon_core.environment:checking '/home/pioneer-ii/pioneer_ws/install/locomotion_core/lib/python3.8/site-packages'
[25.019s] Level 1:colcon.colcon_core.shell:create_environment_hook('locomotion_core', 'pythonpath')
[25.097s] INFO:colcon.colcon_core.shell:Creating environment hook '/home/pioneer-ii/pioneer_ws/install/locomotion_core/share/locomotion_core/hook/pythonpath.ps1'
[25.098s] INFO:colcon.colcon_core.shell:Creating environment descriptor '/home/pioneer-ii/pioneer_ws/install/locomotion_core/share/locomotion_core/hook/pythonpath.dsv'
[25.099s] INFO:colcon.colcon_core.shell:Creating environment hook '/home/pioneer-ii/pioneer_ws/install/locomotion_core/share/locomotion_core/hook/pythonpath.sh'
[25.100s] Level 1:colcon.colcon_core.environment:checking '/home/pioneer-ii/pioneer_ws/install/locomotion_core/bin'
[25.104s] Level 1:colcon.colcon_core.environment:create_environment_scripts_only(locomotion_core)
[25.185s] INFO:colcon.colcon_core.shell:Creating package script '/home/pioneer-ii/pioneer_ws/install/locomotion_core/share/locomotion_core/package.ps1'
[25.187s] INFO:colcon.colcon_core.shell:Creating package descriptor '/home/pioneer-ii/pioneer_ws/install/locomotion_core/share/locomotion_core/package.dsv'
[25.188s] INFO:colcon.colcon_core.shell:Creating package script '/home/pioneer-ii/pioneer_ws/install/locomotion_core/share/locomotion_core/package.sh'
[25.189s] INFO:colcon.colcon_core.shell:Creating package script '/home/pioneer-ii/pioneer_ws/install/locomotion_core/share/locomotion_core/package.bash'
[25.190s] INFO:colcon.colcon_core.shell:Creating package script '/home/pioneer-ii/pioneer_ws/install/locomotion_core/share/locomotion_core/package.zsh'
[25.190s] Level 1:colcon.colcon_core.environment:create_file_with_runtime_dependencies(/home/pioneer-ii/pioneer_ws/install/locomotion_core/share/colcon-core/packages/locomotion_core)
[25.191s] DEBUG:colcon.colcon_parallel_executor.executor.parallel:closing loop
[25.192s] DEBUG:colcon.colcon_parallel_executor.executor.parallel:loop closed
[25.192s] DEBUG:colcon.colcon_parallel_executor.executor.parallel:run_until_complete finished with '0'
[25.193s] DEBUG:colcon.colcon_core.event_reactor:joining thread
[25.426s] INFO:colcon.colcon_core.plugin_system:Skipping extension 'colcon_notification.desktop_notification.terminal_notifier': Not used on non-Darwin systems
[25.426s] INFO:colcon.colcon_core.plugin_system:Skipping extension 'colcon_notification.desktop_notification.win32': Not used on non-Windows systems
[25.426s] INFO:colcon.colcon_notification.desktop_notification:Sending desktop notification using 'notify2'
[25.487s] DEBUG:colcon.colcon_core.event_reactor:joined thread
[25.570s] INFO:colcon.colcon_core.shell:Creating prefix script '/home/pioneer-ii/pioneer_ws/install/local_setup.ps1'
[25.619s] INFO:colcon.colcon_core.shell:Creating prefix util module '/home/pioneer-ii/pioneer_ws/install/_local_setup_util_ps1.py'
[25.624s] INFO:colcon.colcon_core.shell:Creating prefix chain script '/home/pioneer-ii/pioneer_ws/install/setup.ps1'
[25.843s] INFO:colcon.colcon_core.shell:Creating prefix script '/home/pioneer-ii/pioneer_ws/install/local_setup.sh'
[25.845s] INFO:colcon.colcon_core.shell:Creating prefix util module '/home/pioneer-ii/pioneer_ws/install/_local_setup_util_sh.py'
[25.846s] INFO:colcon.colcon_core.shell:Creating prefix chain script '/home/pioneer-ii/pioneer_ws/install/setup.sh'
[26.066s] INFO:colcon.colcon_core.shell:Creating prefix script '/home/pioneer-ii/pioneer_ws/install/local_setup.bash'
[26.068s] INFO:colcon.colcon_core.shell:Creating prefix chain script '/home/pioneer-ii/pioneer_ws/install/setup.bash'
[26.283s] INFO:colcon.colcon_core.shell:Creating prefix script '/home/pioneer-ii/pioneer_ws/install/local_setup.zsh'
[26.287s] INFO:colcon.colcon_core.shell:Creating prefix chain script '/home/pioneer-ii/pioneer_ws/install/setup.zsh'
