[4.588s] DEBUG:colcon:Command line arguments: ['/usr/bin/colcon', 'build']
[4.588s] DEBUG:colcon:Parsed command line arguments: Namespace(allow_overriding=[], ament_cmake_args=None, base_paths=['.'], build_base='build', catkin_cmake_args=None, catkin_skip_building_tests=False, cmake_args=None, cmake_clean_cache=False, cmake_clean_first=False, cmake_force_configure=False, cmake_target=None, cmake_target_skip_unavailable=False, continue_on_error=False, event_handlers=None, executor='parallel', ignore_user_meta=False, install_base='install', log_base=None, log_level=None, main=<bound method BuildVerb.main of <colcon_core.verb.build.BuildVerb object at 0xffff90385250>>, merge_install=False, metas=['./colcon.meta'], packages_above=None, packages_above_and_dependencies=None, packages_above_depth=None, packages_end=None, packages_ignore=None, packages_ignore_regex=None, packages_select=None, packages_select_build_failed=False, packages_select_by_dep=None, packages_select_regex=None, packages_select_test_failures=False, packages_skip=None, packages_skip_build_finished=False, packages_skip_by_dep=None, packages_skip_regex=None, packages_skip_test_passed=False, packages_skip_up_to=None, packages_start=None, packages_up_to=None, packages_up_to_regex=None, parallel_workers=6, paths=None, symlink_install=False, test_result_base=None, verb_extension=<colcon_core.verb.build.BuildVerb object at 0xffff90385250>, verb_name='build', verb_parser=<colcon_defaults.argument_parser.defaults.DefaultArgumentsDecorator object at 0xffff9037f9a0>)
[4.824s] Level 1:colcon.colcon_core.package_discovery:discover_packages(colcon_meta) check parameters
[4.824s] Level 1:colcon.colcon_core.package_discovery:discover_packages(recursive) check parameters
[4.824s] Level 1:colcon.colcon_core.package_discovery:discover_packages(ignore) check parameters
[4.825s] Level 1:colcon.colcon_core.package_discovery:discover_packages(path) check parameters
[4.825s] Level 1:colcon.colcon_core.package_discovery:discover_packages(colcon_meta) discover
[4.825s] Level 1:colcon.colcon_core.package_discovery:discover_packages(recursive) discover
[4.825s] INFO:colcon.colcon_core.package_discovery:Crawling recursively for packages in '/home/pioneer-ii/pioneer_ws'
[4.825s] Level 1:colcon.colcon_core.package_identification:_identify(.) by extensions ['ignore', 'ignore_ament_install']
[4.825s] Level 1:colcon.colcon_core.package_identification:_identify(.) by extension 'ignore'
[4.826s] Level 1:colcon.colcon_core.package_identification:_identify(.) by extension 'ignore_ament_install'
[4.826s] Level 1:colcon.colcon_core.package_identification:_identify(.) by extensions ['colcon_pkg']
[4.826s] Level 1:colcon.colcon_core.package_identification:_identify(.) by extension 'colcon_pkg'
[4.826s] Level 1:colcon.colcon_core.package_identification:_identify(.) by extensions ['colcon_meta']
[4.826s] Level 1:colcon.colcon_core.package_identification:_identify(.) by extension 'colcon_meta'
[4.826s] Level 1:colcon.colcon_core.package_identification:_identify(.) by extensions ['ros']
[4.826s] Level 1:colcon.colcon_core.package_identification:_identify(.) by extension 'ros'
[4.851s] Level 1:colcon.colcon_core.package_identification:_identify(.) by extensions ['cmake', 'python']
[4.851s] Level 1:colcon.colcon_core.package_identification:_identify(.) by extension 'cmake'
[4.851s] Level 1:colcon.colcon_core.package_identification:_identify(.) by extension 'python'
[4.851s] Level 1:colcon.colcon_core.package_identification:_identify(.) by extensions ['python_setup_py']
[4.851s] Level 1:colcon.colcon_core.package_identification:_identify(.) by extension 'python_setup_py'
[4.852s] Level 1:colcon.colcon_core.package_identification:_identify(build) by extensions ['ignore', 'ignore_ament_install']
[4.852s] Level 1:colcon.colcon_core.package_identification:_identify(build) by extension 'ignore'
[4.852s] Level 1:colcon.colcon_core.package_identification:_identify(build) ignored
[4.852s] Level 1:colcon.colcon_core.package_identification:_identify(install) by extensions ['ignore', 'ignore_ament_install']
[4.852s] Level 1:colcon.colcon_core.package_identification:_identify(install) by extension 'ignore'
[4.853s] Level 1:colcon.colcon_core.package_identification:_identify(install) ignored
[4.853s] Level 1:colcon.colcon_core.package_identification:_identify(log) by extensions ['ignore', 'ignore_ament_install']
[4.853s] Level 1:colcon.colcon_core.package_identification:_identify(log) by extension 'ignore'
[4.853s] Level 1:colcon.colcon_core.package_identification:_identify(log) ignored
[4.853s] Level 1:colcon.colcon_core.package_identification:_identify(src) by extensions ['ignore', 'ignore_ament_install']
[4.854s] Level 1:colcon.colcon_core.package_identification:_identify(src) by extension 'ignore'
[4.854s] Level 1:colcon.colcon_core.package_identification:_identify(src) by extension 'ignore_ament_install'
[4.854s] Level 1:colcon.colcon_core.package_identification:_identify(src) by extensions ['colcon_pkg']
[4.854s] Level 1:colcon.colcon_core.package_identification:_identify(src) by extension 'colcon_pkg'
[4.854s] Level 1:colcon.colcon_core.package_identification:_identify(src) by extensions ['colcon_meta']
[4.854s] Level 1:colcon.colcon_core.package_identification:_identify(src) by extension 'colcon_meta'
[4.854s] Level 1:colcon.colcon_core.package_identification:_identify(src) by extensions ['ros']
[4.854s] Level 1:colcon.colcon_core.package_identification:_identify(src) by extension 'ros'
[4.855s] Level 1:colcon.colcon_core.package_identification:_identify(src) by extensions ['cmake', 'python']
[4.855s] Level 1:colcon.colcon_core.package_identification:_identify(src) by extension 'cmake'
[4.855s] Level 1:colcon.colcon_core.package_identification:_identify(src) by extension 'python'
[4.855s] Level 1:colcon.colcon_core.package_identification:_identify(src) by extensions ['python_setup_py']
[4.855s] Level 1:colcon.colcon_core.package_identification:_identify(src) by extension 'python_setup_py'
[4.855s] Level 1:colcon.colcon_core.package_identification:_identify(src/build) by extensions ['ignore', 'ignore_ament_install']
[4.855s] Level 1:colcon.colcon_core.package_identification:_identify(src/build) by extension 'ignore'
[4.855s] Level 1:colcon.colcon_core.package_identification:_identify(src/build) ignored
[4.856s] Level 1:colcon.colcon_core.package_identification:_identify(src/install) by extensions ['ignore', 'ignore_ament_install']
[4.856s] Level 1:colcon.colcon_core.package_identification:_identify(src/install) by extension 'ignore'
[4.856s] Level 1:colcon.colcon_core.package_identification:_identify(src/install) ignored
[4.856s] Level 1:colcon.colcon_core.package_identification:_identify(src/locomotion_core) by extensions ['ignore', 'ignore_ament_install']
[4.856s] Level 1:colcon.colcon_core.package_identification:_identify(src/locomotion_core) by extension 'ignore'
[4.856s] Level 1:colcon.colcon_core.package_identification:_identify(src/locomotion_core) by extension 'ignore_ament_install'
[4.856s] Level 1:colcon.colcon_core.package_identification:_identify(src/locomotion_core) by extensions ['colcon_pkg']
[4.856s] Level 1:colcon.colcon_core.package_identification:_identify(src/locomotion_core) by extension 'colcon_pkg'
[4.857s] Level 1:colcon.colcon_core.package_identification:_identify(src/locomotion_core) by extensions ['colcon_meta']
[4.857s] Level 1:colcon.colcon_core.package_identification:_identify(src/locomotion_core) by extension 'colcon_meta'
[4.857s] Level 1:colcon.colcon_core.package_identification:_identify(src/locomotion_core) by extensions ['ros']
[4.857s] Level 1:colcon.colcon_core.package_identification:_identify(src/locomotion_core) by extension 'ros'
[4.862s] DEBUG:colcon.colcon_core.package_identification:Package 'src/locomotion_core' with type 'ros.ament_python' and name 'locomotion_core'
[4.862s] Level 1:colcon.colcon_core.package_identification:_identify(src/log) by extensions ['ignore', 'ignore_ament_install']
[4.863s] Level 1:colcon.colcon_core.package_identification:_identify(src/log) by extension 'ignore'
[4.863s] Level 1:colcon.colcon_core.package_identification:_identify(src/log) ignored
[4.863s] Level 1:colcon.colcon_core.package_identification:_identify(src/navigation_core) by extensions ['ignore', 'ignore_ament_install']
[4.863s] Level 1:colcon.colcon_core.package_identification:_identify(src/navigation_core) by extension 'ignore'
[4.864s] Level 1:colcon.colcon_core.package_identification:_identify(src/navigation_core) by extension 'ignore_ament_install'
[4.864s] Level 1:colcon.colcon_core.package_identification:_identify(src/navigation_core) by extensions ['colcon_pkg']
[4.864s] Level 1:colcon.colcon_core.package_identification:_identify(src/navigation_core) by extension 'colcon_pkg'
[4.864s] Level 1:colcon.colcon_core.package_identification:_identify(src/navigation_core) by extensions ['colcon_meta']
[4.864s] Level 1:colcon.colcon_core.package_identification:_identify(src/navigation_core) by extension 'colcon_meta'
[4.864s] Level 1:colcon.colcon_core.package_identification:_identify(src/navigation_core) by extensions ['ros']
[4.864s] Level 1:colcon.colcon_core.package_identification:_identify(src/navigation_core) by extension 'ros'
[4.865s] DEBUG:colcon.colcon_core.package_identification:Package 'src/navigation_core' with type 'ros.ament_python' and name 'navigation_core'
[4.865s] Level 1:colcon.colcon_core.package_identification:_identify(src/rover_launch) by extensions ['ignore', 'ignore_ament_install']
[4.865s] Level 1:colcon.colcon_core.package_identification:_identify(src/rover_launch) by extension 'ignore'
[4.866s] Level 1:colcon.colcon_core.package_identification:_identify(src/rover_launch) by extension 'ignore_ament_install'
[4.866s] Level 1:colcon.colcon_core.package_identification:_identify(src/rover_launch) by extensions ['colcon_pkg']
[4.866s] Level 1:colcon.colcon_core.package_identification:_identify(src/rover_launch) by extension 'colcon_pkg'
[4.866s] Level 1:colcon.colcon_core.package_identification:_identify(src/rover_launch) by extensions ['colcon_meta']
[4.866s] Level 1:colcon.colcon_core.package_identification:_identify(src/rover_launch) by extension 'colcon_meta'
[4.866s] Level 1:colcon.colcon_core.package_identification:_identify(src/rover_launch) by extensions ['ros']
[4.866s] Level 1:colcon.colcon_core.package_identification:_identify(src/rover_launch) by extension 'ros'
[4.867s] DEBUG:colcon.colcon_core.package_identification:Package 'src/rover_launch' with type 'ros.ament_cmake' and name 'rover_launch'
[4.867s] Level 1:colcon.colcon_core.package_identification:_identify(src/rover_teleop_joy) by extensions ['ignore', 'ignore_ament_install']
[4.867s] Level 1:colcon.colcon_core.package_identification:_identify(src/rover_teleop_joy) by extension 'ignore'
[4.867s] Level 1:colcon.colcon_core.package_identification:_identify(src/rover_teleop_joy) by extension 'ignore_ament_install'
[4.868s] Level 1:colcon.colcon_core.package_identification:_identify(src/rover_teleop_joy) by extensions ['colcon_pkg']
[4.868s] Level 1:colcon.colcon_core.package_identification:_identify(src/rover_teleop_joy) by extension 'colcon_pkg'
[4.868s] Level 1:colcon.colcon_core.package_identification:_identify(src/rover_teleop_joy) by extensions ['colcon_meta']
[4.868s] Level 1:colcon.colcon_core.package_identification:_identify(src/rover_teleop_joy) by extension 'colcon_meta'
[4.868s] Level 1:colcon.colcon_core.package_identification:_identify(src/rover_teleop_joy) by extensions ['ros']
[4.868s] Level 1:colcon.colcon_core.package_identification:_identify(src/rover_teleop_joy) by extension 'ros'
[4.869s] DEBUG:colcon.colcon_core.package_identification:Package 'src/rover_teleop_joy' with type 'ros.ament_python' and name 'rover_teleop_joy'
[4.869s] Level 1:colcon.colcon_core.package_identification:_identify(src/rsl_gps) by extensions ['ignore', 'ignore_ament_install']
[4.869s] Level 1:colcon.colcon_core.package_identification:_identify(src/rsl_gps) by extension 'ignore'
[4.869s] Level 1:colcon.colcon_core.package_identification:_identify(src/rsl_gps) by extension 'ignore_ament_install'
[4.869s] Level 1:colcon.colcon_core.package_identification:_identify(src/rsl_gps) by extensions ['colcon_pkg']
[4.870s] Level 1:colcon.colcon_core.package_identification:_identify(src/rsl_gps) by extension 'colcon_pkg'
[4.870s] Level 1:colcon.colcon_core.package_identification:_identify(src/rsl_gps) by extensions ['colcon_meta']
[4.870s] Level 1:colcon.colcon_core.package_identification:_identify(src/rsl_gps) by extension 'colcon_meta'
[4.870s] Level 1:colcon.colcon_core.package_identification:_identify(src/rsl_gps) by extensions ['ros']
[4.870s] Level 1:colcon.colcon_core.package_identification:_identify(src/rsl_gps) by extension 'ros'
[4.871s] DEBUG:colcon.colcon_core.package_identification:Package 'src/rsl_gps' with type 'ros.ament_python' and name 'rsl_gps'
[4.871s] Level 1:colcon.colcon_core.package_identification:_identify(src/rsl_imu) by extensions ['ignore', 'ignore_ament_install']
[4.871s] Level 1:colcon.colcon_core.package_identification:_identify(src/rsl_imu) by extension 'ignore'
[4.871s] Level 1:colcon.colcon_core.package_identification:_identify(src/rsl_imu) by extension 'ignore_ament_install'
[4.871s] Level 1:colcon.colcon_core.package_identification:_identify(src/rsl_imu) by extensions ['colcon_pkg']
[4.871s] Level 1:colcon.colcon_core.package_identification:_identify(src/rsl_imu) by extension 'colcon_pkg'
[4.872s] Level 1:colcon.colcon_core.package_identification:_identify(src/rsl_imu) by extensions ['colcon_meta']
[4.872s] Level 1:colcon.colcon_core.package_identification:_identify(src/rsl_imu) by extension 'colcon_meta'
[4.872s] Level 1:colcon.colcon_core.package_identification:_identify(src/rsl_imu) by extensions ['ros']
[4.872s] Level 1:colcon.colcon_core.package_identification:_identify(src/rsl_imu) by extension 'ros'
[4.873s] DEBUG:colcon.colcon_core.package_identification:Package 'src/rsl_imu' with type 'ros.ament_python' and name 'rsl_imu'
[4.873s] Level 1:colcon.colcon_core.package_discovery:discover_packages(recursive) using defaults
[4.873s] Level 1:colcon.colcon_core.package_discovery:discover_packages(ignore) discover
[4.873s] Level 1:colcon.colcon_core.package_discovery:discover_packages(ignore) using defaults
[4.873s] Level 1:colcon.colcon_core.package_discovery:discover_packages(path) discover
[4.873s] Level 1:colcon.colcon_core.package_discovery:discover_packages(path) using defaults
[5.293s] Level 1:colcon.colcon_core.package_discovery:discover_packages(prefix_path) check parameters
[5.293s] Level 1:colcon.colcon_core.package_discovery:discover_packages(prefix_path) discover
[5.448s] DEBUG:colcon.colcon_installed_package_information.package_discovery:Found 6 installed packages in /home/pioneer-ii/pioneer_ws/install
[5.526s] DEBUG:colcon.colcon_installed_package_information.package_discovery:Found 261 installed packages in /opt/ros/foxy
[5.528s] Level 1:colcon.colcon_core.package_discovery:discover_packages(prefix_path) using defaults
[5.872s] Level 5:colcon.colcon_core.verb:set package 'locomotion_core' build argument 'cmake_args' from command line to 'None'
[5.872s] Level 5:colcon.colcon_core.verb:set package 'locomotion_core' build argument 'cmake_target' from command line to 'None'
[5.872s] Level 5:colcon.colcon_core.verb:set package 'locomotion_core' build argument 'cmake_target_skip_unavailable' from command line to 'False'
[5.873s] Level 5:colcon.colcon_core.verb:set package 'locomotion_core' build argument 'cmake_clean_cache' from command line to 'False'
[5.873s] Level 5:colcon.colcon_core.verb:set package 'locomotion_core' build argument 'cmake_clean_first' from command line to 'False'
[5.873s] Level 5:colcon.colcon_core.verb:set package 'locomotion_core' build argument 'cmake_force_configure' from command line to 'False'
[5.873s] Level 5:colcon.colcon_core.verb:set package 'locomotion_core' build argument 'ament_cmake_args' from command line to 'None'
[5.873s] Level 5:colcon.colcon_core.verb:set package 'locomotion_core' build argument 'catkin_cmake_args' from command line to 'None'
[5.873s] Level 5:colcon.colcon_core.verb:set package 'locomotion_core' build argument 'catkin_skip_building_tests' from command line to 'False'
[5.873s] DEBUG:colcon.colcon_core.verb:Building package 'locomotion_core' with the following arguments: {'ament_cmake_args': None, 'build_base': '/home/pioneer-ii/pioneer_ws/build/locomotion_core', 'catkin_cmake_args': None, 'catkin_skip_building_tests': False, 'cmake_args': None, 'cmake_clean_cache': False, 'cmake_clean_first': False, 'cmake_force_configure': False, 'cmake_target': None, 'cmake_target_skip_unavailable': False, 'install_base': '/home/pioneer-ii/pioneer_ws/install/locomotion_core', 'merge_install': False, 'path': '/home/pioneer-ii/pioneer_ws/src/locomotion_core', 'symlink_install': False, 'test_result_base': None}
[5.950s] Level 5:colcon.colcon_core.verb:set package 'navigation_core' build argument 'cmake_args' from command line to 'None'
[5.950s] Level 5:colcon.colcon_core.verb:set package 'navigation_core' build argument 'cmake_target' from command line to 'None'
[5.950s] Level 5:colcon.colcon_core.verb:set package 'navigation_core' build argument 'cmake_target_skip_unavailable' from command line to 'False'
[5.950s] Level 5:colcon.colcon_core.verb:set package 'navigation_core' build argument 'cmake_clean_cache' from command line to 'False'
[5.950s] Level 5:colcon.colcon_core.verb:set package 'navigation_core' build argument 'cmake_clean_first' from command line to 'False'
[5.950s] Level 5:colcon.colcon_core.verb:set package 'navigation_core' build argument 'cmake_force_configure' from command line to 'False'
[5.950s] Level 5:colcon.colcon_core.verb:set package 'navigation_core' build argument 'ament_cmake_args' from command line to 'None'
[5.950s] Level 5:colcon.colcon_core.verb:set package 'navigation_core' build argument 'catkin_cmake_args' from command line to 'None'
[5.950s] Level 5:colcon.colcon_core.verb:set package 'navigation_core' build argument 'catkin_skip_building_tests' from command line to 'False'
[5.950s] DEBUG:colcon.colcon_core.verb:Building package 'navigation_core' with the following arguments: {'ament_cmake_args': None, 'build_base': '/home/pioneer-ii/pioneer_ws/build/navigation_core', 'catkin_cmake_args': None, 'catkin_skip_building_tests': False, 'cmake_args': None, 'cmake_clean_cache': False, 'cmake_clean_first': False, 'cmake_force_configure': False, 'cmake_target': None, 'cmake_target_skip_unavailable': False, 'install_base': '/home/pioneer-ii/pioneer_ws/install/navigation_core', 'merge_install': False, 'path': '/home/pioneer-ii/pioneer_ws/src/navigation_core', 'symlink_install': False, 'test_result_base': None}
[6.027s] Level 5:colcon.colcon_core.verb:set package 'rover_launch' build argument 'cmake_args' from command line to 'None'
[6.027s] Level 5:colcon.colcon_core.verb:set package 'rover_launch' build argument 'cmake_target' from command line to 'None'
[6.027s] Level 5:colcon.colcon_core.verb:set package 'rover_launch' build argument 'cmake_target_skip_unavailable' from command line to 'False'
[6.027s] Level 5:colcon.colcon_core.verb:set package 'rover_launch' build argument 'cmake_clean_cache' from command line to 'False'
[6.027s] Level 5:colcon.colcon_core.verb:set package 'rover_launch' build argument 'cmake_clean_first' from command line to 'False'
[6.028s] Level 5:colcon.colcon_core.verb:set package 'rover_launch' build argument 'cmake_force_configure' from command line to 'False'
[6.028s] Level 5:colcon.colcon_core.verb:set package 'rover_launch' build argument 'ament_cmake_args' from command line to 'None'
[6.028s] Level 5:colcon.colcon_core.verb:set package 'rover_launch' build argument 'catkin_cmake_args' from command line to 'None'
[6.028s] Level 5:colcon.colcon_core.verb:set package 'rover_launch' build argument 'catkin_skip_building_tests' from command line to 'False'
[6.028s] DEBUG:colcon.colcon_core.verb:Building package 'rover_launch' with the following arguments: {'ament_cmake_args': None, 'build_base': '/home/pioneer-ii/pioneer_ws/build/rover_launch', 'catkin_cmake_args': None, 'catkin_skip_building_tests': False, 'cmake_args': None, 'cmake_clean_cache': False, 'cmake_clean_first': False, 'cmake_force_configure': False, 'cmake_target': None, 'cmake_target_skip_unavailable': False, 'install_base': '/home/pioneer-ii/pioneer_ws/install/rover_launch', 'merge_install': False, 'path': '/home/pioneer-ii/pioneer_ws/src/rover_launch', 'symlink_install': False, 'test_result_base': None}
[6.104s] Level 5:colcon.colcon_core.verb:set package 'rover_teleop_joy' build argument 'cmake_args' from command line to 'None'
[6.104s] Level 5:colcon.colcon_core.verb:set package 'rover_teleop_joy' build argument 'cmake_target' from command line to 'None'
[6.104s] Level 5:colcon.colcon_core.verb:set package 'rover_teleop_joy' build argument 'cmake_target_skip_unavailable' from command line to 'False'
[6.104s] Level 5:colcon.colcon_core.verb:set package 'rover_teleop_joy' build argument 'cmake_clean_cache' from command line to 'False'
[6.104s] Level 5:colcon.colcon_core.verb:set package 'rover_teleop_joy' build argument 'cmake_clean_first' from command line to 'False'
[6.104s] Level 5:colcon.colcon_core.verb:set package 'rover_teleop_joy' build argument 'cmake_force_configure' from command line to 'False'
[6.104s] Level 5:colcon.colcon_core.verb:set package 'rover_teleop_joy' build argument 'ament_cmake_args' from command line to 'None'
[6.104s] Level 5:colcon.colcon_core.verb:set package 'rover_teleop_joy' build argument 'catkin_cmake_args' from command line to 'None'
[6.104s] Level 5:colcon.colcon_core.verb:set package 'rover_teleop_joy' build argument 'catkin_skip_building_tests' from command line to 'False'
[6.104s] DEBUG:colcon.colcon_core.verb:Building package 'rover_teleop_joy' with the following arguments: {'ament_cmake_args': None, 'build_base': '/home/pioneer-ii/pioneer_ws/build/rover_teleop_joy', 'catkin_cmake_args': None, 'catkin_skip_building_tests': False, 'cmake_args': None, 'cmake_clean_cache': False, 'cmake_clean_first': False, 'cmake_force_configure': False, 'cmake_target': None, 'cmake_target_skip_unavailable': False, 'install_base': '/home/pioneer-ii/pioneer_ws/install/rover_teleop_joy', 'merge_install': False, 'path': '/home/pioneer-ii/pioneer_ws/src/rover_teleop_joy', 'symlink_install': False, 'test_result_base': None}
[6.180s] Level 5:colcon.colcon_core.verb:set package 'rsl_gps' build argument 'cmake_args' from command line to 'None'
[6.180s] Level 5:colcon.colcon_core.verb:set package 'rsl_gps' build argument 'cmake_target' from command line to 'None'
[6.180s] Level 5:colcon.colcon_core.verb:set package 'rsl_gps' build argument 'cmake_target_skip_unavailable' from command line to 'False'
[6.180s] Level 5:colcon.colcon_core.verb:set package 'rsl_gps' build argument 'cmake_clean_cache' from command line to 'False'
[6.180s] Level 5:colcon.colcon_core.verb:set package 'rsl_gps' build argument 'cmake_clean_first' from command line to 'False'
[6.180s] Level 5:colcon.colcon_core.verb:set package 'rsl_gps' build argument 'cmake_force_configure' from command line to 'False'
[6.180s] Level 5:colcon.colcon_core.verb:set package 'rsl_gps' build argument 'ament_cmake_args' from command line to 'None'
[6.180s] Level 5:colcon.colcon_core.verb:set package 'rsl_gps' build argument 'catkin_cmake_args' from command line to 'None'
[6.180s] Level 5:colcon.colcon_core.verb:set package 'rsl_gps' build argument 'catkin_skip_building_tests' from command line to 'False'
[6.180s] DEBUG:colcon.colcon_core.verb:Building package 'rsl_gps' with the following arguments: {'ament_cmake_args': None, 'build_base': '/home/pioneer-ii/pioneer_ws/build/rsl_gps', 'catkin_cmake_args': None, 'catkin_skip_building_tests': False, 'cmake_args': None, 'cmake_clean_cache': False, 'cmake_clean_first': False, 'cmake_force_configure': False, 'cmake_target': None, 'cmake_target_skip_unavailable': False, 'install_base': '/home/pioneer-ii/pioneer_ws/install/rsl_gps', 'merge_install': False, 'path': '/home/pioneer-ii/pioneer_ws/src/rsl_gps', 'symlink_install': False, 'test_result_base': None}
[6.257s] Level 5:colcon.colcon_core.verb:set package 'rsl_imu' build argument 'cmake_args' from command line to 'None'
[6.257s] Level 5:colcon.colcon_core.verb:set package 'rsl_imu' build argument 'cmake_target' from command line to 'None'
[6.257s] Level 5:colcon.colcon_core.verb:set package 'rsl_imu' build argument 'cmake_target_skip_unavailable' from command line to 'False'
[6.257s] Level 5:colcon.colcon_core.verb:set package 'rsl_imu' build argument 'cmake_clean_cache' from command line to 'False'
[6.257s] Level 5:colcon.colcon_core.verb:set package 'rsl_imu' build argument 'cmake_clean_first' from command line to 'False'
[6.257s] Level 5:colcon.colcon_core.verb:set package 'rsl_imu' build argument 'cmake_force_configure' from command line to 'False'
[6.257s] Level 5:colcon.colcon_core.verb:set package 'rsl_imu' build argument 'ament_cmake_args' from command line to 'None'
[6.257s] Level 5:colcon.colcon_core.verb:set package 'rsl_imu' build argument 'catkin_cmake_args' from command line to 'None'
[6.257s] Level 5:colcon.colcon_core.verb:set package 'rsl_imu' build argument 'catkin_skip_building_tests' from command line to 'False'
[6.257s] DEBUG:colcon.colcon_core.verb:Building package 'rsl_imu' with the following arguments: {'ament_cmake_args': None, 'build_base': '/home/pioneer-ii/pioneer_ws/build/rsl_imu', 'catkin_cmake_args': None, 'catkin_skip_building_tests': False, 'cmake_args': None, 'cmake_clean_cache': False, 'cmake_clean_first': False, 'cmake_force_configure': False, 'cmake_target': None, 'cmake_target_skip_unavailable': False, 'install_base': '/home/pioneer-ii/pioneer_ws/install/rsl_imu', 'merge_install': False, 'path': '/home/pioneer-ii/pioneer_ws/src/rsl_imu', 'symlink_install': False, 'test_result_base': None}
[6.333s] INFO:colcon.colcon_core.executor:Executing jobs using 'parallel' executor
[6.411s] DEBUG:colcon.colcon_parallel_executor.executor.parallel:run_until_complete
[6.412s] INFO:colcon.colcon_ros.task.ament_python.build:Building ROS package in '/home/pioneer-ii/pioneer_ws/src/locomotion_core' with build type 'ament_python'
[6.413s] Level 1:colcon.colcon_core.shell:create_environment_hook('locomotion_core', 'ament_prefix_path')
[6.498s] INFO:colcon.colcon_core.plugin_system:Skipping extension 'colcon_core.shell.bat': Not used on non-Windows systems
[6.499s] INFO:colcon.colcon_core.shell:Creating environment hook '/home/pioneer-ii/pioneer_ws/install/locomotion_core/share/locomotion_core/hook/ament_prefix_path.ps1'
[6.501s] INFO:colcon.colcon_core.shell:Creating environment descriptor '/home/pioneer-ii/pioneer_ws/install/locomotion_core/share/locomotion_core/hook/ament_prefix_path.dsv'
[6.502s] INFO:colcon.colcon_core.shell:Creating environment hook '/home/pioneer-ii/pioneer_ws/install/locomotion_core/share/locomotion_core/hook/ament_prefix_path.sh'
[6.589s] INFO:colcon.colcon_core.shell:Skip shell extension 'powershell' for command environment: Not usable outside of PowerShell
[6.589s] DEBUG:colcon.colcon_core.shell:Skip shell extension 'dsv' for command environment
[6.844s] INFO:colcon.colcon_ros.task.ament_python.build:Building ROS package in '/home/pioneer-ii/pioneer_ws/src/navigation_core' with build type 'ament_python'
[6.845s] Level 1:colcon.colcon_core.shell:create_environment_hook('navigation_core', 'ament_prefix_path')
[6.928s] INFO:colcon.colcon_core.shell:Creating environment hook '/home/pioneer-ii/pioneer_ws/install/navigation_core/share/navigation_core/hook/ament_prefix_path.ps1'
[6.930s] INFO:colcon.colcon_core.shell:Creating environment descriptor '/home/pioneer-ii/pioneer_ws/install/navigation_core/share/navigation_core/hook/ament_prefix_path.dsv'
[6.931s] INFO:colcon.colcon_core.shell:Creating environment hook '/home/pioneer-ii/pioneer_ws/install/navigation_core/share/navigation_core/hook/ament_prefix_path.sh'
[7.009s] INFO:colcon.colcon_core.shell:Skip shell extension 'powershell' for command environment: Not usable outside of PowerShell
[7.009s] DEBUG:colcon.colcon_core.shell:Skip shell extension 'dsv' for command environment
[7.262s] INFO:colcon.colcon_ros.task.ament_cmake.build:Building ROS package in '/home/pioneer-ii/pioneer_ws/src/rover_launch' with build type 'ament_cmake'
[7.263s] INFO:colcon.colcon_cmake.task.cmake.build:Building CMake package in '/home/pioneer-ii/pioneer_ws/src/rover_launch'
[7.346s] INFO:colcon.colcon_core.shell:Skip shell extension 'powershell' for command environment: Not usable outside of PowerShell
[7.347s] DEBUG:colcon.colcon_core.shell:Skip shell extension 'dsv' for command environment
[7.602s] INFO:colcon.colcon_ros.task.ament_python.build:Building ROS package in '/home/pioneer-ii/pioneer_ws/src/rover_teleop_joy' with build type 'ament_python'
[7.603s] Level 1:colcon.colcon_core.shell:create_environment_hook('rover_teleop_joy', 'ament_prefix_path')
[7.694s] INFO:colcon.colcon_core.shell:Creating environment hook '/home/pioneer-ii/pioneer_ws/install/rover_teleop_joy/share/rover_teleop_joy/hook/ament_prefix_path.ps1'
[7.696s] INFO:colcon.colcon_core.shell:Creating environment descriptor '/home/pioneer-ii/pioneer_ws/install/rover_teleop_joy/share/rover_teleop_joy/hook/ament_prefix_path.dsv'
[7.697s] INFO:colcon.colcon_core.shell:Creating environment hook '/home/pioneer-ii/pioneer_ws/install/rover_teleop_joy/share/rover_teleop_joy/hook/ament_prefix_path.sh'
[7.782s] INFO:colcon.colcon_core.shell:Skip shell extension 'powershell' for command environment: Not usable outside of PowerShell
[7.782s] DEBUG:colcon.colcon_core.shell:Skip shell extension 'dsv' for command environment
[8.183s] INFO:colcon.colcon_ros.task.ament_python.build:Building ROS package in '/home/pioneer-ii/pioneer_ws/src/rsl_gps' with build type 'ament_python'
[8.184s] Level 1:colcon.colcon_core.shell:create_environment_hook('rsl_gps', 'ament_prefix_path')
[8.329s] INFO:colcon.colcon_core.shell:Creating environment hook '/home/pioneer-ii/pioneer_ws/install/rsl_gps/share/rsl_gps/hook/ament_prefix_path.ps1'
[8.332s] INFO:colcon.colcon_core.shell:Creating environment descriptor '/home/pioneer-ii/pioneer_ws/install/rsl_gps/share/rsl_gps/hook/ament_prefix_path.dsv'
[8.333s] INFO:colcon.colcon_core.shell:Creating environment hook '/home/pioneer-ii/pioneer_ws/install/rsl_gps/share/rsl_gps/hook/ament_prefix_path.sh'
[8.419s] INFO:colcon.colcon_core.shell:Skip shell extension 'powershell' for command environment: Not usable outside of PowerShell
[8.419s] DEBUG:colcon.colcon_core.shell:Skip shell extension 'dsv' for command environment
[8.669s] INFO:colcon.colcon_ros.task.ament_python.build:Building ROS package in '/home/pioneer-ii/pioneer_ws/src/rsl_imu' with build type 'ament_python'
[8.670s] Level 1:colcon.colcon_core.shell:create_environment_hook('rsl_imu', 'ament_prefix_path')
[8.753s] INFO:colcon.colcon_core.shell:Creating environment hook '/home/pioneer-ii/pioneer_ws/install/rsl_imu/share/rsl_imu/hook/ament_prefix_path.ps1'
[8.754s] INFO:colcon.colcon_core.shell:Creating environment descriptor '/home/pioneer-ii/pioneer_ws/install/rsl_imu/share/rsl_imu/hook/ament_prefix_path.dsv'
[8.755s] INFO:colcon.colcon_core.shell:Creating environment hook '/home/pioneer-ii/pioneer_ws/install/rsl_imu/share/rsl_imu/hook/ament_prefix_path.sh'
[8.834s] INFO:colcon.colcon_core.shell:Skip shell extension 'powershell' for command environment: Not usable outside of PowerShell
[8.834s] DEBUG:colcon.colcon_core.shell:Skip shell extension 'dsv' for command environment
[9.602s] INFO:colcon.colcon_core.task.python.build:Building Python package in '/home/pioneer-ii/pioneer_ws/src/locomotion_core'
[9.691s] INFO:colcon.colcon_core.shell:Skip shell extension 'powershell' for command environment: Not usable outside of PowerShell
[9.691s] DEBUG:colcon.colcon_core.shell:Skip shell extension 'dsv' for command environment
[10.460s] INFO:colcon.colcon_core.task.python.build:Building Python package in '/home/pioneer-ii/pioneer_ws/src/navigation_core'
[10.543s] INFO:colcon.colcon_core.shell:Skip shell extension 'powershell' for command environment: Not usable outside of PowerShell
[10.544s] DEBUG:colcon.colcon_core.shell:Skip shell extension 'dsv' for command environment
[10.812s] DEBUG:colcon.colcon_core.event_handler.log_command:Invoking command in '/home/pioneer-ii/pioneer_ws/build/rover_launch': CMAKE_PREFIX_PATH=${CMAKE_PREFIX_PATH}:/home/pioneer-ii/pioneer_ws/install/rsl_imu:/home/pioneer-ii/pioneer_ws/install/rsl_gps:/home/pioneer-ii/pioneer_ws/install/rover_teleop_joy:/home/pioneer-ii/pioneer_ws/install/navigation_core:/home/pioneer-ii/pioneer_ws/install/locomotion_core:/opt/ros/foxy /usr/bin/cmake --build /home/pioneer-ii/pioneer_ws/build/rover_launch -- -j6 -l6
[11.331s] INFO:colcon.colcon_core.task.python.build:Building Python package in '/home/pioneer-ii/pioneer_ws/src/rover_teleop_joy'
[11.416s] INFO:colcon.colcon_core.shell:Skip shell extension 'powershell' for command environment: Not usable outside of PowerShell
[11.417s] DEBUG:colcon.colcon_core.shell:Skip shell extension 'dsv' for command environment
[12.181s] INFO:colcon.colcon_core.task.python.build:Building Python package in '/home/pioneer-ii/pioneer_ws/src/rsl_gps'
[12.266s] INFO:colcon.colcon_core.shell:Skip shell extension 'powershell' for command environment: Not usable outside of PowerShell
[12.266s] DEBUG:colcon.colcon_core.shell:Skip shell extension 'dsv' for command environment
[13.032s] INFO:colcon.colcon_core.task.python.build:Building Python package in '/home/pioneer-ii/pioneer_ws/src/rsl_imu'
[13.118s] INFO:colcon.colcon_core.shell:Skip shell extension 'powershell' for command environment: Not usable outside of PowerShell
[13.118s] DEBUG:colcon.colcon_core.shell:Skip shell extension 'dsv' for command environment
[13.449s] DEBUG:colcon.colcon_core.event_handler.log_command:Invoked command in '/home/pioneer-ii/pioneer_ws/build/rover_launch' returned '0': CMAKE_PREFIX_PATH=${CMAKE_PREFIX_PATH}:/home/pioneer-ii/pioneer_ws/install/rsl_imu:/home/pioneer-ii/pioneer_ws/install/rsl_gps:/home/pioneer-ii/pioneer_ws/install/rover_teleop_joy:/home/pioneer-ii/pioneer_ws/install/navigation_core:/home/pioneer-ii/pioneer_ws/install/locomotion_core:/opt/ros/foxy /usr/bin/cmake --build /home/pioneer-ii/pioneer_ws/build/rover_launch -- -j6 -l6
[13.659s] DEBUG:colcon.colcon_core.event_handler.log_command:Invoking command in '/home/pioneer-ii/pioneer_ws/build/rover_launch': CMAKE_PREFIX_PATH=${CMAKE_PREFIX_PATH}:/home/pioneer-ii/pioneer_ws/install/rsl_imu:/home/pioneer-ii/pioneer_ws/install/rsl_gps:/home/pioneer-ii/pioneer_ws/install/rover_teleop_joy:/home/pioneer-ii/pioneer_ws/install/navigation_core:/home/pioneer-ii/pioneer_ws/install/locomotion_core:/opt/ros/foxy /usr/bin/cmake --install /home/pioneer-ii/pioneer_ws/build/rover_launch
[13.694s] Level 1:colcon.colcon_core.environment:create_environment_scripts_only(rover_launch)
[13.698s] DEBUG:colcon.colcon_core.event_handler.log_command:Invoked command in '/home/pioneer-ii/pioneer_ws/build/rover_launch' returned '0': CMAKE_PREFIX_PATH=${CMAKE_PREFIX_PATH}:/home/pioneer-ii/pioneer_ws/install/rsl_imu:/home/pioneer-ii/pioneer_ws/install/rsl_gps:/home/pioneer-ii/pioneer_ws/install/rover_teleop_joy:/home/pioneer-ii/pioneer_ws/install/navigation_core:/home/pioneer-ii/pioneer_ws/install/locomotion_core:/opt/ros/foxy /usr/bin/cmake --install /home/pioneer-ii/pioneer_ws/build/rover_launch
[13.795s] Level 1:colcon.colcon_core.environment:checking '/home/pioneer-ii/pioneer_ws/install/rover_launch' for CMake module files
[13.797s] Level 1:colcon.colcon_core.environment:checking '/home/pioneer-ii/pioneer_ws/install/rover_launch' for CMake config files
[13.798s] Level 1:colcon.colcon_core.shell:create_environment_hook('rover_launch', 'cmake_prefix_path')
[13.890s] INFO:colcon.colcon_core.shell:Creating environment hook '/home/pioneer-ii/pioneer_ws/install/rover_launch/share/rover_launch/hook/cmake_prefix_path.ps1'
[13.892s] INFO:colcon.colcon_core.shell:Creating environment descriptor '/home/pioneer-ii/pioneer_ws/install/rover_launch/share/rover_launch/hook/cmake_prefix_path.dsv'
[13.894s] INFO:colcon.colcon_core.shell:Creating environment hook '/home/pioneer-ii/pioneer_ws/install/rover_launch/share/rover_launch/hook/cmake_prefix_path.sh'
[13.978s] Level 1:colcon.colcon_core.environment:checking '/home/pioneer-ii/pioneer_ws/install/rover_launch/bin'
[13.979s] Level 1:colcon.colcon_core.environment:checking '/home/pioneer-ii/pioneer_ws/install/rover_launch/lib/pkgconfig/rover_launch.pc'
[13.980s] Level 1:colcon.colcon_core.environment:checking '/home/pioneer-ii/pioneer_ws/install/rover_launch/lib/python3.8/site-packages'
[13.980s] Level 1:colcon.colcon_core.environment:checking '/home/pioneer-ii/pioneer_ws/install/rover_launch/bin'
[14.087s] INFO:colcon.colcon_core.shell:Creating package script '/home/pioneer-ii/pioneer_ws/install/rover_launch/share/rover_launch/package.ps1'
[14.090s] INFO:colcon.colcon_core.shell:Creating package descriptor '/home/pioneer-ii/pioneer_ws/install/rover_launch/share/rover_launch/package.dsv'
[14.092s] INFO:colcon.colcon_core.shell:Creating package script '/home/pioneer-ii/pioneer_ws/install/rover_launch/share/rover_launch/package.sh'
[14.204s] INFO:colcon.colcon_core.shell:Creating package script '/home/pioneer-ii/pioneer_ws/install/rover_launch/share/rover_launch/package.bash'
[14.207s] INFO:colcon.colcon_core.shell:Creating package script '/home/pioneer-ii/pioneer_ws/install/rover_launch/share/rover_launch/package.zsh'
[14.208s] Level 1:colcon.colcon_core.environment:create_file_with_runtime_dependencies(/home/pioneer-ii/pioneer_ws/install/rover_launch/share/colcon-core/packages/rover_launch)
[14.400s] Level 1:colcon.colcon_core.environment:create_environment_scripts_only(rover_launch)
[14.495s] Level 1:colcon.colcon_core.environment:checking '/home/pioneer-ii/pioneer_ws/install/rover_launch' for CMake module files
[14.497s] Level 1:colcon.colcon_core.environment:checking '/home/pioneer-ii/pioneer_ws/install/rover_launch' for CMake config files
[14.497s] Level 1:colcon.colcon_core.shell:create_environment_hook('rover_launch', 'cmake_prefix_path')
[14.591s] INFO:colcon.colcon_core.shell:Creating environment hook '/home/pioneer-ii/pioneer_ws/install/rover_launch/share/rover_launch/hook/cmake_prefix_path.ps1'
[14.592s] INFO:colcon.colcon_core.shell:Creating environment descriptor '/home/pioneer-ii/pioneer_ws/install/rover_launch/share/rover_launch/hook/cmake_prefix_path.dsv'
[14.594s] INFO:colcon.colcon_core.shell:Creating environment hook '/home/pioneer-ii/pioneer_ws/install/rover_launch/share/rover_launch/hook/cmake_prefix_path.sh'
[14.595s] Level 1:colcon.colcon_core.environment:checking '/home/pioneer-ii/pioneer_ws/install/rover_launch/bin'
[14.595s] Level 1:colcon.colcon_core.environment:checking '/home/pioneer-ii/pioneer_ws/install/rover_launch/lib/pkgconfig/rover_launch.pc'
[14.596s] Level 1:colcon.colcon_core.environment:checking '/home/pioneer-ii/pioneer_ws/install/rover_launch/lib/python3.8/site-packages'
[14.596s] Level 1:colcon.colcon_core.environment:checking '/home/pioneer-ii/pioneer_ws/install/rover_launch/bin'
[14.677s] INFO:colcon.colcon_core.shell:Creating package script '/home/pioneer-ii/pioneer_ws/install/rover_launch/share/rover_launch/package.ps1'
[14.679s] INFO:colcon.colcon_core.shell:Creating package descriptor '/home/pioneer-ii/pioneer_ws/install/rover_launch/share/rover_launch/package.dsv'
[14.680s] INFO:colcon.colcon_core.shell:Creating package script '/home/pioneer-ii/pioneer_ws/install/rover_launch/share/rover_launch/package.sh'
[14.681s] INFO:colcon.colcon_core.shell:Creating package script '/home/pioneer-ii/pioneer_ws/install/rover_launch/share/rover_launch/package.bash'
[14.682s] INFO:colcon.colcon_core.shell:Creating package script '/home/pioneer-ii/pioneer_ws/install/rover_launch/share/rover_launch/package.zsh'
[14.683s] Level 1:colcon.colcon_core.environment:create_file_with_runtime_dependencies(/home/pioneer-ii/pioneer_ws/install/rover_launch/share/colcon-core/packages/rover_launch)
[14.697s] DEBUG:colcon.colcon_core.event_handler.log_command:Invoking command in '/home/pioneer-ii/pioneer_ws/src/rover_teleop_joy': PYTHONPATH=/home/pioneer-ii/pioneer_ws/build/rover_teleop_joy/prefix_override:/home/pioneer-ii/pioneer_ws/install/rover_teleop_joy/lib/python3.8/site-packages:${PYTHONPATH} /usr/bin/python3 setup.py egg_info --egg-base ../../build/rover_teleop_joy build --build-base /home/pioneer-ii/pioneer_ws/build/rover_teleop_joy/build install --record /home/pioneer-ii/pioneer_ws/build/rover_teleop_joy/install.log --single-version-externally-managed
[14.710s] DEBUG:colcon.colcon_core.event_handler.log_command:Invoking command in '/home/pioneer-ii/pioneer_ws/src/rsl_gps': PYTHONPATH=/home/pioneer-ii/pioneer_ws/build/rsl_gps/prefix_override:/home/pioneer-ii/pioneer_ws/install/rsl_gps/lib/python3.8/site-packages:${PYTHONPATH} /usr/bin/python3 setup.py egg_info --egg-base ../../build/rsl_gps build --build-base /home/pioneer-ii/pioneer_ws/build/rsl_gps/build install --record /home/pioneer-ii/pioneer_ws/build/rsl_gps/install.log --single-version-externally-managed
[14.725s] DEBUG:colcon.colcon_core.event_handler.log_command:Invoking command in '/home/pioneer-ii/pioneer_ws/src/navigation_core': PYTHONPATH=/home/pioneer-ii/pioneer_ws/build/navigation_core/prefix_override:/home/pioneer-ii/pioneer_ws/install/navigation_core/lib/python3.8/site-packages:${PYTHONPATH} /usr/bin/python3 setup.py egg_info --egg-base ../../build/navigation_core build --build-base /home/pioneer-ii/pioneer_ws/build/navigation_core/build install --record /home/pioneer-ii/pioneer_ws/build/navigation_core/install.log --install-scripts $base/lib/navigation_core --single-version-externally-managed
[14.738s] DEBUG:colcon.colcon_core.event_handler.log_command:Invoking command in '/home/pioneer-ii/pioneer_ws/src/rsl_imu': PYTHONPATH=/home/pioneer-ii/pioneer_ws/build/rsl_imu/prefix_override:/home/pioneer-ii/pioneer_ws/install/rsl_imu/lib/python3.8/site-packages:${PYTHONPATH} /usr/bin/python3 setup.py egg_info --egg-base ../../build/rsl_imu build --build-base /home/pioneer-ii/pioneer_ws/build/rsl_imu/build install --record /home/pioneer-ii/pioneer_ws/build/rsl_imu/install.log --install-scripts $base/lib/rsl_imu --single-version-externally-managed
[14.745s] DEBUG:colcon.colcon_core.event_handler.log_command:Invoking command in '/home/pioneer-ii/pioneer_ws/src/locomotion_core': PYTHONPATH=/home/pioneer-ii/pioneer_ws/build/locomotion_core/prefix_override:/home/pioneer-ii/pioneer_ws/install/locomotion_core/lib/python3.8/site-packages:${PYTHONPATH} /usr/bin/python3 setup.py egg_info --egg-base ../../build/locomotion_core build --build-base /home/pioneer-ii/pioneer_ws/build/locomotion_core/build install --record /home/pioneer-ii/pioneer_ws/build/locomotion_core/install.log --single-version-externally-managed
[15.527s] DEBUG:colcon.colcon_core.event_handler.log_command:Invoked command in '/home/pioneer-ii/pioneer_ws/src/rsl_gps' returned '0': PYTHONPATH=/home/pioneer-ii/pioneer_ws/build/rsl_gps/prefix_override:/home/pioneer-ii/pioneer_ws/install/rsl_gps/lib/python3.8/site-packages:${PYTHONPATH} /usr/bin/python3 setup.py egg_info --egg-base ../../build/rsl_gps build --build-base /home/pioneer-ii/pioneer_ws/build/rsl_gps/build install --record /home/pioneer-ii/pioneer_ws/build/rsl_gps/install.log --single-version-externally-managed
[15.610s] Level 1:colcon.colcon_core.environment:checking '/home/pioneer-ii/pioneer_ws/install/rsl_gps' for CMake module files
[15.611s] Level 1:colcon.colcon_core.environment:checking '/home/pioneer-ii/pioneer_ws/install/rsl_gps' for CMake config files
[15.613s] Level 1:colcon.colcon_core.environment:checking '/home/pioneer-ii/pioneer_ws/install/rsl_gps/lib'
[15.613s] Level 1:colcon.colcon_core.environment:checking '/home/pioneer-ii/pioneer_ws/install/rsl_gps/bin'
[15.613s] Level 1:colcon.colcon_core.environment:checking '/home/pioneer-ii/pioneer_ws/install/rsl_gps/lib/pkgconfig/rsl_gps.pc'
[15.614s] Level 1:colcon.colcon_core.environment:checking '/home/pioneer-ii/pioneer_ws/install/rsl_gps/lib/python3.8/site-packages'
[15.614s] Level 1:colcon.colcon_core.shell:create_environment_hook('rsl_gps', 'pythonpath')
[15.694s] INFO:colcon.colcon_core.shell:Creating environment hook '/home/pioneer-ii/pioneer_ws/install/rsl_gps/share/rsl_gps/hook/pythonpath.ps1'
[15.696s] INFO:colcon.colcon_core.shell:Creating environment descriptor '/home/pioneer-ii/pioneer_ws/install/rsl_gps/share/rsl_gps/hook/pythonpath.dsv'
[15.697s] INFO:colcon.colcon_core.shell:Creating environment hook '/home/pioneer-ii/pioneer_ws/install/rsl_gps/share/rsl_gps/hook/pythonpath.sh'
[15.698s] Level 1:colcon.colcon_core.environment:checking '/home/pioneer-ii/pioneer_ws/install/rsl_gps/bin'
[15.698s] Level 1:colcon.colcon_core.environment:create_environment_scripts_only(rsl_gps)
[15.781s] INFO:colcon.colcon_core.shell:Creating package script '/home/pioneer-ii/pioneer_ws/install/rsl_gps/share/rsl_gps/package.ps1'
[15.783s] INFO:colcon.colcon_core.shell:Creating package descriptor '/home/pioneer-ii/pioneer_ws/install/rsl_gps/share/rsl_gps/package.dsv'
[15.784s] INFO:colcon.colcon_core.shell:Creating package script '/home/pioneer-ii/pioneer_ws/install/rsl_gps/share/rsl_gps/package.sh'
[15.785s] INFO:colcon.colcon_core.shell:Creating package script '/home/pioneer-ii/pioneer_ws/install/rsl_gps/share/rsl_gps/package.bash'
[15.785s] INFO:colcon.colcon_core.shell:Creating package script '/home/pioneer-ii/pioneer_ws/install/rsl_gps/share/rsl_gps/package.zsh'
[15.786s] Level 1:colcon.colcon_core.environment:create_file_with_runtime_dependencies(/home/pioneer-ii/pioneer_ws/install/rsl_gps/share/colcon-core/packages/rsl_gps)
[15.793s] DEBUG:colcon.colcon_core.event_handler.log_command:Invoked command in '/home/pioneer-ii/pioneer_ws/src/locomotion_core' returned '0': PYTHONPATH=/home/pioneer-ii/pioneer_ws/build/locomotion_core/prefix_override:/home/pioneer-ii/pioneer_ws/install/locomotion_core/lib/python3.8/site-packages:${PYTHONPATH} /usr/bin/python3 setup.py egg_info --egg-base ../../build/locomotion_core build --build-base /home/pioneer-ii/pioneer_ws/build/locomotion_core/build install --record /home/pioneer-ii/pioneer_ws/build/locomotion_core/install.log --single-version-externally-managed
[15.878s] Level 1:colcon.colcon_core.environment:checking '/home/pioneer-ii/pioneer_ws/install/locomotion_core' for CMake module files
[15.879s] Level 1:colcon.colcon_core.environment:checking '/home/pioneer-ii/pioneer_ws/install/locomotion_core' for CMake config files
[15.881s] Level 1:colcon.colcon_core.environment:checking '/home/pioneer-ii/pioneer_ws/install/locomotion_core/lib'
[15.881s] Level 1:colcon.colcon_core.environment:checking '/home/pioneer-ii/pioneer_ws/install/locomotion_core/bin'
[15.881s] Level 1:colcon.colcon_core.environment:checking '/home/pioneer-ii/pioneer_ws/install/locomotion_core/lib/pkgconfig/locomotion_core.pc'
[15.882s] Level 1:colcon.colcon_core.environment:checking '/home/pioneer-ii/pioneer_ws/install/locomotion_core/lib/python3.8/site-packages'
[15.882s] Level 1:colcon.colcon_core.shell:create_environment_hook('locomotion_core', 'pythonpath')
[15.962s] INFO:colcon.colcon_core.shell:Creating environment hook '/home/pioneer-ii/pioneer_ws/install/locomotion_core/share/locomotion_core/hook/pythonpath.ps1'
[15.963s] INFO:colcon.colcon_core.shell:Creating environment descriptor '/home/pioneer-ii/pioneer_ws/install/locomotion_core/share/locomotion_core/hook/pythonpath.dsv'
[15.964s] INFO:colcon.colcon_core.shell:Creating environment hook '/home/pioneer-ii/pioneer_ws/install/locomotion_core/share/locomotion_core/hook/pythonpath.sh'
[15.966s] Level 1:colcon.colcon_core.environment:checking '/home/pioneer-ii/pioneer_ws/install/locomotion_core/bin'
[15.966s] Level 1:colcon.colcon_core.environment:create_environment_scripts_only(locomotion_core)
[16.047s] INFO:colcon.colcon_core.shell:Creating package script '/home/pioneer-ii/pioneer_ws/install/locomotion_core/share/locomotion_core/package.ps1'
[16.049s] INFO:colcon.colcon_core.shell:Creating package descriptor '/home/pioneer-ii/pioneer_ws/install/locomotion_core/share/locomotion_core/package.dsv'
[16.050s] INFO:colcon.colcon_core.shell:Creating package script '/home/pioneer-ii/pioneer_ws/install/locomotion_core/share/locomotion_core/package.sh'
[16.051s] INFO:colcon.colcon_core.shell:Creating package script '/home/pioneer-ii/pioneer_ws/install/locomotion_core/share/locomotion_core/package.bash'
[16.051s] INFO:colcon.colcon_core.shell:Creating package script '/home/pioneer-ii/pioneer_ws/install/locomotion_core/share/locomotion_core/package.zsh'
[16.052s] Level 1:colcon.colcon_core.environment:create_file_with_runtime_dependencies(/home/pioneer-ii/pioneer_ws/install/locomotion_core/share/colcon-core/packages/locomotion_core)
[16.056s] DEBUG:colcon.colcon_core.event_handler.log_command:Invoked command in '/home/pioneer-ii/pioneer_ws/src/rover_teleop_joy' returned '0': PYTHONPATH=/home/pioneer-ii/pioneer_ws/build/rover_teleop_joy/prefix_override:/home/pioneer-ii/pioneer_ws/install/rover_teleop_joy/lib/python3.8/site-packages:${PYTHONPATH} /usr/bin/python3 setup.py egg_info --egg-base ../../build/rover_teleop_joy build --build-base /home/pioneer-ii/pioneer_ws/build/rover_teleop_joy/build install --record /home/pioneer-ii/pioneer_ws/build/rover_teleop_joy/install.log --single-version-externally-managed
[16.134s] Level 1:colcon.colcon_core.environment:checking '/home/pioneer-ii/pioneer_ws/install/rover_teleop_joy' for CMake module files
[16.135s] Level 1:colcon.colcon_core.environment:checking '/home/pioneer-ii/pioneer_ws/install/rover_teleop_joy' for CMake config files
[16.137s] Level 1:colcon.colcon_core.environment:checking '/home/pioneer-ii/pioneer_ws/install/rover_teleop_joy/lib'
[16.137s] Level 1:colcon.colcon_core.environment:checking '/home/pioneer-ii/pioneer_ws/install/rover_teleop_joy/bin'
[16.137s] Level 1:colcon.colcon_core.environment:checking '/home/pioneer-ii/pioneer_ws/install/rover_teleop_joy/lib/pkgconfig/rover_teleop_joy.pc'
[16.137s] Level 1:colcon.colcon_core.environment:checking '/home/pioneer-ii/pioneer_ws/install/rover_teleop_joy/lib/python3.8/site-packages'
[16.138s] Level 1:colcon.colcon_core.shell:create_environment_hook('rover_teleop_joy', 'pythonpath')
[16.217s] INFO:colcon.colcon_core.shell:Creating environment hook '/home/pioneer-ii/pioneer_ws/install/rover_teleop_joy/share/rover_teleop_joy/hook/pythonpath.ps1'
[16.219s] INFO:colcon.colcon_core.shell:Creating environment descriptor '/home/pioneer-ii/pioneer_ws/install/rover_teleop_joy/share/rover_teleop_joy/hook/pythonpath.dsv'
[16.220s] INFO:colcon.colcon_core.shell:Creating environment hook '/home/pioneer-ii/pioneer_ws/install/rover_teleop_joy/share/rover_teleop_joy/hook/pythonpath.sh'
[16.221s] Level 1:colcon.colcon_core.environment:checking '/home/pioneer-ii/pioneer_ws/install/rover_teleop_joy/bin'
[16.221s] Level 1:colcon.colcon_core.environment:create_environment_scripts_only(rover_teleop_joy)
[16.309s] INFO:colcon.colcon_core.shell:Creating package script '/home/pioneer-ii/pioneer_ws/install/rover_teleop_joy/share/rover_teleop_joy/package.ps1'
[16.310s] INFO:colcon.colcon_core.shell:Creating package descriptor '/home/pioneer-ii/pioneer_ws/install/rover_teleop_joy/share/rover_teleop_joy/package.dsv'
[16.311s] INFO:colcon.colcon_core.shell:Creating package script '/home/pioneer-ii/pioneer_ws/install/rover_teleop_joy/share/rover_teleop_joy/package.sh'
[16.312s] INFO:colcon.colcon_core.shell:Creating package script '/home/pioneer-ii/pioneer_ws/install/rover_teleop_joy/share/rover_teleop_joy/package.bash'
[16.313s] INFO:colcon.colcon_core.shell:Creating package script '/home/pioneer-ii/pioneer_ws/install/rover_teleop_joy/share/rover_teleop_joy/package.zsh'
[16.313s] Level 1:colcon.colcon_core.environment:create_file_with_runtime_dependencies(/home/pioneer-ii/pioneer_ws/install/rover_teleop_joy/share/colcon-core/packages/rover_teleop_joy)
[16.317s] DEBUG:colcon.colcon_core.event_handler.log_command:Invoked command in '/home/pioneer-ii/pioneer_ws/src/navigation_core' returned '0': PYTHONPATH=/home/pioneer-ii/pioneer_ws/build/navigation_core/prefix_override:/home/pioneer-ii/pioneer_ws/install/navigation_core/lib/python3.8/site-packages:${PYTHONPATH} /usr/bin/python3 setup.py egg_info --egg-base ../../build/navigation_core build --build-base /home/pioneer-ii/pioneer_ws/build/navigation_core/build install --record /home/pioneer-ii/pioneer_ws/build/navigation_core/install.log --install-scripts $base/lib/navigation_core --single-version-externally-managed
[16.396s] Level 1:colcon.colcon_core.environment:checking '/home/pioneer-ii/pioneer_ws/install/navigation_core' for CMake module files
[16.397s] Level 1:colcon.colcon_core.environment:checking '/home/pioneer-ii/pioneer_ws/install/navigation_core' for CMake config files
[16.398s] Level 1:colcon.colcon_core.environment:checking '/home/pioneer-ii/pioneer_ws/install/navigation_core/lib'
[16.399s] Level 1:colcon.colcon_core.environment:checking '/home/pioneer-ii/pioneer_ws/install/navigation_core/bin'
[16.399s] Level 1:colcon.colcon_core.environment:checking '/home/pioneer-ii/pioneer_ws/install/navigation_core/lib/pkgconfig/navigation_core.pc'
[16.399s] Level 1:colcon.colcon_core.environment:checking '/home/pioneer-ii/pioneer_ws/install/navigation_core/lib/python3.8/site-packages'
[16.399s] Level 1:colcon.colcon_core.shell:create_environment_hook('navigation_core', 'pythonpath')
[16.478s] INFO:colcon.colcon_core.shell:Creating environment hook '/home/pioneer-ii/pioneer_ws/install/navigation_core/share/navigation_core/hook/pythonpath.ps1'
[16.479s] INFO:colcon.colcon_core.shell:Creating environment descriptor '/home/pioneer-ii/pioneer_ws/install/navigation_core/share/navigation_core/hook/pythonpath.dsv'
[16.480s] INFO:colcon.colcon_core.shell:Creating environment hook '/home/pioneer-ii/pioneer_ws/install/navigation_core/share/navigation_core/hook/pythonpath.sh'
[16.481s] Level 1:colcon.colcon_core.environment:checking '/home/pioneer-ii/pioneer_ws/install/navigation_core/bin'
[16.482s] Level 1:colcon.colcon_core.environment:create_environment_scripts_only(navigation_core)
[16.618s] INFO:colcon.colcon_core.shell:Creating package script '/home/pioneer-ii/pioneer_ws/install/navigation_core/share/navigation_core/package.ps1'
[16.620s] INFO:colcon.colcon_core.shell:Creating package descriptor '/home/pioneer-ii/pioneer_ws/install/navigation_core/share/navigation_core/package.dsv'
[16.621s] INFO:colcon.colcon_core.shell:Creating package script '/home/pioneer-ii/pioneer_ws/install/navigation_core/share/navigation_core/package.sh'
[16.622s] INFO:colcon.colcon_core.shell:Creating package script '/home/pioneer-ii/pioneer_ws/install/navigation_core/share/navigation_core/package.bash'
[16.623s] INFO:colcon.colcon_core.shell:Creating package script '/home/pioneer-ii/pioneer_ws/install/navigation_core/share/navigation_core/package.zsh'
[16.624s] Level 1:colcon.colcon_core.environment:create_file_with_runtime_dependencies(/home/pioneer-ii/pioneer_ws/install/navigation_core/share/colcon-core/packages/navigation_core)
[16.626s] DEBUG:colcon.colcon_core.event_handler.log_command:Invoked command in '/home/pioneer-ii/pioneer_ws/src/rsl_imu' returned '0': PYTHONPATH=/home/pioneer-ii/pioneer_ws/build/rsl_imu/prefix_override:/home/pioneer-ii/pioneer_ws/install/rsl_imu/lib/python3.8/site-packages:${PYTHONPATH} /usr/bin/python3 setup.py egg_info --egg-base ../../build/rsl_imu build --build-base /home/pioneer-ii/pioneer_ws/build/rsl_imu/build install --record /home/pioneer-ii/pioneer_ws/build/rsl_imu/install.log --install-scripts $base/lib/rsl_imu --single-version-externally-managed
[16.706s] Level 1:colcon.colcon_core.environment:checking '/home/pioneer-ii/pioneer_ws/install/rsl_imu' for CMake module files
[16.707s] Level 1:colcon.colcon_core.environment:checking '/home/pioneer-ii/pioneer_ws/install/rsl_imu' for CMake config files
[16.709s] Level 1:colcon.colcon_core.environment:checking '/home/pioneer-ii/pioneer_ws/install/rsl_imu/lib'
[16.709s] Level 1:colcon.colcon_core.environment:checking '/home/pioneer-ii/pioneer_ws/install/rsl_imu/bin'
[16.709s] Level 1:colcon.colcon_core.environment:checking '/home/pioneer-ii/pioneer_ws/install/rsl_imu/lib/pkgconfig/rsl_imu.pc'
[16.710s] Level 1:colcon.colcon_core.environment:checking '/home/pioneer-ii/pioneer_ws/install/rsl_imu/lib/python3.8/site-packages'
[16.710s] Level 1:colcon.colcon_core.shell:create_environment_hook('rsl_imu', 'pythonpath')
[16.788s] INFO:colcon.colcon_core.shell:Creating environment hook '/home/pioneer-ii/pioneer_ws/install/rsl_imu/share/rsl_imu/hook/pythonpath.ps1'
[16.790s] INFO:colcon.colcon_core.shell:Creating environment descriptor '/home/pioneer-ii/pioneer_ws/install/rsl_imu/share/rsl_imu/hook/pythonpath.dsv'
[16.791s] INFO:colcon.colcon_core.shell:Creating environment hook '/home/pioneer-ii/pioneer_ws/install/rsl_imu/share/rsl_imu/hook/pythonpath.sh'
[16.792s] Level 1:colcon.colcon_core.environment:checking '/home/pioneer-ii/pioneer_ws/install/rsl_imu/bin'
[16.792s] Level 1:colcon.colcon_core.environment:create_environment_scripts_only(rsl_imu)
[16.874s] INFO:colcon.colcon_core.shell:Creating package script '/home/pioneer-ii/pioneer_ws/install/rsl_imu/share/rsl_imu/package.ps1'
[16.876s] INFO:colcon.colcon_core.shell:Creating package descriptor '/home/pioneer-ii/pioneer_ws/install/rsl_imu/share/rsl_imu/package.dsv'
[16.877s] INFO:colcon.colcon_core.shell:Creating package script '/home/pioneer-ii/pioneer_ws/install/rsl_imu/share/rsl_imu/package.sh'
[16.878s] INFO:colcon.colcon_core.shell:Creating package script '/home/pioneer-ii/pioneer_ws/install/rsl_imu/share/rsl_imu/package.bash'
[16.878s] INFO:colcon.colcon_core.shell:Creating package script '/home/pioneer-ii/pioneer_ws/install/rsl_imu/share/rsl_imu/package.zsh'
[16.879s] Level 1:colcon.colcon_core.environment:create_file_with_runtime_dependencies(/home/pioneer-ii/pioneer_ws/install/rsl_imu/share/colcon-core/packages/rsl_imu)
[16.880s] DEBUG:colcon.colcon_parallel_executor.executor.parallel:closing loop
[16.881s] DEBUG:colcon.colcon_parallel_executor.executor.parallel:loop closed
[16.881s] DEBUG:colcon.colcon_parallel_executor.executor.parallel:run_until_complete finished with '0'
[16.881s] DEBUG:colcon.colcon_core.event_reactor:joining thread
[16.974s] INFO:colcon.colcon_core.plugin_system:Skipping extension 'colcon_notification.desktop_notification.terminal_notifier': Not used on non-Darwin systems
[16.974s] INFO:colcon.colcon_core.plugin_system:Skipping extension 'colcon_notification.desktop_notification.win32': Not used on non-Windows systems
[16.974s] INFO:colcon.colcon_notification.desktop_notification:Sending desktop notification using 'notify2'
[17.015s] DEBUG:colcon.colcon_core.event_reactor:joined thread
[17.099s] INFO:colcon.colcon_core.shell:Creating prefix script '/home/pioneer-ii/pioneer_ws/install/local_setup.ps1'
[17.102s] INFO:colcon.colcon_core.shell:Creating prefix util module '/home/pioneer-ii/pioneer_ws/install/_local_setup_util_ps1.py'
[17.107s] INFO:colcon.colcon_core.shell:Creating prefix chain script '/home/pioneer-ii/pioneer_ws/install/setup.ps1'
[17.190s] INFO:colcon.colcon_core.shell:Creating prefix script '/home/pioneer-ii/pioneer_ws/install/local_setup.sh'
[17.191s] INFO:colcon.colcon_core.shell:Creating prefix util module '/home/pioneer-ii/pioneer_ws/install/_local_setup_util_sh.py'
[17.192s] INFO:colcon.colcon_core.shell:Creating prefix chain script '/home/pioneer-ii/pioneer_ws/install/setup.sh'
[17.274s] INFO:colcon.colcon_core.shell:Creating prefix script '/home/pioneer-ii/pioneer_ws/install/local_setup.bash'
[17.275s] INFO:colcon.colcon_core.shell:Creating prefix chain script '/home/pioneer-ii/pioneer_ws/install/setup.bash'
[17.368s] INFO:colcon.colcon_core.shell:Creating prefix script '/home/pioneer-ii/pioneer_ws/install/local_setup.zsh'
[17.369s] INFO:colcon.colcon_core.shell:Creating prefix chain script '/home/pioneer-ii/pioneer_ws/install/setup.zsh'
