[7.700s] Invoking command in '/home/pioneer-ii/pioneer_ws/src/navigation_core': PYTHONPATH=/home/pioneer-ii/pioneer_ws/build/navigation_core/prefix_override:/home/pioneer-ii/pioneer_ws/install/navigation_core/lib/python3.8/site-packages:${PYTHONPATH} /usr/bin/python3 setup.py egg_info --egg-base ../../build/navigation_core build --build-base /home/pioneer-ii/pioneer_ws/build/navigation_core/build install --record /home/pioneer-ii/pioneer_ws/build/navigation_core/install.log --install-scripts $base/lib/navigation_core --single-version-externally-managed
[8.230s] running egg_info
[8.232s] writing ../../build/navigation_core/navigation_core.egg-info/PKG-INFO
[8.234s] writing dependency_links to ../../build/navigation_core/navigation_core.egg-info/dependency_links.txt
[8.234s] writing entry points to ../../build/navigation_core/navigation_core.egg-info/entry_points.txt
[8.235s] writing requirements to ../../build/navigation_core/navigation_core.egg-info/requires.txt
[8.252s] writing top-level names to ../../build/navigation_core/navigation_core.egg-info/top_level.txt
[8.315s] reading manifest file '../../build/navigation_core/navigation_core.egg-info/SOURCES.txt'
[8.317s] writing manifest file '../../build/navigation_core/navigation_core.egg-info/SOURCES.txt'
[8.317s] running build
[8.318s] running build_py
[8.318s] copying navigation_core/test_position.py -> /home/pioneer-ii/pioneer_ws/build/navigation_core/build/lib/navigation_core
[8.319s] running install
[8.322s] running install_lib
[8.326s] copying /home/pioneer-ii/pioneer_ws/build/navigation_core/build/lib/navigation_core/test_position.py -> /home/pioneer-ii/pioneer_ws/install/navigation_core/lib/python3.8/site-packages/navigation_core
[8.328s] byte-compiling /home/pioneer-ii/pioneer_ws/install/navigation_core/lib/python3.8/site-packages/navigation_core/test_position.py to test_position.cpython-38.pyc
[8.331s] running install_data
[8.333s] running install_egg_info
[8.338s] removing '/home/pioneer-ii/pioneer_ws/install/navigation_core/lib/python3.8/site-packages/navigation_core-0.0.0-py3.8.egg-info' (and everything under it)
[8.339s] Copying ../../build/navigation_core/navigation_core.egg-info to /home/pioneer-ii/pioneer_ws/install/navigation_core/lib/python3.8/site-packages/navigation_core-0.0.0-py3.8.egg-info
[8.342s] running install_scripts
[8.415s] Installing push_target script to /home/pioneer-ii/pioneer_ws/install/navigation_core/lib/navigation_core
[8.415s] Installing run_navigation script to /home/pioneer-ii/pioneer_ws/install/navigation_core/lib/navigation_core
[8.415s] writing list of installed files to '/home/pioneer-ii/pioneer_ws/build/navigation_core/install.log'
[9.035s] Invoked command in '/home/pioneer-ii/pioneer_ws/src/navigation_core' returned '0': PYTHONPATH=/home/pioneer-ii/pioneer_ws/build/navigation_core/prefix_override:/home/pioneer-ii/pioneer_ws/install/navigation_core/lib/python3.8/site-packages:${PYTHONPATH} /usr/bin/python3 setup.py egg_info --egg-base ../../build/navigation_core build --build-base /home/pioneer-ii/pioneer_ws/build/navigation_core/build install --record /home/pioneer-ii/pioneer_ws/build/navigation_core/install.log --install-scripts $base/lib/navigation_core --single-version-externally-managed
