[4.011s] Invoking command in '/home/pioneer-ii/pioneer_ws/src/rsl_gps': PYTHONPATH=/home/pioneer-ii/pioneer_ws/build/rsl_gps/prefix_override:/home/pioneer-ii/pioneer_ws/install/rsl_gps/lib/python3.8/site-packages:${PYTHONPATH} /usr/bin/python3 setup.py egg_info --egg-base ../../build/rsl_gps build --build-base /home/pioneer-ii/pioneer_ws/build/rsl_gps/build install --record /home/pioneer-ii/pioneer_ws/build/rsl_gps/install.log --single-version-externally-managed
[4.495s] running egg_info
[4.497s] writing ../../build/rsl_gps/rsl_gps.egg-info/PKG-INFO
[4.498s] writing dependency_links to ../../build/rsl_gps/rsl_gps.egg-info/dependency_links.txt
[4.498s] writing entry points to ../../build/rsl_gps/rsl_gps.egg-info/entry_points.txt
[4.498s] writing requirements to ../../build/rsl_gps/rsl_gps.egg-info/requires.txt
[4.499s] writing top-level names to ../../build/rsl_gps/rsl_gps.egg-info/top_level.txt
[4.574s] reading manifest file '../../build/rsl_gps/rsl_gps.egg-info/SOURCES.txt'
[4.576s] writing manifest file '../../build/rsl_gps/rsl_gps.egg-info/SOURCES.txt'
[4.577s] running build
[4.577s] running build_py
[4.578s] copying rsl_gps/quat_publisher.py -> /home/pioneer-ii/pioneer_ws/build/rsl_gps/build/lib/rsl_gps
[4.579s] running install
[4.584s] running install_lib
[4.587s] copying /home/pioneer-ii/pioneer_ws/build/rsl_gps/build/lib/rsl_gps/quat_publisher.py -> /home/pioneer-ii/pioneer_ws/install/rsl_gps/lib/python3.8/site-packages/rsl_gps
[4.589s] byte-compiling /home/pioneer-ii/pioneer_ws/install/rsl_gps/lib/python3.8/site-packages/rsl_gps/quat_publisher.py to quat_publisher.cpython-38.pyc
[4.592s] running install_data
[4.594s] running install_egg_info
[4.597s] removing '/home/pioneer-ii/pioneer_ws/install/rsl_gps/lib/python3.8/site-packages/rsl_gps-0.0.0-py3.8.egg-info' (and everything under it)
[4.598s] Copying ../../build/rsl_gps/rsl_gps.egg-info to /home/pioneer-ii/pioneer_ws/install/rsl_gps/lib/python3.8/site-packages/rsl_gps-0.0.0-py3.8.egg-info
[4.600s] running install_scripts
[4.646s] Installing run_gps script to /home/pioneer-ii/pioneer_ws/install/rsl_gps/lib/rsl_gps
[4.646s] Installing run_imu script to /home/pioneer-ii/pioneer_ws/install/rsl_gps/lib/rsl_gps
[4.646s] writing list of installed files to '/home/pioneer-ii/pioneer_ws/build/rsl_gps/install.log'
[4.913s] Invoked command in '/home/pioneer-ii/pioneer_ws/src/rsl_gps' returned '0': PYTHONPATH=/home/pioneer-ii/pioneer_ws/build/rsl_gps/prefix_override:/home/pioneer-ii/pioneer_ws/install/rsl_gps/lib/python3.8/site-packages:${PYTHONPATH} /usr/bin/python3 setup.py egg_info --egg-base ../../build/rsl_gps build --build-base /home/pioneer-ii/pioneer_ws/build/rsl_gps/build install --record /home/pioneer-ii/pioneer_ws/build/rsl_gps/install.log --single-version-externally-managed
