[7.374s] Invoking command in '/home/pioneer-ii/pioneer_ws/src/rsl_gps': PYTHONPATH=/home/pioneer-ii/pioneer_ws/build/rsl_gps/prefix_override:/home/pioneer-ii/pioneer_ws/install/rsl_gps/lib/python3.8/site-packages:${PYTHONPATH} /usr/bin/python3 setup.py egg_info --egg-base ../../build/rsl_gps build --build-base /home/pioneer-ii/pioneer_ws/build/rsl_gps/build install --record /home/pioneer-ii/pioneer_ws/build/rsl_gps/install.log --single-version-externally-managed
[7.858s] running egg_info
[7.859s] writing ../../build/rsl_gps/rsl_gps.egg-info/PKG-INFO
[7.961s] writing dependency_links to ../../build/rsl_gps/rsl_gps.egg-info/dependency_links.txt
[7.962s] writing entry points to ../../build/rsl_gps/rsl_gps.egg-info/entry_points.txt
[7.962s] writing requirements to ../../build/rsl_gps/rsl_gps.egg-info/requires.txt
[7.962s] writing top-level names to ../../build/rsl_gps/rsl_gps.egg-info/top_level.txt
[8.048s] reading manifest file '../../build/rsl_gps/rsl_gps.egg-info/SOURCES.txt'
[8.186s] writing manifest file '../../build/rsl_gps/rsl_gps.egg-info/SOURCES.txt'
[8.186s] running build
[8.186s] running build_py
[8.194s] running install
[8.196s] running install_lib
[8.202s] running install_data
[8.207s] running install_egg_info
[8.214s] removing '/home/pioneer-ii/pioneer_ws/install/rsl_gps/lib/python3.8/site-packages/rsl_gps-0.0.0-py3.8.egg-info' (and everything under it)
[8.215s] Copying ../../build/rsl_gps/rsl_gps.egg-info to /home/pioneer-ii/pioneer_ws/install/rsl_gps/lib/python3.8/site-packages/rsl_gps-0.0.0-py3.8.egg-info
[8.218s] running install_scripts
[8.267s] Installing run_gps script to /home/pioneer-ii/pioneer_ws/install/rsl_gps/lib/rsl_gps
[8.405s] Installing run_imu script to /home/pioneer-ii/pioneer_ws/install/rsl_gps/lib/rsl_gps
[8.406s] writing list of installed files to '/home/pioneer-ii/pioneer_ws/build/rsl_gps/install.log'
[9.689s] Invoked command in '/home/pioneer-ii/pioneer_ws/src/rsl_gps' returned '0': PYTHONPATH=/home/pioneer-ii/pioneer_ws/build/rsl_gps/prefix_override:/home/pioneer-ii/pioneer_ws/install/rsl_gps/lib/python3.8/site-packages:${PYTHONPATH} /usr/bin/python3 setup.py egg_info --egg-base ../../build/rsl_gps build --build-base /home/pioneer-ii/pioneer_ws/build/rsl_gps/build install --record /home/pioneer-ii/pioneer_ws/build/rsl_gps/install.log --single-version-externally-managed
