[6.583s] Invoking command in '/home/pioneer-ii/pioneer_ws/src/locomotion_core': PYTHONPATH=/home/pioneer-ii/pioneer_ws/build/locomotion_core/prefix_override:/home/pioneer-ii/pioneer_ws/install/locomotion_core/lib/python3.8/site-packages:${PYTHONPATH} /usr/bin/python3 setup.py egg_info --egg-base ../../build/locomotion_core build --build-base /home/pioneer-ii/pioneer_ws/build/locomotion_core/build install --record /home/pioneer-ii/pioneer_ws/build/locomotion_core/install.log --single-version-externally-managed
[7.089s] running egg_info
[7.104s] writing ../../build/locomotion_core/locomotion_core.egg-info/PKG-INFO
[7.104s] writing dependency_links to ../../build/locomotion_core/locomotion_core.egg-info/dependency_links.txt
[7.104s] writing entry points to ../../build/locomotion_core/locomotion_core.egg-info/entry_points.txt
[7.104s] writing requirements to ../../build/locomotion_core/locomotion_core.egg-info/requires.txt
[7.105s] writing top-level names to ../../build/locomotion_core/locomotion_core.egg-info/top_level.txt
[7.171s] reading manifest file '../../build/locomotion_core/locomotion_core.egg-info/SOURCES.txt'
[7.172s] writing manifest file '../../build/locomotion_core/locomotion_core.egg-info/SOURCES.txt'
[7.173s] running build
[7.173s] running build_py
[7.174s] running install
[7.176s] running install_lib
[7.180s] running install_data
[7.182s] running install_egg_info
[7.187s] removing '/home/pioneer-ii/pioneer_ws/install/locomotion_core/lib/python3.8/site-packages/locomotion_core-0.0.0-py3.8.egg-info' (and everything under it)
[7.188s] Copying ../../build/locomotion_core/locomotion_core.egg-info to /home/pioneer-ii/pioneer_ws/install/locomotion_core/lib/python3.8/site-packages/locomotion_core-0.0.0-py3.8.egg-info
[7.190s] running install_scripts
[7.242s] Installing cmd_roboteq script to /home/pioneer-ii/pioneer_ws/install/locomotion_core/lib/locomotion_core
[7.243s] Installing movebase_kinematics script to /home/pioneer-ii/pioneer_ws/install/locomotion_core/lib/locomotion_core
[7.244s] writing list of installed files to '/home/pioneer-ii/pioneer_ws/build/locomotion_core/install.log'
[7.616s] Invoked command in '/home/pioneer-ii/pioneer_ws/src/locomotion_core' returned '0': PYTHONPATH=/home/pioneer-ii/pioneer_ws/build/locomotion_core/prefix_override:/home/pioneer-ii/pioneer_ws/install/locomotion_core/lib/python3.8/site-packages:${PYTHONPATH} /usr/bin/python3 setup.py egg_info --egg-base ../../build/locomotion_core build --build-base /home/pioneer-ii/pioneer_ws/build/locomotion_core/build install --record /home/pioneer-ii/pioneer_ws/build/locomotion_core/install.log --single-version-externally-managed
