[6.383s] Invoking command in '/home/pioneer-ii/pioneer_ws/src/pioneer/rsl_imu': PYTHONPATH=/home/pioneer-ii/pioneer_ws/src/build/rsl_imu/prefix_override:/home/pioneer-ii/pioneer_ws/src/install/rsl_imu/lib/python3.8/site-packages:${PYTHONPATH} /usr/bin/python3 setup.py egg_info --egg-base ../../build/rsl_imu build --build-base /home/pioneer-ii/pioneer_ws/src/build/rsl_imu/build install --record /home/pioneer-ii/pioneer_ws/src/build/rsl_imu/install.log --install-scripts $base/lib/rsl_imu --single-version-externally-managed
[6.903s] running egg_info
[6.905s] creating ../../build/rsl_imu/rsl_imu.egg-info
[6.906s] writing ../../build/rsl_imu/rsl_imu.egg-info/PKG-INFO
[6.907s] writing dependency_links to ../../build/rsl_imu/rsl_imu.egg-info/dependency_links.txt
[6.908s] writing entry points to ../../build/rsl_imu/rsl_imu.egg-info/entry_points.txt
[6.908s] writing requirements to ../../build/rsl_imu/rsl_imu.egg-info/requires.txt
[6.909s] writing top-level names to ../../build/rsl_imu/rsl_imu.egg-info/top_level.txt
[7.054s] writing manifest file '../../build/rsl_imu/rsl_imu.egg-info/SOURCES.txt'
[7.124s] reading manifest file '../../build/rsl_imu/rsl_imu.egg-info/SOURCES.txt'
[7.127s] writing manifest file '../../build/rsl_imu/rsl_imu.egg-info/SOURCES.txt'
[7.127s] running build
[7.129s] running build_py
[7.130s] creating /home/pioneer-ii/pioneer_ws/src/build/rsl_imu/build
[7.130s] creating /home/pioneer-ii/pioneer_ws/src/build/rsl_imu/build/lib
[7.130s] creating /home/pioneer-ii/pioneer_ws/src/build/rsl_imu/build/lib/rsl_imu
[7.131s] copying rsl_imu/__init__.py -> /home/pioneer-ii/pioneer_ws/src/build/rsl_imu/build/lib/rsl_imu
[7.131s] copying rsl_imu/imu_node.py -> /home/pioneer-ii/pioneer_ws/src/build/rsl_imu/build/lib/rsl_imu
[7.131s] running install
[7.137s] running install_lib
[7.141s] creating /home/pioneer-ii/pioneer_ws/src/install/rsl_imu/lib/python3.8/site-packages/rsl_imu
[7.141s] copying /home/pioneer-ii/pioneer_ws/src/build/rsl_imu/build/lib/rsl_imu/__init__.py -> /home/pioneer-ii/pioneer_ws/src/install/rsl_imu/lib/python3.8/site-packages/rsl_imu
[7.149s] copying /home/pioneer-ii/pioneer_ws/src/build/rsl_imu/build/lib/rsl_imu/imu_node.py -> /home/pioneer-ii/pioneer_ws/src/install/rsl_imu/lib/python3.8/site-packages/rsl_imu
[7.170s] byte-compiling /home/pioneer-ii/pioneer_ws/src/install/rsl_imu/lib/python3.8/site-packages/rsl_imu/__init__.py to __init__.cpython-38.pyc
[7.173s] byte-compiling /home/pioneer-ii/pioneer_ws/src/install/rsl_imu/lib/python3.8/site-packages/rsl_imu/imu_node.py to imu_node.cpython-38.pyc
[7.175s] running install_data
[7.187s] creating /home/pioneer-ii/pioneer_ws/src/install/rsl_imu/share/ament_index
[7.187s] creating /home/pioneer-ii/pioneer_ws/src/install/rsl_imu/share/ament_index/resource_index
[7.187s] creating /home/pioneer-ii/pioneer_ws/src/install/rsl_imu/share/ament_index/resource_index/packages
[7.187s] copying resource/rsl_imu -> /home/pioneer-ii/pioneer_ws/src/install/rsl_imu/share/ament_index/resource_index/packages
[7.187s] copying package.xml -> /home/pioneer-ii/pioneer_ws/src/install/rsl_imu/share/rsl_imu
[7.188s] running install_egg_info
[7.188s] Copying ../../build/rsl_imu/rsl_imu.egg-info to /home/pioneer-ii/pioneer_ws/src/install/rsl_imu/lib/python3.8/site-packages/rsl_imu-0.0.0-py3.8.egg-info
[7.188s] running install_scripts
[7.225s] Installing run_imu script to /home/pioneer-ii/pioneer_ws/src/install/rsl_imu/lib/rsl_imu
[7.226s] writing list of installed files to '/home/pioneer-ii/pioneer_ws/src/build/rsl_imu/install.log'
[8.444s] Invoked command in '/home/pioneer-ii/pioneer_ws/src/pioneer/rsl_imu' returned '0': PYTHONPATH=/home/pioneer-ii/pioneer_ws/src/build/rsl_imu/prefix_override:/home/pioneer-ii/pioneer_ws/src/install/rsl_imu/lib/python3.8/site-packages:${PYTHONPATH} /usr/bin/python3 setup.py egg_info --egg-base ../../build/rsl_imu build --build-base /home/pioneer-ii/pioneer_ws/src/build/rsl_imu/build install --record /home/pioneer-ii/pioneer_ws/src/build/rsl_imu/install.log --install-scripts $base/lib/rsl_imu --single-version-externally-managed
