[9.905s] Invoking command in '/home/pioneer-ii/pioneer_ws/src/navigation_core': PYTHONPATH=/home/pioneer-ii/pioneer_ws/build/navigation_core/prefix_override:/home/pioneer-ii/pioneer_ws/install/navigation_core/lib/python3.8/site-packages:${PYTHONPATH} /usr/bin/python3 setup.py egg_info --egg-base ../../build/navigation_core build --build-base /home/pioneer-ii/pioneer_ws/build/navigation_core/build install --record /home/pioneer-ii/pioneer_ws/build/navigation_core/install.log --install-scripts $base/lib/navigation_core --single-version-externally-managed
[10.389s] running egg_info
[10.391s] writing ../../build/navigation_core/navigation_core.egg-info/PKG-INFO
[10.529s] writing dependency_links to ../../build/navigation_core/navigation_core.egg-info/dependency_links.txt
[10.530s] writing entry points to ../../build/navigation_core/navigation_core.egg-info/entry_points.txt
[10.530s] writing requirements to ../../build/navigation_core/navigation_core.egg-info/requires.txt
[10.530s] writing top-level names to ../../build/navigation_core/navigation_core.egg-info/top_level.txt
[10.719s] reading manifest file '../../build/navigation_core/navigation_core.egg-info/SOURCES.txt'
[10.727s] writing manifest file '../../build/navigation_core/navigation_core.egg-info/SOURCES.txt'
[10.727s] running build
[10.727s] running build_py
[10.730s] running install
[10.734s] running install_lib
[10.741s] running install_data
[10.744s] running install_egg_info
[10.748s] removing '/home/pioneer-ii/pioneer_ws/install/navigation_core/lib/python3.8/site-packages/navigation_core-0.0.0-py3.8.egg-info' (and everything under it)
[10.749s] Copying ../../build/navigation_core/navigation_core.egg-info to /home/pioneer-ii/pioneer_ws/install/navigation_core/lib/python3.8/site-packages/navigation_core-0.0.0-py3.8.egg-info
[10.755s] running install_scripts
[10.806s] Installing navigation_core script to /home/pioneer-ii/pioneer_ws/install/navigation_core/lib/navigation_core
[10.947s] writing list of installed files to '/home/pioneer-ii/pioneer_ws/build/navigation_core/install.log'
[11.710s] Invoked command in '/home/pioneer-ii/pioneer_ws/src/navigation_core' returned '0': PYTHONPATH=/home/pioneer-ii/pioneer_ws/build/navigation_core/prefix_override:/home/pioneer-ii/pioneer_ws/install/navigation_core/lib/python3.8/site-packages:${PYTHONPATH} /usr/bin/python3 setup.py egg_info --egg-base ../../build/navigation_core build --build-base /home/pioneer-ii/pioneer_ws/build/navigation_core/build install --record /home/pioneer-ii/pioneer_ws/build/navigation_core/install.log --install-scripts $base/lib/navigation_core --single-version-externally-managed
