[6.451s] Invoking command in '/home/pioneer-ii/pioneer_ws/src/rsl_imu': PYTHONPATH=/home/pioneer-ii/pioneer_ws/build/rsl_imu/prefix_override:/home/pioneer-ii/pioneer_ws/install/rsl_imu/lib/python3.8/site-packages:${PYTHONPATH} /usr/bin/python3 setup.py egg_info --egg-base ../../build/rsl_imu build --build-base /home/pioneer-ii/pioneer_ws/build/rsl_imu/build install --record /home/pioneer-ii/pioneer_ws/build/rsl_imu/install.log --install-scripts $base/lib/rsl_imu --single-version-externally-managed
[7.056s] running egg_info
[7.059s] writing ../../build/rsl_imu/rsl_imu.egg-info/PKG-INFO
[7.060s] writing dependency_links to ../../build/rsl_imu/rsl_imu.egg-info/dependency_links.txt
[7.063s] writing entry points to ../../build/rsl_imu/rsl_imu.egg-info/entry_points.txt
[7.063s] writing requirements to ../../build/rsl_imu/rsl_imu.egg-info/requires.txt
[7.064s] writing top-level names to ../../build/rsl_imu/rsl_imu.egg-info/top_level.txt
[7.239s] reading manifest file '../../build/rsl_imu/rsl_imu.egg-info/SOURCES.txt'
[7.241s] writing manifest file '../../build/rsl_imu/rsl_imu.egg-info/SOURCES.txt'
[7.242s] running build
[7.242s] running build_py
[7.246s] copying rsl_imu/imu_node.py -> /home/pioneer-ii/pioneer_ws/build/rsl_imu/build/lib/rsl_imu
[7.257s] running install
[7.258s] running install_lib
[7.263s] copying /home/pioneer-ii/pioneer_ws/build/rsl_imu/build/lib/rsl_imu/imu_node.py -> /home/pioneer-ii/pioneer_ws/install/rsl_imu/lib/python3.8/site-packages/rsl_imu
[7.264s] byte-compiling /home/pioneer-ii/pioneer_ws/install/rsl_imu/lib/python3.8/site-packages/rsl_imu/imu_node.py to imu_node.cpython-38.pyc
[7.264s] running install_data
[7.264s] running install_egg_info
[7.266s] removing '/home/pioneer-ii/pioneer_ws/install/rsl_imu/lib/python3.8/site-packages/rsl_imu-0.0.0-py3.8.egg-info' (and everything under it)
[7.266s] Copying ../../build/rsl_imu/rsl_imu.egg-info to /home/pioneer-ii/pioneer_ws/install/rsl_imu/lib/python3.8/site-packages/rsl_imu-0.0.0-py3.8.egg-info
[7.275s] running install_scripts
[7.316s] Installing run_imu script to /home/pioneer-ii/pioneer_ws/install/rsl_imu/lib/rsl_imu
[7.316s] writing list of installed files to '/home/pioneer-ii/pioneer_ws/build/rsl_imu/install.log'
[8.098s] Invoked command in '/home/pioneer-ii/pioneer_ws/src/rsl_imu' returned '0': PYTHONPATH=/home/pioneer-ii/pioneer_ws/build/rsl_imu/prefix_override:/home/pioneer-ii/pioneer_ws/install/rsl_imu/lib/python3.8/site-packages:${PYTHONPATH} /usr/bin/python3 setup.py egg_info --egg-base ../../build/rsl_imu build --build-base /home/pioneer-ii/pioneer_ws/build/rsl_imu/build install --record /home/pioneer-ii/pioneer_ws/build/rsl_imu/install.log --install-scripts $base/lib/rsl_imu --single-version-externally-managed
