[6.504s] Invoking command in '/home/pioneer-ii/pioneer_ws/src/pioneer/rsl_imu': PYTHONPATH=/home/pioneer-ii/pioneer_ws/build/rsl_imu/prefix_override:/home/pioneer-ii/pioneer_ws/install/rsl_imu/lib/python3.8/site-packages:${PYTHONPATH} /usr/bin/python3 setup.py egg_info --egg-base ../../../build/rsl_imu build --build-base /home/pioneer-ii/pioneer_ws/build/rsl_imu/build install --record /home/pioneer-ii/pioneer_ws/build/rsl_imu/install.log --install-scripts $base/lib/rsl_imu --single-version-externally-managed
[6.992s] running egg_info
[6.994s] creating ../../../build/rsl_imu/rsl_imu.egg-info
[6.994s] writing ../../../build/rsl_imu/rsl_imu.egg-info/PKG-INFO
[6.994s] writing dependency_links to ../../../build/rsl_imu/rsl_imu.egg-info/dependency_links.txt
[6.995s] writing entry points to ../../../build/rsl_imu/rsl_imu.egg-info/entry_points.txt
[6.995s] writing requirements to ../../../build/rsl_imu/rsl_imu.egg-info/requires.txt
[6.995s] writing top-level names to ../../../build/rsl_imu/rsl_imu.egg-info/top_level.txt
[7.155s] writing manifest file '../../../build/rsl_imu/rsl_imu.egg-info/SOURCES.txt'
[7.224s] reading manifest file '../../../build/rsl_imu/rsl_imu.egg-info/SOURCES.txt'
[7.225s] writing manifest file '../../../build/rsl_imu/rsl_imu.egg-info/SOURCES.txt'
[7.225s] running build
[7.225s] running build_py
[7.226s] creating /home/pioneer-ii/pioneer_ws/build/rsl_imu/build
[7.226s] creating /home/pioneer-ii/pioneer_ws/build/rsl_imu/build/lib
[7.226s] creating /home/pioneer-ii/pioneer_ws/build/rsl_imu/build/lib/rsl_imu
[7.226s] copying rsl_imu/__init__.py -> /home/pioneer-ii/pioneer_ws/build/rsl_imu/build/lib/rsl_imu
[7.226s] copying rsl_imu/imu_node.py -> /home/pioneer-ii/pioneer_ws/build/rsl_imu/build/lib/rsl_imu
[7.227s] running install
[7.229s] running install_lib
[7.231s] creating /home/pioneer-ii/pioneer_ws/install/rsl_imu/lib/python3.8/site-packages/rsl_imu
[7.231s] copying /home/pioneer-ii/pioneer_ws/build/rsl_imu/build/lib/rsl_imu/__init__.py -> /home/pioneer-ii/pioneer_ws/install/rsl_imu/lib/python3.8/site-packages/rsl_imu
[7.232s] copying /home/pioneer-ii/pioneer_ws/build/rsl_imu/build/lib/rsl_imu/imu_node.py -> /home/pioneer-ii/pioneer_ws/install/rsl_imu/lib/python3.8/site-packages/rsl_imu
[7.233s] byte-compiling /home/pioneer-ii/pioneer_ws/install/rsl_imu/lib/python3.8/site-packages/rsl_imu/__init__.py to __init__.cpython-38.pyc
[7.235s] byte-compiling /home/pioneer-ii/pioneer_ws/install/rsl_imu/lib/python3.8/site-packages/rsl_imu/imu_node.py to imu_node.cpython-38.pyc
[7.237s] running install_data
[7.238s] creating /home/pioneer-ii/pioneer_ws/install/rsl_imu/share/ament_index
[7.238s] creating /home/pioneer-ii/pioneer_ws/install/rsl_imu/share/ament_index/resource_index
[7.238s] creating /home/pioneer-ii/pioneer_ws/install/rsl_imu/share/ament_index/resource_index/packages
[7.239s] copying resource/rsl_imu -> /home/pioneer-ii/pioneer_ws/install/rsl_imu/share/ament_index/resource_index/packages
[7.239s] copying package.xml -> /home/pioneer-ii/pioneer_ws/install/rsl_imu/share/rsl_imu
[7.239s] running install_egg_info
[7.243s] Copying ../../../build/rsl_imu/rsl_imu.egg-info to /home/pioneer-ii/pioneer_ws/install/rsl_imu/lib/python3.8/site-packages/rsl_imu-0.0.0-py3.8.egg-info
[7.245s] running install_scripts
[7.284s] Installing run_imu script to /home/pioneer-ii/pioneer_ws/install/rsl_imu/lib/rsl_imu
[7.285s] writing list of installed files to '/home/pioneer-ii/pioneer_ws/build/rsl_imu/install.log'
[7.410s] Invoked command in '/home/pioneer-ii/pioneer_ws/src/pioneer/rsl_imu' returned '0': PYTHONPATH=/home/pioneer-ii/pioneer_ws/build/rsl_imu/prefix_override:/home/pioneer-ii/pioneer_ws/install/rsl_imu/lib/python3.8/site-packages:${PYTHONPATH} /usr/bin/python3 setup.py egg_info --egg-base ../../../build/rsl_imu build --build-base /home/pioneer-ii/pioneer_ws/build/rsl_imu/build install --record /home/pioneer-ii/pioneer_ws/build/rsl_imu/install.log --install-scripts $base/lib/rsl_imu --single-version-externally-managed
