[3.598s] Invoking command in '/home/pioneer-ii/pioneer_ws/build/rover_launch': CMAKE_PREFIX_PATH=/opt/ros/foxy /usr/bin/cmake --build /home/pioneer-ii/pioneer_ws/build/rover_launch -- -j6 -l6
[5.499s] Invoked command in '/home/pioneer-ii/pioneer_ws/build/rover_launch' returned '0': CMAKE_PREFIX_PATH=/opt/ros/foxy /usr/bin/cmake --build /home/pioneer-ii/pioneer_ws/build/rover_launch -- -j6 -l6
[5.711s] Invoking command in '/home/pioneer-ii/pioneer_ws/build/rover_launch': CMAKE_PREFIX_PATH=/opt/ros/foxy /usr/bin/cmake --install /home/pioneer-ii/pioneer_ws/build/rover_launch
[5.876s] -- Install configuration: ""
[5.880s] -- Up-to-date: /home/pioneer-ii/pioneer_ws/install/rover_launch/share/rover_launch/launch
[5.881s] -- Up-to-date: /home/pioneer-ii/pioneer_ws/install/rover_launch/share/rover_launch/launch/gps.launch.py
[5.881s] -- Up-to-date: /home/pioneer-ii/pioneer_ws/install/rover_launch/share/rover_launch/launch/rover.launch.py
[5.884s] -- Up-to-date: /home/pioneer-ii/pioneer_ws/install/rover_launch/share/ament_index/resource_index/package_run_dependencies/rover_launch
[5.884s] -- Up-to-date: /home/pioneer-ii/pioneer_ws/install/rover_launch/share/ament_index/resource_index/parent_prefix_path/rover_launch
[5.885s] -- Up-to-date: /home/pioneer-ii/pioneer_ws/install/rover_launch/share/rover_launch/environment/ament_prefix_path.sh
[5.886s] -- Up-to-date: /home/pioneer-ii/pioneer_ws/install/rover_launch/share/rover_launch/environment/ament_prefix_path.dsv
[5.886s] -- Up-to-date: /home/pioneer-ii/pioneer_ws/install/rover_launch/share/rover_launch/environment/path.sh
[5.886s] -- Up-to-date: /home/pioneer-ii/pioneer_ws/install/rover_launch/share/rover_launch/environment/path.dsv
[5.887s] -- Up-to-date: /home/pioneer-ii/pioneer_ws/install/rover_launch/share/rover_launch/local_setup.bash
[5.887s] -- Up-to-date: /home/pioneer-ii/pioneer_ws/install/rover_launch/share/rover_launch/local_setup.sh
[5.887s] -- Up-to-date: /home/pioneer-ii/pioneer_ws/install/rover_launch/share/rover_launch/local_setup.zsh
[5.887s] -- Up-to-date: /home/pioneer-ii/pioneer_ws/install/rover_launch/share/rover_launch/local_setup.dsv
[5.887s] -- Installing: /home/pioneer-ii/pioneer_ws/install/rover_launch/share/rover_launch/package.dsv
[5.890s] -- Up-to-date: /home/pioneer-ii/pioneer_ws/install/rover_launch/share/ament_index/resource_index/packages/rover_launch
[5.891s] -- Up-to-date: /home/pioneer-ii/pioneer_ws/install/rover_launch/share/rover_launch/cmake/rover_launchConfig.cmake
[5.892s] -- Up-to-date: /home/pioneer-ii/pioneer_ws/install/rover_launch/share/rover_launch/cmake/rover_launchConfig-version.cmake
[5.892s] -- Up-to-date: /home/pioneer-ii/pioneer_ws/install/rover_launch/share/rover_launch/package.xml
[5.905s] Invoked command in '/home/pioneer-ii/pioneer_ws/build/rover_launch' returned '0': CMAKE_PREFIX_PATH=/opt/ros/foxy /usr/bin/cmake --install /home/pioneer-ii/pioneer_ws/build/rover_launch
