[8.115s] Invoking command in '/home/pioneer-ii/pioneer_ws/src/locomotion_core': PYTHONPATH=/home/pioneer-ii/pioneer_ws/build/locomotion_core/prefix_override:/home/pioneer-ii/pioneer_ws/install/locomotion_core/lib/python3.8/site-packages:${PYTHONPATH} /usr/bin/python3 setup.py egg_info --egg-base ../../build/locomotion_core build --build-base /home/pioneer-ii/pioneer_ws/build/locomotion_core/build install --record /home/pioneer-ii/pioneer_ws/build/locomotion_core/install.log --single-version-externally-managed
[8.597s] running egg_info
[8.599s] writing ../../build/locomotion_core/locomotion_core.egg-info/PKG-INFO
[8.600s] writing dependency_links to ../../build/locomotion_core/locomotion_core.egg-info/dependency_links.txt
[8.600s] writing entry points to ../../build/locomotion_core/locomotion_core.egg-info/entry_points.txt
[8.601s] writing requirements to ../../build/locomotion_core/locomotion_core.egg-info/requires.txt
[8.602s] writing top-level names to ../../build/locomotion_core/locomotion_core.egg-info/top_level.txt
[8.693s] reading manifest file '../../build/locomotion_core/locomotion_core.egg-info/SOURCES.txt'
[8.693s] writing manifest file '../../build/locomotion_core/locomotion_core.egg-info/SOURCES.txt'
[8.694s] running build
[8.695s] running build_py
[8.698s] running install
[8.700s] running install_lib
[8.706s] running install_data
[8.708s] running install_egg_info
[8.718s] removing '/home/pioneer-ii/pioneer_ws/install/locomotion_core/lib/python3.8/site-packages/locomotion_core-0.0.0-py3.8.egg-info' (and everything under it)
[8.718s] Copying ../../build/locomotion_core/locomotion_core.egg-info to /home/pioneer-ii/pioneer_ws/install/locomotion_core/lib/python3.8/site-packages/locomotion_core-0.0.0-py3.8.egg-info
[8.723s] running install_scripts
[8.777s] Installing cmd_roboteq script to /home/pioneer-ii/pioneer_ws/install/locomotion_core/lib/locomotion_core
[8.778s] Installing movebase_kinematics script to /home/pioneer-ii/pioneer_ws/install/locomotion_core/lib/locomotion_core
[8.779s] writing list of installed files to '/home/pioneer-ii/pioneer_ws/build/locomotion_core/install.log'
[8.934s] Invoked command in '/home/pioneer-ii/pioneer_ws/src/locomotion_core' returned '0': PYTHONPATH=/home/pioneer-ii/pioneer_ws/build/locomotion_core/prefix_override:/home/pioneer-ii/pioneer_ws/install/locomotion_core/lib/python3.8/site-packages:${PYTHONPATH} /usr/bin/python3 setup.py egg_info --egg-base ../../build/locomotion_core build --build-base /home/pioneer-ii/pioneer_ws/build/locomotion_core/build install --record /home/pioneer-ii/pioneer_ws/build/locomotion_core/install.log --single-version-externally-managed
