[6.081s] Invoking command in '/home/pioneer-ii/pioneer_ws/src/rsl_imu': PYTHONPATH=/home/pioneer-ii/pioneer_ws/build/rsl_imu/prefix_override:/home/pioneer-ii/pioneer_ws/install/rsl_imu/lib/python3.8/site-packages:${PYTHONPATH} /usr/bin/python3 setup.py egg_info --egg-base ../../build/rsl_imu build --build-base /home/pioneer-ii/pioneer_ws/build/rsl_imu/build install --record /home/pioneer-ii/pioneer_ws/build/rsl_imu/install.log --install-scripts $base/lib/rsl_imu --single-version-externally-managed
[6.620s] running egg_info
[6.623s] writing ../../build/rsl_imu/rsl_imu.egg-info/PKG-INFO
[6.624s] writing dependency_links to ../../build/rsl_imu/rsl_imu.egg-info/dependency_links.txt
[6.624s] writing entry points to ../../build/rsl_imu/rsl_imu.egg-info/entry_points.txt
[6.625s] writing requirements to ../../build/rsl_imu/rsl_imu.egg-info/requires.txt
[6.625s] writing top-level names to ../../build/rsl_imu/rsl_imu.egg-info/top_level.txt
[6.693s] reading manifest file '../../build/rsl_imu/rsl_imu.egg-info/SOURCES.txt'
[6.833s] writing manifest file '../../build/rsl_imu/rsl_imu.egg-info/SOURCES.txt'
[6.833s] running build
[6.833s] running build_py
[6.834s] copying rsl_imu/__init__.py -> /home/pioneer-ii/pioneer_ws/build/rsl_imu/build/lib/rsl_imu
[6.834s] copying rsl_imu/imu_node.py -> /home/pioneer-ii/pioneer_ws/build/rsl_imu/build/lib/rsl_imu
[6.835s] running install
[6.838s] running install_lib
[6.841s] copying /home/pioneer-ii/pioneer_ws/build/rsl_imu/build/lib/rsl_imu/__init__.py -> /home/pioneer-ii/pioneer_ws/install/rsl_imu/lib/python3.8/site-packages/rsl_imu
[6.842s] copying /home/pioneer-ii/pioneer_ws/build/rsl_imu/build/lib/rsl_imu/imu_node.py -> /home/pioneer-ii/pioneer_ws/install/rsl_imu/lib/python3.8/site-packages/rsl_imu
[6.843s] byte-compiling /home/pioneer-ii/pioneer_ws/install/rsl_imu/lib/python3.8/site-packages/rsl_imu/__init__.py to __init__.cpython-38.pyc
[6.850s] byte-compiling /home/pioneer-ii/pioneer_ws/install/rsl_imu/lib/python3.8/site-packages/rsl_imu/imu_node.py to imu_node.cpython-38.pyc
[6.850s] running install_data
[6.851s] copying resource/rsl_imu -> /home/pioneer-ii/pioneer_ws/install/rsl_imu/share/ament_index/resource_index/packages
[6.852s] copying package.xml -> /home/pioneer-ii/pioneer_ws/install/rsl_imu/share/rsl_imu
[6.852s] creating /home/pioneer-ii/pioneer_ws/install/rsl_imu/share/rsl_imu/launch
[6.852s] copying launch/imu.launch.py -> /home/pioneer-ii/pioneer_ws/install/rsl_imu/share/rsl_imu/launch
[6.853s] creating /home/pioneer-ii/pioneer_ws/install/rsl_imu/share/rsl_imu/config
[6.853s] copying config/paramsIMU.yaml -> /home/pioneer-ii/pioneer_ws/install/rsl_imu/share/rsl_imu/config
[6.853s] running install_egg_info
[6.858s] removing '/home/pioneer-ii/pioneer_ws/install/rsl_imu/lib/python3.8/site-packages/rsl_imu-0.0.0-py3.8.egg-info' (and everything under it)
[6.859s] Copying ../../build/rsl_imu/rsl_imu.egg-info to /home/pioneer-ii/pioneer_ws/install/rsl_imu/lib/python3.8/site-packages/rsl_imu-0.0.0-py3.8.egg-info
[6.866s] running install_scripts
[6.909s] Installing run_imu script to /home/pioneer-ii/pioneer_ws/install/rsl_imu/lib/rsl_imu
[6.910s] writing list of installed files to '/home/pioneer-ii/pioneer_ws/build/rsl_imu/install.log'
[7.988s] Invoked command in '/home/pioneer-ii/pioneer_ws/src/rsl_imu' returned '0': PYTHONPATH=/home/pioneer-ii/pioneer_ws/build/rsl_imu/prefix_override:/home/pioneer-ii/pioneer_ws/install/rsl_imu/lib/python3.8/site-packages:${PYTHONPATH} /usr/bin/python3 setup.py egg_info --egg-base ../../build/rsl_imu build --build-base /home/pioneer-ii/pioneer_ws/build/rsl_imu/build install --record /home/pioneer-ii/pioneer_ws/build/rsl_imu/install.log --install-scripts $base/lib/rsl_imu --single-version-externally-managed
