[6.034s] Invoking command in '/home/pioneer-ii/pioneer_ws/src/rsl_imu': PYTHONPATH=/home/pioneer-ii/pioneer_ws/build/rsl_imu/prefix_override:/home/pioneer-ii/pioneer_ws/install/rsl_imu/lib/python3.8/site-packages:${PYTHONPATH} /usr/bin/python3 setup.py egg_info --egg-base ../../build/rsl_imu build --build-base /home/pioneer-ii/pioneer_ws/build/rsl_imu/build install --record /home/pioneer-ii/pioneer_ws/build/rsl_imu/install.log --install-scripts $base/lib/rsl_imu --single-version-externally-managed
[6.529s] running egg_info
[6.531s] writing ../../build/rsl_imu/rsl_imu.egg-info/PKG-INFO
[6.532s] writing dependency_links to ../../build/rsl_imu/rsl_imu.egg-info/dependency_links.txt
[6.533s] writing entry points to ../../build/rsl_imu/rsl_imu.egg-info/entry_points.txt
[6.533s] writing requirements to ../../build/rsl_imu/rsl_imu.egg-info/requires.txt
[6.534s] writing top-level names to ../../build/rsl_imu/rsl_imu.egg-info/top_level.txt
[6.608s] reading manifest file '../../build/rsl_imu/rsl_imu.egg-info/SOURCES.txt'
[6.610s] writing manifest file '../../build/rsl_imu/rsl_imu.egg-info/SOURCES.txt'
[6.611s] running build
[6.611s] running build_py
[6.611s] running install
[6.614s] running install_lib
[6.618s] running install_data
[6.619s] running install_egg_info
[6.624s] removing '/home/pioneer-ii/pioneer_ws/install/rsl_imu/lib/python3.8/site-packages/rsl_imu-0.0.0-py3.8.egg-info' (and everything under it)
[6.625s] Copying ../../build/rsl_imu/rsl_imu.egg-info to /home/pioneer-ii/pioneer_ws/install/rsl_imu/lib/python3.8/site-packages/rsl_imu-0.0.0-py3.8.egg-info
[6.627s] running install_scripts
[6.678s] Installing run_imu script to /home/pioneer-ii/pioneer_ws/install/rsl_imu/lib/rsl_imu
[6.679s] writing list of installed files to '/home/pioneer-ii/pioneer_ws/build/rsl_imu/install.log'
[7.567s] Invoked command in '/home/pioneer-ii/pioneer_ws/src/rsl_imu' returned '0': PYTHONPATH=/home/pioneer-ii/pioneer_ws/build/rsl_imu/prefix_override:/home/pioneer-ii/pioneer_ws/install/rsl_imu/lib/python3.8/site-packages:${PYTHONPATH} /usr/bin/python3 setup.py egg_info --egg-base ../../build/rsl_imu build --build-base /home/pioneer-ii/pioneer_ws/build/rsl_imu/build install --record /home/pioneer-ii/pioneer_ws/build/rsl_imu/install.log --install-scripts $base/lib/rsl_imu --single-version-externally-managed
