[4.327s] Invoking command in '/home/pioneer-ii/pioneer_ws/build/rover_launch': CMAKE_PREFIX_PATH=/opt/ros/foxy /usr/bin/cmake --build /home/pioneer-ii/pioneer_ws/build/rover_launch -- -j6 -l6
[7.286s] Invoked command in '/home/pioneer-ii/pioneer_ws/build/rover_launch' returned '0': CMAKE_PREFIX_PATH=/opt/ros/foxy /usr/bin/cmake --build /home/pioneer-ii/pioneer_ws/build/rover_launch -- -j6 -l6
[7.561s] Invoking command in '/home/pioneer-ii/pioneer_ws/build/rover_launch': CMAKE_PREFIX_PATH=/opt/ros/foxy /usr/bin/cmake --install /home/pioneer-ii/pioneer_ws/build/rover_launch
[7.669s] -- Install configuration: ""
[7.674s] -- Up-to-date: /home/pioneer-ii/pioneer_ws/install/rover_launch/share/rover_launch/launch
[7.684s] -- Installing: /home/pioneer-ii/pioneer_ws/install/rover_launch/share/rover_launch/launch/rover.launch.wjoy.py
[7.684s] -- Up-to-date: /home/pioneer-ii/pioneer_ws/install/rover_launch/share/rover_launch/launch/gps.launch.py
[7.685s] -- Up-to-date: /home/pioneer-ii/pioneer_ws/install/rover_launch/share/rover_launch/launch/rover.launch.py
[7.685s] -- Installing: /home/pioneer-ii/pioneer_ws/install/rover_launch/share/rover_launch/launch/rover.launch.wnav.py
[7.685s] -- Up-to-date: /home/pioneer-ii/pioneer_ws/install/rover_launch/share/ament_index/resource_index/package_run_dependencies/rover_launch
[7.685s] -- Up-to-date: /home/pioneer-ii/pioneer_ws/install/rover_launch/share/ament_index/resource_index/parent_prefix_path/rover_launch
[7.685s] -- Up-to-date: /home/pioneer-ii/pioneer_ws/install/rover_launch/share/rover_launch/environment/ament_prefix_path.sh
[7.685s] -- Up-to-date: /home/pioneer-ii/pioneer_ws/install/rover_launch/share/rover_launch/environment/ament_prefix_path.dsv
[7.685s] -- Up-to-date: /home/pioneer-ii/pioneer_ws/install/rover_launch/share/rover_launch/environment/path.sh
[7.686s] -- Up-to-date: /home/pioneer-ii/pioneer_ws/install/rover_launch/share/rover_launch/environment/path.dsv
[7.686s] -- Up-to-date: /home/pioneer-ii/pioneer_ws/install/rover_launch/share/rover_launch/local_setup.bash
[7.686s] -- Up-to-date: /home/pioneer-ii/pioneer_ws/install/rover_launch/share/rover_launch/local_setup.sh
[7.686s] -- Up-to-date: /home/pioneer-ii/pioneer_ws/install/rover_launch/share/rover_launch/local_setup.zsh
[7.686s] -- Up-to-date: /home/pioneer-ii/pioneer_ws/install/rover_launch/share/rover_launch/local_setup.dsv
[7.686s] -- Installing: /home/pioneer-ii/pioneer_ws/install/rover_launch/share/rover_launch/package.dsv
[7.686s] -- Up-to-date: /home/pioneer-ii/pioneer_ws/install/rover_launch/share/ament_index/resource_index/packages/rover_launch
[7.686s] -- Up-to-date: /home/pioneer-ii/pioneer_ws/install/rover_launch/share/rover_launch/cmake/rover_launchConfig.cmake
[7.686s] -- Up-to-date: /home/pioneer-ii/pioneer_ws/install/rover_launch/share/rover_launch/cmake/rover_launchConfig-version.cmake
[7.687s] -- Up-to-date: /home/pioneer-ii/pioneer_ws/install/rover_launch/share/rover_launch/package.xml
[7.692s] Invoked command in '/home/pioneer-ii/pioneer_ws/build/rover_launch' returned '0': CMAKE_PREFIX_PATH=/opt/ros/foxy /usr/bin/cmake --install /home/pioneer-ii/pioneer_ws/build/rover_launch
