[8.522s] Invoking command in '/home/pioneer-ii/pioneer_ws/src/rsl_gps': PYTHONPATH=/home/pioneer-ii/pioneer_ws/build/rsl_gps/prefix_override:/home/pioneer-ii/pioneer_ws/install/rsl_gps/lib/python3.8/site-packages:${PYTHONPATH} /usr/bin/python3 setup.py egg_info --egg-base ../../build/rsl_gps build --build-base /home/pioneer-ii/pioneer_ws/build/rsl_gps/build install --record /home/pioneer-ii/pioneer_ws/build/rsl_gps/install.log --single-version-externally-managed
[8.987s] running egg_info
[8.987s] writing ../../build/rsl_gps/rsl_gps.egg-info/PKG-INFO
[9.032s] writing dependency_links to ../../build/rsl_gps/rsl_gps.egg-info/dependency_links.txt
[9.034s] writing entry points to ../../build/rsl_gps/rsl_gps.egg-info/entry_points.txt
[9.035s] writing requirements to ../../build/rsl_gps/rsl_gps.egg-info/requires.txt
[9.035s] writing top-level names to ../../build/rsl_gps/rsl_gps.egg-info/top_level.txt
[9.128s] reading manifest file '../../build/rsl_gps/rsl_gps.egg-info/SOURCES.txt'
[9.265s] writing manifest file '../../build/rsl_gps/rsl_gps.egg-info/SOURCES.txt'
[9.266s] running build
[9.266s] running build_py
[9.274s] running install
[9.277s] running install_lib
[9.283s] running install_data
[9.288s] running install_egg_info
[9.293s] removing '/home/pioneer-ii/pioneer_ws/install/rsl_gps/lib/python3.8/site-packages/rsl_gps-0.0.0-py3.8.egg-info' (and everything under it)
[9.294s] Copying ../../build/rsl_gps/rsl_gps.egg-info to /home/pioneer-ii/pioneer_ws/install/rsl_gps/lib/python3.8/site-packages/rsl_gps-0.0.0-py3.8.egg-info
[9.298s] running install_scripts
[9.348s] Installing push_target script to /home/pioneer-ii/pioneer_ws/install/rsl_gps/lib/rsl_gps
[9.485s] Installing run_gps script to /home/pioneer-ii/pioneer_ws/install/rsl_gps/lib/rsl_gps
[9.493s] writing list of installed files to '/home/pioneer-ii/pioneer_ws/build/rsl_gps/install.log'
[10.839s] Invoked command in '/home/pioneer-ii/pioneer_ws/src/rsl_gps' returned '0': PYTHONPATH=/home/pioneer-ii/pioneer_ws/build/rsl_gps/prefix_override:/home/pioneer-ii/pioneer_ws/install/rsl_gps/lib/python3.8/site-packages:${PYTHONPATH} /usr/bin/python3 setup.py egg_info --egg-base ../../build/rsl_gps build --build-base /home/pioneer-ii/pioneer_ws/build/rsl_gps/build install --record /home/pioneer-ii/pioneer_ws/build/rsl_gps/install.log --single-version-externally-managed
