[9.672s] Invoking command in '/home/pioneer-ii/pioneer_ws/src/locomotion_core': PYTHONPATH=/home/pioneer-ii/pioneer_ws/build/locomotion_core/prefix_override:/home/pioneer-ii/pioneer_ws/install/locomotion_core/lib/python3.8/site-packages:${PYTHONPATH} /usr/bin/python3 setup.py egg_info --egg-base ../../build/locomotion_core build --build-base /home/pioneer-ii/pioneer_ws/build/locomotion_core/build install --record /home/pioneer-ii/pioneer_ws/build/locomotion_core/install.log --single-version-externally-managed
[10.185s] running egg_info
[10.186s] writing ../../build/locomotion_core/locomotion_core.egg-info/PKG-INFO
[10.293s] writing dependency_links to ../../build/locomotion_core/locomotion_core.egg-info/dependency_links.txt
[10.294s] writing entry points to ../../build/locomotion_core/locomotion_core.egg-info/entry_points.txt
[10.295s] writing requirements to ../../build/locomotion_core/locomotion_core.egg-info/requires.txt
[10.295s] writing top-level names to ../../build/locomotion_core/locomotion_core.egg-info/top_level.txt
[10.383s] reading manifest file '../../build/locomotion_core/locomotion_core.egg-info/SOURCES.txt'
[10.522s] writing manifest file '../../build/locomotion_core/locomotion_core.egg-info/SOURCES.txt'
[10.523s] running build
[10.523s] running build_py
[10.532s] copying locomotion_core/movebase_kinematics.py -> /home/pioneer-ii/pioneer_ws/build/locomotion_core/build/lib/locomotion_core
[10.532s] copying locomotion_core/cmd_roboteq.py -> /home/pioneer-ii/pioneer_ws/build/locomotion_core/build/lib/locomotion_core
[10.533s] running install
[10.535s] running install_lib
[10.539s] copying /home/pioneer-ii/pioneer_ws/build/locomotion_core/build/lib/locomotion_core/movebase_kinematics.py -> /home/pioneer-ii/pioneer_ws/install/locomotion_core/lib/python3.8/site-packages/locomotion_core
[10.539s] copying /home/pioneer-ii/pioneer_ws/build/locomotion_core/build/lib/locomotion_core/cmd_roboteq.py -> /home/pioneer-ii/pioneer_ws/install/locomotion_core/lib/python3.8/site-packages/locomotion_core
[10.542s] byte-compiling /home/pioneer-ii/pioneer_ws/install/locomotion_core/lib/python3.8/site-packages/locomotion_core/movebase_kinematics.py to movebase_kinematics.cpython-38.pyc
[10.546s] byte-compiling /home/pioneer-ii/pioneer_ws/install/locomotion_core/lib/python3.8/site-packages/locomotion_core/cmd_roboteq.py to cmd_roboteq.cpython-38.pyc
[10.547s] running install_data
[10.553s] running install_egg_info
[10.558s] removing '/home/pioneer-ii/pioneer_ws/install/locomotion_core/lib/python3.8/site-packages/locomotion_core-0.0.0-py3.8.egg-info' (and everything under it)
[10.559s] Copying ../../build/locomotion_core/locomotion_core.egg-info to /home/pioneer-ii/pioneer_ws/install/locomotion_core/lib/python3.8/site-packages/locomotion_core-0.0.0-py3.8.egg-info
[10.563s] running install_scripts
[10.613s] Installing cmd_roboteq script to /home/pioneer-ii/pioneer_ws/install/locomotion_core/lib/locomotion_core
[10.749s] Installing movebase_kinematics script to /home/pioneer-ii/pioneer_ws/install/locomotion_core/lib/locomotion_core
[10.749s] writing list of installed files to '/home/pioneer-ii/pioneer_ws/build/locomotion_core/install.log'
[12.579s] Invoked command in '/home/pioneer-ii/pioneer_ws/src/locomotion_core' returned '0': PYTHONPATH=/home/pioneer-ii/pioneer_ws/build/locomotion_core/prefix_override:/home/pioneer-ii/pioneer_ws/install/locomotion_core/lib/python3.8/site-packages:${PYTHONPATH} /usr/bin/python3 setup.py egg_info --egg-base ../../build/locomotion_core build --build-base /home/pioneer-ii/pioneer_ws/build/locomotion_core/build install --record /home/pioneer-ii/pioneer_ws/build/locomotion_core/install.log --single-version-externally-managed
